#
# There is insufficient memory for the Java Runtime Environment to continue.
# Native memory allocation (mmap) failed to map 4294967296 bytes for committing reserved memory.
# Possible reasons:
#   The system is out of physical RAM or swap space
#   The process is running with CompressedOops enabled, and the Java Heap may be blocking the growth of the native heap
# Possible solutions:
#   Reduce memory load on the system
#   Increase physical memory or swap space
#   Check if swap backing store is full
#   Decrease Java heap size (-Xmx/-Xms)
#   Decrease number of Java threads
#   Decrease Java thread stack sizes (-Xss)
#   Set larger code cache with -XX:ReservedCodeCacheSize=
#   JVM is running with Zero Based Compressed Oops mode in which the Java heap is
#     placed in the first 32GB address space. The Java Heap base address is the
#     maximum limit for the native heap growth. Please use -XX:HeapBaseMinAddress
#     to set the Java Heap base and to place the Java Heap above 32GB virtual address.
# This output file may be truncated or incomplete.
#
#  Out of Memory Error (os_linux.cpp:2728), pid=65965, tid=65967
#
# JRE version:  (17.0.1+12) (build )
# Java VM: OpenJDK 64-Bit Server VM (17.0.1+12, mixed mode, sharing, tiered, compressed oops, compressed class ptrs, g1 gc, linux-amd64)
# Core dump will be written. Default location: Core dumps may be processed with "/usr/lib/systemd/systemd-coredump %P %u %g %s %t %c %h %e" (or dumping to /var/minecraft/server/core.65965)
#

---------------  S U M M A R Y ------------

Command Line: -Xms4G -Xmx4G -XX:+UseG1GC -XX:+ParallelRefProcEnabled -XX:MaxGCPauseMillis=200 -XX:+UnlockExperimentalVMOptions -XX:+DisableExplicitGC -XX:+AlwaysPreTouch -XX:G1NewSizePercent=30 -XX:G1MaxNewSizePercent=40 -XX:G1HeapRegionSize=8M -XX:G1ReservePercent=20 -XX:G1HeapWastePercent=5 -XX:G1MixedGCCountTarget=4 -XX:InitiatingHeapOccupancyPercent=15 -XX:G1MixedGCLiveThresholdPercent=90 -XX:G1RSetUpdatingPauseTimePercent=5 -XX:SurvivorRatio=32 -XX:+PerfDisableSharedMem -XX:MaxTenuringThreshold=1 paper.jar nogui

Host: AMD EPYC Processor, 4 cores, 7G, Rocky Linux release 8.5 (Green Obsidian)
Time: Wed Jan 12 16:33:01 2022 UTC elapsed time: 0.012097 seconds (0d 0h 0m 0s)

---------------  T H R E A D  ---------------

Current thread (0x00007f895c023010):  JavaThread "Unknown thread" [_thread_in_vm, id=65967, stack(0x00007f89652bc000,0x00007f89653bd000)]

Stack: [0x00007f89652bc000,0x00007f89653bd000],  sp=0x00007f89653bb3f0,  free space=1020k
Native frames: (J=compiled Java code, j=interpreted, Vv=VM code, C=native code)
V  [libjvm.so+0xf7d371]  VMError::report_and_die(int, char const*, char const*, __va_list_tag*, Thread*, unsigned char*, void*, void*, char const*, int, unsigned long)+0x1a1
V  [libjvm.so+0xf7dffb]  VMError::report_and_die(Thread*, char const*, int, unsigned long, VMErrorType, char const*, __va_list_tag*)+0x2b
V  [libjvm.so+0x61bc2d]  report_vm_out_of_memory(char const*, int, unsigned long, VMErrorType, char const*, ...)+0xcd
V  [libjvm.so+0xc39f28]  os::pd_commit_memory_or_exit(char*, unsigned long, unsigned long, bool, char const*)+0x108
V  [libjvm.so+0xc3330d]  os::commit_memory_or_exit(char*, unsigned long, unsigned long, bool, char const*)+0x1d
V  [libjvm.so+0x75be04]  G1PageBasedVirtualSpace::commit(unsigned long, unsigned long)+0x154
V  [libjvm.so+0x771b51]  G1RegionsLargerThanCommitSizeMapper::commit_regions(unsigned int, unsigned long, WorkGang*)+0x181
V  [libjvm.so+0x7ff728]  HeapRegionManager::commit_regions(unsigned int, unsigned long, WorkGang*)+0x88
V  [libjvm.so+0x8012e9]  HeapRegionManager::expand(unsigned int, unsigned int, WorkGang*)+0x29
V  [libjvm.so+0x80152c]  HeapRegionManager::expand_by(unsigned int, WorkGang*)+0x7c
V  [libjvm.so+0x70c749]  G1CollectedHeap::expand(unsigned long, WorkGang*, double*)+0xe9
V  [libjvm.so+0x70ce61]  G1CollectedHeap::initialize()+0x691
V  [libjvm.so+0xf2ba51]  universe_init()+0xd1
V  [libjvm.so+0x822076]  init_globals()+0x36
V  [libjvm.so+0xf0346d]  Threads::create_vm(JavaVMInitArgs*, bool*)+0x2fd
V  [libjvm.so+0x8df6b2]  JNI_CreateJavaVM+0x52
C  [libjli.so+0x4b91]  JavaMain+0x91
C  [libjli.so+0x8889]  ThreadJavaMain+0x9


---------------  P R O C E S S  ---------------

Threads class SMR info:
_java_thread_list=0x00007f896457f2e0, length=0, elements={
}

Java Threads: ( => current thread )

Other Threads:
  0x00007f895c067360 GCTaskThread "GC Thread#0" [stack: 0x00007f89606bc000,0x00007f89607bc000] [id=65968]
  0x00007f895c06c940 ConcurrentGCThread "G1 Main Marker" [stack: 0x00007f89605ba000,0x00007f89606ba000] [id=65969]
  0x00007f895c06d8a0 ConcurrentGCThread "G1 Conc#0" [stack: 0x00007f89604b8000,0x00007f89605b8000] [id=65970]

[error occurred during error reporting (printing all threads), id 0xb, SIGSEGV (0xb) at pc=0x00007f8963689a10]

VM state: not at safepoint (not fully initialized)

VM Mutex/Monitor currently owned by a thread:  ([mutex/lock_event])
[0x00007f895c020b50] Heap_lock - owner thread: 0x00007f895c023010

Heap address: 0x0000000700000000, size: 4096 MB, Compressed Oops mode: Zero based, Oop shift amount: 3

CDS archive(s) mapped at: [0x0000000000000000-0x0000000000000000-0x0000000000000000), size 0, SharedBaseAddress: 0x0000000800000000, ArchiveRelocationMode: 0.
Narrow klass base: 0x0000000000000000, Narrow klass shift: 0, Narrow klass range: 0x0

GC Precious Log:
<Empty>

Heap:
 garbage-first heap   total 0K, used 0K [0x0000000700000000, 0x0000000800000000)
  region size 8192K, 0 young (0K), 0 survivors (0K)

[error occurred during error reporting (printing heap information), id 0xb, SIGSEGV (0xb) at pc=0x00007f8963c4da3a]

GC Heap History (0 events):
No events

Deoptimization events (0 events):
No events

Classes unloaded (0 events):
No events

Classes redefined (0 events):
No events

Internal exceptions (0 events):
No events

VM Operations (0 events):
No events

Events (2 events):
Event: 0.001 Protecting memory [0x00007f89652bc000,0x00007f89652c0000] with protection modes 0
Event: 0.002 Loaded shared library /usr/java/jdk-17.0.1+12-jre/lib/libjava.so


Dynamic libraries:
5593d655a000-5593d655b000 r-xp 00000000 08:01 522640                     /usr/java/jdk-17.0.1+12-jre/bin/java
5593d675b000-5593d675c000 r--p 00001000 08:01 522640                     /usr/java/jdk-17.0.1+12-jre/bin/java
5593d675c000-5593d675d000 rw-p 00002000 08:01 522640                     /usr/java/jdk-17.0.1+12-jre/bin/java
5593d687b000-5593d689c000 rw-p 00000000 00:00 0                          [heap]
7f8930000000-7f8930021000 rw-p 00000000 00:00 0 
7f8930021000-7f8934000000 ---p 00000000 00:00 0 
7f8934000000-7f8934021000 rw-p 00000000 00:00 0 
7f8934021000-7f8938000000 ---p 00000000 00:00 0 
7f8938000000-7f8938021000 rw-p 00000000 00:00 0 
7f8938021000-7f893c000000 ---p 00000000 00:00 0 
7f893dbfb000-7f893ffe5000 rw-p 00000000 00:00 0 
7f893ffe5000-7f8947fe5000 ---p 00000000 00:00 0 
7f8947fe5000-7f8948255000 rwxp 00000000 00:00 0 
7f8948255000-7f8948576000 ---p 00000000 00:00 0 
7f8948576000-7f89487e6000 rwxp 00000000 00:00 0 
7f89487e6000-7f894faad000 ---p 00000000 00:00 0 
7f894faad000-7f894fd1d000 rwxp 00000000 00:00 0 
7f894fd1d000-7f8956fe5000 ---p 00000000 00:00 0 
7f8956fe5000-7f895c000000 r--s 00000000 08:01 522620                     /usr/java/jdk-17.0.1+12-jre/lib/modules
7f895c000000-7f895c08b000 rw-p 00000000 00:00 0 
7f895c08b000-7f8960000000 ---p 00000000 00:00 0 
7f89600b2000-7f89604b6000 rw-p 00000000 00:00 0 
7f89604b6000-7f89604b7000 ---p 00000000 00:00 0 
7f89604b7000-7f89605b8000 rw-p 00000000 00:00 0 
7f89605b8000-7f89605b9000 ---p 00000000 00:00 0 
7f89605b9000-7f89606ba000 rw-p 00000000 00:00 0 
7f89606ba000-7f89606bb000 ---p 00000000 00:00 0 
7f89606bb000-7f89607bc000 rw-p 00000000 00:00 0 
7f89607bc000-7f8961fbc000 ---p 00000000 00:00 0 
7f8961fbc000-7f89623c5000 rw-p 00000000 00:00 0 
7f89623c5000-7f89624ab000 ---p 00000000 00:00 0 
7f89624ab000-7f89624b0000 rw-p 00000000 00:00 0 
7f89624b0000-7f8962596000 ---p 00000000 00:00 0 
7f8962596000-7f89625ba000 r-xp 00000000 08:01 522630                     /usr/java/jdk-17.0.1+12-jre/lib/libjava.so
7f89625ba000-7f89627ba000 ---p 00024000 08:01 522630                     /usr/java/jdk-17.0.1+12-jre/lib/libjava.so
7f89627ba000-7f89627bb000 r--p 00024000 08:01 522630                     /usr/java/jdk-17.0.1+12-jre/lib/libjava.so
7f89627bb000-7f89627bc000 rw-p 00025000 08:01 522630                     /usr/java/jdk-17.0.1+12-jre/lib/libjava.so
7f89627bc000-7f89627bd000 rw-p 00000000 00:00 0 
7f89627bd000-7f89627d8000 r-xp 00000000 08:01 522580                     /usr/java/jdk-17.0.1+12-jre/lib/libjimage.so
7f89627d8000-7f89629d7000 ---p 0001b000 08:01 522580                     /usr/java/jdk-17.0.1+12-jre/lib/libjimage.so
7f89629d7000-7f89629d9000 r--p 0001a000 08:01 522580                     /usr/java/jdk-17.0.1+12-jre/lib/libjimage.so
7f89629d9000-7f89629da000 rw-p 0001c000 08:01 522580                     /usr/java/jdk-17.0.1+12-jre/lib/libjimage.so
7f89629da000-7f8962b5b000 r-xp 00000000 08:01 3649                       /usr/lib64/libm-2.28.so
7f8962b5b000-7f8962d5a000 ---p 00181000 08:01 3649                       /usr/lib64/libm-2.28.so
7f8962d5a000-7f8962d5b000 r--p 00180000 08:01 3649                       /usr/lib64/libm-2.28.so
7f8962d5b000-7f8962d5c000 rw-p 00181000 08:01 3649                       /usr/lib64/libm-2.28.so
7f8962d5c000-7f8962d63000 r-xp 00000000 08:01 3663                       /usr/lib64/librt-2.28.so
7f8962d63000-7f8962f62000 ---p 00007000 08:01 3663                       /usr/lib64/librt-2.28.so
7f8962f62000-7f8962f63000 r--p 00006000 08:01 3663                       /usr/lib64/librt-2.28.so
7f8962f63000-7f8962f64000 rw-p 00007000 08:01 3663                       /usr/lib64/librt-2.28.so
7f8962f64000-7f8964243000 r-xp 00000000 08:01 522607                     /usr/java/jdk-17.0.1+12-jre/lib/server/libjvm.so
7f8964243000-7f8964442000 ---p 012df000 08:01 522607                     /usr/java/jdk-17.0.1+12-jre/lib/server/libjvm.so
7f8964442000-7f89644fb000 r--p 012de000 08:01 522607                     /usr/java/jdk-17.0.1+12-jre/lib/server/libjvm.so
7f89644fb000-7f896452f000 rw-p 01397000 08:01 522607                     /usr/java/jdk-17.0.1+12-jre/lib/server/libjvm.so
7f896452f000-7f8964589000 rw-p 00000000 00:00 0 
7f8964589000-7f8964745000 r-xp 00000000 08:01 3645                       /usr/lib64/libc-2.28.so
7f8964745000-7f8964944000 ---p 001bc000 08:01 3645                       /usr/lib64/libc-2.28.so
7f8964944000-7f8964948000 r--p 001bb000 08:01 3645                       /usr/lib64/libc-2.28.so
7f8964948000-7f896494a000 rw-p 001bf000 08:01 3645                       /usr/lib64/libc-2.28.so
7f896494a000-7f896494e000 rw-p 00000000 00:00 0 
7f896494e000-7f8964951000 r-xp 00000000 08:01 3647                       /usr/lib64/libdl-2.28.so
7f8964951000-7f8964b50000 ---p 00003000 08:01 3647                       /usr/lib64/libdl-2.28.so
7f8964b50000-7f8964b51000 r--p 00002000 08:01 3647                       /usr/lib64/libdl-2.28.so
7f8964b51000-7f8964b52000 rw-p 00003000 08:01 3647                       /usr/lib64/libdl-2.28.so
7f8964b52000-7f8964b6d000 r-xp 00000000 08:01 3659                       /usr/lib64/libpthread-2.28.so
7f8964b6d000-7f8964d6c000 ---p 0001b000 08:01 3659                       /usr/lib64/libpthread-2.28.so
7f8964d6c000-7f8964d6d000 r--p 0001a000 08:01 3659                       /usr/lib64/libpthread-2.28.so
7f8964d6d000-7f8964d6e000 rw-p 0001b000 08:01 3659                       /usr/lib64/libpthread-2.28.so
7f8964d6e000-7f8964d72000 rw-p 00000000 00:00 0 
7f8964d72000-7f8964d81000 r-xp 00000000 08:01 522604                     /usr/java/jdk-17.0.1+12-jre/lib/libjli.so
7f8964d81000-7f8964f81000 ---p 0000f000 08:01 522604                     /usr/java/jdk-17.0.1+12-jre/lib/libjli.so
7f8964f81000-7f8964f82000 r--p 0000f000 08:01 522604                     /usr/java/jdk-17.0.1+12-jre/lib/libjli.so
7f8964f82000-7f8964f83000 rw-p 00010000 08:01 522604                     /usr/java/jdk-17.0.1+12-jre/lib/libjli.so
7f8964f83000-7f8964f99000 r-xp 00000000 08:01 4505                       /usr/lib64/libz.so.1.2.11
7f8964f99000-7f8965198000 ---p 00016000 08:01 4505                       /usr/lib64/libz.so.1.2.11
7f8965198000-7f8965199000 r--p 00015000 08:01 4505                       /usr/lib64/libz.so.1.2.11
7f8965199000-7f896519a000 rw-p 00000000 00:00 0 
7f896519a000-7f89651c6000 r-xp 00000000 08:01 3638                       /usr/lib64/ld-2.28.so
7f8965296000-7f89652ad000 rw-p 00000000 00:00 0 
7f89652ad000-7f89652b4000 ---p 00000000 00:00 0 
7f89652b4000-7f89652bc000 rw-p 00000000 00:00 0 
7f89652bc000-7f89652c0000 ---p 00000000 00:00 0 
7f89652c0000-7f89653bf000 rw-p 00000000 00:00 0 
7f89653c1000-7f89653c2000 ---p 00000000 00:00 0 
7f89653c2000-7f89653c3000 r--p 00000000 00:00 0 
7f89653c3000-7f89653c4000 ---p 00000000 00:00 0 
7f89653c4000-7f89653c6000 rw-p 00000000 00:00 0 
7f89653c6000-7f89653c7000 r--p 0002c000 08:01 3638                       /usr/lib64/ld-2.28.so
7f89653c7000-7f89653c9000 rw-p 0002d000 08:01 3638                       /usr/lib64/ld-2.28.so
7ffdc4ecc000-7ffdc4eed000 rw-p 00000000 00:00 0                          [stack]
7ffdc4fb0000-7ffdc4fb4000 r--p 00000000 00:00 0                          [vvar]
7ffdc4fb4000-7ffdc4fb6000 r-xp 00000000 00:00 0                          [vdso]
ffffffffff600000-ffffffffff601000 r-xp 00000000 00:00 0                  [vsyscall]


VM Arguments:
jvm_args: -Xms4G -Xmx4G -XX:+UseG1GC -XX:+ParallelRefProcEnabled -XX:MaxGCPauseMillis=200 -XX:+UnlockExperimentalVMOptions -XX:+DisableExplicitGC -XX:+AlwaysPreTouch -XX:G1NewSizePercent=30 -XX:G1MaxNewSizePercent=40 -XX:G1HeapRegionSize=8M -XX:G1ReservePercent=20 -XX:G1HeapWastePercent=5 -XX:G1MixedGCCountTarget=4 -XX:InitiatingHeapOccupancyPercent=15 -XX:G1MixedGCLiveThresholdPercent=90 -XX:G1RSetUpdatingPauseTimePercent=5 -XX:SurvivorRatio=32 -XX:+PerfDisableSharedMem -XX:MaxTenuringThreshold=1 
java_command: paper.jar nogui
java_class_path (initial): paper.jar
Launcher Type: SUN_STANDARD

[Global flags]
     bool AlwaysPreTouch                           = true                                      {product} {command line}
     bool AlwaysTenure                             = false                                     {product} {command line}
     intx CICompilerCount                          = 3                                         {product} {ergonomic}
     uint ConcGCThreads                            = 1                                         {product} {ergonomic}
     bool DisableExplicitGC                        = true                                      {product} {command line}
     uint G1ConcRefinementThreads                  = 4                                         {product} {ergonomic}
     uint G1EagerReclaimRemSetThreshold            = 64                                   {experimental} {ergonomic}
   size_t G1HeapRegionSize                         = 8388608                                   {product} {command line}
    uintx G1HeapWastePercent                       = 5                                         {product} {command line}
    uintx G1MaxNewSizePercent                      = 40                                   {experimental} {command line}
    uintx G1MixedGCCountTarget                     = 4                                         {product} {command line}
    uintx G1MixedGCLiveThresholdPercent            = 90                                   {experimental} {command line}
    uintx G1NewSizePercent                         = 30                                   {experimental} {command line}
     intx G1RSetUpdatingPauseTimePercent           = 5                                         {product} {command line}
    uintx G1ReservePercent                         = 20                                        {product} {command line}
    uintx GCDrainStackTargetSize                   = 64                                        {product} {ergonomic}
   size_t InitialHeapSize                          = 4294967296                                {product} {command line}
    uintx InitialTenuringThreshold                 = 1                                         {product} {ergonomic}
    uintx InitiatingHeapOccupancyPercent           = 15                                        {product} {command line}
   size_t MarkStackSize                            = 4194304                                   {product} {ergonomic}
    uintx MaxGCPauseMillis                         = 200                                       {product} {command line}
   size_t MaxHeapSize                              = 4294967296                                {product} {command line}
    uintx MaxTenuringThreshold                     = 1                                         {product} {command line}
   size_t MinHeapDeltaBytes                        = 8388608                                   {product} {ergonomic}
   size_t MinHeapSize                              = 4294967296                                {product} {command line}
     bool NeverTenure                              = false                                     {product} {command line}
    uintx NonNMethodCodeHeapSize                   = 5832780                                {pd product} {ergonomic}
    uintx NonProfiledCodeHeapSize                  = 122912730                              {pd product} {ergonomic}
     bool ParallelRefProcEnabled                   = true                                      {product} {command line}
     bool PerfDisableSharedMem                     = true                                      {product} {command line}
    uintx ProfiledCodeHeapSize                     = 122912730                              {pd product} {ergonomic}
    uintx ReservedCodeCacheSize                    = 251658240                              {pd product} {ergonomic}
     bool SegmentedCodeCache                       = true                                      {product} {ergonomic}
   size_t SoftMaxHeapSize                          = 4294967296                             {manageable} {ergonomic}
    uintx SurvivorRatio                            = 32                                        {product} {command line}
     bool UnlockExperimentalVMOptions              = true                                 {experimental} {command line}
     bool UseCompressedClassPointers               = true                           {product lp64_product} {ergonomic}
     bool UseCompressedOops                        = true                           {product lp64_product} {ergonomic}
     bool UseG1GC                                  = true                                      {product} {command line}

Logging:
Log output configuration:
 #0: stdout all=warning uptime,level,tags
 #1: stderr all=off uptime,level,tags

Environment Variables:
PATH=/usr/local/sbin:/usr/local/bin:/usr/sbin:/usr/bin
SHELL=/bin/bash
LANG=en_US.UTF-8

Signal Handlers:
   SIGSEGV: crash_handler in libjvm.so, mask=11100100010111111101111111111110, flags=SA_RESTART|SA_SIGINFO
    SIGBUS: crash_handler in libjvm.so, mask=11100100010111111101111111111110, flags=SA_RESTART|SA_SIGINFO
    SIGFPE: crash_handler in libjvm.so, mask=11100100010111111101111111111110, flags=SA_RESTART|SA_SIGINFO
   SIGPIPE: javaSignalHandler in libjvm.so, mask=11100100010111111101111111111110, flags=SA_RESTART|SA_SIGINFO
   SIGXFSZ: javaSignalHandler in libjvm.so, mask=11100100010111111101111111111110, flags=SA_RESTART|SA_SIGINFO
    SIGILL: crash_handler in libjvm.so, mask=11100100010111111101111111111110, flags=SA_RESTART|SA_SIGINFO
   SIGUSR2: SR_handler in libjvm.so, mask=00000000000000000000000000000000, flags=SA_RESTART|SA_SIGINFO
    SIGHUP: SIG_DFL, mask=00000000000000000000000000000000, flags=none
    SIGINT: SIG_DFL, mask=00000000000000000000000000000000, flags=none
   SIGTERM: SIG_DFL, mask=00000000000000000000000000000000, flags=none
   SIGQUIT: SIG_DFL, mask=00000000000000000000000000000000, flags=none
   SIGTRAP: crash_handler in libjvm.so, mask=11100100010111111101111111111110, flags=SA_RESTART|SA_SIGINFO


---------------  S Y S T E M  ---------------

OS:
Rocky Linux release 8.5 (Green Obsidian)
uname: Linux 4.18.0-348.7.1.el8_5.x86_64 #1 SMP Tue Dec 21 19:02:23 UTC 2021 x86_64
OS uptime: 3 days 8:48 hours
libc: glibc 2.28 NPTL 2.28 
rlimit (soft/hard): STACK 8192k/infinity , CORE 0k/infinity , NPROC 30175/30175 , NOFILE 262144/262144 , AS infinity/infinity , CPU infinity/infinity , DATA infinity/infinity , FSIZE infinity/infinity , MEMLOCK 64k/64k
load average: 0.71 0.82 0.83

/proc/meminfo:
MemTotal:        7759956 kB
MemFree:          126352 kB
MemAvailable:    2136888 kB
Buffers:           91704 kB
Cached:          2203244 kB
SwapCached:            0 kB
Active:          1064896 kB
Inactive:        6339840 kB
Active(anon):      53200 kB
Inactive(anon):  5167048 kB
Active(file):    1011696 kB
Inactive(file):  1172792 kB
Unevictable:        3072 kB
Mlocked:               0 kB
SwapTotal:             0 kB
SwapFree:              0 kB
Dirty:               212 kB
Writeback:             0 kB
AnonPages:       5111056 kB
Mapped:           118892 kB
Shmem:            110456 kB
KReclaimable:     100292 kB
Slab:             151116 kB
SReclaimable:     100292 kB
SUnreclaim:        50824 kB
KernelStack:        5104 kB
PageTables:        20792 kB
NFS_Unstable:          0 kB
Bounce:                0 kB
WritebackTmp:          0 kB
CommitLimit:     3879976 kB
Committed_AS:    6224896 kB
VmallocTotal:   34359738367 kB
VmallocUsed:           0 kB
VmallocChunk:          0 kB
Percpu:             2768 kB
HardwareCorrupted:     0 kB
AnonHugePages:   4478976 kB
ShmemHugePages:        0 kB
ShmemPmdMapped:        0 kB
FileHugePages:         0 kB
FilePmdMapped:         0 kB
HugePages_Total:       0
HugePages_Free:        0
HugePages_Rsvd:        0
HugePages_Surp:        0
Hugepagesize:       2048 kB
Hugetlb:               0 kB
DirectMap4k:      159600 kB
DirectMap2M:     4886528 kB
DirectMap1G:     3145728 kB

/sys/kernel/mm/transparent_hugepage/enabled: <Not Available>
/sys/kernel/mm/transparent_hugepage/defrag (defrag/compaction efforts parameter): <Not Available>

Process Memory:
Virtual Size: 842324K (peak: 5032620K)
Resident Set Size: 26000K (peak: 26000K) (anon: 13404K, file: 12596K, shmem: 0K)
Swapped out: 0K
C-Heap outstanding allocations: 656K

/proc/sys/kernel/threads-max (system-wide limit on the number of threads): 60351
/proc/sys/vm/max_map_count (maximum number of memory map areas a process may have): 65530
/proc/sys/kernel/pid_max (system-wide limit on number of process identifiers): 4194304

KVM virtualization detected
Steal ticks since vm start: 0
Steal ticks percentage since vm start:  0.000

CPU: total 4 (initial active 4) (4 cores per cpu, 1 threads per core) family 23 model 49 stepping 0 microcode 0x1000065, cx8, cmov, fxsr, mmx, 3dnowpref, sse, sse2, sse3, ssse3, sse4a, sse4.1, sse4.2, popcnt, lzcnt, tsc, avx, avx2, aes, clmul, bmi1, bmi2, adx, sha, fma, vzeroupper, clflush, clflushopt, hv
CPU Model and flags from /proc/cpuinfo:
model name	: AMD EPYC Processor
flags		: fpu vme de pse tsc msr pae mce cx8 apic sep mtrr pge mca cmov pat pse36 clflush mmx fxsr sse sse2 ht syscall nx mmxext fxsr_opt pdpe1gb rdtscp lm rep_good nopl cpuid extd_apicid tsc_known_freq pni pclmulqdq ssse3 fma cx16 sse4_1 sse4_2 x2apic movbe popcnt aes xsave avx f16c rdrand hypervisor lahf_lm cmp_legacy cr8_legacy abm sse4a misalignsse 3dnowprefetch osvw topoext perfctr_core ssbd ibrs ibpb stibp vmmcall fsgsbase bmi1 avx2 smep bmi2 rdseed adx smap clflushopt clwb sha_ni xsaveopt xsavec xgetbv1 xsaves clzero xsaveerptr wbnoinvd arat umip rdpid arch_capabilities

Online cpus: <Not Available>
Offline cpus: <Not Available>
BIOS frequency limitation: <Not Available>
Frequency switch latency (ns): <Not Available>
Available cpu frequencies: <Not Available>
Current governor: <Not Available>
Core performance/turbo boost: <Not Available>

Memory: 4k page, physical 7759956k(126352k free), swap 0k(0k free)
Page Sizes: 4k

vm_info: OpenJDK 64-Bit Server VM (17.0.1+12) for linux-amd64 JRE (17.0.1+12), built on Dec  1 2021 15:09:35 by "" with gcc 7.5.0

END.
