#
# There is insufficient memory for the Java Runtime Environment to continue.
# Native memory allocation (mmap) failed to map 5368709120 bytes for committing reserved memory.
# Possible reasons:
#   The system is out of physical RAM or swap space
#   The process is running with CompressedOops enabled, and the Java Heap may be blocking the growth of the native heap
# Possible solutions:
#   Reduce memory load on the system
#   Increase physical memory or swap space
#   Check if swap backing store is full
#   Decrease Java heap size (-Xmx/-Xms)
#   Decrease number of Java threads
#   Decrease Java thread stack sizes (-Xss)
#   Set larger code cache with -XX:ReservedCodeCacheSize=
#   JVM is running with Zero Based Compressed Oops mode in which the Java heap is
#     placed in the first 32GB address space. The Java Heap base address is the
#     maximum limit for the native heap growth. Please use -XX:HeapBaseMinAddress
#     to set the Java Heap base and to place the Java Heap above 32GB virtual address.
# This output file may be truncated or incomplete.
#
#  Out of Memory Error (os_linux.cpp:2728), pid=5949, tid=5950
#
# JRE version:  (17.0.1+12) (build )
# Java VM: OpenJDK 64-Bit Server VM (17.0.1+12, mixed mode, sharing, tiered, compressed oops, compressed class ptrs, g1 gc, linux-amd64)
# Core dump will be written. Default location: Core dumps may be processed with "/usr/lib/systemd/systemd-coredump %P %u %g %s %t %c %h %e" (or dumping to /var/minecraft/server/core.5949)
#

---------------  S U M M A R Y ------------

Command Line: -Xms5G -Xmx5G -XX:+UseG1GC -XX:+ParallelRefProcEnabled -XX:MaxGCPauseMillis=200 -XX:+UnlockExperimentalVMOptions -XX:+DisableExplicitGC -XX:+AlwaysPreTouch -XX:G1NewSizePercent=30 -XX:G1MaxNewSizePercent=40 -XX:G1HeapRegionSize=8M -XX:G1ReservePercent=20 -XX:G1HeapWastePercent=5 -XX:G1MixedGCCountTarget=4 -XX:InitiatingHeapOccupancyPercent=15 -XX:G1MixedGCLiveThresholdPercent=90 -XX:G1RSetUpdatingPauseTimePercent=5 -XX:SurvivorRatio=32 -XX:+PerfDisableSharedMem -XX:MaxTenuringThreshold=1 paper-1.18.1-152.jar nogui

Host: Intel Core Processor (Haswell, no TSX), 8 cores, 7G, Rocky Linux release 8.5 (Green Obsidian)
Time: Mon Jan 17 07:00:02 2022 UTC elapsed time: 0.011668 seconds (0d 0h 0m 0s)

---------------  T H R E A D  ---------------

Current thread (0x00007f734c023030):  JavaThread "Unknown thread" [_thread_in_vm, id=5950, stack(0x00007f7352cff000,0x00007f7352e00000)]

Stack: [0x00007f7352cff000,0x00007f7352e00000],  sp=0x00007f7352dfe3f0,  free space=1020k
Native frames: (J=compiled Java code, j=interpreted, Vv=VM code, C=native code)
V  [libjvm.so+0xf7d371]  VMError::report_and_die(int, char const*, char const*, __va_list_tag*, Thread*, unsigned char*, void*, void*, char const*, int, unsigned long)+0x1a1
V  [libjvm.so+0xf7dffb]  VMError::report_and_die(Thread*, char const*, int, unsigned long, VMErrorType, char const*, __va_list_tag*)+0x2b
V  [libjvm.so+0x61bc2d]  report_vm_out_of_memory(char const*, int, unsigned long, VMErrorType, char const*, ...)+0xcd
V  [libjvm.so+0xc39f28]  os::pd_commit_memory_or_exit(char*, unsigned long, unsigned long, bool, char const*)+0x108
V  [libjvm.so+0xc3330d]  os::commit_memory_or_exit(char*, unsigned long, unsigned long, bool, char const*)+0x1d
V  [libjvm.so+0x75be04]  G1PageBasedVirtualSpace::commit(unsigned long, unsigned long)+0x154
V  [libjvm.so+0x771b51]  G1RegionsLargerThanCommitSizeMapper::commit_regions(unsigned int, unsigned long, WorkGang*)+0x181
V  [libjvm.so+0x7ff728]  HeapRegionManager::commit_regions(unsigned int, unsigned long, WorkGang*)+0x88
V  [libjvm.so+0x8012e9]  HeapRegionManager::expand(unsigned int, unsigned int, WorkGang*)+0x29
V  [libjvm.so+0x80152c]  HeapRegionManager::expand_by(unsigned int, WorkGang*)+0x7c
V  [libjvm.so+0x70c749]  G1CollectedHeap::expand(unsigned long, WorkGang*, double*)+0xe9
V  [libjvm.so+0x70ce61]  G1CollectedHeap::initialize()+0x691
V  [libjvm.so+0xf2ba51]  universe_init()+0xd1
V  [libjvm.so+0x822076]  init_globals()+0x36
V  [libjvm.so+0xf0346d]  Threads::create_vm(JavaVMInitArgs*, bool*)+0x2fd
V  [libjvm.so+0x8df6b2]  JNI_CreateJavaVM+0x52
C  [libjli.so+0x4b91]  JavaMain+0x91
C  [libjli.so+0x8889]  ThreadJavaMain+0x9


---------------  P R O C E S S  ---------------

Threads class SMR info:
_java_thread_list=0x00007f7351fc12e0, length=0, elements={
}

Java Threads: ( => current thread )

Other Threads:
  0x00007f734c0718f0 GCTaskThread "GC Thread#0" [stack: 0x00007f732b6b6000,0x00007f732b7b6000] [id=5951]
  0x00007f734c077ef0 ConcurrentGCThread "G1 Main Marker" [stack: 0x00007f732b5b4000,0x00007f732b6b4000] [id=5952]
  0x00007f734c078e50 ConcurrentGCThread "G1 Conc#0" [stack: 0x00007f732b4b2000,0x00007f732b5b2000] [id=5953]

[error occurred during error reporting (printing all threads), id 0xb, SIGSEGV (0xb) at pc=0x00007f73510cba10]

VM state: not at safepoint (not fully initialized)

VM Mutex/Monitor currently owned by a thread:  ([mutex/lock_event])
[0x00007f734c020b70] Heap_lock - owner thread: 0x00007f734c023030

Heap address: 0x00000006c0000000, size: 5120 MB, Compressed Oops mode: Zero based, Oop shift amount: 3

CDS archive(s) mapped at: [0x0000000000000000-0x0000000000000000-0x0000000000000000), size 0, SharedBaseAddress: 0x0000000800000000, ArchiveRelocationMode: 0.
Narrow klass base: 0x0000000000000000, Narrow klass shift: 0, Narrow klass range: 0x0

GC Precious Log:
<Empty>

Heap:
 garbage-first heap   total 0K, used 0K [0x00000006c0000000, 0x0000000800000000)
  region size 8192K, 0 young (0K), 0 survivors (0K)

[error occurred during error reporting (printing heap information), id 0xb, SIGSEGV (0xb) at pc=0x00007f735168fa3a]

GC Heap History (0 events):
No events

Deoptimization events (0 events):
No events

Classes unloaded (0 events):
No events

Classes redefined (0 events):
No events

Internal exceptions (0 events):
No events

VM Operations (0 events):
No events

Events (2 events):
Event: 0.001 Protecting memory [0x00007f7352cff000,0x00007f7352d03000] with protection modes 0
Event: 0.001 Loaded shared library /usr/java/jdk-17.0.1+12-jre/lib/libjava.so


Dynamic libraries:
558343fbe000-558343fbf000 r-xp 00000000 08:01 159383971                  /usr/java/jdk-17.0.1+12-jre/bin/java
5583441bf000-5583441c0000 r--p 00001000 08:01 159383971                  /usr/java/jdk-17.0.1+12-jre/bin/java
5583441c0000-5583441c1000 rw-p 00002000 08:01 159383971                  /usr/java/jdk-17.0.1+12-jre/bin/java
558345ddf000-558345e00000 rw-p 00000000 00:00 0                          [heap]
7f731c000000-7f731c021000 rw-p 00000000 00:00 0 
7f731c021000-7f7320000000 ---p 00000000 00:00 0 
7f7320000000-7f7320021000 rw-p 00000000 00:00 0 
7f7320021000-7f7324000000 ---p 00000000 00:00 0 
7f7324000000-7f7324021000 rw-p 00000000 00:00 0 
7f7324021000-7f7328000000 ---p 00000000 00:00 0 
7f73288be000-7f732b4b0000 rw-p 00000000 00:00 0 
7f732b4b0000-7f732b4b1000 ---p 00000000 00:00 0 
7f732b4b1000-7f732b5b2000 rw-p 00000000 00:00 0 
7f732b5b2000-7f732b5b3000 ---p 00000000 00:00 0 
7f732b5b3000-7f732b6b4000 rw-p 00000000 00:00 0 
7f732b6b4000-7f732b6b5000 ---p 00000000 00:00 0 
7f732b6b5000-7f732b7b6000 rw-p 00000000 00:00 0 
7f732b7b6000-7f73375b6000 ---p 00000000 00:00 0 
7f73375b6000-7f7337dbe000 rw-p 00000000 00:00 0 
7f7337dbe000-7f733802e000 rwxp 00000000 00:00 0 
7f733802e000-7f7338350000 ---p 00000000 00:00 0 
7f7338350000-7f73385c0000 rwxp 00000000 00:00 0 
7f73385c0000-7f733f887000 ---p 00000000 00:00 0 
7f733f887000-7f733faf7000 rwxp 00000000 00:00 0 
7f733faf7000-7f7346dbe000 ---p 00000000 00:00 0 
7f7346dbe000-7f7346de2000 r-xp 00000000 08:01 142606472                  /usr/java/jdk-17.0.1+12-jre/lib/libjava.so
7f7346de2000-7f7346fe2000 ---p 00024000 08:01 142606472                  /usr/java/jdk-17.0.1+12-jre/lib/libjava.so
7f7346fe2000-7f7346fe3000 r--p 00024000 08:01 142606472                  /usr/java/jdk-17.0.1+12-jre/lib/libjava.so
7f7346fe3000-7f7346fe4000 rw-p 00025000 08:01 142606472                  /usr/java/jdk-17.0.1+12-jre/lib/libjava.so
7f7346fe4000-7f7346fe5000 rw-p 00000000 00:00 0 
7f7346fe5000-7f734c000000 r--s 00000000 08:01 142606465                  /usr/java/jdk-17.0.1+12-jre/lib/modules
7f734c000000-7f734c0a8000 rw-p 00000000 00:00 0 
7f734c0a8000-7f7350000000 ---p 00000000 00:00 0 
7f7350029000-7f735002e000 rw-p 00000000 00:00 0 
7f735002e000-7f7350114000 ---p 00000000 00:00 0 
7f7350114000-7f7350119000 rw-p 00000000 00:00 0 
7f7350119000-7f73501ff000 ---p 00000000 00:00 0 
7f73501ff000-7f735021a000 r-xp 00000000 08:01 142606874                  /usr/java/jdk-17.0.1+12-jre/lib/libjimage.so
7f735021a000-7f7350419000 ---p 0001b000 08:01 142606874                  /usr/java/jdk-17.0.1+12-jre/lib/libjimage.so
7f7350419000-7f735041b000 r--p 0001a000 08:01 142606874                  /usr/java/jdk-17.0.1+12-jre/lib/libjimage.so
7f735041b000-7f735041c000 rw-p 0001c000 08:01 142606874                  /usr/java/jdk-17.0.1+12-jre/lib/libjimage.so
7f735041c000-7f735059d000 r-xp 00000000 08:01 12675                      /usr/lib64/libm-2.28.so
7f735059d000-7f735079c000 ---p 00181000 08:01 12675                      /usr/lib64/libm-2.28.so
7f735079c000-7f735079d000 r--p 00180000 08:01 12675                      /usr/lib64/libm-2.28.so
7f735079d000-7f735079e000 rw-p 00181000 08:01 12675                      /usr/lib64/libm-2.28.so
7f735079e000-7f73507a5000 r-xp 00000000 08:01 12710                      /usr/lib64/librt-2.28.so
7f73507a5000-7f73509a4000 ---p 00007000 08:01 12710                      /usr/lib64/librt-2.28.so
7f73509a4000-7f73509a5000 r--p 00006000 08:01 12710                      /usr/lib64/librt-2.28.so
7f73509a5000-7f73509a6000 rw-p 00007000 08:01 12710                      /usr/lib64/librt-2.28.so
7f73509a6000-7f7351c85000 r-xp 00000000 08:01 146801039                  /usr/java/jdk-17.0.1+12-jre/lib/server/libjvm.so
7f7351c85000-7f7351e84000 ---p 012df000 08:01 146801039                  /usr/java/jdk-17.0.1+12-jre/lib/server/libjvm.so
7f7351e84000-7f7351f3d000 r--p 012de000 08:01 146801039                  /usr/java/jdk-17.0.1+12-jre/lib/server/libjvm.so
7f7351f3d000-7f7351f71000 rw-p 01397000 08:01 146801039                  /usr/java/jdk-17.0.1+12-jre/lib/server/libjvm.so
7f7351f71000-7f7351fcb000 rw-p 00000000 00:00 0 
7f7351fcb000-7f7352187000 r-xp 00000000 08:01 12670                      /usr/lib64/libc-2.28.so
7f7352187000-7f7352386000 ---p 001bc000 08:01 12670                      /usr/lib64/libc-2.28.so
7f7352386000-7f735238a000 r--p 001bb000 08:01 12670                      /usr/lib64/libc-2.28.so
7f735238a000-7f735238c000 rw-p 001bf000 08:01 12670                      /usr/lib64/libc-2.28.so
7f735238c000-7f7352390000 rw-p 00000000 00:00 0 
7f7352390000-7f7352393000 r-xp 00000000 08:01 12672                      /usr/lib64/libdl-2.28.so
7f7352393000-7f7352592000 ---p 00003000 08:01 12672                      /usr/lib64/libdl-2.28.so
7f7352592000-7f7352593000 r--p 00002000 08:01 12672                      /usr/lib64/libdl-2.28.so
7f7352593000-7f7352594000 rw-p 00003000 08:01 12672                      /usr/lib64/libdl-2.28.so
7f7352594000-7f73525af000 r-xp 00000000 08:01 12704                      /usr/lib64/libpthread-2.28.so
7f73525af000-7f73527ae000 ---p 0001b000 08:01 12704                      /usr/lib64/libpthread-2.28.so
7f73527ae000-7f73527af000 r--p 0001a000 08:01 12704                      /usr/lib64/libpthread-2.28.so
7f73527af000-7f73527b0000 rw-p 0001b000 08:01 12704                      /usr/lib64/libpthread-2.28.so
7f73527b0000-7f73527b4000 rw-p 00000000 00:00 0 
7f73527b4000-7f73527c3000 r-xp 00000000 08:01 142606587                  /usr/java/jdk-17.0.1+12-jre/lib/libjli.so
7f73527c3000-7f73529c3000 ---p 0000f000 08:01 142606587                  /usr/java/jdk-17.0.1+12-jre/lib/libjli.so
7f73529c3000-7f73529c4000 r--p 0000f000 08:01 142606587                  /usr/java/jdk-17.0.1+12-jre/lib/libjli.so
7f73529c4000-7f73529c5000 rw-p 00010000 08:01 142606587                  /usr/java/jdk-17.0.1+12-jre/lib/libjli.so
7f73529c5000-7f73529db000 r-xp 00000000 08:01 55937                      /usr/lib64/libz.so.1.2.11
7f73529db000-7f7352bda000 ---p 00016000 08:01 55937                      /usr/lib64/libz.so.1.2.11
7f7352bda000-7f7352bdb000 r--p 00015000 08:01 55937                      /usr/lib64/libz.so.1.2.11
7f7352bdb000-7f7352bdc000 rw-p 00000000 00:00 0 
7f7352bdc000-7f7352c08000 r-xp 00000000 08:01 12663                      /usr/lib64/ld-2.28.so
7f7352cc1000-7f7352cf0000 rw-p 00000000 00:00 0 
7f7352cf0000-7f7352cf7000 ---p 00000000 00:00 0 
7f7352cf7000-7f7352cff000 rw-p 00000000 00:00 0 
7f7352cff000-7f7352d03000 ---p 00000000 00:00 0 
7f7352d03000-7f7352e02000 rw-p 00000000 00:00 0 
7f7352e03000-7f7352e04000 ---p 00000000 00:00 0 
7f7352e04000-7f7352e05000 r--p 00000000 00:00 0 
7f7352e05000-7f7352e06000 ---p 00000000 00:00 0 
7f7352e06000-7f7352e08000 rw-p 00000000 00:00 0 
7f7352e08000-7f7352e09000 r--p 0002c000 08:01 12663                      /usr/lib64/ld-2.28.so
7f7352e09000-7f7352e0b000 rw-p 0002d000 08:01 12663                      /usr/lib64/ld-2.28.so
7fffec510000-7fffec531000 rw-p 00000000 00:00 0                          [stack]
7fffec5b7000-7fffec5bb000 r--p 00000000 00:00 0                          [vvar]
7fffec5bb000-7fffec5bd000 r-xp 00000000 00:00 0                          [vdso]
ffffffffff600000-ffffffffff601000 r-xp 00000000 00:00 0                  [vsyscall]


VM Arguments:
jvm_args: -Xms5G -Xmx5G -XX:+UseG1GC -XX:+ParallelRefProcEnabled -XX:MaxGCPauseMillis=200 -XX:+UnlockExperimentalVMOptions -XX:+DisableExplicitGC -XX:+AlwaysPreTouch -XX:G1NewSizePercent=30 -XX:G1MaxNewSizePercent=40 -XX:G1HeapRegionSize=8M -XX:G1ReservePercent=20 -XX:G1HeapWastePercent=5 -XX:G1MixedGCCountTarget=4 -XX:InitiatingHeapOccupancyPercent=15 -XX:G1MixedGCLiveThresholdPercent=90 -XX:G1RSetUpdatingPauseTimePercent=5 -XX:SurvivorRatio=32 -XX:+PerfDisableSharedMem -XX:MaxTenuringThreshold=1 
java_command: paper-1.18.1-152.jar nogui
java_class_path (initial): paper-1.18.1-152.jar
Launcher Type: SUN_STANDARD

[Global flags]
     bool AlwaysPreTouch                           = true                                      {product} {command line}
     bool AlwaysTenure                             = false                                     {product} {command line}
     intx CICompilerCount                          = 4                                         {product} {ergonomic}
     uint ConcGCThreads                            = 2                                         {product} {ergonomic}
     bool DisableExplicitGC                        = true                                      {product} {command line}
     uint G1ConcRefinementThreads                  = 8                                         {product} {ergonomic}
     uint G1EagerReclaimRemSetThreshold            = 64                                   {experimental} {ergonomic}
   size_t G1HeapRegionSize                         = 8388608                                   {product} {command line}
    uintx G1HeapWastePercent                       = 5                                         {product} {command line}
    uintx G1MaxNewSizePercent                      = 40                                   {experimental} {command line}
    uintx G1MixedGCCountTarget                     = 4                                         {product} {command line}
    uintx G1MixedGCLiveThresholdPercent            = 90                                   {experimental} {command line}
    uintx G1NewSizePercent                         = 30                                   {experimental} {command line}
     intx G1RSetUpdatingPauseTimePercent           = 5                                         {product} {command line}
    uintx G1ReservePercent                         = 20                                        {product} {command line}
    uintx GCDrainStackTargetSize                   = 64                                        {product} {ergonomic}
   size_t InitialHeapSize                          = 5368709120                                {product} {command line}
    uintx InitialTenuringThreshold                 = 1                                         {product} {ergonomic}
    uintx InitiatingHeapOccupancyPercent           = 15                                        {product} {command line}
   size_t MarkStackSize                            = 4194304                                   {product} {ergonomic}
    uintx MaxGCPauseMillis                         = 200                                       {product} {command line}
   size_t MaxHeapSize                              = 5368709120                                {product} {command line}
    uintx MaxTenuringThreshold                     = 1                                         {product} {command line}
   size_t MinHeapDeltaBytes                        = 8388608                                   {product} {ergonomic}
   size_t MinHeapSize                              = 5368709120                                {product} {command line}
     bool NeverTenure                              = false                                     {product} {command line}
    uintx NonNMethodCodeHeapSize                   = 5839372                                {pd product} {ergonomic}
    uintx NonProfiledCodeHeapSize                  = 122909434                              {pd product} {ergonomic}
     bool ParallelRefProcEnabled                   = true                                      {product} {command line}
     bool PerfDisableSharedMem                     = true                                      {product} {command line}
    uintx ProfiledCodeHeapSize                     = 122909434                              {pd product} {ergonomic}
    uintx ReservedCodeCacheSize                    = 251658240                              {pd product} {ergonomic}
     bool SegmentedCodeCache                       = true                                      {product} {ergonomic}
   size_t SoftMaxHeapSize                          = 5368709120                             {manageable} {ergonomic}
    uintx SurvivorRatio                            = 32                                        {product} {command line}
     bool UnlockExperimentalVMOptions              = true                                 {experimental} {command line}
     bool UseCompressedClassPointers               = true                           {product lp64_product} {ergonomic}
     bool UseCompressedOops                        = true                           {product lp64_product} {ergonomic}
     bool UseG1GC                                  = true                                      {product} {command line}

Logging:
Log output configuration:
 #0: stdout all=warning uptime,level,tags
 #1: stderr all=off uptime,level,tags

Environment Variables:
PATH=/usr/local/sbin:/usr/local/bin:/usr/sbin:/usr/bin
SHELL=/bin/bash
LANG=en_US.UTF-8

Signal Handlers:
   SIGSEGV: crash_handler in libjvm.so, mask=11100100010111111101111111111110, flags=SA_RESTART|SA_SIGINFO
    SIGBUS: crash_handler in libjvm.so, mask=11100100010111111101111111111110, flags=SA_RESTART|SA_SIGINFO
    SIGFPE: crash_handler in libjvm.so, mask=11100100010111111101111111111110, flags=SA_RESTART|SA_SIGINFO
   SIGPIPE: javaSignalHandler in libjvm.so, mask=11100100010111111101111111111110, flags=SA_RESTART|SA_SIGINFO
   SIGXFSZ: javaSignalHandler in libjvm.so, mask=11100100010111111101111111111110, flags=SA_RESTART|SA_SIGINFO
    SIGILL: crash_handler in libjvm.so, mask=11100100010111111101111111111110, flags=SA_RESTART|SA_SIGINFO
   SIGUSR2: SR_handler in libjvm.so, mask=00000000000000000000000000000000, flags=SA_RESTART|SA_SIGINFO
    SIGHUP: SIG_DFL, mask=00000000000000000000000000000000, flags=none
    SIGINT: SIG_DFL, mask=00000000000000000000000000000000, flags=none
   SIGTERM: SIG_DFL, mask=00000000000000000000000000000000, flags=none
   SIGQUIT: SIG_DFL, mask=00000000000000000000000000000000, flags=none
   SIGTRAP: crash_handler in libjvm.so, mask=11100100010111111101111111111110, flags=SA_RESTART|SA_SIGINFO


---------------  S Y S T E M  ---------------

OS:
Rocky Linux release 8.5 (Green Obsidian)
uname: Linux 4.18.0-348.7.1.el8_5.x86_64 #1 SMP Tue Dec 21 19:02:23 UTC 2021 x86_64
OS uptime: 0 days 10:01 hours
libc: glibc 2.28 NPTL 2.28 
rlimit (soft/hard): STACK 8192k/infinity , CORE 0k/infinity , NPROC 30028/30028 , NOFILE 262144/262144 , AS infinity/infinity , CPU infinity/infinity , DATA infinity/infinity , FSIZE infinity/infinity , MEMLOCK 64k/64k
load average: 0.25 0.12 0.03

/proc/meminfo:
MemTotal:        7759080 kB
MemFree:          399000 kB
MemAvailable:     902328 kB
Buffers:            2104 kB
Cached:           722132 kB
SwapCached:            0 kB
Active:           354396 kB
Inactive:        6839772 kB
Active(anon):       1448 kB
Inactive(anon):  6486912 kB
Active(file):     352948 kB
Inactive(file):   352860 kB
Unevictable:           0 kB
Mlocked:               0 kB
SwapTotal:             0 kB
SwapFree:              0 kB
Dirty:                36 kB
Writeback:             0 kB
AnonPages:       6469016 kB
Mapped:           131500 kB
Shmem:             18428 kB
KReclaimable:      35388 kB
Slab:              78400 kB
SReclaimable:      35388 kB
SUnreclaim:        43012 kB
KernelStack:        5632 kB
PageTables:        25148 kB
NFS_Unstable:          0 kB
Bounce:                0 kB
WritebackTmp:          0 kB
CommitLimit:     3879540 kB
Committed_AS:    7134936 kB
VmallocTotal:   34359738367 kB
VmallocUsed:           0 kB
VmallocChunk:          0 kB
Percpu:             4544 kB
HardwareCorrupted:     0 kB
AnonHugePages:   6225920 kB
ShmemHugePages:        0 kB
ShmemPmdMapped:        0 kB
FileHugePages:         0 kB
FilePmdMapped:         0 kB
HugePages_Total:       0
HugePages_Free:        0
HugePages_Rsvd:        0
HugePages_Surp:        0
Hugepagesize:       2048 kB
Hugetlb:               0 kB
DirectMap4k:      163696 kB
DirectMap2M:     8028160 kB

/sys/kernel/mm/transparent_hugepage/enabled: <Not Available>
/sys/kernel/mm/transparent_hugepage/defrag (defrag/compaction efforts parameter): <Not Available>

Process Memory:
Virtual Size: 889556K (peak: 6128428K)
Resident Set Size: 25784K (peak: 25784K) (anon: 13520K, file: 12264K, shmem: 0K)
Swapped out: 0K
C-Heap outstanding allocations: 770K

/proc/sys/kernel/threads-max (system-wide limit on the number of threads): 60057
/proc/sys/vm/max_map_count (maximum number of memory map areas a process may have): 65530
/proc/sys/kernel/pid_max (system-wide limit on number of process identifiers): 4194304

KVM virtualization detected
Steal ticks since vm start: 0
Steal ticks percentage since vm start:  0.000

CPU: total 8 (initial active 8) (1 cores per cpu, 1 threads per core) family 6 model 60 stepping 1 microcode 0x1, cx8, cmov, fxsr, mmx, sse, sse2, sse3, ssse3, sse4.1, sse4.2, popcnt, lzcnt, tsc, avx, avx2, aes, erms, clmul, bmi1, bmi2, fma, vzeroupper, clflush, hv
CPU Model and flags from /proc/cpuinfo:
model name	: Intel Core Processor (Haswell, no TSX)
flags		: fpu vme de pse tsc msr pae mce cx8 apic sep mtrr pge mca cmov pat pse36 clflush mmx fxsr sse sse2 syscall nx rdtscp lm constant_tsc rep_good nopl xtopology cpuid tsc_known_freq pni pclmulqdq vmx ssse3 fma cx16 pcid sse4_1 sse4_2 x2apic movbe popcnt tsc_deadline_timer aes xsave avx f16c rdrand hypervisor lahf_lm abm cpuid_fault invpcid_single pti tpr_shadow vnmi flexpriority ept vpid ept_ad fsgsbase bmi1 avx2 smep bmi2 erms invpcid xsaveopt arat md_clear

Online cpus: <Not Available>
Offline cpus: <Not Available>
BIOS frequency limitation: <Not Available>
Frequency switch latency (ns): <Not Available>
Available cpu frequencies: <Not Available>
Current governor: <Not Available>
Core performance/turbo boost: <Not Available>

Memory: 4k page, physical 7759080k(399000k free), swap 0k(0k free)
Page Sizes: 4k

vm_info: OpenJDK 64-Bit Server VM (17.0.1+12) for linux-amd64 JRE (17.0.1+12), built on Dec  1 2021 15:09:35 by "" with gcc 7.5.0

END.
