#
# There is insufficient memory for the Java Runtime Environment to continue.
# Native memory allocation (mmap) failed to map 4294967296 bytes for committing reserved memory.
# Possible reasons:
#   The system is out of physical RAM or swap space
#   The process is running with CompressedOops enabled, and the Java Heap may be blocking the growth of the native heap
# Possible solutions:
#   Reduce memory load on the system
#   Increase physical memory or swap space
#   Check if swap backing store is full
#   Decrease Java heap size (-Xmx/-Xms)
#   Decrease number of Java threads
#   Decrease Java thread stack sizes (-Xss)
#   Set larger code cache with -XX:ReservedCodeCacheSize=
#   JVM is running with Zero Based Compressed Oops mode in which the Java heap is
#     placed in the first 32GB address space. The Java Heap base address is the
#     maximum limit for the native heap growth. Please use -XX:HeapBaseMinAddress
#     to set the Java Heap base and to place the Java Heap above 32GB virtual address.
# This output file may be truncated or incomplete.
#
#  Out of Memory Error (os_linux.cpp:2728), pid=81151, tid=81153
#
# JRE version:  (17.0.1+12) (build )
# Java VM: OpenJDK 64-Bit Server VM (17.0.1+12, mixed mode, sharing, tiered, compressed oops, compressed class ptrs, g1 gc, linux-amd64)
# Core dump will be written. Default location: Core dumps may be processed with "/usr/lib/systemd/systemd-coredump %P %u %g %s %t %c %h %e" (or dumping to /var/minecraft/server/core.81151)
#

---------------  S U M M A R Y ------------

Command Line: -Xms4G -Xmx4G -XX:+UseG1GC -XX:+ParallelRefProcEnabled -XX:MaxGCPauseMillis=200 -XX:+UnlockExperimentalVMOptions -XX:+DisableExplicitGC -XX:+AlwaysPreTouch -XX:G1NewSizePercent=30 -XX:G1MaxNewSizePercent=40 -XX:G1HeapRegionSize=8M -XX:G1ReservePercent=20 -XX:G1HeapWastePercent=5 -XX:G1MixedGCCountTarget=4 -XX:InitiatingHeapOccupancyPercent=15 -XX:G1MixedGCLiveThresholdPercent=90 -XX:G1RSetUpdatingPauseTimePercent=5 -XX:SurvivorRatio=32 -XX:+PerfDisableSharedMem -XX:MaxTenuringThreshold=1 paper.jar nogui

Host: AMD EPYC Processor, 4 cores, 7G, Rocky Linux release 8.5 (Green Obsidian)
Time: Thu Jan 13 05:31:10 2022 UTC elapsed time: 0.010874 seconds (0d 0h 0m 0s)

---------------  T H R E A D  ---------------

Current thread (0x00007fa994023010):  JavaThread "Unknown thread" [_thread_in_vm, id=81153, stack(0x00007fa99baac000,0x00007fa99bbad000)]

Stack: [0x00007fa99baac000,0x00007fa99bbad000],  sp=0x00007fa99bbab3f0,  free space=1020k
Native frames: (J=compiled Java code, j=interpreted, Vv=VM code, C=native code)
V  [libjvm.so+0xf7d371]  VMError::report_and_die(int, char const*, char const*, __va_list_tag*, Thread*, unsigned char*, void*, void*, char const*, int, unsigned long)+0x1a1
V  [libjvm.so+0xf7dffb]  VMError::report_and_die(Thread*, char const*, int, unsigned long, VMErrorType, char const*, __va_list_tag*)+0x2b
V  [libjvm.so+0x61bc2d]  report_vm_out_of_memory(char const*, int, unsigned long, VMErrorType, char const*, ...)+0xcd
V  [libjvm.so+0xc39f28]  os::pd_commit_memory_or_exit(char*, unsigned long, unsigned long, bool, char const*)+0x108
V  [libjvm.so+0xc3330d]  os::commit_memory_or_exit(char*, unsigned long, unsigned long, bool, char const*)+0x1d
V  [libjvm.so+0x75be04]  G1PageBasedVirtualSpace::commit(unsigned long, unsigned long)+0x154
V  [libjvm.so+0x771b51]  G1RegionsLargerThanCommitSizeMapper::commit_regions(unsigned int, unsigned long, WorkGang*)+0x181
V  [libjvm.so+0x7ff728]  HeapRegionManager::commit_regions(unsigned int, unsigned long, WorkGang*)+0x88
V  [libjvm.so+0x8012e9]  HeapRegionManager::expand(unsigned int, unsigned int, WorkGang*)+0x29
V  [libjvm.so+0x80152c]  HeapRegionManager::expand_by(unsigned int, WorkGang*)+0x7c
V  [libjvm.so+0x70c749]  G1CollectedHeap::expand(unsigned long, WorkGang*, double*)+0xe9
V  [libjvm.so+0x70ce61]  G1CollectedHeap::initialize()+0x691
V  [libjvm.so+0xf2ba51]  universe_init()+0xd1
V  [libjvm.so+0x822076]  init_globals()+0x36
V  [libjvm.so+0xf0346d]  Threads::create_vm(JavaVMInitArgs*, bool*)+0x2fd
V  [libjvm.so+0x8df6b2]  JNI_CreateJavaVM+0x52
C  [libjli.so+0x4b91]  JavaMain+0x91
C  [libjli.so+0x8889]  ThreadJavaMain+0x9


---------------  P R O C E S S  ---------------

Threads class SMR info:
_java_thread_list=0x00007fa99ad6f2e0, length=0, elements={
}

Java Threads: ( => current thread )

Other Threads:
  0x00007fa994067360 GCTaskThread "GC Thread#0" [stack: 0x00007fa9986ac000,0x00007fa9987ac000] [id=81154]
  0x00007fa99406c940 ConcurrentGCThread "G1 Main Marker" [stack: 0x00007fa9985aa000,0x00007fa9986aa000] [id=81155]
  0x00007fa99406d8a0 ConcurrentGCThread "G1 Conc#0" [stack: 0x00007fa9984a8000,0x00007fa9985a8000] [id=81156]

[error occurred during error reporting (printing all threads), id 0xb, SIGSEGV (0xb) at pc=0x00007fa999e79a10]

VM state: not at safepoint (not fully initialized)

VM Mutex/Monitor currently owned by a thread:  ([mutex/lock_event])
[0x00007fa994020b50] Heap_lock - owner thread: 0x00007fa994023010

Heap address: 0x0000000700000000, size: 4096 MB, Compressed Oops mode: Zero based, Oop shift amount: 3

CDS archive(s) mapped at: [0x0000000000000000-0x0000000000000000-0x0000000000000000), size 0, SharedBaseAddress: 0x0000000800000000, ArchiveRelocationMode: 0.
Narrow klass base: 0x0000000000000000, Narrow klass shift: 0, Narrow klass range: 0x0

GC Precious Log:
<Empty>

Heap:
 garbage-first heap   total 0K, used 0K [0x0000000700000000, 0x0000000800000000)
  region size 8192K, 0 young (0K), 0 survivors (0K)

[error occurred during error reporting (printing heap information), id 0xb, SIGSEGV (0xb) at pc=0x00007fa99a43da3a]

GC Heap History (0 events):
No events

Deoptimization events (0 events):
No events

Classes unloaded (0 events):
No events

Classes redefined (0 events):
No events

Internal exceptions (0 events):
No events

VM Operations (0 events):
No events

Events (2 events):
Event: 0.001 Protecting memory [0x00007fa99baac000,0x00007fa99bab0000] with protection modes 0
Event: 0.002 Loaded shared library /usr/java/jdk-17.0.1+12-jre/lib/libjava.so


Dynamic libraries:
55c17fc92000-55c17fc93000 r-xp 00000000 08:01 522640                     /usr/java/jdk-17.0.1+12-jre/bin/java
55c17fe93000-55c17fe94000 r--p 00001000 08:01 522640                     /usr/java/jdk-17.0.1+12-jre/bin/java
55c17fe94000-55c17fe95000 rw-p 00002000 08:01 522640                     /usr/java/jdk-17.0.1+12-jre/bin/java
55c181c4f000-55c181c70000 rw-p 00000000 00:00 0                          [heap]
7fa968000000-7fa968021000 rw-p 00000000 00:00 0 
7fa968021000-7fa96c000000 ---p 00000000 00:00 0 
7fa96c000000-7fa96c021000 rw-p 00000000 00:00 0 
7fa96c021000-7fa970000000 ---p 00000000 00:00 0 
7fa970000000-7fa970021000 rw-p 00000000 00:00 0 
7fa970021000-7fa974000000 ---p 00000000 00:00 0 
7fa9743fb000-7fa9767e5000 rw-p 00000000 00:00 0 
7fa9767e5000-7fa97ffe5000 ---p 00000000 00:00 0 
7fa97ffe5000-7fa980255000 rwxp 00000000 00:00 0 
7fa980255000-7fa980576000 ---p 00000000 00:00 0 
7fa980576000-7fa9807e6000 rwxp 00000000 00:00 0 
7fa9807e6000-7fa987aad000 ---p 00000000 00:00 0 
7fa987aad000-7fa987d1d000 rwxp 00000000 00:00 0 
7fa987d1d000-7fa98efe5000 ---p 00000000 00:00 0 
7fa98efe5000-7fa994000000 r--s 00000000 08:01 522620                     /usr/java/jdk-17.0.1+12-jre/lib/modules
7fa994000000-7fa99408b000 rw-p 00000000 00:00 0 
7fa99408b000-7fa998000000 ---p 00000000 00:00 0 
7fa9980a2000-7fa9984a6000 rw-p 00000000 00:00 0 
7fa9984a6000-7fa9984a7000 ---p 00000000 00:00 0 
7fa9984a7000-7fa9985a8000 rw-p 00000000 00:00 0 
7fa9985a8000-7fa9985a9000 ---p 00000000 00:00 0 
7fa9985a9000-7fa9986aa000 rw-p 00000000 00:00 0 
7fa9986aa000-7fa9986ab000 ---p 00000000 00:00 0 
7fa9986ab000-7fa998bb5000 rw-p 00000000 00:00 0 
7fa998bb5000-7fa998c9b000 ---p 00000000 00:00 0 
7fa998c9b000-7fa998ca0000 rw-p 00000000 00:00 0 
7fa998ca0000-7fa998d86000 ---p 00000000 00:00 0 
7fa998d86000-7fa998daa000 r-xp 00000000 08:01 522630                     /usr/java/jdk-17.0.1+12-jre/lib/libjava.so
7fa998daa000-7fa998faa000 ---p 00024000 08:01 522630                     /usr/java/jdk-17.0.1+12-jre/lib/libjava.so
7fa998faa000-7fa998fab000 r--p 00024000 08:01 522630                     /usr/java/jdk-17.0.1+12-jre/lib/libjava.so
7fa998fab000-7fa998fac000 rw-p 00025000 08:01 522630                     /usr/java/jdk-17.0.1+12-jre/lib/libjava.so
7fa998fac000-7fa998fad000 rw-p 00000000 00:00 0 
7fa998fad000-7fa998fc8000 r-xp 00000000 08:01 522580                     /usr/java/jdk-17.0.1+12-jre/lib/libjimage.so
7fa998fc8000-7fa9991c7000 ---p 0001b000 08:01 522580                     /usr/java/jdk-17.0.1+12-jre/lib/libjimage.so
7fa9991c7000-7fa9991c9000 r--p 0001a000 08:01 522580                     /usr/java/jdk-17.0.1+12-jre/lib/libjimage.so
7fa9991c9000-7fa9991ca000 rw-p 0001c000 08:01 522580                     /usr/java/jdk-17.0.1+12-jre/lib/libjimage.so
7fa9991ca000-7fa99934b000 r-xp 00000000 08:01 3649                       /usr/lib64/libm-2.28.so
7fa99934b000-7fa99954a000 ---p 00181000 08:01 3649                       /usr/lib64/libm-2.28.so
7fa99954a000-7fa99954b000 r--p 00180000 08:01 3649                       /usr/lib64/libm-2.28.so
7fa99954b000-7fa99954c000 rw-p 00181000 08:01 3649                       /usr/lib64/libm-2.28.so
7fa99954c000-7fa999553000 r-xp 00000000 08:01 3663                       /usr/lib64/librt-2.28.so
7fa999553000-7fa999752000 ---p 00007000 08:01 3663                       /usr/lib64/librt-2.28.so
7fa999752000-7fa999753000 r--p 00006000 08:01 3663                       /usr/lib64/librt-2.28.so
7fa999753000-7fa999754000 rw-p 00007000 08:01 3663                       /usr/lib64/librt-2.28.so
7fa999754000-7fa99aa33000 r-xp 00000000 08:01 522607                     /usr/java/jdk-17.0.1+12-jre/lib/server/libjvm.so
7fa99aa33000-7fa99ac32000 ---p 012df000 08:01 522607                     /usr/java/jdk-17.0.1+12-jre/lib/server/libjvm.so
7fa99ac32000-7fa99aceb000 r--p 012de000 08:01 522607                     /usr/java/jdk-17.0.1+12-jre/lib/server/libjvm.so
7fa99aceb000-7fa99ad1f000 rw-p 01397000 08:01 522607                     /usr/java/jdk-17.0.1+12-jre/lib/server/libjvm.so
7fa99ad1f000-7fa99ad79000 rw-p 00000000 00:00 0 
7fa99ad79000-7fa99af35000 r-xp 00000000 08:01 3645                       /usr/lib64/libc-2.28.so
7fa99af35000-7fa99b134000 ---p 001bc000 08:01 3645                       /usr/lib64/libc-2.28.so
7fa99b134000-7fa99b138000 r--p 001bb000 08:01 3645                       /usr/lib64/libc-2.28.so
7fa99b138000-7fa99b13a000 rw-p 001bf000 08:01 3645                       /usr/lib64/libc-2.28.so
7fa99b13a000-7fa99b13e000 rw-p 00000000 00:00 0 
7fa99b13e000-7fa99b141000 r-xp 00000000 08:01 3647                       /usr/lib64/libdl-2.28.so
7fa99b141000-7fa99b340000 ---p 00003000 08:01 3647                       /usr/lib64/libdl-2.28.so
7fa99b340000-7fa99b341000 r--p 00002000 08:01 3647                       /usr/lib64/libdl-2.28.so
7fa99b341000-7fa99b342000 rw-p 00003000 08:01 3647                       /usr/lib64/libdl-2.28.so
7fa99b342000-7fa99b35d000 r-xp 00000000 08:01 3659                       /usr/lib64/libpthread-2.28.so
7fa99b35d000-7fa99b55c000 ---p 0001b000 08:01 3659                       /usr/lib64/libpthread-2.28.so
7fa99b55c000-7fa99b55d000 r--p 0001a000 08:01 3659                       /usr/lib64/libpthread-2.28.so
7fa99b55d000-7fa99b55e000 rw-p 0001b000 08:01 3659                       /usr/lib64/libpthread-2.28.so
7fa99b55e000-7fa99b562000 rw-p 00000000 00:00 0 
7fa99b562000-7fa99b571000 r-xp 00000000 08:01 522604                     /usr/java/jdk-17.0.1+12-jre/lib/libjli.so
7fa99b571000-7fa99b771000 ---p 0000f000 08:01 522604                     /usr/java/jdk-17.0.1+12-jre/lib/libjli.so
7fa99b771000-7fa99b772000 r--p 0000f000 08:01 522604                     /usr/java/jdk-17.0.1+12-jre/lib/libjli.so
7fa99b772000-7fa99b773000 rw-p 00010000 08:01 522604                     /usr/java/jdk-17.0.1+12-jre/lib/libjli.so
7fa99b773000-7fa99b789000 r-xp 00000000 08:01 4505                       /usr/lib64/libz.so.1.2.11
7fa99b789000-7fa99b988000 ---p 00016000 08:01 4505                       /usr/lib64/libz.so.1.2.11
7fa99b988000-7fa99b989000 r--p 00015000 08:01 4505                       /usr/lib64/libz.so.1.2.11
7fa99b989000-7fa99b98a000 rw-p 00000000 00:00 0 
7fa99b98a000-7fa99b9b6000 r-xp 00000000 08:01 3638                       /usr/lib64/ld-2.28.so
7fa99ba86000-7fa99ba9d000 rw-p 00000000 00:00 0 
7fa99ba9d000-7fa99baa4000 ---p 00000000 00:00 0 
7fa99baa4000-7fa99baac000 rw-p 00000000 00:00 0 
7fa99baac000-7fa99bab0000 ---p 00000000 00:00 0 
7fa99bab0000-7fa99bbaf000 rw-p 00000000 00:00 0 
7fa99bbb1000-7fa99bbb2000 ---p 00000000 00:00 0 
7fa99bbb2000-7fa99bbb3000 r--p 00000000 00:00 0 
7fa99bbb3000-7fa99bbb4000 ---p 00000000 00:00 0 
7fa99bbb4000-7fa99bbb6000 rw-p 00000000 00:00 0 
7fa99bbb6000-7fa99bbb7000 r--p 0002c000 08:01 3638                       /usr/lib64/ld-2.28.so
7fa99bbb7000-7fa99bbb9000 rw-p 0002d000 08:01 3638                       /usr/lib64/ld-2.28.so
7ffc55ef3000-7ffc55f14000 rw-p 00000000 00:00 0                          [stack]
7ffc55f2e000-7ffc55f32000 r--p 00000000 00:00 0                          [vvar]
7ffc55f32000-7ffc55f34000 r-xp 00000000 00:00 0                          [vdso]
ffffffffff600000-ffffffffff601000 r-xp 00000000 00:00 0                  [vsyscall]


VM Arguments:
jvm_args: -Xms4G -Xmx4G -XX:+UseG1GC -XX:+ParallelRefProcEnabled -XX:MaxGCPauseMillis=200 -XX:+UnlockExperimentalVMOptions -XX:+DisableExplicitGC -XX:+AlwaysPreTouch -XX:G1NewSizePercent=30 -XX:G1MaxNewSizePercent=40 -XX:G1HeapRegionSize=8M -XX:G1ReservePercent=20 -XX:G1HeapWastePercent=5 -XX:G1MixedGCCountTarget=4 -XX:InitiatingHeapOccupancyPercent=15 -XX:G1MixedGCLiveThresholdPercent=90 -XX:G1RSetUpdatingPauseTimePercent=5 -XX:SurvivorRatio=32 -XX:+PerfDisableSharedMem -XX:MaxTenuringThreshold=1 
java_command: paper.jar nogui
java_class_path (initial): paper.jar
Launcher Type: SUN_STANDARD

[Global flags]
     bool AlwaysPreTouch                           = true                                      {product} {command line}
     bool AlwaysTenure                             = false                                     {product} {command line}
     intx CICompilerCount                          = 3                                         {product} {ergonomic}
     uint ConcGCThreads                            = 1                                         {product} {ergonomic}
     bool DisableExplicitGC                        = true                                      {product} {command line}
     uint G1ConcRefinementThreads                  = 4                                         {product} {ergonomic}
     uint G1EagerReclaimRemSetThreshold            = 64                                   {experimental} {ergonomic}
   size_t G1HeapRegionSize                         = 8388608                                   {product} {command line}
    uintx G1HeapWastePercent                       = 5                                         {product} {command line}
    uintx G1MaxNewSizePercent                      = 40                                   {experimental} {command line}
    uintx G1MixedGCCountTarget                     = 4                                         {product} {command line}
    uintx G1MixedGCLiveThresholdPercent            = 90                                   {experimental} {command line}
    uintx G1NewSizePercent                         = 30                                   {experimental} {command line}
     intx G1RSetUpdatingPauseTimePercent           = 5                                         {product} {command line}
    uintx G1ReservePercent                         = 20                                        {product} {command line}
    uintx GCDrainStackTargetSize                   = 64                                        {product} {ergonomic}
   size_t InitialHeapSize                          = 4294967296                                {product} {command line}
    uintx InitialTenuringThreshold                 = 1                                         {product} {ergonomic}
    uintx InitiatingHeapOccupancyPercent           = 15                                        {product} {command line}
   size_t MarkStackSize                            = 4194304                                   {product} {ergonomic}
    uintx MaxGCPauseMillis                         = 200                                       {product} {command line}
   size_t MaxHeapSize                              = 4294967296                                {product} {command line}
    uintx MaxTenuringThreshold                     = 1                                         {product} {command line}
   size_t MinHeapDeltaBytes                        = 8388608                                   {product} {ergonomic}
   size_t MinHeapSize                              = 4294967296                                {product} {command line}
     bool NeverTenure                              = false                                     {product} {command line}
    uintx NonNMethodCodeHeapSize                   = 5832780                                {pd product} {ergonomic}
    uintx NonProfiledCodeHeapSize                  = 122912730                              {pd product} {ergonomic}
     bool ParallelRefProcEnabled                   = true                                      {product} {command line}
     bool PerfDisableSharedMem                     = true                                      {product} {command line}
    uintx ProfiledCodeHeapSize                     = 122912730                              {pd product} {ergonomic}
    uintx ReservedCodeCacheSize                    = 251658240                              {pd product} {ergonomic}
     bool SegmentedCodeCache                       = true                                      {product} {ergonomic}
   size_t SoftMaxHeapSize                          = 4294967296                             {manageable} {ergonomic}
    uintx SurvivorRatio                            = 32                                        {product} {command line}
     bool UnlockExperimentalVMOptions              = true                                 {experimental} {command line}
     bool UseCompressedClassPointers               = true                           {product lp64_product} {ergonomic}
     bool UseCompressedOops                        = true                           {product lp64_product} {ergonomic}
     bool UseG1GC                                  = true                                      {product} {command line}

Logging:
Log output configuration:
 #0: stdout all=warning uptime,level,tags
 #1: stderr all=off uptime,level,tags

Environment Variables:
PATH=/usr/local/sbin:/usr/local/bin:/usr/sbin:/usr/bin
SHELL=/bin/bash
LANG=en_US.UTF-8

Signal Handlers:
   SIGSEGV: crash_handler in libjvm.so, mask=11100100010111111101111111111110, flags=SA_RESTART|SA_SIGINFO
    SIGBUS: crash_handler in libjvm.so, mask=11100100010111111101111111111110, flags=SA_RESTART|SA_SIGINFO
    SIGFPE: crash_handler in libjvm.so, mask=11100100010111111101111111111110, flags=SA_RESTART|SA_SIGINFO
   SIGPIPE: javaSignalHandler in libjvm.so, mask=11100100010111111101111111111110, flags=SA_RESTART|SA_SIGINFO
   SIGXFSZ: javaSignalHandler in libjvm.so, mask=11100100010111111101111111111110, flags=SA_RESTART|SA_SIGINFO
    SIGILL: crash_handler in libjvm.so, mask=11100100010111111101111111111110, flags=SA_RESTART|SA_SIGINFO
   SIGUSR2: SR_handler in libjvm.so, mask=00000000000000000000000000000000, flags=SA_RESTART|SA_SIGINFO
    SIGHUP: SIG_DFL, mask=00000000000000000000000000000000, flags=none
    SIGINT: SIG_DFL, mask=00000000000000000000000000000000, flags=none
   SIGTERM: SIG_DFL, mask=00000000000000000000000000000000, flags=none
   SIGQUIT: SIG_DFL, mask=00000000000000000000000000000000, flags=none
   SIGTRAP: crash_handler in libjvm.so, mask=11100100010111111101111111111110, flags=SA_RESTART|SA_SIGINFO


---------------  S Y S T E M  ---------------

OS:
Rocky Linux release 8.5 (Green Obsidian)
uname: Linux 4.18.0-348.7.1.el8_5.x86_64 #1 SMP Tue Dec 21 19:02:23 UTC 2021 x86_64
OS uptime: 3 days 21:47 hours
libc: glibc 2.28 NPTL 2.28 
rlimit (soft/hard): STACK 8192k/infinity , CORE 0k/infinity , NPROC 30175/30175 , NOFILE 262144/262144 , AS infinity/infinity , CPU infinity/infinity , DATA infinity/infinity , FSIZE infinity/infinity , MEMLOCK 64k/64k
load average: 0.25 0.70 0.51

/proc/meminfo:
MemTotal:        7759956 kB
MemFree:          117960 kB
MemAvailable:    2063628 kB
Buffers:           93108 kB
Cached:          2162368 kB
SwapCached:            0 kB
Active:          1102912 kB
Inactive:        6311816 kB
Active(anon):      54952 kB
Inactive(anon):  5239292 kB
Active(file):    1047960 kB
Inactive(file):  1072524 kB
Unevictable:        3072 kB
Mlocked:               0 kB
SwapTotal:             0 kB
SwapFree:              0 kB
Dirty:               156 kB
Writeback:            12 kB
AnonPages:       5160636 kB
Mapped:           139232 kB
Shmem:            135032 kB
KReclaimable:      98568 kB
Slab:             149600 kB
SReclaimable:      98568 kB
SUnreclaim:        51032 kB
KernelStack:        5104 kB
PageTables:        21020 kB
NFS_Unstable:          0 kB
Bounce:                0 kB
WritebackTmp:          0 kB
CommitLimit:     3879976 kB
Committed_AS:    6198276 kB
VmallocTotal:   34359738367 kB
VmallocUsed:           0 kB
VmallocChunk:          0 kB
Percpu:             2928 kB
HardwareCorrupted:     0 kB
AnonHugePages:   4501504 kB
ShmemHugePages:        0 kB
ShmemPmdMapped:        0 kB
FileHugePages:         0 kB
FilePmdMapped:         0 kB
HugePages_Total:       0
HugePages_Free:        0
HugePages_Rsvd:        0
HugePages_Surp:        0
Hugepagesize:       2048 kB
Hugetlb:               0 kB
DirectMap4k:      161648 kB
DirectMap2M:     4884480 kB
DirectMap1G:     3145728 kB

/sys/kernel/mm/transparent_hugepage/enabled: <Not Available>
/sys/kernel/mm/transparent_hugepage/defrag (defrag/compaction efforts parameter): <Not Available>

Process Memory:
Virtual Size: 842324K (peak: 5032620K)
Resident Set Size: 25988K (peak: 25988K) (anon: 13468K, file: 12520K, shmem: 0K)
Swapped out: 0K
C-Heap outstanding allocations: 656K

/proc/sys/kernel/threads-max (system-wide limit on the number of threads): 60351
/proc/sys/vm/max_map_count (maximum number of memory map areas a process may have): 65530
/proc/sys/kernel/pid_max (system-wide limit on number of process identifiers): 4194304

KVM virtualization detected
Steal ticks since vm start: 0
Steal ticks percentage since vm start:  0.000

CPU: total 4 (initial active 4) (4 cores per cpu, 1 threads per core) family 23 model 49 stepping 0 microcode 0x1000065, cx8, cmov, fxsr, mmx, 3dnowpref, sse, sse2, sse3, ssse3, sse4a, sse4.1, sse4.2, popcnt, lzcnt, tsc, avx, avx2, aes, clmul, bmi1, bmi2, adx, sha, fma, vzeroupper, clflush, clflushopt, hv
CPU Model and flags from /proc/cpuinfo:
model name	: AMD EPYC Processor
flags		: fpu vme de pse tsc msr pae mce cx8 apic sep mtrr pge mca cmov pat pse36 clflush mmx fxsr sse sse2 ht syscall nx mmxext fxsr_opt pdpe1gb rdtscp lm rep_good nopl cpuid extd_apicid tsc_known_freq pni pclmulqdq ssse3 fma cx16 sse4_1 sse4_2 x2apic movbe popcnt aes xsave avx f16c rdrand hypervisor lahf_lm cmp_legacy cr8_legacy abm sse4a misalignsse 3dnowprefetch osvw topoext perfctr_core ssbd ibrs ibpb stibp vmmcall fsgsbase bmi1 avx2 smep bmi2 rdseed adx smap clflushopt clwb sha_ni xsaveopt xsavec xgetbv1 xsaves clzero xsaveerptr wbnoinvd arat umip rdpid arch_capabilities

Online cpus: <Not Available>
Offline cpus: <Not Available>
BIOS frequency limitation: <Not Available>
Frequency switch latency (ns): <Not Available>
Available cpu frequencies: <Not Available>
Current governor: <Not Available>
Core performance/turbo boost: <Not Available>

Memory: 4k page, physical 7759956k(117960k free), swap 0k(0k free)
Page Sizes: 4k

vm_info: OpenJDK 64-Bit Server VM (17.0.1+12) for linux-amd64 JRE (17.0.1+12), built on Dec  1 2021 15:09:35 by "" with gcc 7.5.0

END.
