#
# There is insufficient memory for the Java Runtime Environment to continue.
# Native memory allocation (mmap) failed to map 5368709120 bytes for committing reserved memory.
# Possible reasons:
#   The system is out of physical RAM or swap space
#   The process is running with CompressedOops enabled, and the Java Heap may be blocking the growth of the native heap
# Possible solutions:
#   Reduce memory load on the system
#   Increase physical memory or swap space
#   Check if swap backing store is full
#   Decrease Java heap size (-Xmx/-Xms)
#   Decrease number of Java threads
#   Decrease Java thread stack sizes (-Xss)
#   Set larger code cache with -XX:ReservedCodeCacheSize=
#   JVM is running with Zero Based Compressed Oops mode in which the Java heap is
#     placed in the first 32GB address space. The Java Heap base address is the
#     maximum limit for the native heap growth. Please use -XX:HeapBaseMinAddress
#     to set the Java Heap base and to place the Java Heap above 32GB virtual address.
# This output file may be truncated or incomplete.
#
#  Out of Memory Error (os_linux.cpp:2728), pid=26814, tid=26816
#
# JRE version:  (17.0.1+12) (build )
# Java VM: OpenJDK 64-Bit Server VM (17.0.1+12, mixed mode, sharing, tiered, compressed oops, compressed class ptrs, g1 gc, linux-amd64)
# Core dump will be written. Default location: Core dumps may be processed with "/usr/lib/systemd/systemd-coredump %P %u %g %s %t %c %h %e" (or dumping to /var/minecraft/server/core.26814)
#

---------------  S U M M A R Y ------------

Command Line: -Xms5G -Xmx5G -XX:+UseG1GC -XX:+ParallelRefProcEnabled -XX:MaxGCPauseMillis=200 -XX:+UnlockExperimentalVMOptions -XX:+DisableExplicitGC -XX:+AlwaysPreTouch -XX:G1NewSizePercent=30 -XX:G1MaxNewSizePercent=40 -XX:G1HeapRegionSize=8M -XX:G1ReservePercent=20 -XX:G1HeapWastePercent=5 -XX:G1MixedGCCountTarget=4 -XX:InitiatingHeapOccupancyPercent=15 -XX:G1MixedGCLiveThresholdPercent=90 -XX:G1RSetUpdatingPauseTimePercent=5 -XX:SurvivorRatio=32 -XX:+PerfDisableSharedMem -XX:MaxTenuringThreshold=1 paper-1.18.1-164.jar nogui

Host: Intel Core Processor (Haswell, no TSX), 8 cores, 7G, Rocky Linux release 8.5 (Green Obsidian)
Time: Thu Jan 20 02:53:56 2022 UTC elapsed time: 0.010026 seconds (0d 0h 0m 0s)

---------------  T H R E A D  ---------------

Current thread (0x00007f7154023030):  JavaThread "Unknown thread" [_thread_in_vm, id=26816, stack(0x00007f715d556000,0x00007f715d657000)]

Stack: [0x00007f715d556000,0x00007f715d657000],  sp=0x00007f715d6553f0,  free space=1020k
Native frames: (J=compiled Java code, j=interpreted, Vv=VM code, C=native code)
V  [libjvm.so+0xf7d371]  VMError::report_and_die(int, char const*, char const*, __va_list_tag*, Thread*, unsigned char*, void*, void*, char const*, int, unsigned long)+0x1a1
V  [libjvm.so+0xf7dffb]  VMError::report_and_die(Thread*, char const*, int, unsigned long, VMErrorType, char const*, __va_list_tag*)+0x2b
V  [libjvm.so+0x61bc2d]  report_vm_out_of_memory(char const*, int, unsigned long, VMErrorType, char const*, ...)+0xcd
V  [libjvm.so+0xc39f28]  os::pd_commit_memory_or_exit(char*, unsigned long, unsigned long, bool, char const*)+0x108
V  [libjvm.so+0xc3330d]  os::commit_memory_or_exit(char*, unsigned long, unsigned long, bool, char const*)+0x1d
V  [libjvm.so+0x75be04]  G1PageBasedVirtualSpace::commit(unsigned long, unsigned long)+0x154
V  [libjvm.so+0x771b51]  G1RegionsLargerThanCommitSizeMapper::commit_regions(unsigned int, unsigned long, WorkGang*)+0x181
V  [libjvm.so+0x7ff728]  HeapRegionManager::commit_regions(unsigned int, unsigned long, WorkGang*)+0x88
V  [libjvm.so+0x8012e9]  HeapRegionManager::expand(unsigned int, unsigned int, WorkGang*)+0x29
V  [libjvm.so+0x80152c]  HeapRegionManager::expand_by(unsigned int, WorkGang*)+0x7c
V  [libjvm.so+0x70c749]  G1CollectedHeap::expand(unsigned long, WorkGang*, double*)+0xe9
V  [libjvm.so+0x70ce61]  G1CollectedHeap::initialize()+0x691
V  [libjvm.so+0xf2ba51]  universe_init()+0xd1
V  [libjvm.so+0x822076]  init_globals()+0x36
V  [libjvm.so+0xf0346d]  Threads::create_vm(JavaVMInitArgs*, bool*)+0x2fd
V  [libjvm.so+0x8df6b2]  JNI_CreateJavaVM+0x52
C  [libjli.so+0x4b91]  JavaMain+0x91
C  [libjli.so+0x8889]  ThreadJavaMain+0x9


---------------  P R O C E S S  ---------------

Threads class SMR info:
_java_thread_list=0x00007f715c8182e0, length=0, elements={
}

Java Threads: ( => current thread )

Other Threads:
  0x00007f71540718f0 GCTaskThread "GC Thread#0" [stack: 0x00007f7135ee5000,0x00007f7135fe5000] [id=26817]
  0x00007f7154077ef0 ConcurrentGCThread "G1 Main Marker" [stack: 0x00007f7135de3000,0x00007f7135ee3000] [id=26818]
  0x00007f7154078e50 ConcurrentGCThread "G1 Conc#0" [stack: 0x00007f7135ce1000,0x00007f7135de1000] [id=26819]

[error occurred during error reporting (printing all threads), id 0xb, SIGSEGV (0xb) at pc=0x00007f715b922a10]

VM state: not at safepoint (not fully initialized)

VM Mutex/Monitor currently owned by a thread:  ([mutex/lock_event])
[0x00007f7154020b70] Heap_lock - owner thread: 0x00007f7154023030

Heap address: 0x00000006c0000000, size: 5120 MB, Compressed Oops mode: Zero based, Oop shift amount: 3

CDS archive(s) mapped at: [0x0000000000000000-0x0000000000000000-0x0000000000000000), size 0, SharedBaseAddress: 0x0000000800000000, ArchiveRelocationMode: 0.
Narrow klass base: 0x0000000000000000, Narrow klass shift: 0, Narrow klass range: 0x0

GC Precious Log:
<Empty>

Heap:
 garbage-first heap   total 0K, used 0K [0x00000006c0000000, 0x0000000800000000)
  region size 8192K, 0 young (0K), 0 survivors (0K)

[error occurred during error reporting (printing heap information), id 0xb, SIGSEGV (0xb) at pc=0x00007f715bee6a3a]

GC Heap History (0 events):
No events

Deoptimization events (0 events):
No events

Classes unloaded (0 events):
No events

Classes redefined (0 events):
No events

Internal exceptions (0 events):
No events

VM Operations (0 events):
No events

Events (2 events):
Event: 0.001 Protecting memory [0x00007f715d556000,0x00007f715d55a000] with protection modes 0
Event: 0.001 Loaded shared library /usr/java/jdk-17.0.1+12-jre/lib/libjava.so


Dynamic libraries:
55bef2de5000-55bef2de6000 r-xp 00000000 08:01 159383971                  /usr/java/jdk-17.0.1+12-jre/bin/java
55bef2fe6000-55bef2fe7000 r--p 00001000 08:01 159383971                  /usr/java/jdk-17.0.1+12-jre/bin/java
55bef2fe7000-55bef2fe8000 rw-p 00002000 08:01 159383971                  /usr/java/jdk-17.0.1+12-jre/bin/java
55bef3767000-55bef3788000 rw-p 00000000 00:00 0                          [heap]
7f7126000000-7f7128000000 rw-p 00000000 00:00 0 
7f7128000000-7f7128021000 rw-p 00000000 00:00 0 
7f7128021000-7f712c000000 ---p 00000000 00:00 0 
7f712c000000-7f712c021000 rw-p 00000000 00:00 0 
7f712c021000-7f7130000000 ---p 00000000 00:00 0 
7f7130000000-7f7130021000 rw-p 00000000 00:00 0 
7f7130021000-7f7134000000 ---p 00000000 00:00 0 
7f71350ed000-7f7135cdf000 rw-p 00000000 00:00 0 
7f7135cdf000-7f7135ce0000 ---p 00000000 00:00 0 
7f7135ce0000-7f7135de1000 rw-p 00000000 00:00 0 
7f7135de1000-7f7135de2000 ---p 00000000 00:00 0 
7f7135de2000-7f7135ee3000 rw-p 00000000 00:00 0 
7f7135ee3000-7f7135ee4000 ---p 00000000 00:00 0 
7f7135ee4000-7f7135fe5000 rw-p 00000000 00:00 0 
7f7135fe5000-7f713ffe5000 ---p 00000000 00:00 0 
7f713ffe5000-7f7140255000 rwxp 00000000 00:00 0 
7f7140255000-7f7140577000 ---p 00000000 00:00 0 
7f7140577000-7f71407e7000 rwxp 00000000 00:00 0 
7f71407e7000-7f7147aae000 ---p 00000000 00:00 0 
7f7147aae000-7f7147d1e000 rwxp 00000000 00:00 0 
7f7147d1e000-7f714efe5000 ---p 00000000 00:00 0 
7f714efe5000-7f7154000000 r--s 00000000 08:01 142606465                  /usr/java/jdk-17.0.1+12-jre/lib/modules
7f7154000000-7f71540a8000 rw-p 00000000 00:00 0 
7f71540a8000-7f7158000000 ---p 00000000 00:00 0 
7f7158051000-7f7159e51000 ---p 00000000 00:00 0 
7f7159e51000-7f715a65e000 rw-p 00000000 00:00 0 
7f715a65e000-7f715a744000 ---p 00000000 00:00 0 
7f715a744000-7f715a749000 rw-p 00000000 00:00 0 
7f715a749000-7f715a82f000 ---p 00000000 00:00 0 
7f715a82f000-7f715a853000 r-xp 00000000 08:01 142606472                  /usr/java/jdk-17.0.1+12-jre/lib/libjava.so
7f715a853000-7f715aa53000 ---p 00024000 08:01 142606472                  /usr/java/jdk-17.0.1+12-jre/lib/libjava.so
7f715aa53000-7f715aa54000 r--p 00024000 08:01 142606472                  /usr/java/jdk-17.0.1+12-jre/lib/libjava.so
7f715aa54000-7f715aa55000 rw-p 00025000 08:01 142606472                  /usr/java/jdk-17.0.1+12-jre/lib/libjava.so
7f715aa55000-7f715aa56000 rw-p 00000000 00:00 0 
7f715aa56000-7f715aa71000 r-xp 00000000 08:01 142606874                  /usr/java/jdk-17.0.1+12-jre/lib/libjimage.so
7f715aa71000-7f715ac70000 ---p 0001b000 08:01 142606874                  /usr/java/jdk-17.0.1+12-jre/lib/libjimage.so
7f715ac70000-7f715ac72000 r--p 0001a000 08:01 142606874                  /usr/java/jdk-17.0.1+12-jre/lib/libjimage.so
7f715ac72000-7f715ac73000 rw-p 0001c000 08:01 142606874                  /usr/java/jdk-17.0.1+12-jre/lib/libjimage.so
7f715ac73000-7f715adf4000 r-xp 00000000 08:01 12675                      /usr/lib64/libm-2.28.so
7f715adf4000-7f715aff3000 ---p 00181000 08:01 12675                      /usr/lib64/libm-2.28.so
7f715aff3000-7f715aff4000 r--p 00180000 08:01 12675                      /usr/lib64/libm-2.28.so
7f715aff4000-7f715aff5000 rw-p 00181000 08:01 12675                      /usr/lib64/libm-2.28.so
7f715aff5000-7f715affc000 r-xp 00000000 08:01 12710                      /usr/lib64/librt-2.28.so
7f715affc000-7f715b1fb000 ---p 00007000 08:01 12710                      /usr/lib64/librt-2.28.so
7f715b1fb000-7f715b1fc000 r--p 00006000 08:01 12710                      /usr/lib64/librt-2.28.so
7f715b1fc000-7f715b1fd000 rw-p 00007000 08:01 12710                      /usr/lib64/librt-2.28.so
7f715b1fd000-7f715c4dc000 r-xp 00000000 08:01 146801039                  /usr/java/jdk-17.0.1+12-jre/lib/server/libjvm.so
7f715c4dc000-7f715c6db000 ---p 012df000 08:01 146801039                  /usr/java/jdk-17.0.1+12-jre/lib/server/libjvm.so
7f715c6db000-7f715c794000 r--p 012de000 08:01 146801039                  /usr/java/jdk-17.0.1+12-jre/lib/server/libjvm.so
7f715c794000-7f715c7c8000 rw-p 01397000 08:01 146801039                  /usr/java/jdk-17.0.1+12-jre/lib/server/libjvm.so
7f715c7c8000-7f715c822000 rw-p 00000000 00:00 0 
7f715c822000-7f715c9de000 r-xp 00000000 08:01 12670                      /usr/lib64/libc-2.28.so
7f715c9de000-7f715cbdd000 ---p 001bc000 08:01 12670                      /usr/lib64/libc-2.28.so
7f715cbdd000-7f715cbe1000 r--p 001bb000 08:01 12670                      /usr/lib64/libc-2.28.so
7f715cbe1000-7f715cbe3000 rw-p 001bf000 08:01 12670                      /usr/lib64/libc-2.28.so
7f715cbe3000-7f715cbe7000 rw-p 00000000 00:00 0 
7f715cbe7000-7f715cbea000 r-xp 00000000 08:01 12672                      /usr/lib64/libdl-2.28.so
7f715cbea000-7f715cde9000 ---p 00003000 08:01 12672                      /usr/lib64/libdl-2.28.so
7f715cde9000-7f715cdea000 r--p 00002000 08:01 12672                      /usr/lib64/libdl-2.28.so
7f715cdea000-7f715cdeb000 rw-p 00003000 08:01 12672                      /usr/lib64/libdl-2.28.so
7f715cdeb000-7f715ce06000 r-xp 00000000 08:01 12704                      /usr/lib64/libpthread-2.28.so
7f715ce06000-7f715d005000 ---p 0001b000 08:01 12704                      /usr/lib64/libpthread-2.28.so
7f715d005000-7f715d006000 r--p 0001a000 08:01 12704                      /usr/lib64/libpthread-2.28.so
7f715d006000-7f715d007000 rw-p 0001b000 08:01 12704                      /usr/lib64/libpthread-2.28.so
7f715d007000-7f715d00b000 rw-p 00000000 00:00 0 
7f715d00b000-7f715d01a000 r-xp 00000000 08:01 142606587                  /usr/java/jdk-17.0.1+12-jre/lib/libjli.so
7f715d01a000-7f715d21a000 ---p 0000f000 08:01 142606587                  /usr/java/jdk-17.0.1+12-jre/lib/libjli.so
7f715d21a000-7f715d21b000 r--p 0000f000 08:01 142606587                  /usr/java/jdk-17.0.1+12-jre/lib/libjli.so
7f715d21b000-7f715d21c000 rw-p 00010000 08:01 142606587                  /usr/java/jdk-17.0.1+12-jre/lib/libjli.so
7f715d21c000-7f715d232000 r-xp 00000000 08:01 55937                      /usr/lib64/libz.so.1.2.11
7f715d232000-7f715d431000 ---p 00016000 08:01 55937                      /usr/lib64/libz.so.1.2.11
7f715d431000-7f715d432000 r--p 00015000 08:01 55937                      /usr/lib64/libz.so.1.2.11
7f715d432000-7f715d433000 rw-p 00000000 00:00 0 
7f715d433000-7f715d45f000 r-xp 00000000 08:01 12663                      /usr/lib64/ld-2.28.so
7f715d518000-7f715d547000 rw-p 00000000 00:00 0 
7f715d547000-7f715d54e000 ---p 00000000 00:00 0 
7f715d54e000-7f715d556000 rw-p 00000000 00:00 0 
7f715d556000-7f715d55a000 ---p 00000000 00:00 0 
7f715d55a000-7f715d659000 rw-p 00000000 00:00 0 
7f715d65a000-7f715d65b000 ---p 00000000 00:00 0 
7f715d65b000-7f715d65c000 r--p 00000000 00:00 0 
7f715d65c000-7f715d65d000 ---p 00000000 00:00 0 
7f715d65d000-7f715d65f000 rw-p 00000000 00:00 0 
7f715d65f000-7f715d660000 r--p 0002c000 08:01 12663                      /usr/lib64/ld-2.28.so
7f715d660000-7f715d662000 rw-p 0002d000 08:01 12663                      /usr/lib64/ld-2.28.so
7fff9feba000-7fff9fedb000 rw-p 00000000 00:00 0                          [stack]
7fff9fef4000-7fff9fef8000 r--p 00000000 00:00 0                          [vvar]
7fff9fef8000-7fff9fefa000 r-xp 00000000 00:00 0                          [vdso]
ffffffffff600000-ffffffffff601000 r-xp 00000000 00:00 0                  [vsyscall]


VM Arguments:
jvm_args: -Xms5G -Xmx5G -XX:+UseG1GC -XX:+ParallelRefProcEnabled -XX:MaxGCPauseMillis=200 -XX:+UnlockExperimentalVMOptions -XX:+DisableExplicitGC -XX:+AlwaysPreTouch -XX:G1NewSizePercent=30 -XX:G1MaxNewSizePercent=40 -XX:G1HeapRegionSize=8M -XX:G1ReservePercent=20 -XX:G1HeapWastePercent=5 -XX:G1MixedGCCountTarget=4 -XX:InitiatingHeapOccupancyPercent=15 -XX:G1MixedGCLiveThresholdPercent=90 -XX:G1RSetUpdatingPauseTimePercent=5 -XX:SurvivorRatio=32 -XX:+PerfDisableSharedMem -XX:MaxTenuringThreshold=1 
java_command: paper-1.18.1-164.jar nogui
java_class_path (initial): paper-1.18.1-164.jar
Launcher Type: SUN_STANDARD

[Global flags]
     bool AlwaysPreTouch                           = true                                      {product} {command line}
     bool AlwaysTenure                             = false                                     {product} {command line}
     intx CICompilerCount                          = 4                                         {product} {ergonomic}
     uint ConcGCThreads                            = 2                                         {product} {ergonomic}
     bool DisableExplicitGC                        = true                                      {product} {command line}
     uint G1ConcRefinementThreads                  = 8                                         {product} {ergonomic}
     uint G1EagerReclaimRemSetThreshold            = 64                                   {experimental} {ergonomic}
   size_t G1HeapRegionSize                         = 8388608                                   {product} {command line}
    uintx G1HeapWastePercent                       = 5                                         {product} {command line}
    uintx G1MaxNewSizePercent                      = 40                                   {experimental} {command line}
    uintx G1MixedGCCountTarget                     = 4                                         {product} {command line}
    uintx G1MixedGCLiveThresholdPercent            = 90                                   {experimental} {command line}
    uintx G1NewSizePercent                         = 30                                   {experimental} {command line}
     intx G1RSetUpdatingPauseTimePercent           = 5                                         {product} {command line}
    uintx G1ReservePercent                         = 20                                        {product} {command line}
    uintx GCDrainStackTargetSize                   = 64                                        {product} {ergonomic}
   size_t InitialHeapSize                          = 5368709120                                {product} {command line}
    uintx InitialTenuringThreshold                 = 1                                         {product} {ergonomic}
    uintx InitiatingHeapOccupancyPercent           = 15                                        {product} {command line}
   size_t MarkStackSize                            = 4194304                                   {product} {ergonomic}
    uintx MaxGCPauseMillis                         = 200                                       {product} {command line}
   size_t MaxHeapSize                              = 5368709120                                {product} {command line}
    uintx MaxTenuringThreshold                     = 1                                         {product} {command line}
   size_t MinHeapDeltaBytes                        = 8388608                                   {product} {ergonomic}
   size_t MinHeapSize                              = 5368709120                                {product} {command line}
     bool NeverTenure                              = false                                     {product} {command line}
    uintx NonNMethodCodeHeapSize                   = 5839372                                {pd product} {ergonomic}
    uintx NonProfiledCodeHeapSize                  = 122909434                              {pd product} {ergonomic}
     bool ParallelRefProcEnabled                   = true                                      {product} {command line}
     bool PerfDisableSharedMem                     = true                                      {product} {command line}
    uintx ProfiledCodeHeapSize                     = 122909434                              {pd product} {ergonomic}
    uintx ReservedCodeCacheSize                    = 251658240                              {pd product} {ergonomic}
     bool SegmentedCodeCache                       = true                                      {product} {ergonomic}
   size_t SoftMaxHeapSize                          = 5368709120                             {manageable} {ergonomic}
    uintx SurvivorRatio                            = 32                                        {product} {command line}
     bool UnlockExperimentalVMOptions              = true                                 {experimental} {command line}
     bool UseCompressedClassPointers               = true                           {product lp64_product} {ergonomic}
     bool UseCompressedOops                        = true                           {product lp64_product} {ergonomic}
     bool UseG1GC                                  = true                                      {product} {command line}

Logging:
Log output configuration:
 #0: stdout all=warning uptime,level,tags
 #1: stderr all=off uptime,level,tags

Environment Variables:
PATH=/usr/local/sbin:/usr/local/bin:/usr/sbin:/usr/bin
SHELL=/bin/bash
LANG=en_US.UTF-8

Signal Handlers:
   SIGSEGV: crash_handler in libjvm.so, mask=11100100010111111101111111111110, flags=SA_RESTART|SA_SIGINFO
    SIGBUS: crash_handler in libjvm.so, mask=11100100010111111101111111111110, flags=SA_RESTART|SA_SIGINFO
    SIGFPE: crash_handler in libjvm.so, mask=11100100010111111101111111111110, flags=SA_RESTART|SA_SIGINFO
   SIGPIPE: javaSignalHandler in libjvm.so, mask=11100100010111111101111111111110, flags=SA_RESTART|SA_SIGINFO
   SIGXFSZ: javaSignalHandler in libjvm.so, mask=11100100010111111101111111111110, flags=SA_RESTART|SA_SIGINFO
    SIGILL: crash_handler in libjvm.so, mask=11100100010111111101111111111110, flags=SA_RESTART|SA_SIGINFO
   SIGUSR2: SR_handler in libjvm.so, mask=00000000000000000000000000000000, flags=SA_RESTART|SA_SIGINFO
    SIGHUP: SIG_DFL, mask=00000000000000000000000000000000, flags=none
    SIGINT: SIG_DFL, mask=00000000000000000000000000000000, flags=none
   SIGTERM: SIG_DFL, mask=00000000000000000000000000000000, flags=none
   SIGQUIT: SIG_DFL, mask=00000000000000000000000000000000, flags=none
   SIGTRAP: crash_handler in libjvm.so, mask=11100100010111111101111111111110, flags=SA_RESTART|SA_SIGINFO


---------------  S Y S T E M  ---------------

OS:
Rocky Linux release 8.5 (Green Obsidian)
uname: Linux 4.18.0-348.7.1.el8_5.x86_64 #1 SMP Tue Dec 21 19:02:23 UTC 2021 x86_64
OS uptime: 1 days 12:08 hours
libc: glibc 2.28 NPTL 2.28 
rlimit (soft/hard): STACK 8192k/infinity , CORE 0k/infinity , NPROC 30028/30028 , NOFILE 262144/262144 , AS infinity/infinity , CPU infinity/infinity , DATA infinity/infinity , FSIZE infinity/infinity , MEMLOCK 64k/64k
load average: 0.22 1.24 1.21

/proc/meminfo:
MemTotal:        7759076 kB
MemFree:          126216 kB
MemAvailable:    1071904 kB
Buffers:            1044 kB
Cached:          1199100 kB
SwapCached:            0 kB
Active:           393396 kB
Inactive:        7051420 kB
Active(anon):       5620 kB
Inactive(anon):  6297568 kB
Active(file):     387776 kB
Inactive(file):   753852 kB
Unevictable:           0 kB
Mlocked:               0 kB
SwapTotal:             0 kB
SwapFree:              0 kB
Dirty:               136 kB
Writeback:             0 kB
AnonPages:       6243496 kB
Mapped:           124472 kB
Shmem:             58744 kB
KReclaimable:      48116 kB
Slab:              97348 kB
SReclaimable:      48116 kB
SUnreclaim:        49232 kB
KernelStack:        5888 kB
PageTables:        26056 kB
NFS_Unstable:          0 kB
Bounce:                0 kB
WritebackTmp:          0 kB
CommitLimit:     3879536 kB
Committed_AS:    7142092 kB
VmallocTotal:   34359738367 kB
VmallocUsed:           0 kB
VmallocChunk:          0 kB
Percpu:             5216 kB
HardwareCorrupted:     0 kB
AnonHugePages:   5652480 kB
ShmemHugePages:        0 kB
ShmemPmdMapped:        0 kB
FileHugePages:         0 kB
FilePmdMapped:         0 kB
HugePages_Total:       0
HugePages_Free:        0
HugePages_Rsvd:        0
HugePages_Surp:        0
Hugepagesize:       2048 kB
Hugetlb:               0 kB
DirectMap4k:      159600 kB
DirectMap2M:     8032256 kB

/sys/kernel/mm/transparent_hugepage/enabled: <Not Available>
/sys/kernel/mm/transparent_hugepage/defrag (defrag/compaction efforts parameter): <Not Available>

Process Memory:
Virtual Size: 889556K (peak: 6128428K)
Resident Set Size: 25460K (peak: 25460K) (anon: 13540K, file: 11920K, shmem: 0K)
Swapped out: 0K
C-Heap outstanding allocations: 770K

/proc/sys/kernel/threads-max (system-wide limit on the number of threads): 60057
/proc/sys/vm/max_map_count (maximum number of memory map areas a process may have): 65530
/proc/sys/kernel/pid_max (system-wide limit on number of process identifiers): 4194304

KVM virtualization detected
Steal ticks since vm start: 0
Steal ticks percentage since vm start:  0.000

CPU: total 8 (initial active 8) (1 cores per cpu, 1 threads per core) family 6 model 60 stepping 1 microcode 0x1, cx8, cmov, fxsr, mmx, sse, sse2, sse3, ssse3, sse4.1, sse4.2, popcnt, lzcnt, tsc, avx, avx2, aes, erms, clmul, bmi1, bmi2, fma, vzeroupper, clflush, hv
CPU Model and flags from /proc/cpuinfo:
model name	: Intel Core Processor (Haswell, no TSX)
flags		: fpu vme de pse tsc msr pae mce cx8 apic sep mtrr pge mca cmov pat pse36 clflush mmx fxsr sse sse2 syscall nx rdtscp lm constant_tsc rep_good nopl xtopology cpuid tsc_known_freq pni pclmulqdq vmx ssse3 fma cx16 pcid sse4_1 sse4_2 x2apic movbe popcnt tsc_deadline_timer aes xsave avx f16c rdrand hypervisor lahf_lm abm cpuid_fault invpcid_single pti tpr_shadow vnmi flexpriority ept vpid ept_ad fsgsbase bmi1 avx2 smep bmi2 erms invpcid xsaveopt arat md_clear

Online cpus: <Not Available>
Offline cpus: <Not Available>
BIOS frequency limitation: <Not Available>
Frequency switch latency (ns): <Not Available>
Available cpu frequencies: <Not Available>
Current governor: <Not Available>
Core performance/turbo boost: <Not Available>

Memory: 4k page, physical 7759076k(126216k free), swap 0k(0k free)
Page Sizes: 4k

vm_info: OpenJDK 64-Bit Server VM (17.0.1+12) for linux-amd64 JRE (17.0.1+12), built on Dec  1 2021 15:09:35 by "" with gcc 7.5.0

END.
