#
# There is insufficient memory for the Java Runtime Environment to continue.
# Native memory allocation (mmap) failed to map 4294967296 bytes for committing reserved memory.
# Possible reasons:
#   The system is out of physical RAM or swap space
#   The process is running with CompressedOops enabled, and the Java Heap may be blocking the growth of the native heap
# Possible solutions:
#   Reduce memory load on the system
#   Increase physical memory or swap space
#   Check if swap backing store is full
#   Decrease Java heap size (-Xmx/-Xms)
#   Decrease number of Java threads
#   Decrease Java thread stack sizes (-Xss)
#   Set larger code cache with -XX:ReservedCodeCacheSize=
#   JVM is running with Zero Based Compressed Oops mode in which the Java heap is
#     placed in the first 32GB address space. The Java Heap base address is the
#     maximum limit for the native heap growth. Please use -XX:HeapBaseMinAddress
#     to set the Java Heap base and to place the Java Heap above 32GB virtual address.
# This output file may be truncated or incomplete.
#
#  Out of Memory Error (os_linux.cpp:2728), pid=134318, tid=134319
#
# JRE version:  (17.0.1+12) (build )
# Java VM: OpenJDK 64-Bit Server VM (17.0.1+12, mixed mode, sharing, tiered, compressed oops, compressed class ptrs, g1 gc, linux-amd64)
# Core dump will be written. Default location: Core dumps may be processed with "/usr/lib/systemd/systemd-coredump %P %u %g %s %t %c %h %e" (or dumping to /var/minecraft/server/core.134318)
#

---------------  S U M M A R Y ------------

Command Line: -Xms4G -Xmx4G -XX:+UseG1GC -XX:+ParallelRefProcEnabled -XX:MaxGCPauseMillis=200 -XX:+UnlockExperimentalVMOptions -XX:+DisableExplicitGC -XX:+AlwaysPreTouch -XX:G1NewSizePercent=30 -XX:G1MaxNewSizePercent=40 -XX:G1HeapRegionSize=8M -XX:G1ReservePercent=20 -XX:G1HeapWastePercent=5 -XX:G1MixedGCCountTarget=4 -XX:InitiatingHeapOccupancyPercent=15 -XX:G1MixedGCLiveThresholdPercent=90 -XX:G1RSetUpdatingPauseTimePercent=5 -XX:SurvivorRatio=32 -XX:+PerfDisableSharedMem -XX:MaxTenuringThreshold=1 paper.jar nogui

Host: AMD EPYC Processor, 4 cores, 7G, Rocky Linux release 8.5 (Green Obsidian)
Time: Sat Jan 15 15:23:48 2022 UTC elapsed time: 0.010256 seconds (0d 0h 0m 0s)

---------------  T H R E A D  ---------------

Current thread (0x00007fe658023010):  JavaThread "Unknown thread" [_thread_in_vm, id=134319, stack(0x00007fe65ed00000,0x00007fe65ee01000)]

Stack: [0x00007fe65ed00000,0x00007fe65ee01000],  sp=0x00007fe65edff3f0,  free space=1020k
Native frames: (J=compiled Java code, j=interpreted, Vv=VM code, C=native code)
V  [libjvm.so+0xf7d371]  VMError::report_and_die(int, char const*, char const*, __va_list_tag*, Thread*, unsigned char*, void*, void*, char const*, int, unsigned long)+0x1a1
V  [libjvm.so+0xf7dffb]  VMError::report_and_die(Thread*, char const*, int, unsigned long, VMErrorType, char const*, __va_list_tag*)+0x2b
V  [libjvm.so+0x61bc2d]  report_vm_out_of_memory(char const*, int, unsigned long, VMErrorType, char const*, ...)+0xcd
V  [libjvm.so+0xc39f28]  os::pd_commit_memory_or_exit(char*, unsigned long, unsigned long, bool, char const*)+0x108
V  [libjvm.so+0xc3330d]  os::commit_memory_or_exit(char*, unsigned long, unsigned long, bool, char const*)+0x1d
V  [libjvm.so+0x75be04]  G1PageBasedVirtualSpace::commit(unsigned long, unsigned long)+0x154
V  [libjvm.so+0x771b51]  G1RegionsLargerThanCommitSizeMapper::commit_regions(unsigned int, unsigned long, WorkGang*)+0x181
V  [libjvm.so+0x7ff728]  HeapRegionManager::commit_regions(unsigned int, unsigned long, WorkGang*)+0x88
V  [libjvm.so+0x8012e9]  HeapRegionManager::expand(unsigned int, unsigned int, WorkGang*)+0x29
V  [libjvm.so+0x80152c]  HeapRegionManager::expand_by(unsigned int, WorkGang*)+0x7c
V  [libjvm.so+0x70c749]  G1CollectedHeap::expand(unsigned long, WorkGang*, double*)+0xe9
V  [libjvm.so+0x70ce61]  G1CollectedHeap::initialize()+0x691
V  [libjvm.so+0xf2ba51]  universe_init()+0xd1
V  [libjvm.so+0x822076]  init_globals()+0x36
V  [libjvm.so+0xf0346d]  Threads::create_vm(JavaVMInitArgs*, bool*)+0x2fd
V  [libjvm.so+0x8df6b2]  JNI_CreateJavaVM+0x52
C  [libjli.so+0x4b91]  JavaMain+0x91
C  [libjli.so+0x8889]  ThreadJavaMain+0x9


---------------  P R O C E S S  ---------------

Threads class SMR info:
_java_thread_list=0x00007fe65dfc32e0, length=0, elements={
}

Java Threads: ( => current thread )

Other Threads:
  0x00007fe658067360 GCTaskThread "GC Thread#0" [stack: 0x00007fe63a0ba000,0x00007fe63a1ba000] [id=134320]
  0x00007fe65806c940 ConcurrentGCThread "G1 Main Marker" [stack: 0x00007fe639fb8000,0x00007fe63a0b8000] [id=134321]
  0x00007fe65806d8a0 ConcurrentGCThread "G1 Conc#0" [stack: 0x00007fe639eb6000,0x00007fe639fb6000] [id=134322]

[error occurred during error reporting (printing all threads), id 0xb, SIGSEGV (0xb) at pc=0x00007fe65d0cda10]

VM state: not at safepoint (not fully initialized)

VM Mutex/Monitor currently owned by a thread:  ([mutex/lock_event])
[0x00007fe658020b50] Heap_lock - owner thread: 0x00007fe658023010

Heap address: 0x0000000700000000, size: 4096 MB, Compressed Oops mode: Zero based, Oop shift amount: 3

CDS archive(s) mapped at: [0x0000000000000000-0x0000000000000000-0x0000000000000000), size 0, SharedBaseAddress: 0x0000000800000000, ArchiveRelocationMode: 0.
Narrow klass base: 0x0000000000000000, Narrow klass shift: 0, Narrow klass range: 0x0

GC Precious Log:
<Empty>

Heap:
 garbage-first heap   total 0K, used 0K [0x0000000700000000, 0x0000000800000000)
  region size 8192K, 0 young (0K), 0 survivors (0K)

[error occurred during error reporting (printing heap information), id 0xb, SIGSEGV (0xb) at pc=0x00007fe65d691a3a]

GC Heap History (0 events):
No events

Deoptimization events (0 events):
No events

Classes unloaded (0 events):
No events

Classes redefined (0 events):
No events

Internal exceptions (0 events):
No events

VM Operations (0 events):
No events

Events (2 events):
Event: 0.001 Protecting memory [0x00007fe65ed00000,0x00007fe65ed04000] with protection modes 0
Event: 0.002 Loaded shared library /usr/java/jdk-17.0.1+12-jre/lib/libjava.so


Dynamic libraries:
56359e514000-56359e515000 r-xp 00000000 08:01 522640                     /usr/java/jdk-17.0.1+12-jre/bin/java
56359e715000-56359e716000 r--p 00001000 08:01 522640                     /usr/java/jdk-17.0.1+12-jre/bin/java
56359e716000-56359e717000 rw-p 00002000 08:01 522640                     /usr/java/jdk-17.0.1+12-jre/bin/java
56359ff22000-56359ff43000 rw-p 00000000 00:00 0                          [heap]
7fe62a000000-7fe62c000000 rw-p 00000000 00:00 0 
7fe62c000000-7fe62c021000 rw-p 00000000 00:00 0 
7fe62c021000-7fe630000000 ---p 00000000 00:00 0 
7fe630000000-7fe630021000 rw-p 00000000 00:00 0 
7fe630021000-7fe634000000 ---p 00000000 00:00 0 
7fe634000000-7fe634021000 rw-p 00000000 00:00 0 
7fe634021000-7fe638000000 ---p 00000000 00:00 0 
7fe6396c6000-7fe639eb4000 rw-p 00000000 00:00 0 
7fe639eb4000-7fe639eb5000 ---p 00000000 00:00 0 
7fe639eb5000-7fe639fb6000 rw-p 00000000 00:00 0 
7fe639fb6000-7fe639fb7000 ---p 00000000 00:00 0 
7fe639fb7000-7fe63a0b8000 rw-p 00000000 00:00 0 
7fe63a0b8000-7fe63a0b9000 ---p 00000000 00:00 0 
7fe63a0b9000-7fe63a1ba000 rw-p 00000000 00:00 0 
7fe63a1ba000-7fe6439ba000 ---p 00000000 00:00 0 
7fe6439ba000-7fe643dbe000 rw-p 00000000 00:00 0 
7fe643dbe000-7fe64402e000 rwxp 00000000 00:00 0 
7fe64402e000-7fe64434f000 ---p 00000000 00:00 0 
7fe64434f000-7fe6445bf000 rwxp 00000000 00:00 0 
7fe6445bf000-7fe64b886000 ---p 00000000 00:00 0 
7fe64b886000-7fe64baf6000 rwxp 00000000 00:00 0 
7fe64baf6000-7fe652dbe000 ---p 00000000 00:00 0 
7fe652dbe000-7fe652de2000 r-xp 00000000 08:01 522630                     /usr/java/jdk-17.0.1+12-jre/lib/libjava.so
7fe652de2000-7fe652fe2000 ---p 00024000 08:01 522630                     /usr/java/jdk-17.0.1+12-jre/lib/libjava.so
7fe652fe2000-7fe652fe3000 r--p 00024000 08:01 522630                     /usr/java/jdk-17.0.1+12-jre/lib/libjava.so
7fe652fe3000-7fe652fe4000 rw-p 00025000 08:01 522630                     /usr/java/jdk-17.0.1+12-jre/lib/libjava.so
7fe652fe4000-7fe652fe5000 rw-p 00000000 00:00 0 
7fe652fe5000-7fe658000000 r--s 00000000 08:01 522620                     /usr/java/jdk-17.0.1+12-jre/lib/modules
7fe658000000-7fe65808b000 rw-p 00000000 00:00 0 
7fe65808b000-7fe65c000000 ---p 00000000 00:00 0 
7fe65c02b000-7fe65c030000 rw-p 00000000 00:00 0 
7fe65c030000-7fe65c116000 ---p 00000000 00:00 0 
7fe65c116000-7fe65c11b000 rw-p 00000000 00:00 0 
7fe65c11b000-7fe65c201000 ---p 00000000 00:00 0 
7fe65c201000-7fe65c21c000 r-xp 00000000 08:01 522580                     /usr/java/jdk-17.0.1+12-jre/lib/libjimage.so
7fe65c21c000-7fe65c41b000 ---p 0001b000 08:01 522580                     /usr/java/jdk-17.0.1+12-jre/lib/libjimage.so
7fe65c41b000-7fe65c41d000 r--p 0001a000 08:01 522580                     /usr/java/jdk-17.0.1+12-jre/lib/libjimage.so
7fe65c41d000-7fe65c41e000 rw-p 0001c000 08:01 522580                     /usr/java/jdk-17.0.1+12-jre/lib/libjimage.so
7fe65c41e000-7fe65c59f000 r-xp 00000000 08:01 3649                       /usr/lib64/libm-2.28.so
7fe65c59f000-7fe65c79e000 ---p 00181000 08:01 3649                       /usr/lib64/libm-2.28.so
7fe65c79e000-7fe65c79f000 r--p 00180000 08:01 3649                       /usr/lib64/libm-2.28.so
7fe65c79f000-7fe65c7a0000 rw-p 00181000 08:01 3649                       /usr/lib64/libm-2.28.so
7fe65c7a0000-7fe65c7a7000 r-xp 00000000 08:01 3663                       /usr/lib64/librt-2.28.so
7fe65c7a7000-7fe65c9a6000 ---p 00007000 08:01 3663                       /usr/lib64/librt-2.28.so
7fe65c9a6000-7fe65c9a7000 r--p 00006000 08:01 3663                       /usr/lib64/librt-2.28.so
7fe65c9a7000-7fe65c9a8000 rw-p 00007000 08:01 3663                       /usr/lib64/librt-2.28.so
7fe65c9a8000-7fe65dc87000 r-xp 00000000 08:01 522607                     /usr/java/jdk-17.0.1+12-jre/lib/server/libjvm.so
7fe65dc87000-7fe65de86000 ---p 012df000 08:01 522607                     /usr/java/jdk-17.0.1+12-jre/lib/server/libjvm.so
7fe65de86000-7fe65df3f000 r--p 012de000 08:01 522607                     /usr/java/jdk-17.0.1+12-jre/lib/server/libjvm.so
7fe65df3f000-7fe65df73000 rw-p 01397000 08:01 522607                     /usr/java/jdk-17.0.1+12-jre/lib/server/libjvm.so
7fe65df73000-7fe65dfcd000 rw-p 00000000 00:00 0 
7fe65dfcd000-7fe65e189000 r-xp 00000000 08:01 3645                       /usr/lib64/libc-2.28.so
7fe65e189000-7fe65e388000 ---p 001bc000 08:01 3645                       /usr/lib64/libc-2.28.so
7fe65e388000-7fe65e38c000 r--p 001bb000 08:01 3645                       /usr/lib64/libc-2.28.so
7fe65e38c000-7fe65e38e000 rw-p 001bf000 08:01 3645                       /usr/lib64/libc-2.28.so
7fe65e38e000-7fe65e392000 rw-p 00000000 00:00 0 
7fe65e392000-7fe65e395000 r-xp 00000000 08:01 3647                       /usr/lib64/libdl-2.28.so
7fe65e395000-7fe65e594000 ---p 00003000 08:01 3647                       /usr/lib64/libdl-2.28.so
7fe65e594000-7fe65e595000 r--p 00002000 08:01 3647                       /usr/lib64/libdl-2.28.so
7fe65e595000-7fe65e596000 rw-p 00003000 08:01 3647                       /usr/lib64/libdl-2.28.so
7fe65e596000-7fe65e5b1000 r-xp 00000000 08:01 3659                       /usr/lib64/libpthread-2.28.so
7fe65e5b1000-7fe65e7b0000 ---p 0001b000 08:01 3659                       /usr/lib64/libpthread-2.28.so
7fe65e7b0000-7fe65e7b1000 r--p 0001a000 08:01 3659                       /usr/lib64/libpthread-2.28.so
7fe65e7b1000-7fe65e7b2000 rw-p 0001b000 08:01 3659                       /usr/lib64/libpthread-2.28.so
7fe65e7b2000-7fe65e7b6000 rw-p 00000000 00:00 0 
7fe65e7b6000-7fe65e7c5000 r-xp 00000000 08:01 522604                     /usr/java/jdk-17.0.1+12-jre/lib/libjli.so
7fe65e7c5000-7fe65e9c5000 ---p 0000f000 08:01 522604                     /usr/java/jdk-17.0.1+12-jre/lib/libjli.so
7fe65e9c5000-7fe65e9c6000 r--p 0000f000 08:01 522604                     /usr/java/jdk-17.0.1+12-jre/lib/libjli.so
7fe65e9c6000-7fe65e9c7000 rw-p 00010000 08:01 522604                     /usr/java/jdk-17.0.1+12-jre/lib/libjli.so
7fe65e9c7000-7fe65e9dd000 r-xp 00000000 08:01 4505                       /usr/lib64/libz.so.1.2.11
7fe65e9dd000-7fe65ebdc000 ---p 00016000 08:01 4505                       /usr/lib64/libz.so.1.2.11
7fe65ebdc000-7fe65ebdd000 r--p 00015000 08:01 4505                       /usr/lib64/libz.so.1.2.11
7fe65ebdd000-7fe65ebde000 rw-p 00000000 00:00 0 
7fe65ebde000-7fe65ec0a000 r-xp 00000000 08:01 3638                       /usr/lib64/ld-2.28.so
7fe65ecda000-7fe65ecf1000 rw-p 00000000 00:00 0 
7fe65ecf1000-7fe65ecf8000 ---p 00000000 00:00 0 
7fe65ecf8000-7fe65ed00000 rw-p 00000000 00:00 0 
7fe65ed00000-7fe65ed04000 ---p 00000000 00:00 0 
7fe65ed04000-7fe65ee03000 rw-p 00000000 00:00 0 
7fe65ee05000-7fe65ee06000 ---p 00000000 00:00 0 
7fe65ee06000-7fe65ee07000 r--p 00000000 00:00 0 
7fe65ee07000-7fe65ee08000 ---p 00000000 00:00 0 
7fe65ee08000-7fe65ee0a000 rw-p 00000000 00:00 0 
7fe65ee0a000-7fe65ee0b000 r--p 0002c000 08:01 3638                       /usr/lib64/ld-2.28.so
7fe65ee0b000-7fe65ee0d000 rw-p 0002d000 08:01 3638                       /usr/lib64/ld-2.28.so
7ffe02c46000-7ffe02c67000 rw-p 00000000 00:00 0                          [stack]
7ffe02c88000-7ffe02c8c000 r--p 00000000 00:00 0                          [vvar]
7ffe02c8c000-7ffe02c8e000 r-xp 00000000 00:00 0                          [vdso]
ffffffffff600000-ffffffffff601000 r-xp 00000000 00:00 0                  [vsyscall]


VM Arguments:
jvm_args: -Xms4G -Xmx4G -XX:+UseG1GC -XX:+ParallelRefProcEnabled -XX:MaxGCPauseMillis=200 -XX:+UnlockExperimentalVMOptions -XX:+DisableExplicitGC -XX:+AlwaysPreTouch -XX:G1NewSizePercent=30 -XX:G1MaxNewSizePercent=40 -XX:G1HeapRegionSize=8M -XX:G1ReservePercent=20 -XX:G1HeapWastePercent=5 -XX:G1MixedGCCountTarget=4 -XX:InitiatingHeapOccupancyPercent=15 -XX:G1MixedGCLiveThresholdPercent=90 -XX:G1RSetUpdatingPauseTimePercent=5 -XX:SurvivorRatio=32 -XX:+PerfDisableSharedMem -XX:MaxTenuringThreshold=1 
java_command: paper.jar nogui
java_class_path (initial): paper.jar
Launcher Type: SUN_STANDARD

[Global flags]
     bool AlwaysPreTouch                           = true                                      {product} {command line}
     bool AlwaysTenure                             = false                                     {product} {command line}
     intx CICompilerCount                          = 3                                         {product} {ergonomic}
     uint ConcGCThreads                            = 1                                         {product} {ergonomic}
     bool DisableExplicitGC                        = true                                      {product} {command line}
     uint G1ConcRefinementThreads                  = 4                                         {product} {ergonomic}
     uint G1EagerReclaimRemSetThreshold            = 64                                   {experimental} {ergonomic}
   size_t G1HeapRegionSize                         = 8388608                                   {product} {command line}
    uintx G1HeapWastePercent                       = 5                                         {product} {command line}
    uintx G1MaxNewSizePercent                      = 40                                   {experimental} {command line}
    uintx G1MixedGCCountTarget                     = 4                                         {product} {command line}
    uintx G1MixedGCLiveThresholdPercent            = 90                                   {experimental} {command line}
    uintx G1NewSizePercent                         = 30                                   {experimental} {command line}
     intx G1RSetUpdatingPauseTimePercent           = 5                                         {product} {command line}
    uintx G1ReservePercent                         = 20                                        {product} {command line}
    uintx GCDrainStackTargetSize                   = 64                                        {product} {ergonomic}
   size_t InitialHeapSize                          = 4294967296                                {product} {command line}
    uintx InitialTenuringThreshold                 = 1                                         {product} {ergonomic}
    uintx InitiatingHeapOccupancyPercent           = 15                                        {product} {command line}
   size_t MarkStackSize                            = 4194304                                   {product} {ergonomic}
    uintx MaxGCPauseMillis                         = 200                                       {product} {command line}
   size_t MaxHeapSize                              = 4294967296                                {product} {command line}
    uintx MaxTenuringThreshold                     = 1                                         {product} {command line}
   size_t MinHeapDeltaBytes                        = 8388608                                   {product} {ergonomic}
   size_t MinHeapSize                              = 4294967296                                {product} {command line}
     bool NeverTenure                              = false                                     {product} {command line}
    uintx NonNMethodCodeHeapSize                   = 5832780                                {pd product} {ergonomic}
    uintx NonProfiledCodeHeapSize                  = 122912730                              {pd product} {ergonomic}
     bool ParallelRefProcEnabled                   = true                                      {product} {command line}
     bool PerfDisableSharedMem                     = true                                      {product} {command line}
    uintx ProfiledCodeHeapSize                     = 122912730                              {pd product} {ergonomic}
    uintx ReservedCodeCacheSize                    = 251658240                              {pd product} {ergonomic}
     bool SegmentedCodeCache                       = true                                      {product} {ergonomic}
   size_t SoftMaxHeapSize                          = 4294967296                             {manageable} {ergonomic}
    uintx SurvivorRatio                            = 32                                        {product} {command line}
     bool UnlockExperimentalVMOptions              = true                                 {experimental} {command line}
     bool UseCompressedClassPointers               = true                           {product lp64_product} {ergonomic}
     bool UseCompressedOops                        = true                           {product lp64_product} {ergonomic}
     bool UseG1GC                                  = true                                      {product} {command line}

Logging:
Log output configuration:
 #0: stdout all=warning uptime,level,tags
 #1: stderr all=off uptime,level,tags

Environment Variables:
PATH=/usr/local/sbin:/usr/local/bin:/usr/sbin:/usr/bin
SHELL=/bin/bash
LANG=en_US.UTF-8

Signal Handlers:
   SIGSEGV: crash_handler in libjvm.so, mask=11100100010111111101111111111110, flags=SA_RESTART|SA_SIGINFO
    SIGBUS: crash_handler in libjvm.so, mask=11100100010111111101111111111110, flags=SA_RESTART|SA_SIGINFO
    SIGFPE: crash_handler in libjvm.so, mask=11100100010111111101111111111110, flags=SA_RESTART|SA_SIGINFO
   SIGPIPE: javaSignalHandler in libjvm.so, mask=11100100010111111101111111111110, flags=SA_RESTART|SA_SIGINFO
   SIGXFSZ: javaSignalHandler in libjvm.so, mask=11100100010111111101111111111110, flags=SA_RESTART|SA_SIGINFO
    SIGILL: crash_handler in libjvm.so, mask=11100100010111111101111111111110, flags=SA_RESTART|SA_SIGINFO
   SIGUSR2: SR_handler in libjvm.so, mask=00000000000000000000000000000000, flags=SA_RESTART|SA_SIGINFO
    SIGHUP: SIG_DFL, mask=00000000000000000000000000000000, flags=none
    SIGINT: SIG_DFL, mask=00000000000000000000000000000000, flags=none
   SIGTERM: SIG_DFL, mask=00000000000000000000000000000000, flags=none
   SIGQUIT: SIG_DFL, mask=00000000000000000000000000000000, flags=none
   SIGTRAP: crash_handler in libjvm.so, mask=11100100010111111101111111111110, flags=SA_RESTART|SA_SIGINFO


---------------  S Y S T E M  ---------------

OS:
Rocky Linux release 8.5 (Green Obsidian)
uname: Linux 4.18.0-348.7.1.el8_5.x86_64 #1 SMP Tue Dec 21 19:02:23 UTC 2021 x86_64
OS uptime: 6 days 7:39 hours
libc: glibc 2.28 NPTL 2.28 
rlimit (soft/hard): STACK 8192k/infinity , CORE 0k/infinity , NPROC 30175/30175 , NOFILE 262144/262144 , AS infinity/infinity , CPU infinity/infinity , DATA infinity/infinity , FSIZE infinity/infinity , MEMLOCK 64k/64k
load average: 0.14 0.52 0.52

/proc/meminfo:
MemTotal:        7759956 kB
MemFree:          155844 kB
MemAvailable:    1604304 kB
Buffers:           94996 kB
Cached:          1767316 kB
SwapCached:            0 kB
Active:          1027940 kB
Inactive:        6342044 kB
Active(anon):     140832 kB
Inactive(anon):  5607720 kB
Active(file):     887108 kB
Inactive(file):   734324 kB
Unevictable:        3072 kB
Mlocked:               0 kB
SwapTotal:             0 kB
SwapFree:              0 kB
Dirty:               360 kB
Writeback:             0 kB
AnonPages:       5508700 kB
Mapped:            98532 kB
Shmem:            240876 kB
KReclaimable:     102252 kB
Slab:             155512 kB
SReclaimable:     102252 kB
SUnreclaim:        53260 kB
KernelStack:        5136 kB
PageTables:        21868 kB
NFS_Unstable:          0 kB
Bounce:                0 kB
WritebackTmp:          0 kB
CommitLimit:     3879976 kB
Committed_AS:    6375428 kB
VmallocTotal:   34359738367 kB
VmallocUsed:           0 kB
VmallocChunk:          0 kB
Percpu:             2928 kB
HardwareCorrupted:     0 kB
AnonHugePages:   4548608 kB
ShmemHugePages:        0 kB
ShmemPmdMapped:        0 kB
FileHugePages:         0 kB
FilePmdMapped:         0 kB
HugePages_Total:       0
HugePages_Free:        0
HugePages_Rsvd:        0
HugePages_Surp:        0
Hugepagesize:       2048 kB
Hugetlb:               0 kB
DirectMap4k:      171888 kB
DirectMap2M:     4874240 kB
DirectMap1G:     3145728 kB

/sys/kernel/mm/transparent_hugepage/enabled: <Not Available>
/sys/kernel/mm/transparent_hugepage/defrag (defrag/compaction efforts parameter): <Not Available>

Process Memory:
Virtual Size: 842324K (peak: 5032620K)
Resident Set Size: 25680K (peak: 25680K) (anon: 13476K, file: 12204K, shmem: 0K)
Swapped out: 0K
C-Heap outstanding allocations: 656K

/proc/sys/kernel/threads-max (system-wide limit on the number of threads): 60351
/proc/sys/vm/max_map_count (maximum number of memory map areas a process may have): 65530
/proc/sys/kernel/pid_max (system-wide limit on number of process identifiers): 4194304

KVM virtualization detected
Steal ticks since vm start: 0
Steal ticks percentage since vm start:  0.000

CPU: total 4 (initial active 4) (4 cores per cpu, 1 threads per core) family 23 model 49 stepping 0 microcode 0x1000065, cx8, cmov, fxsr, mmx, 3dnowpref, sse, sse2, sse3, ssse3, sse4a, sse4.1, sse4.2, popcnt, lzcnt, tsc, avx, avx2, aes, clmul, bmi1, bmi2, adx, sha, fma, vzeroupper, clflush, clflushopt, hv
CPU Model and flags from /proc/cpuinfo:
model name	: AMD EPYC Processor
flags		: fpu vme de pse tsc msr pae mce cx8 apic sep mtrr pge mca cmov pat pse36 clflush mmx fxsr sse sse2 ht syscall nx mmxext fxsr_opt pdpe1gb rdtscp lm rep_good nopl cpuid extd_apicid tsc_known_freq pni pclmulqdq ssse3 fma cx16 sse4_1 sse4_2 x2apic movbe popcnt aes xsave avx f16c rdrand hypervisor lahf_lm cmp_legacy cr8_legacy abm sse4a misalignsse 3dnowprefetch osvw topoext perfctr_core ssbd ibrs ibpb stibp vmmcall fsgsbase bmi1 avx2 smep bmi2 rdseed adx smap clflushopt clwb sha_ni xsaveopt xsavec xgetbv1 xsaves clzero xsaveerptr wbnoinvd arat umip rdpid arch_capabilities

Online cpus: <Not Available>
Offline cpus: <Not Available>
BIOS frequency limitation: <Not Available>
Frequency switch latency (ns): <Not Available>
Available cpu frequencies: <Not Available>
Current governor: <Not Available>
Core performance/turbo boost: <Not Available>

Memory: 4k page, physical 7759956k(155844k free), swap 0k(0k free)
Page Sizes: 4k

vm_info: OpenJDK 64-Bit Server VM (17.0.1+12) for linux-amd64 JRE (17.0.1+12), built on Dec  1 2021 15:09:35 by "" with gcc 7.5.0

END.
