#
# There is insufficient memory for the Java Runtime Environment to continue.
# Native memory allocation (mmap) failed to map 2147483648 bytes for committing reserved memory.
# Possible reasons:
#   The system is out of physical RAM or swap space
#   The process is running with CompressedOops enabled, and the Java Heap may be blocking the growth of the native heap
# Possible solutions:
#   Reduce memory load on the system
#   Increase physical memory or swap space
#   Check if swap backing store is full
#   Decrease Java heap size (-Xmx/-Xms)
#   Decrease number of Java threads
#   Decrease Java thread stack sizes (-Xss)
#   Set larger code cache with -XX:ReservedCodeCacheSize=
#   JVM is running with Unscaled Compressed Oops mode in which the Java heap is
#     placed in the first 4GB address space. The Java Heap base address is the
#     maximum limit for the native heap growth. Please use -XX:HeapBaseMinAddress
#     to set the Java Heap base and to place the Java Heap above 4GB virtual address.
# This output file may be truncated or incomplete.
#
#  Out of Memory Error (os_linux.cpp:2728), pid=23563, tid=23564
#
# JRE version:  (17.0.1+12) (build )
# Java VM: OpenJDK 64-Bit Server VM (17.0.1+12, mixed mode, sharing, tiered, compressed oops, compressed class ptrs, g1 gc, linux-amd64)
# Core dump will be written. Default location: Core dumps may be processed with "/usr/lib/systemd/systemd-coredump %P %u %g %s %t %c %h %e" (or dumping to /var/minecraft/server/core.23563)
#

---------------  S U M M A R Y ------------

Command Line: -Xms2G -Xmx2G -XX:+UseG1GC -XX:+ParallelRefProcEnabled -XX:MaxGCPauseMillis=200 -XX:+UnlockExperimentalVMOptions -XX:+DisableExplicitGC -XX:+AlwaysPreTouch -XX:G1NewSizePercent=30 -XX:G1MaxNewSizePercent=40 -XX:G1HeapRegionSize=8M -XX:G1ReservePercent=20 -XX:G1HeapWastePercent=5 -XX:G1MixedGCCountTarget=4 -XX:InitiatingHeapOccupancyPercent=15 -XX:G1MixedGCLiveThresholdPercent=90 -XX:G1RSetUpdatingPauseTimePercent=5 -XX:SurvivorRatio=32 -XX:+PerfDisableSharedMem -XX:MaxTenuringThreshold=1 paper.jar nogui

Host: AMD EPYC Processor, 3 cores, 3G, Rocky Linux release 8.5 (Green Obsidian)
Time: Tue Jan  4 20:36:59 2022 UTC elapsed time: 0.015426 seconds (0d 0h 0m 0s)

---------------  T H R E A D  ---------------

Current thread (0x00007feef0023010):  JavaThread "Unknown thread" [_thread_in_vm, id=23564, stack(0x00007feef9b5c000,0x00007feef9c5d000)]

Stack: [0x00007feef9b5c000,0x00007feef9c5d000],  sp=0x00007feef9c5b3f0,  free space=1020k
Native frames: (J=compiled Java code, j=interpreted, Vv=VM code, C=native code)
V  [libjvm.so+0xf7d371]  VMError::report_and_die(int, char const*, char const*, __va_list_tag*, Thread*, unsigned char*, void*, void*, char const*, int, unsigned long)+0x1a1
V  [libjvm.so+0xf7dffb]  VMError::report_and_die(Thread*, char const*, int, unsigned long, VMErrorType, char const*, __va_list_tag*)+0x2b
V  [libjvm.so+0x61bc2d]  report_vm_out_of_memory(char const*, int, unsigned long, VMErrorType, char const*, ...)+0xcd
V  [libjvm.so+0xc39f28]  os::pd_commit_memory_or_exit(char*, unsigned long, unsigned long, bool, char const*)+0x108
V  [libjvm.so+0xc3330d]  os::commit_memory_or_exit(char*, unsigned long, unsigned long, bool, char const*)+0x1d
V  [libjvm.so+0x75be04]  G1PageBasedVirtualSpace::commit(unsigned long, unsigned long)+0x154
V  [libjvm.so+0x771b51]  G1RegionsLargerThanCommitSizeMapper::commit_regions(unsigned int, unsigned long, WorkGang*)+0x181
V  [libjvm.so+0x7ff728]  HeapRegionManager::commit_regions(unsigned int, unsigned long, WorkGang*)+0x88
V  [libjvm.so+0x8012e9]  HeapRegionManager::expand(unsigned int, unsigned int, WorkGang*)+0x29
V  [libjvm.so+0x80152c]  HeapRegionManager::expand_by(unsigned int, WorkGang*)+0x7c
V  [libjvm.so+0x70c749]  G1CollectedHeap::expand(unsigned long, WorkGang*, double*)+0xe9
V  [libjvm.so+0x70ce61]  G1CollectedHeap::initialize()+0x691
V  [libjvm.so+0xf2ba51]  universe_init()+0xd1
V  [libjvm.so+0x822076]  init_globals()+0x36
V  [libjvm.so+0xf0346d]  Threads::create_vm(JavaVMInitArgs*, bool*)+0x2fd
V  [libjvm.so+0x8df6b2]  JNI_CreateJavaVM+0x52
C  [libjli.so+0x4b91]  JavaMain+0x91
C  [libjli.so+0x8889]  ThreadJavaMain+0x9


---------------  P R O C E S S  ---------------

Threads class SMR info:
_java_thread_list=0x00007feef8e1f2e0, length=0, elements={
}

Java Threads: ( => current thread )

Other Threads:
  0x00007feef00539a0 GCTaskThread "GC Thread#0" [stack: 0x00007feef5c5d000,0x00007feef5d5d000] [id=23565]
  0x00007feef0056f70 ConcurrentGCThread "G1 Main Marker" [stack: 0x00007feef5b5b000,0x00007feef5c5b000] [id=23566]
  0x00007feef0057ed0 ConcurrentGCThread "G1 Conc#0" [stack: 0x00007feef5a59000,0x00007feef5b59000] [id=23567]

[error occurred during error reporting (printing all threads), id 0xb, SIGSEGV (0xb) at pc=0x00007feef7f29a10]

VM state: not at safepoint (not fully initialized)

VM Mutex/Monitor currently owned by a thread:  ([mutex/lock_event])
[0x00007feef0020b50] Heap_lock - owner thread: 0x00007feef0023010

Heap address: 0x0000000080000000, size: 2048 MB, Compressed Oops mode: 32-bit

CDS archive(s) mapped at: [0x0000000000000000-0x0000000000000000-0x0000000000000000), size 0, SharedBaseAddress: 0x0000000800000000, ArchiveRelocationMode: 0.
Narrow klass base: 0x0000000000000000, Narrow klass shift: 0, Narrow klass range: 0x0

GC Precious Log:
<Empty>

Heap:
 garbage-first heap   total 0K, used 0K [0x0000000080000000, 0x0000000100000000)
  region size 8192K, 0 young (0K), 0 survivors (0K)

[error occurred during error reporting (printing heap information), id 0xb, SIGSEGV (0xb) at pc=0x00007feef84eda3a]

GC Heap History (0 events):
No events

Deoptimization events (0 events):
No events

Classes unloaded (0 events):
No events

Classes redefined (0 events):
No events

Internal exceptions (0 events):
No events

VM Operations (0 events):
No events

Events (2 events):
Event: 0.002 Protecting memory [0x00007feef9b5c000,0x00007feef9b60000] with protection modes 0
Event: 0.003 Loaded shared library /usr/java/jdk-17.0.1+12-jre/lib/libjava.so


Dynamic libraries:
556e5abe5000-556e5abe6000 r-xp 00000000 08:01 522640                     /usr/java/jdk-17.0.1+12-jre/bin/java
556e5ade6000-556e5ade7000 r--p 00001000 08:01 522640                     /usr/java/jdk-17.0.1+12-jre/bin/java
556e5ade7000-556e5ade8000 rw-p 00002000 08:01 522640                     /usr/java/jdk-17.0.1+12-jre/bin/java
556e5bd95000-556e5bdb6000 rw-p 00000000 00:00 0                          [heap]
7feec8000000-7feec8021000 rw-p 00000000 00:00 0 
7feec8021000-7feecc000000 ---p 00000000 00:00 0 
7feecc000000-7feecc021000 rw-p 00000000 00:00 0 
7feecc021000-7feed0000000 ---p 00000000 00:00 0 
7feed0000000-7feed0021000 rw-p 00000000 00:00 0 
7feed0021000-7feed4000000 ---p 00000000 00:00 0 
7feed5fe5000-7feed7fe5000 rw-p 00000000 00:00 0 
7feed7fe5000-7feedbfe5000 ---p 00000000 00:00 0 
7feedbfe5000-7feedc255000 rwxp 00000000 00:00 0 
7feedc255000-7feedc574000 ---p 00000000 00:00 0 
7feedc574000-7feedc7e4000 rwxp 00000000 00:00 0 
7feedc7e4000-7feee3aac000 ---p 00000000 00:00 0 
7feee3aac000-7feee3d1c000 rwxp 00000000 00:00 0 
7feee3d1c000-7feeeafe5000 ---p 00000000 00:00 0 
7feeeafe5000-7feef0000000 r--s 00000000 08:01 522620                     /usr/java/jdk-17.0.1+12-jre/lib/modules
7feef0000000-7feef0072000 rw-p 00000000 00:00 0 
7feef0072000-7feef4000000 ---p 00000000 00:00 0 
7feef536a000-7feef5a57000 rw-p 00000000 00:00 0 
7feef5a57000-7feef5a58000 ---p 00000000 00:00 0 
7feef5a58000-7feef5b59000 rw-p 00000000 00:00 0 
7feef5b59000-7feef5b5a000 ---p 00000000 00:00 0 
7feef5b5a000-7feef5c5b000 rw-p 00000000 00:00 0 
7feef5c5b000-7feef5c5c000 ---p 00000000 00:00 0 
7feef5c5c000-7feef5d5d000 rw-p 00000000 00:00 0 
7feef5d5d000-7feef695d000 ---p 00000000 00:00 0 
7feef695d000-7feef6c65000 rw-p 00000000 00:00 0 
7feef6c65000-7feef6d4b000 ---p 00000000 00:00 0 
7feef6d4b000-7feef6d50000 rw-p 00000000 00:00 0 
7feef6d50000-7feef6e36000 ---p 00000000 00:00 0 
7feef6e36000-7feef6e5a000 r-xp 00000000 08:01 522630                     /usr/java/jdk-17.0.1+12-jre/lib/libjava.so
7feef6e5a000-7feef705a000 ---p 00024000 08:01 522630                     /usr/java/jdk-17.0.1+12-jre/lib/libjava.so
7feef705a000-7feef705b000 r--p 00024000 08:01 522630                     /usr/java/jdk-17.0.1+12-jre/lib/libjava.so
7feef705b000-7feef705c000 rw-p 00025000 08:01 522630                     /usr/java/jdk-17.0.1+12-jre/lib/libjava.so
7feef705c000-7feef705d000 rw-p 00000000 00:00 0 
7feef705d000-7feef7078000 r-xp 00000000 08:01 522580                     /usr/java/jdk-17.0.1+12-jre/lib/libjimage.so
7feef7078000-7feef7277000 ---p 0001b000 08:01 522580                     /usr/java/jdk-17.0.1+12-jre/lib/libjimage.so
7feef7277000-7feef7279000 r--p 0001a000 08:01 522580                     /usr/java/jdk-17.0.1+12-jre/lib/libjimage.so
7feef7279000-7feef727a000 rw-p 0001c000 08:01 522580                     /usr/java/jdk-17.0.1+12-jre/lib/libjimage.so
7feef727a000-7feef73fb000 r-xp 00000000 08:01 3649                       /usr/lib64/libm-2.28.so
7feef73fb000-7feef75fa000 ---p 00181000 08:01 3649                       /usr/lib64/libm-2.28.so
7feef75fa000-7feef75fb000 r--p 00180000 08:01 3649                       /usr/lib64/libm-2.28.so
7feef75fb000-7feef75fc000 rw-p 00181000 08:01 3649                       /usr/lib64/libm-2.28.so
7feef75fc000-7feef7603000 r-xp 00000000 08:01 3663                       /usr/lib64/librt-2.28.so
7feef7603000-7feef7802000 ---p 00007000 08:01 3663                       /usr/lib64/librt-2.28.so
7feef7802000-7feef7803000 r--p 00006000 08:01 3663                       /usr/lib64/librt-2.28.so
7feef7803000-7feef7804000 rw-p 00007000 08:01 3663                       /usr/lib64/librt-2.28.so
7feef7804000-7feef8ae3000 r-xp 00000000 08:01 522607                     /usr/java/jdk-17.0.1+12-jre/lib/server/libjvm.so
7feef8ae3000-7feef8ce2000 ---p 012df000 08:01 522607                     /usr/java/jdk-17.0.1+12-jre/lib/server/libjvm.so
7feef8ce2000-7feef8d9b000 r--p 012de000 08:01 522607                     /usr/java/jdk-17.0.1+12-jre/lib/server/libjvm.so
7feef8d9b000-7feef8dcf000 rw-p 01397000 08:01 522607                     /usr/java/jdk-17.0.1+12-jre/lib/server/libjvm.so
7feef8dcf000-7feef8e29000 rw-p 00000000 00:00 0 
7feef8e29000-7feef8fe5000 r-xp 00000000 08:01 3645                       /usr/lib64/libc-2.28.so
7feef8fe5000-7feef91e4000 ---p 001bc000 08:01 3645                       /usr/lib64/libc-2.28.so
7feef91e4000-7feef91e8000 r--p 001bb000 08:01 3645                       /usr/lib64/libc-2.28.so
7feef91e8000-7feef91ea000 rw-p 001bf000 08:01 3645                       /usr/lib64/libc-2.28.so
7feef91ea000-7feef91ee000 rw-p 00000000 00:00 0 
7feef91ee000-7feef91f1000 r-xp 00000000 08:01 3647                       /usr/lib64/libdl-2.28.so
7feef91f1000-7feef93f0000 ---p 00003000 08:01 3647                       /usr/lib64/libdl-2.28.so
7feef93f0000-7feef93f1000 r--p 00002000 08:01 3647                       /usr/lib64/libdl-2.28.so
7feef93f1000-7feef93f2000 rw-p 00003000 08:01 3647                       /usr/lib64/libdl-2.28.so
7feef93f2000-7feef940d000 r-xp 00000000 08:01 3659                       /usr/lib64/libpthread-2.28.so
7feef940d000-7feef960c000 ---p 0001b000 08:01 3659                       /usr/lib64/libpthread-2.28.so
7feef960c000-7feef960d000 r--p 0001a000 08:01 3659                       /usr/lib64/libpthread-2.28.so
7feef960d000-7feef960e000 rw-p 0001b000 08:01 3659                       /usr/lib64/libpthread-2.28.so
7feef960e000-7feef9612000 rw-p 00000000 00:00 0 
7feef9612000-7feef9621000 r-xp 00000000 08:01 522604                     /usr/java/jdk-17.0.1+12-jre/lib/libjli.so
7feef9621000-7feef9821000 ---p 0000f000 08:01 522604                     /usr/java/jdk-17.0.1+12-jre/lib/libjli.so
7feef9821000-7feef9822000 r--p 0000f000 08:01 522604                     /usr/java/jdk-17.0.1+12-jre/lib/libjli.so
7feef9822000-7feef9823000 rw-p 00010000 08:01 522604                     /usr/java/jdk-17.0.1+12-jre/lib/libjli.so
7feef9823000-7feef9839000 r-xp 00000000 08:01 4505                       /usr/lib64/libz.so.1.2.11
7feef9839000-7feef9a38000 ---p 00016000 08:01 4505                       /usr/lib64/libz.so.1.2.11
7feef9a38000-7feef9a39000 r--p 00015000 08:01 4505                       /usr/lib64/libz.so.1.2.11
7feef9a39000-7feef9a3a000 rw-p 00000000 00:00 0 
7feef9a3a000-7feef9a66000 r-xp 00000000 08:01 3638                       /usr/lib64/ld-2.28.so
7feef9b3f000-7feef9b4d000 rw-p 00000000 00:00 0 
7feef9b4d000-7feef9b54000 ---p 00000000 00:00 0 
7feef9b54000-7feef9b5c000 rw-p 00000000 00:00 0 
7feef9b5c000-7feef9b60000 ---p 00000000 00:00 0 
7feef9b60000-7feef9c5f000 rw-p 00000000 00:00 0 
7feef9c61000-7feef9c62000 ---p 00000000 00:00 0 
7feef9c62000-7feef9c63000 r--p 00000000 00:00 0 
7feef9c63000-7feef9c64000 ---p 00000000 00:00 0 
7feef9c64000-7feef9c66000 rw-p 00000000 00:00 0 
7feef9c66000-7feef9c67000 r--p 0002c000 08:01 3638                       /usr/lib64/ld-2.28.so
7feef9c67000-7feef9c69000 rw-p 0002d000 08:01 3638                       /usr/lib64/ld-2.28.so
7ffcef993000-7ffcef9b4000 rw-p 00000000 00:00 0                          [stack]
7ffcef9b6000-7ffcef9ba000 r--p 00000000 00:00 0                          [vvar]
7ffcef9ba000-7ffcef9bc000 r-xp 00000000 00:00 0                          [vdso]
ffffffffff600000-ffffffffff601000 r-xp 00000000 00:00 0                  [vsyscall]


VM Arguments:
jvm_args: -Xms2G -Xmx2G -XX:+UseG1GC -XX:+ParallelRefProcEnabled -XX:MaxGCPauseMillis=200 -XX:+UnlockExperimentalVMOptions -XX:+DisableExplicitGC -XX:+AlwaysPreTouch -XX:G1NewSizePercent=30 -XX:G1MaxNewSizePercent=40 -XX:G1HeapRegionSize=8M -XX:G1ReservePercent=20 -XX:G1HeapWastePercent=5 -XX:G1MixedGCCountTarget=4 -XX:InitiatingHeapOccupancyPercent=15 -XX:G1MixedGCLiveThresholdPercent=90 -XX:G1RSetUpdatingPauseTimePercent=5 -XX:SurvivorRatio=32 -XX:+PerfDisableSharedMem -XX:MaxTenuringThreshold=1 
java_command: paper.jar nogui
java_class_path (initial): paper.jar
Launcher Type: SUN_STANDARD

[Global flags]
     bool AlwaysPreTouch                           = true                                      {product} {command line}
     bool AlwaysTenure                             = false                                     {product} {command line}
     intx CICompilerCount                          = 2                                         {product} {ergonomic}
     uint ConcGCThreads                            = 1                                         {product} {ergonomic}
     bool DisableExplicitGC                        = true                                      {product} {command line}
     uint G1ConcRefinementThreads                  = 3                                         {product} {ergonomic}
     uint G1EagerReclaimRemSetThreshold            = 64                                   {experimental} {ergonomic}
   size_t G1HeapRegionSize                         = 8388608                                   {product} {command line}
    uintx G1HeapWastePercent                       = 5                                         {product} {command line}
    uintx G1MaxNewSizePercent                      = 40                                   {experimental} {command line}
    uintx G1MixedGCCountTarget                     = 4                                         {product} {command line}
    uintx G1MixedGCLiveThresholdPercent            = 90                                   {experimental} {command line}
    uintx G1NewSizePercent                         = 30                                   {experimental} {command line}
     intx G1RSetUpdatingPauseTimePercent           = 5                                         {product} {command line}
    uintx G1ReservePercent                         = 20                                        {product} {command line}
    uintx GCDrainStackTargetSize                   = 64                                        {product} {ergonomic}
   size_t InitialHeapSize                          = 2147483648                                {product} {command line}
    uintx InitialTenuringThreshold                 = 1                                         {product} {ergonomic}
    uintx InitiatingHeapOccupancyPercent           = 15                                        {product} {command line}
   size_t MarkStackSize                            = 4194304                                   {product} {ergonomic}
    uintx MaxGCPauseMillis                         = 200                                       {product} {command line}
   size_t MaxHeapSize                              = 2147483648                                {product} {command line}
    uintx MaxTenuringThreshold                     = 1                                         {product} {command line}
   size_t MinHeapDeltaBytes                        = 8388608                                   {product} {ergonomic}
   size_t MinHeapSize                              = 2147483648                                {product} {command line}
     bool NeverTenure                              = false                                     {product} {command line}
    uintx NonNMethodCodeHeapSize                   = 5826188                                {pd product} {ergonomic}
    uintx NonProfiledCodeHeapSize                  = 122916026                              {pd product} {ergonomic}
     bool ParallelRefProcEnabled                   = true                                      {product} {command line}
     bool PerfDisableSharedMem                     = true                                      {product} {command line}
    uintx ProfiledCodeHeapSize                     = 122916026                              {pd product} {ergonomic}
    uintx ReservedCodeCacheSize                    = 251658240                              {pd product} {ergonomic}
     bool SegmentedCodeCache                       = true                                      {product} {ergonomic}
   size_t SoftMaxHeapSize                          = 2147483648                             {manageable} {ergonomic}
    uintx SurvivorRatio                            = 32                                        {product} {command line}
     bool UnlockExperimentalVMOptions              = true                                 {experimental} {command line}
     bool UseCompressedClassPointers               = true                           {product lp64_product} {ergonomic}
     bool UseCompressedOops                        = true                           {product lp64_product} {ergonomic}
     bool UseG1GC                                  = true                                      {product} {command line}

Logging:
Log output configuration:
 #0: stdout all=warning uptime,level,tags
 #1: stderr all=off uptime,level,tags

Environment Variables:
PATH=/usr/local/sbin:/usr/local/bin:/usr/sbin:/usr/bin
SHELL=/bin/bash
LANG=en_US.UTF-8

Signal Handlers:
   SIGSEGV: crash_handler in libjvm.so, mask=11100100010111111101111111111110, flags=SA_RESTART|SA_SIGINFO
    SIGBUS: crash_handler in libjvm.so, mask=11100100010111111101111111111110, flags=SA_RESTART|SA_SIGINFO
    SIGFPE: crash_handler in libjvm.so, mask=11100100010111111101111111111110, flags=SA_RESTART|SA_SIGINFO
   SIGPIPE: javaSignalHandler in libjvm.so, mask=11100100010111111101111111111110, flags=SA_RESTART|SA_SIGINFO
   SIGXFSZ: javaSignalHandler in libjvm.so, mask=11100100010111111101111111111110, flags=SA_RESTART|SA_SIGINFO
    SIGILL: crash_handler in libjvm.so, mask=11100100010111111101111111111110, flags=SA_RESTART|SA_SIGINFO
   SIGUSR2: SR_handler in libjvm.so, mask=00000000000000000000000000000000, flags=SA_RESTART|SA_SIGINFO
    SIGHUP: SIG_DFL, mask=00000000000000000000000000000000, flags=none
    SIGINT: SIG_DFL, mask=00000000000000000000000000000000, flags=none
   SIGTERM: SIG_DFL, mask=00000000000000000000000000000000, flags=none
   SIGQUIT: SIG_DFL, mask=00000000000000000000000000000000, flags=none
   SIGTRAP: crash_handler in libjvm.so, mask=11100100010111111101111111111110, flags=SA_RESTART|SA_SIGINFO


---------------  S Y S T E M  ---------------

OS:
Rocky Linux release 8.5 (Green Obsidian)
uname: Linux 4.18.0-348.7.1.el8_5.x86_64 #1 SMP Tue Dec 21 19:02:23 UTC 2021 x86_64
OS uptime: 1 days 13:38 hours
libc: glibc 2.28 NPTL 2.28 
rlimit (soft/hard): STACK 8192k/infinity , CORE 0k/infinity , NPROC 14424/14424 , NOFILE 262144/262144 , AS infinity/infinity , CPU infinity/infinity , DATA infinity/infinity , FSIZE infinity/infinity , MEMLOCK 64k/64k
load average: 0.03 0.07 0.08

/proc/meminfo:
MemTotal:        3727664 kB
MemFree:          106296 kB
MemAvailable:     461148 kB
Buffers:           53696 kB
Cached:           533048 kB
SwapCached:            0 kB
Active:           198364 kB
Inactive:        3284832 kB
Active(anon):       6228 kB
Inactive(anon):  2933856 kB
Active(file):     192136 kB
Inactive(file):   350976 kB
Unevictable:        3072 kB
Mlocked:               0 kB
SwapTotal:             0 kB
SwapFree:              0 kB
Dirty:               192 kB
Writeback:             0 kB
AnonPages:       2896608 kB
Mapped:            95580 kB
Shmem:             43632 kB
KReclaimable:      38572 kB
Slab:              81104 kB
SReclaimable:      38572 kB
SUnreclaim:        42532 kB
KernelStack:        4768 kB
PageTables:        16232 kB
NFS_Unstable:          0 kB
Bounce:                0 kB
WritebackTmp:          0 kB
CommitLimit:     1863832 kB
Committed_AS:    3923284 kB
VmallocTotal:   34359738367 kB
VmallocUsed:           0 kB
VmallocChunk:          0 kB
Percpu:             2480 kB
HardwareCorrupted:     0 kB
AnonHugePages:   2310144 kB
ShmemHugePages:        0 kB
ShmemPmdMapped:        0 kB
FileHugePages:         0 kB
FilePmdMapped:         0 kB
HugePages_Total:       0
HugePages_Free:        0
HugePages_Rsvd:        0
HugePages_Surp:        0
Hugepagesize:       2048 kB
Hugetlb:               0 kB
DirectMap4k:      145264 kB
DirectMap2M:     3950592 kB
DirectMap1G:           0 kB

/sys/kernel/mm/transparent_hugepage/enabled: <Not Available>
/sys/kernel/mm/transparent_hugepage/defrag (defrag/compaction efforts parameter): <Not Available>

Process Memory:
Virtual Size: 762408K (peak: 2855552K)
Resident Set Size: 26192K (peak: 26192K) (anon: 13388K, file: 12804K, shmem: 0K)
Swapped out: 0K
C-Heap outstanding allocations: 553K

/proc/sys/kernel/threads-max (system-wide limit on the number of threads): 28848
/proc/sys/vm/max_map_count (maximum number of memory map areas a process may have): 65530
/proc/sys/kernel/pid_max (system-wide limit on number of process identifiers): 4194304

KVM virtualization detected
Steal ticks since vm start: 0
Steal ticks percentage since vm start:  0.000

CPU: total 3 (initial active 3) (3 cores per cpu, 1 threads per core) family 23 model 49 stepping 0 microcode 0x1000065, cx8, cmov, fxsr, mmx, 3dnowpref, sse, sse2, sse3, ssse3, sse4a, sse4.1, sse4.2, popcnt, lzcnt, tsc, avx, avx2, aes, clmul, bmi1, bmi2, adx, sha, fma, vzeroupper, clflush, clflushopt, hv
CPU Model and flags from /proc/cpuinfo:
model name	: AMD EPYC Processor
flags		: fpu vme de pse tsc msr pae mce cx8 apic sep mtrr pge mca cmov pat pse36 clflush mmx fxsr sse sse2 ht syscall nx mmxext fxsr_opt pdpe1gb rdtscp lm rep_good nopl cpuid extd_apicid tsc_known_freq pni pclmulqdq ssse3 fma cx16 sse4_1 sse4_2 x2apic movbe popcnt aes xsave avx f16c rdrand hypervisor lahf_lm cmp_legacy cr8_legacy abm sse4a misalignsse 3dnowprefetch osvw topoext perfctr_core ssbd ibrs ibpb stibp vmmcall fsgsbase bmi1 avx2 smep bmi2 rdseed adx smap clflushopt clwb sha_ni xsaveopt xsavec xgetbv1 xsaves clzero xsaveerptr wbnoinvd arat umip rdpid arch_capabilities

Online cpus: <Not Available>
Offline cpus: <Not Available>
BIOS frequency limitation: <Not Available>
Frequency switch latency (ns): <Not Available>
Available cpu frequencies: <Not Available>
Current governor: <Not Available>
Core performance/turbo boost: <Not Available>

Memory: 4k page, physical 3727664k(106296k free), swap 0k(0k free)
Page Sizes: 4k

vm_info: OpenJDK 64-Bit Server VM (17.0.1+12) for linux-amd64 JRE (17.0.1+12), built on Dec  1 2021 15:09:35 by "" with gcc 7.5.0

END.
