#
# There is insufficient memory for the Java Runtime Environment to continue.
# Native memory allocation (mmap) failed to map 5368709120 bytes for committing reserved memory.
# Possible reasons:
#   The system is out of physical RAM or swap space
#   The process is running with CompressedOops enabled, and the Java Heap may be blocking the growth of the native heap
# Possible solutions:
#   Reduce memory load on the system
#   Increase physical memory or swap space
#   Check if swap backing store is full
#   Decrease Java heap size (-Xmx/-Xms)
#   Decrease number of Java threads
#   Decrease Java thread stack sizes (-Xss)
#   Set larger code cache with -XX:ReservedCodeCacheSize=
#   JVM is running with Zero Based Compressed Oops mode in which the Java heap is
#     placed in the first 32GB address space. The Java Heap base address is the
#     maximum limit for the native heap growth. Please use -XX:HeapBaseMinAddress
#     to set the Java Heap base and to place the Java Heap above 32GB virtual address.
# This output file may be truncated or incomplete.
#
#  Out of Memory Error (os_linux.cpp:2728), pid=11942, tid=11943
#
# JRE version:  (17.0.1+12) (build )
# Java VM: OpenJDK 64-Bit Server VM (17.0.1+12, mixed mode, sharing, tiered, compressed oops, compressed class ptrs, g1 gc, linux-amd64)
# Core dump will be written. Default location: Core dumps may be processed with "/usr/lib/systemd/systemd-coredump %P %u %g %s %t %c %h %e" (or dumping to /var/minecraft/server/core.11942)
#

---------------  S U M M A R Y ------------

Command Line: -Xms5G -Xmx5G -XX:+UseG1GC -XX:+ParallelRefProcEnabled -XX:MaxGCPauseMillis=200 -XX:+UnlockExperimentalVMOptions -XX:+DisableExplicitGC -XX:+AlwaysPreTouch -XX:G1NewSizePercent=30 -XX:G1MaxNewSizePercent=40 -XX:G1HeapRegionSize=8M -XX:G1ReservePercent=20 -XX:G1HeapWastePercent=5 -XX:G1MixedGCCountTarget=4 -XX:InitiatingHeapOccupancyPercent=15 -XX:G1MixedGCLiveThresholdPercent=90 -XX:G1RSetUpdatingPauseTimePercent=5 -XX:SurvivorRatio=32 -XX:+PerfDisableSharedMem -XX:MaxTenuringThreshold=1 paper-1.18.1-160.jar nogui

Host: Intel Core Processor (Haswell, no TSX), 8 cores, 7G, Rocky Linux release 8.5 (Green Obsidian)
Time: Wed Jan 19 04:31:19 2022 UTC elapsed time: 0.011392 seconds (0d 0h 0m 0s)

---------------  T H R E A D  ---------------

Current thread (0x00007fc8ac023030):  JavaThread "Unknown thread" [_thread_in_vm, id=11943, stack(0x00007fc8b5980000,0x00007fc8b5a81000)]

Stack: [0x00007fc8b5980000,0x00007fc8b5a81000],  sp=0x00007fc8b5a7f3f0,  free space=1020k
Native frames: (J=compiled Java code, j=interpreted, Vv=VM code, C=native code)
V  [libjvm.so+0xf7d371]  VMError::report_and_die(int, char const*, char const*, __va_list_tag*, Thread*, unsigned char*, void*, void*, char const*, int, unsigned long)+0x1a1
V  [libjvm.so+0xf7dffb]  VMError::report_and_die(Thread*, char const*, int, unsigned long, VMErrorType, char const*, __va_list_tag*)+0x2b
V  [libjvm.so+0x61bc2d]  report_vm_out_of_memory(char const*, int, unsigned long, VMErrorType, char const*, ...)+0xcd
V  [libjvm.so+0xc39f28]  os::pd_commit_memory_or_exit(char*, unsigned long, unsigned long, bool, char const*)+0x108
V  [libjvm.so+0xc3330d]  os::commit_memory_or_exit(char*, unsigned long, unsigned long, bool, char const*)+0x1d
V  [libjvm.so+0x75be04]  G1PageBasedVirtualSpace::commit(unsigned long, unsigned long)+0x154
V  [libjvm.so+0x771b51]  G1RegionsLargerThanCommitSizeMapper::commit_regions(unsigned int, unsigned long, WorkGang*)+0x181
V  [libjvm.so+0x7ff728]  HeapRegionManager::commit_regions(unsigned int, unsigned long, WorkGang*)+0x88
V  [libjvm.so+0x8012e9]  HeapRegionManager::expand(unsigned int, unsigned int, WorkGang*)+0x29
V  [libjvm.so+0x80152c]  HeapRegionManager::expand_by(unsigned int, WorkGang*)+0x7c
V  [libjvm.so+0x70c749]  G1CollectedHeap::expand(unsigned long, WorkGang*, double*)+0xe9
V  [libjvm.so+0x70ce61]  G1CollectedHeap::initialize()+0x691
V  [libjvm.so+0xf2ba51]  universe_init()+0xd1
V  [libjvm.so+0x822076]  init_globals()+0x36
V  [libjvm.so+0xf0346d]  Threads::create_vm(JavaVMInitArgs*, bool*)+0x2fd
V  [libjvm.so+0x8df6b2]  JNI_CreateJavaVM+0x52
C  [libjli.so+0x4b91]  JavaMain+0x91
C  [libjli.so+0x8889]  ThreadJavaMain+0x9


---------------  P R O C E S S  ---------------

Threads class SMR info:
_java_thread_list=0x00007fc8b4c422e0, length=0, elements={
}

Java Threads: ( => current thread )

Other Threads:
  0x00007fc8ac0718f0 GCTaskThread "GC Thread#0" [stack: 0x00007fc8b037b000,0x00007fc8b047b000] [id=11944]
  0x00007fc8ac077ef0 ConcurrentGCThread "G1 Main Marker" [stack: 0x00007fc8b0279000,0x00007fc8b0379000] [id=11945]
  0x00007fc8ac078e50 ConcurrentGCThread "G1 Conc#0" [stack: 0x00007fc8b0177000,0x00007fc8b0277000] [id=11946]

[error occurred during error reporting (printing all threads), id 0xb, SIGSEGV (0xb) at pc=0x00007fc8b3d4ca10]

VM state: not at safepoint (not fully initialized)

VM Mutex/Monitor currently owned by a thread:  ([mutex/lock_event])
[0x00007fc8ac020b70] Heap_lock - owner thread: 0x00007fc8ac023030

Heap address: 0x00000006c0000000, size: 5120 MB, Compressed Oops mode: Zero based, Oop shift amount: 3

CDS archive(s) mapped at: [0x0000000000000000-0x0000000000000000-0x0000000000000000), size 0, SharedBaseAddress: 0x0000000800000000, ArchiveRelocationMode: 0.
Narrow klass base: 0x0000000000000000, Narrow klass shift: 0, Narrow klass range: 0x0

GC Precious Log:
<Empty>

Heap:
 garbage-first heap   total 0K, used 0K [0x00000006c0000000, 0x0000000800000000)
  region size 8192K, 0 young (0K), 0 survivors (0K)

[error occurred during error reporting (printing heap information), id 0xb, SIGSEGV (0xb) at pc=0x00007fc8b4310a3a]

GC Heap History (0 events):
No events

Deoptimization events (0 events):
No events

Classes unloaded (0 events):
No events

Classes redefined (0 events):
No events

Internal exceptions (0 events):
No events

VM Operations (0 events):
No events

Events (2 events):
Event: 0.001 Protecting memory [0x00007fc8b5980000,0x00007fc8b5984000] with protection modes 0
Event: 0.002 Loaded shared library /usr/java/jdk-17.0.1+12-jre/lib/libjava.so


Dynamic libraries:
563970cc3000-563970cc4000 r-xp 00000000 08:01 159383971                  /usr/java/jdk-17.0.1+12-jre/bin/java
563970ec4000-563970ec5000 r--p 00001000 08:01 159383971                  /usr/java/jdk-17.0.1+12-jre/bin/java
563970ec5000-563970ec6000 rw-p 00002000 08:01 159383971                  /usr/java/jdk-17.0.1+12-jre/bin/java
563972738000-563972759000 rw-p 00000000 00:00 0                          [heap]
7fc87e000000-7fc880000000 rw-p 00000000 00:00 0 
7fc880000000-7fc880021000 rw-p 00000000 00:00 0 
7fc880021000-7fc884000000 ---p 00000000 00:00 0 
7fc884000000-7fc884021000 rw-p 00000000 00:00 0 
7fc884021000-7fc888000000 ---p 00000000 00:00 0 
7fc888000000-7fc888021000 rw-p 00000000 00:00 0 
7fc888021000-7fc88c000000 ---p 00000000 00:00 0 
7fc88d4f4000-7fc88dfe5000 rw-p 00000000 00:00 0 
7fc88dfe5000-7fc897fe5000 ---p 00000000 00:00 0 
7fc897fe5000-7fc898255000 rwxp 00000000 00:00 0 
7fc898255000-7fc898577000 ---p 00000000 00:00 0 
7fc898577000-7fc8987e7000 rwxp 00000000 00:00 0 
7fc8987e7000-7fc89faae000 ---p 00000000 00:00 0 
7fc89faae000-7fc89fd1e000 rwxp 00000000 00:00 0 
7fc89fd1e000-7fc8a6fe5000 ---p 00000000 00:00 0 
7fc8a6fe5000-7fc8ac000000 r--s 00000000 08:01 142606465                  /usr/java/jdk-17.0.1+12-jre/lib/modules
7fc8ac000000-7fc8ac0a8000 rw-p 00000000 00:00 0 
7fc8ac0a8000-7fc8b0000000 ---p 00000000 00:00 0 
7fc8b0074000-7fc8b0175000 rw-p 00000000 00:00 0 
7fc8b0175000-7fc8b0176000 ---p 00000000 00:00 0 
7fc8b0176000-7fc8b0277000 rw-p 00000000 00:00 0 
7fc8b0277000-7fc8b0278000 ---p 00000000 00:00 0 
7fc8b0278000-7fc8b0379000 rw-p 00000000 00:00 0 
7fc8b0379000-7fc8b037a000 ---p 00000000 00:00 0 
7fc8b037a000-7fc8b047b000 rw-p 00000000 00:00 0 
7fc8b047b000-7fc8b227b000 ---p 00000000 00:00 0 
7fc8b227b000-7fc8b2a88000 rw-p 00000000 00:00 0 
7fc8b2a88000-7fc8b2b6e000 ---p 00000000 00:00 0 
7fc8b2b6e000-7fc8b2b73000 rw-p 00000000 00:00 0 
7fc8b2b73000-7fc8b2c59000 ---p 00000000 00:00 0 
7fc8b2c59000-7fc8b2c7d000 r-xp 00000000 08:01 142606472                  /usr/java/jdk-17.0.1+12-jre/lib/libjava.so
7fc8b2c7d000-7fc8b2e7d000 ---p 00024000 08:01 142606472                  /usr/java/jdk-17.0.1+12-jre/lib/libjava.so
7fc8b2e7d000-7fc8b2e7e000 r--p 00024000 08:01 142606472                  /usr/java/jdk-17.0.1+12-jre/lib/libjava.so
7fc8b2e7e000-7fc8b2e7f000 rw-p 00025000 08:01 142606472                  /usr/java/jdk-17.0.1+12-jre/lib/libjava.so
7fc8b2e7f000-7fc8b2e80000 rw-p 00000000 00:00 0 
7fc8b2e80000-7fc8b2e9b000 r-xp 00000000 08:01 142606874                  /usr/java/jdk-17.0.1+12-jre/lib/libjimage.so
7fc8b2e9b000-7fc8b309a000 ---p 0001b000 08:01 142606874                  /usr/java/jdk-17.0.1+12-jre/lib/libjimage.so
7fc8b309a000-7fc8b309c000 r--p 0001a000 08:01 142606874                  /usr/java/jdk-17.0.1+12-jre/lib/libjimage.so
7fc8b309c000-7fc8b309d000 rw-p 0001c000 08:01 142606874                  /usr/java/jdk-17.0.1+12-jre/lib/libjimage.so
7fc8b309d000-7fc8b321e000 r-xp 00000000 08:01 12675                      /usr/lib64/libm-2.28.so
7fc8b321e000-7fc8b341d000 ---p 00181000 08:01 12675                      /usr/lib64/libm-2.28.so
7fc8b341d000-7fc8b341e000 r--p 00180000 08:01 12675                      /usr/lib64/libm-2.28.so
7fc8b341e000-7fc8b341f000 rw-p 00181000 08:01 12675                      /usr/lib64/libm-2.28.so
7fc8b341f000-7fc8b3426000 r-xp 00000000 08:01 12710                      /usr/lib64/librt-2.28.so
7fc8b3426000-7fc8b3625000 ---p 00007000 08:01 12710                      /usr/lib64/librt-2.28.so
7fc8b3625000-7fc8b3626000 r--p 00006000 08:01 12710                      /usr/lib64/librt-2.28.so
7fc8b3626000-7fc8b3627000 rw-p 00007000 08:01 12710                      /usr/lib64/librt-2.28.so
7fc8b3627000-7fc8b4906000 r-xp 00000000 08:01 146801039                  /usr/java/jdk-17.0.1+12-jre/lib/server/libjvm.so
7fc8b4906000-7fc8b4b05000 ---p 012df000 08:01 146801039                  /usr/java/jdk-17.0.1+12-jre/lib/server/libjvm.so
7fc8b4b05000-7fc8b4bbe000 r--p 012de000 08:01 146801039                  /usr/java/jdk-17.0.1+12-jre/lib/server/libjvm.so
7fc8b4bbe000-7fc8b4bf2000 rw-p 01397000 08:01 146801039                  /usr/java/jdk-17.0.1+12-jre/lib/server/libjvm.so
7fc8b4bf2000-7fc8b4c4c000 rw-p 00000000 00:00 0 
7fc8b4c4c000-7fc8b4e08000 r-xp 00000000 08:01 12670                      /usr/lib64/libc-2.28.so
7fc8b4e08000-7fc8b5007000 ---p 001bc000 08:01 12670                      /usr/lib64/libc-2.28.so
7fc8b5007000-7fc8b500b000 r--p 001bb000 08:01 12670                      /usr/lib64/libc-2.28.so
7fc8b500b000-7fc8b500d000 rw-p 001bf000 08:01 12670                      /usr/lib64/libc-2.28.so
7fc8b500d000-7fc8b5011000 rw-p 00000000 00:00 0 
7fc8b5011000-7fc8b5014000 r-xp 00000000 08:01 12672                      /usr/lib64/libdl-2.28.so
7fc8b5014000-7fc8b5213000 ---p 00003000 08:01 12672                      /usr/lib64/libdl-2.28.so
7fc8b5213000-7fc8b5214000 r--p 00002000 08:01 12672                      /usr/lib64/libdl-2.28.so
7fc8b5214000-7fc8b5215000 rw-p 00003000 08:01 12672                      /usr/lib64/libdl-2.28.so
7fc8b5215000-7fc8b5230000 r-xp 00000000 08:01 12704                      /usr/lib64/libpthread-2.28.so
7fc8b5230000-7fc8b542f000 ---p 0001b000 08:01 12704                      /usr/lib64/libpthread-2.28.so
7fc8b542f000-7fc8b5430000 r--p 0001a000 08:01 12704                      /usr/lib64/libpthread-2.28.so
7fc8b5430000-7fc8b5431000 rw-p 0001b000 08:01 12704                      /usr/lib64/libpthread-2.28.so
7fc8b5431000-7fc8b5435000 rw-p 00000000 00:00 0 
7fc8b5435000-7fc8b5444000 r-xp 00000000 08:01 142606587                  /usr/java/jdk-17.0.1+12-jre/lib/libjli.so
7fc8b5444000-7fc8b5644000 ---p 0000f000 08:01 142606587                  /usr/java/jdk-17.0.1+12-jre/lib/libjli.so
7fc8b5644000-7fc8b5645000 r--p 0000f000 08:01 142606587                  /usr/java/jdk-17.0.1+12-jre/lib/libjli.so
7fc8b5645000-7fc8b5646000 rw-p 00010000 08:01 142606587                  /usr/java/jdk-17.0.1+12-jre/lib/libjli.so
7fc8b5646000-7fc8b565c000 r-xp 00000000 08:01 55937                      /usr/lib64/libz.so.1.2.11
7fc8b565c000-7fc8b585b000 ---p 00016000 08:01 55937                      /usr/lib64/libz.so.1.2.11
7fc8b585b000-7fc8b585c000 r--p 00015000 08:01 55937                      /usr/lib64/libz.so.1.2.11
7fc8b585c000-7fc8b585d000 rw-p 00000000 00:00 0 
7fc8b585d000-7fc8b5889000 r-xp 00000000 08:01 12663                      /usr/lib64/ld-2.28.so
7fc8b5942000-7fc8b5971000 rw-p 00000000 00:00 0 
7fc8b5971000-7fc8b5978000 ---p 00000000 00:00 0 
7fc8b5978000-7fc8b5980000 rw-p 00000000 00:00 0 
7fc8b5980000-7fc8b5984000 ---p 00000000 00:00 0 
7fc8b5984000-7fc8b5a83000 rw-p 00000000 00:00 0 
7fc8b5a84000-7fc8b5a85000 ---p 00000000 00:00 0 
7fc8b5a85000-7fc8b5a86000 r--p 00000000 00:00 0 
7fc8b5a86000-7fc8b5a87000 ---p 00000000 00:00 0 
7fc8b5a87000-7fc8b5a89000 rw-p 00000000 00:00 0 
7fc8b5a89000-7fc8b5a8a000 r--p 0002c000 08:01 12663                      /usr/lib64/ld-2.28.so
7fc8b5a8a000-7fc8b5a8c000 rw-p 0002d000 08:01 12663                      /usr/lib64/ld-2.28.so
7ffc76e78000-7ffc76e99000 rw-p 00000000 00:00 0                          [stack]
7ffc76ff8000-7ffc76ffc000 r--p 00000000 00:00 0                          [vvar]
7ffc76ffc000-7ffc76ffe000 r-xp 00000000 00:00 0                          [vdso]
ffffffffff600000-ffffffffff601000 r-xp 00000000 00:00 0                  [vsyscall]


VM Arguments:
jvm_args: -Xms5G -Xmx5G -XX:+UseG1GC -XX:+ParallelRefProcEnabled -XX:MaxGCPauseMillis=200 -XX:+UnlockExperimentalVMOptions -XX:+DisableExplicitGC -XX:+AlwaysPreTouch -XX:G1NewSizePercent=30 -XX:G1MaxNewSizePercent=40 -XX:G1HeapRegionSize=8M -XX:G1ReservePercent=20 -XX:G1HeapWastePercent=5 -XX:G1MixedGCCountTarget=4 -XX:InitiatingHeapOccupancyPercent=15 -XX:G1MixedGCLiveThresholdPercent=90 -XX:G1RSetUpdatingPauseTimePercent=5 -XX:SurvivorRatio=32 -XX:+PerfDisableSharedMem -XX:MaxTenuringThreshold=1 
java_command: paper-1.18.1-160.jar nogui
java_class_path (initial): paper-1.18.1-160.jar
Launcher Type: SUN_STANDARD

[Global flags]
     bool AlwaysPreTouch                           = true                                      {product} {command line}
     bool AlwaysTenure                             = false                                     {product} {command line}
     intx CICompilerCount                          = 4                                         {product} {ergonomic}
     uint ConcGCThreads                            = 2                                         {product} {ergonomic}
     bool DisableExplicitGC                        = true                                      {product} {command line}
     uint G1ConcRefinementThreads                  = 8                                         {product} {ergonomic}
     uint G1EagerReclaimRemSetThreshold            = 64                                   {experimental} {ergonomic}
   size_t G1HeapRegionSize                         = 8388608                                   {product} {command line}
    uintx G1HeapWastePercent                       = 5                                         {product} {command line}
    uintx G1MaxNewSizePercent                      = 40                                   {experimental} {command line}
    uintx G1MixedGCCountTarget                     = 4                                         {product} {command line}
    uintx G1MixedGCLiveThresholdPercent            = 90                                   {experimental} {command line}
    uintx G1NewSizePercent                         = 30                                   {experimental} {command line}
     intx G1RSetUpdatingPauseTimePercent           = 5                                         {product} {command line}
    uintx G1ReservePercent                         = 20                                        {product} {command line}
    uintx GCDrainStackTargetSize                   = 64                                        {product} {ergonomic}
   size_t InitialHeapSize                          = 5368709120                                {product} {command line}
    uintx InitialTenuringThreshold                 = 1                                         {product} {ergonomic}
    uintx InitiatingHeapOccupancyPercent           = 15                                        {product} {command line}
   size_t MarkStackSize                            = 4194304                                   {product} {ergonomic}
    uintx MaxGCPauseMillis                         = 200                                       {product} {command line}
   size_t MaxHeapSize                              = 5368709120                                {product} {command line}
    uintx MaxTenuringThreshold                     = 1                                         {product} {command line}
   size_t MinHeapDeltaBytes                        = 8388608                                   {product} {ergonomic}
   size_t MinHeapSize                              = 5368709120                                {product} {command line}
     bool NeverTenure                              = false                                     {product} {command line}
    uintx NonNMethodCodeHeapSize                   = 5839372                                {pd product} {ergonomic}
    uintx NonProfiledCodeHeapSize                  = 122909434                              {pd product} {ergonomic}
     bool ParallelRefProcEnabled                   = true                                      {product} {command line}
     bool PerfDisableSharedMem                     = true                                      {product} {command line}
    uintx ProfiledCodeHeapSize                     = 122909434                              {pd product} {ergonomic}
    uintx ReservedCodeCacheSize                    = 251658240                              {pd product} {ergonomic}
     bool SegmentedCodeCache                       = true                                      {product} {ergonomic}
   size_t SoftMaxHeapSize                          = 5368709120                             {manageable} {ergonomic}
    uintx SurvivorRatio                            = 32                                        {product} {command line}
     bool UnlockExperimentalVMOptions              = true                                 {experimental} {command line}
     bool UseCompressedClassPointers               = true                           {product lp64_product} {ergonomic}
     bool UseCompressedOops                        = true                           {product lp64_product} {ergonomic}
     bool UseG1GC                                  = true                                      {product} {command line}

Logging:
Log output configuration:
 #0: stdout all=warning uptime,level,tags
 #1: stderr all=off uptime,level,tags

Environment Variables:
PATH=/usr/local/sbin:/usr/local/bin:/usr/sbin:/usr/bin
SHELL=/bin/bash
LANG=en_US.UTF-8

Signal Handlers:
   SIGSEGV: crash_handler in libjvm.so, mask=11100100010111111101111111111110, flags=SA_RESTART|SA_SIGINFO
    SIGBUS: crash_handler in libjvm.so, mask=11100100010111111101111111111110, flags=SA_RESTART|SA_SIGINFO
    SIGFPE: crash_handler in libjvm.so, mask=11100100010111111101111111111110, flags=SA_RESTART|SA_SIGINFO
   SIGPIPE: javaSignalHandler in libjvm.so, mask=11100100010111111101111111111110, flags=SA_RESTART|SA_SIGINFO
   SIGXFSZ: javaSignalHandler in libjvm.so, mask=11100100010111111101111111111110, flags=SA_RESTART|SA_SIGINFO
    SIGILL: crash_handler in libjvm.so, mask=11100100010111111101111111111110, flags=SA_RESTART|SA_SIGINFO
   SIGUSR2: SR_handler in libjvm.so, mask=00000000000000000000000000000000, flags=SA_RESTART|SA_SIGINFO
    SIGHUP: SIG_DFL, mask=00000000000000000000000000000000, flags=none
    SIGINT: SIG_DFL, mask=00000000000000000000000000000000, flags=none
   SIGTERM: SIG_DFL, mask=00000000000000000000000000000000, flags=none
   SIGQUIT: SIG_DFL, mask=00000000000000000000000000000000, flags=none
   SIGTRAP: crash_handler in libjvm.so, mask=11100100010111111101111111111110, flags=SA_RESTART|SA_SIGINFO


---------------  S Y S T E M  ---------------

OS:
Rocky Linux release 8.5 (Green Obsidian)
uname: Linux 4.18.0-348.7.1.el8_5.x86_64 #1 SMP Tue Dec 21 19:02:23 UTC 2021 x86_64
OS uptime: 0 days 13:45 hours
libc: glibc 2.28 NPTL 2.28 
rlimit (soft/hard): STACK 8192k/infinity , CORE 0k/infinity , NPROC 30028/30028 , NOFILE 262144/262144 , AS infinity/infinity , CPU infinity/infinity , DATA infinity/infinity , FSIZE infinity/infinity , MEMLOCK 64k/64k
load average: 0.08 0.54 0.58

/proc/meminfo:
MemTotal:        7759076 kB
MemFree:          126824 kB
MemAvailable:    1040052 kB
Buffers:            2000 kB
Cached:          1142400 kB
SwapCached:            0 kB
Active:           481972 kB
Inactive:        6969064 kB
Active(anon):       4092 kB
Inactive(anon):  6337324 kB
Active(file):     477880 kB
Inactive(file):   631740 kB
Unevictable:           0 kB
Mlocked:               0 kB
SwapTotal:             0 kB
SwapFree:              0 kB
Dirty:                56 kB
Writeback:             0 kB
AnonPages:       6305696 kB
Mapped:           123164 kB
Shmem:             34816 kB
KReclaimable:      47216 kB
Slab:              92192 kB
SReclaimable:      47216 kB
SUnreclaim:        44976 kB
KernelStack:        5712 kB
PageTables:        24984 kB
NFS_Unstable:          0 kB
Bounce:                0 kB
WritebackTmp:          0 kB
CommitLimit:     3879536 kB
Committed_AS:    7130800 kB
VmallocTotal:   34359738367 kB
VmallocUsed:           0 kB
VmallocChunk:          0 kB
Percpu:             5120 kB
HardwareCorrupted:     0 kB
AnonHugePages:   5621760 kB
ShmemHugePages:        0 kB
ShmemPmdMapped:        0 kB
FileHugePages:         0 kB
FilePmdMapped:         0 kB
HugePages_Total:       0
HugePages_Free:        0
HugePages_Rsvd:        0
HugePages_Surp:        0
Hugepagesize:       2048 kB
Hugetlb:               0 kB
DirectMap4k:      145264 kB
DirectMap2M:     8046592 kB

/sys/kernel/mm/transparent_hugepage/enabled: <Not Available>
/sys/kernel/mm/transparent_hugepage/defrag (defrag/compaction efforts parameter): <Not Available>

Process Memory:
Virtual Size: 889556K (peak: 6128428K)
Resident Set Size: 25668K (peak: 25668K) (anon: 13544K, file: 12124K, shmem: 0K)
Swapped out: 0K
C-Heap outstanding allocations: 770K

/proc/sys/kernel/threads-max (system-wide limit on the number of threads): 60057
/proc/sys/vm/max_map_count (maximum number of memory map areas a process may have): 65530
/proc/sys/kernel/pid_max (system-wide limit on number of process identifiers): 4194304

KVM virtualization detected
Steal ticks since vm start: 0
Steal ticks percentage since vm start:  0.000

CPU: total 8 (initial active 8) (1 cores per cpu, 1 threads per core) family 6 model 60 stepping 1 microcode 0x1, cx8, cmov, fxsr, mmx, sse, sse2, sse3, ssse3, sse4.1, sse4.2, popcnt, lzcnt, tsc, avx, avx2, aes, erms, clmul, bmi1, bmi2, fma, vzeroupper, clflush, hv
CPU Model and flags from /proc/cpuinfo:
model name	: Intel Core Processor (Haswell, no TSX)
flags		: fpu vme de pse tsc msr pae mce cx8 apic sep mtrr pge mca cmov pat pse36 clflush mmx fxsr sse sse2 syscall nx rdtscp lm constant_tsc rep_good nopl xtopology cpuid tsc_known_freq pni pclmulqdq vmx ssse3 fma cx16 pcid sse4_1 sse4_2 x2apic movbe popcnt tsc_deadline_timer aes xsave avx f16c rdrand hypervisor lahf_lm abm cpuid_fault invpcid_single pti tpr_shadow vnmi flexpriority ept vpid ept_ad fsgsbase bmi1 avx2 smep bmi2 erms invpcid xsaveopt arat md_clear

Online cpus: <Not Available>
Offline cpus: <Not Available>
BIOS frequency limitation: <Not Available>
Frequency switch latency (ns): <Not Available>
Available cpu frequencies: <Not Available>
Current governor: <Not Available>
Core performance/turbo boost: <Not Available>

Memory: 4k page, physical 7759076k(126824k free), swap 0k(0k free)
Page Sizes: 4k

vm_info: OpenJDK 64-Bit Server VM (17.0.1+12) for linux-amd64 JRE (17.0.1+12), built on Dec  1 2021 15:09:35 by "" with gcc 7.5.0

END.
