#
# There is insufficient memory for the Java Runtime Environment to continue.
# Native memory allocation (mmap) failed to map 4294967296 bytes for committing reserved memory.
# Possible reasons:
#   The system is out of physical RAM or swap space
#   The process is running with CompressedOops enabled, and the Java Heap may be blocking the growth of the native heap
# Possible solutions:
#   Reduce memory load on the system
#   Increase physical memory or swap space
#   Check if swap backing store is full
#   Decrease Java heap size (-Xmx/-Xms)
#   Decrease number of Java threads
#   Decrease Java thread stack sizes (-Xss)
#   Set larger code cache with -XX:ReservedCodeCacheSize=
#   JVM is running with Zero Based Compressed Oops mode in which the Java heap is
#     placed in the first 32GB address space. The Java Heap base address is the
#     maximum limit for the native heap growth. Please use -XX:HeapBaseMinAddress
#     to set the Java Heap base and to place the Java Heap above 32GB virtual address.
# This output file may be truncated or incomplete.
#
#  Out of Memory Error (os_linux.cpp:2728), pid=36196, tid=36197
#
# JRE version:  (17.0.1+12) (build )
# Java VM: OpenJDK 64-Bit Server VM (17.0.1+12, mixed mode, sharing, tiered, compressed oops, compressed class ptrs, g1 gc, linux-amd64)
# Core dump will be written. Default location: Core dumps may be processed with "/usr/lib/systemd/systemd-coredump %P %u %g %s %t %c %h %e" (or dumping to /var/minecraft/server/core.36196)
#

---------------  S U M M A R Y ------------

Command Line: -Xms4G -Xmx4G -XX:+UseG1GC -XX:+ParallelRefProcEnabled -XX:MaxGCPauseMillis=200 -XX:+UnlockExperimentalVMOptions -XX:+DisableExplicitGC -XX:+AlwaysPreTouch -XX:G1NewSizePercent=30 -XX:G1MaxNewSizePercent=40 -XX:G1HeapRegionSize=8M -XX:G1ReservePercent=20 -XX:G1HeapWastePercent=5 -XX:G1MixedGCCountTarget=4 -XX:InitiatingHeapOccupancyPercent=15 -XX:G1MixedGCLiveThresholdPercent=90 -XX:G1RSetUpdatingPauseTimePercent=5 -XX:SurvivorRatio=32 -XX:+PerfDisableSharedMem -XX:MaxTenuringThreshold=1 paper.jar nogui

Host: Intel Xeon Processor (Skylake, IBRS), 2 cores, 7G, Rocky Linux release 8.5 (Green Obsidian)
Time: Sat Jan  8 02:23:16 2022 UTC elapsed time: 0.017808 seconds (0d 0h 0m 0s)

---------------  T H R E A D  ---------------

Current thread (0x00007f5680023010):  JavaThread "Unknown thread" [_thread_in_vm, id=36197, stack(0x00007f5687e9a000,0x00007f5687f9b000)]

Stack: [0x00007f5687e9a000,0x00007f5687f9b000],  sp=0x00007f5687f993f0,  free space=1020k
Native frames: (J=compiled Java code, j=interpreted, Vv=VM code, C=native code)
V  [libjvm.so+0xf7d371]  VMError::report_and_die(int, char const*, char const*, __va_list_tag*, Thread*, unsigned char*, void*, void*, char const*, int, unsigned long)+0x1a1
V  [libjvm.so+0xf7dffb]  VMError::report_and_die(Thread*, char const*, int, unsigned long, VMErrorType, char const*, __va_list_tag*)+0x2b
V  [libjvm.so+0x61bc2d]  report_vm_out_of_memory(char const*, int, unsigned long, VMErrorType, char const*, ...)+0xcd
V  [libjvm.so+0xc39f28]  os::pd_commit_memory_or_exit(char*, unsigned long, unsigned long, bool, char const*)+0x108
V  [libjvm.so+0xc3330d]  os::commit_memory_or_exit(char*, unsigned long, unsigned long, bool, char const*)+0x1d
V  [libjvm.so+0x75be04]  G1PageBasedVirtualSpace::commit(unsigned long, unsigned long)+0x154
V  [libjvm.so+0x771b51]  G1RegionsLargerThanCommitSizeMapper::commit_regions(unsigned int, unsigned long, WorkGang*)+0x181
V  [libjvm.so+0x7ff728]  HeapRegionManager::commit_regions(unsigned int, unsigned long, WorkGang*)+0x88
V  [libjvm.so+0x8012e9]  HeapRegionManager::expand(unsigned int, unsigned int, WorkGang*)+0x29
V  [libjvm.so+0x80152c]  HeapRegionManager::expand_by(unsigned int, WorkGang*)+0x7c
V  [libjvm.so+0x70c749]  G1CollectedHeap::expand(unsigned long, WorkGang*, double*)+0xe9
V  [libjvm.so+0x70ce61]  G1CollectedHeap::initialize()+0x691
V  [libjvm.so+0xf2ba51]  universe_init()+0xd1
V  [libjvm.so+0x822076]  init_globals()+0x36
V  [libjvm.so+0xf0346d]  Threads::create_vm(JavaVMInitArgs*, bool*)+0x2fd
V  [libjvm.so+0x8df6b2]  JNI_CreateJavaVM+0x52
C  [libjli.so+0x4b91]  JavaMain+0x91
C  [libjli.so+0x8889]  ThreadJavaMain+0x9


---------------  P R O C E S S  ---------------

Threads class SMR info:
_java_thread_list=0x00007f568715d2e0, length=0, elements={
}

Java Threads: ( => current thread )

Other Threads:
  0x00007f5680066d30 GCTaskThread "GC Thread#0" [stack: 0x00007f568449c000,0x00007f568459c000] [id=36198]
  0x00007f568006c300 ConcurrentGCThread "G1 Main Marker" [stack: 0x00007f568439a000,0x00007f568449a000] [id=36199]
  0x00007f568006d260 ConcurrentGCThread "G1 Conc#0" [stack: 0x00007f5684298000,0x00007f5684398000] [id=36200]

[error occurred during error reporting (printing all threads), id 0xb, SIGSEGV (0xb) at pc=0x00007f5686267a10]

VM state: not at safepoint (not fully initialized)

VM Mutex/Monitor currently owned by a thread:  ([mutex/lock_event])
[0x00007f5680020b50] Heap_lock - owner thread: 0x00007f5680023010

Heap address: 0x0000000700000000, size: 4096 MB, Compressed Oops mode: Zero based, Oop shift amount: 3

CDS archive(s) mapped at: [0x0000000000000000-0x0000000000000000-0x0000000000000000), size 0, SharedBaseAddress: 0x0000000800000000, ArchiveRelocationMode: 0.
Narrow klass base: 0x0000000000000000, Narrow klass shift: 0, Narrow klass range: 0x0

GC Precious Log:
<Empty>

Heap:
 garbage-first heap   total 0K, used 0K [0x0000000700000000, 0x0000000800000000)
  region size 8192K, 0 young (0K), 0 survivors (0K)

[error occurred during error reporting (printing heap information), id 0xb, SIGSEGV (0xb) at pc=0x00007f568682ba3a]

GC Heap History (0 events):
No events

Deoptimization events (0 events):
No events

Classes unloaded (0 events):
No events

Classes redefined (0 events):
No events

Internal exceptions (0 events):
No events

VM Operations (0 events):
No events

Events (2 events):
Event: 0.002 Protecting memory [0x00007f5687e9a000,0x00007f5687e9e000] with protection modes 0
Event: 0.004 Loaded shared library /usr/java/jdk-17.0.1+12-jre/lib/libjava.so


Dynamic libraries:
558b0c1fd000-558b0c1fe000 r-xp 00000000 08:01 522640                     /usr/java/jdk-17.0.1+12-jre/bin/java
558b0c3fe000-558b0c3ff000 r--p 00001000 08:01 522640                     /usr/java/jdk-17.0.1+12-jre/bin/java
558b0c3ff000-558b0c400000 rw-p 00002000 08:01 522640                     /usr/java/jdk-17.0.1+12-jre/bin/java
558b0de66000-558b0de87000 rw-p 00000000 00:00 0                          [heap]
7f5654000000-7f5654021000 rw-p 00000000 00:00 0 
7f5654021000-7f5658000000 ---p 00000000 00:00 0 
7f5658000000-7f5658021000 rw-p 00000000 00:00 0 
7f5658021000-7f565c000000 ---p 00000000 00:00 0 
7f565c000000-7f565c021000 rw-p 00000000 00:00 0 
7f565c021000-7f5660000000 ---p 00000000 00:00 0 
7f5660bfb000-7f5662fe5000 rw-p 00000000 00:00 0 
7f5662fe5000-7f566bfe5000 ---p 00000000 00:00 0 
7f566bfe5000-7f566c255000 rwxp 00000000 00:00 0 
7f566c255000-7f566c574000 ---p 00000000 00:00 0 
7f566c574000-7f566c7e4000 rwxp 00000000 00:00 0 
7f566c7e4000-7f5673aac000 ---p 00000000 00:00 0 
7f5673aac000-7f5673d1c000 rwxp 00000000 00:00 0 
7f5673d1c000-7f567afe5000 ---p 00000000 00:00 0 
7f567afe5000-7f5680000000 r--s 00000000 08:01 522620                     /usr/java/jdk-17.0.1+12-jre/lib/modules
7f5680000000-7f5680082000 rw-p 00000000 00:00 0 
7f5680082000-7f5684000000 ---p 00000000 00:00 0 
7f5684094000-7f5684296000 rw-p 00000000 00:00 0 
7f5684296000-7f5684297000 ---p 00000000 00:00 0 
7f5684297000-7f5684398000 rw-p 00000000 00:00 0 
7f5684398000-7f5684399000 ---p 00000000 00:00 0 
7f5684399000-7f568449a000 rw-p 00000000 00:00 0 
7f568449a000-7f568449b000 ---p 00000000 00:00 0 
7f568449b000-7f568459c000 rw-p 00000000 00:00 0 
7f568459c000-7f5684d9c000 ---p 00000000 00:00 0 
7f5684d9c000-7f5684fa3000 rw-p 00000000 00:00 0 
7f5684fa3000-7f5685089000 ---p 00000000 00:00 0 
7f5685089000-7f568508e000 rw-p 00000000 00:00 0 
7f568508e000-7f5685174000 ---p 00000000 00:00 0 
7f5685174000-7f5685198000 r-xp 00000000 08:01 522630                     /usr/java/jdk-17.0.1+12-jre/lib/libjava.so
7f5685198000-7f5685398000 ---p 00024000 08:01 522630                     /usr/java/jdk-17.0.1+12-jre/lib/libjava.so
7f5685398000-7f5685399000 r--p 00024000 08:01 522630                     /usr/java/jdk-17.0.1+12-jre/lib/libjava.so
7f5685399000-7f568539a000 rw-p 00025000 08:01 522630                     /usr/java/jdk-17.0.1+12-jre/lib/libjava.so
7f568539a000-7f568539b000 rw-p 00000000 00:00 0 
7f568539b000-7f56853b6000 r-xp 00000000 08:01 522580                     /usr/java/jdk-17.0.1+12-jre/lib/libjimage.so
7f56853b6000-7f56855b5000 ---p 0001b000 08:01 522580                     /usr/java/jdk-17.0.1+12-jre/lib/libjimage.so
7f56855b5000-7f56855b7000 r--p 0001a000 08:01 522580                     /usr/java/jdk-17.0.1+12-jre/lib/libjimage.so
7f56855b7000-7f56855b8000 rw-p 0001c000 08:01 522580                     /usr/java/jdk-17.0.1+12-jre/lib/libjimage.so
7f56855b8000-7f5685739000 r-xp 00000000 08:01 3649                       /usr/lib64/libm-2.28.so
7f5685739000-7f5685938000 ---p 00181000 08:01 3649                       /usr/lib64/libm-2.28.so
7f5685938000-7f5685939000 r--p 00180000 08:01 3649                       /usr/lib64/libm-2.28.so
7f5685939000-7f568593a000 rw-p 00181000 08:01 3649                       /usr/lib64/libm-2.28.so
7f568593a000-7f5685941000 r-xp 00000000 08:01 3663                       /usr/lib64/librt-2.28.so
7f5685941000-7f5685b40000 ---p 00007000 08:01 3663                       /usr/lib64/librt-2.28.so
7f5685b40000-7f5685b41000 r--p 00006000 08:01 3663                       /usr/lib64/librt-2.28.so
7f5685b41000-7f5685b42000 rw-p 00007000 08:01 3663                       /usr/lib64/librt-2.28.so
7f5685b42000-7f5686e21000 r-xp 00000000 08:01 522607                     /usr/java/jdk-17.0.1+12-jre/lib/server/libjvm.so
7f5686e21000-7f5687020000 ---p 012df000 08:01 522607                     /usr/java/jdk-17.0.1+12-jre/lib/server/libjvm.so
7f5687020000-7f56870d9000 r--p 012de000 08:01 522607                     /usr/java/jdk-17.0.1+12-jre/lib/server/libjvm.so
7f56870d9000-7f568710d000 rw-p 01397000 08:01 522607                     /usr/java/jdk-17.0.1+12-jre/lib/server/libjvm.so
7f568710d000-7f5687167000 rw-p 00000000 00:00 0 
7f5687167000-7f5687323000 r-xp 00000000 08:01 3645                       /usr/lib64/libc-2.28.so
7f5687323000-7f5687522000 ---p 001bc000 08:01 3645                       /usr/lib64/libc-2.28.so
7f5687522000-7f5687526000 r--p 001bb000 08:01 3645                       /usr/lib64/libc-2.28.so
7f5687526000-7f5687528000 rw-p 001bf000 08:01 3645                       /usr/lib64/libc-2.28.so
7f5687528000-7f568752c000 rw-p 00000000 00:00 0 
7f568752c000-7f568752f000 r-xp 00000000 08:01 3647                       /usr/lib64/libdl-2.28.so
7f568752f000-7f568772e000 ---p 00003000 08:01 3647                       /usr/lib64/libdl-2.28.so
7f568772e000-7f568772f000 r--p 00002000 08:01 3647                       /usr/lib64/libdl-2.28.so
7f568772f000-7f5687730000 rw-p 00003000 08:01 3647                       /usr/lib64/libdl-2.28.so
7f5687730000-7f568774b000 r-xp 00000000 08:01 3659                       /usr/lib64/libpthread-2.28.so
7f568774b000-7f568794a000 ---p 0001b000 08:01 3659                       /usr/lib64/libpthread-2.28.so
7f568794a000-7f568794b000 r--p 0001a000 08:01 3659                       /usr/lib64/libpthread-2.28.so
7f568794b000-7f568794c000 rw-p 0001b000 08:01 3659                       /usr/lib64/libpthread-2.28.so
7f568794c000-7f5687950000 rw-p 00000000 00:00 0 
7f5687950000-7f568795f000 r-xp 00000000 08:01 522604                     /usr/java/jdk-17.0.1+12-jre/lib/libjli.so
7f568795f000-7f5687b5f000 ---p 0000f000 08:01 522604                     /usr/java/jdk-17.0.1+12-jre/lib/libjli.so
7f5687b5f000-7f5687b60000 r--p 0000f000 08:01 522604                     /usr/java/jdk-17.0.1+12-jre/lib/libjli.so
7f5687b60000-7f5687b61000 rw-p 00010000 08:01 522604                     /usr/java/jdk-17.0.1+12-jre/lib/libjli.so
7f5687b61000-7f5687b77000 r-xp 00000000 08:01 4505                       /usr/lib64/libz.so.1.2.11
7f5687b77000-7f5687d76000 ---p 00016000 08:01 4505                       /usr/lib64/libz.so.1.2.11
7f5687d76000-7f5687d77000 r--p 00015000 08:01 4505                       /usr/lib64/libz.so.1.2.11
7f5687d77000-7f5687d78000 rw-p 00000000 00:00 0 
7f5687d78000-7f5687da4000 r-xp 00000000 08:01 3638                       /usr/lib64/ld-2.28.so
7f5687e74000-7f5687e8b000 rw-p 00000000 00:00 0 
7f5687e8b000-7f5687e92000 ---p 00000000 00:00 0 
7f5687e92000-7f5687e9a000 rw-p 00000000 00:00 0 
7f5687e9a000-7f5687e9e000 ---p 00000000 00:00 0 
7f5687e9e000-7f5687f9d000 rw-p 00000000 00:00 0 
7f5687f9f000-7f5687fa0000 ---p 00000000 00:00 0 
7f5687fa0000-7f5687fa1000 r--p 00000000 00:00 0 
7f5687fa1000-7f5687fa2000 ---p 00000000 00:00 0 
7f5687fa2000-7f5687fa4000 rw-p 00000000 00:00 0 
7f5687fa4000-7f5687fa5000 r--p 0002c000 08:01 3638                       /usr/lib64/ld-2.28.so
7f5687fa5000-7f5687fa7000 rw-p 0002d000 08:01 3638                       /usr/lib64/ld-2.28.so
7ffd0088f000-7ffd008b0000 rw-p 00000000 00:00 0                          [stack]
7ffd008e7000-7ffd008eb000 r--p 00000000 00:00 0                          [vvar]
7ffd008eb000-7ffd008ed000 r-xp 00000000 00:00 0                          [vdso]
ffffffffff600000-ffffffffff601000 r-xp 00000000 00:00 0                  [vsyscall]


VM Arguments:
jvm_args: -Xms4G -Xmx4G -XX:+UseG1GC -XX:+ParallelRefProcEnabled -XX:MaxGCPauseMillis=200 -XX:+UnlockExperimentalVMOptions -XX:+DisableExplicitGC -XX:+AlwaysPreTouch -XX:G1NewSizePercent=30 -XX:G1MaxNewSizePercent=40 -XX:G1HeapRegionSize=8M -XX:G1ReservePercent=20 -XX:G1HeapWastePercent=5 -XX:G1MixedGCCountTarget=4 -XX:InitiatingHeapOccupancyPercent=15 -XX:G1MixedGCLiveThresholdPercent=90 -XX:G1RSetUpdatingPauseTimePercent=5 -XX:SurvivorRatio=32 -XX:+PerfDisableSharedMem -XX:MaxTenuringThreshold=1 
java_command: paper.jar nogui
java_class_path (initial): paper.jar
Launcher Type: SUN_STANDARD

[Global flags]
     bool AlwaysPreTouch                           = true                                      {product} {command line}
     bool AlwaysTenure                             = false                                     {product} {command line}
     intx CICompilerCount                          = 2                                         {product} {ergonomic}
     uint ConcGCThreads                            = 1                                         {product} {ergonomic}
     bool DisableExplicitGC                        = true                                      {product} {command line}
     uint G1ConcRefinementThreads                  = 2                                         {product} {ergonomic}
     uint G1EagerReclaimRemSetThreshold            = 64                                   {experimental} {ergonomic}
   size_t G1HeapRegionSize                         = 8388608                                   {product} {command line}
    uintx G1HeapWastePercent                       = 5                                         {product} {command line}
    uintx G1MaxNewSizePercent                      = 40                                   {experimental} {command line}
    uintx G1MixedGCCountTarget                     = 4                                         {product} {command line}
    uintx G1MixedGCLiveThresholdPercent            = 90                                   {experimental} {command line}
    uintx G1NewSizePercent                         = 30                                   {experimental} {command line}
     intx G1RSetUpdatingPauseTimePercent           = 5                                         {product} {command line}
    uintx G1ReservePercent                         = 20                                        {product} {command line}
    uintx GCDrainStackTargetSize                   = 64                                        {product} {ergonomic}
   size_t InitialHeapSize                          = 4294967296                                {product} {command line}
    uintx InitialTenuringThreshold                 = 1                                         {product} {ergonomic}
    uintx InitiatingHeapOccupancyPercent           = 15                                        {product} {command line}
   size_t MarkStackSize                            = 4194304                                   {product} {ergonomic}
    uintx MaxGCPauseMillis                         = 200                                       {product} {command line}
   size_t MaxHeapSize                              = 4294967296                                {product} {command line}
    uintx MaxTenuringThreshold                     = 1                                         {product} {command line}
   size_t MinHeapDeltaBytes                        = 8388608                                   {product} {ergonomic}
   size_t MinHeapSize                              = 4294967296                                {product} {command line}
     bool NeverTenure                              = false                                     {product} {command line}
    uintx NonNMethodCodeHeapSize                   = 5826188                                {pd product} {ergonomic}
    uintx NonProfiledCodeHeapSize                  = 122916026                              {pd product} {ergonomic}
     bool ParallelRefProcEnabled                   = true                                      {product} {command line}
     bool PerfDisableSharedMem                     = true                                      {product} {command line}
    uintx ProfiledCodeHeapSize                     = 122916026                              {pd product} {ergonomic}
    uintx ReservedCodeCacheSize                    = 251658240                              {pd product} {ergonomic}
     bool SegmentedCodeCache                       = true                                      {product} {ergonomic}
   size_t SoftMaxHeapSize                          = 4294967296                             {manageable} {ergonomic}
    uintx SurvivorRatio                            = 32                                        {product} {command line}
     bool UnlockExperimentalVMOptions              = true                                 {experimental} {command line}
     bool UseCompressedClassPointers               = true                           {product lp64_product} {ergonomic}
     bool UseCompressedOops                        = true                           {product lp64_product} {ergonomic}
     bool UseG1GC                                  = true                                      {product} {command line}

Logging:
Log output configuration:
 #0: stdout all=warning uptime,level,tags
 #1: stderr all=off uptime,level,tags

Environment Variables:
PATH=/usr/local/sbin:/usr/local/bin:/usr/sbin:/usr/bin
SHELL=/bin/bash
LANG=en_US.UTF-8

Signal Handlers:
   SIGSEGV: crash_handler in libjvm.so, mask=11100100010111111101111111111110, flags=SA_RESTART|SA_SIGINFO
    SIGBUS: crash_handler in libjvm.so, mask=11100100010111111101111111111110, flags=SA_RESTART|SA_SIGINFO
    SIGFPE: crash_handler in libjvm.so, mask=11100100010111111101111111111110, flags=SA_RESTART|SA_SIGINFO
   SIGPIPE: javaSignalHandler in libjvm.so, mask=11100100010111111101111111111110, flags=SA_RESTART|SA_SIGINFO
   SIGXFSZ: javaSignalHandler in libjvm.so, mask=11100100010111111101111111111110, flags=SA_RESTART|SA_SIGINFO
    SIGILL: crash_handler in libjvm.so, mask=11100100010111111101111111111110, flags=SA_RESTART|SA_SIGINFO
   SIGUSR2: SR_handler in libjvm.so, mask=00000000000000000000000000000000, flags=SA_RESTART|SA_SIGINFO
    SIGHUP: SIG_DFL, mask=00000000000000000000000000000000, flags=none
    SIGINT: SIG_DFL, mask=00000000000000000000000000000000, flags=none
   SIGTERM: SIG_DFL, mask=00000000000000000000000000000000, flags=none
   SIGQUIT: SIG_DFL, mask=00000000000000000000000000000000, flags=none
   SIGTRAP: crash_handler in libjvm.so, mask=11100100010111111101111111111110, flags=SA_RESTART|SA_SIGINFO


---------------  S Y S T E M  ---------------

OS:
Rocky Linux release 8.5 (Green Obsidian)
uname: Linux 4.18.0-348.7.1.el8_5.x86_64 #1 SMP Tue Dec 21 19:02:23 UTC 2021 x86_64
OS uptime: 2 days 0:52 hours
libc: glibc 2.28 NPTL 2.28 
rlimit (soft/hard): STACK 8192k/infinity , CORE 0k/infinity , NPROC 30177/30177 , NOFILE 262144/262144 , AS infinity/infinity , CPU infinity/infinity , DATA infinity/infinity , FSIZE infinity/infinity , MEMLOCK 64k/64k
load average: 1.72 2.35 1.42

/proc/meminfo:
MemTotal:        7760388 kB
MemFree:          121368 kB
MemAvailable:    2255360 kB
Buffers:           94620 kB
Cached:          2317720 kB
SwapCached:            0 kB
Active:          1113832 kB
Inactive:        6297320 kB
Active(anon):      54852 kB
Inactive(anon):  5053876 kB
Active(file):    1058980 kB
Inactive(file):  1243444 kB
Unevictable:        3072 kB
Mlocked:               0 kB
SwapTotal:             0 kB
SwapFree:              0 kB
Dirty:              7380 kB
Writeback:             0 kB
AnonPages:       5000284 kB
Mapped:           117304 kB
Shmem:            109796 kB
KReclaimable:     111332 kB
Slab:             158372 kB
SReclaimable:     111332 kB
SUnreclaim:        47040 kB
KernelStack:        4528 kB
PageTables:        19760 kB
NFS_Unstable:          0 kB
Bounce:                0 kB
WritebackTmp:          0 kB
CommitLimit:     3880192 kB
Committed_AS:    6124536 kB
VmallocTotal:   34359738367 kB
VmallocUsed:           0 kB
VmallocChunk:          0 kB
Percpu:             1176 kB
HardwareCorrupted:     0 kB
AnonHugePages:   4472832 kB
ShmemHugePages:        0 kB
ShmemPmdMapped:        0 kB
FileHugePages:         0 kB
FilePmdMapped:         0 kB
HugePages_Total:       0
HugePages_Free:        0
HugePages_Rsvd:        0
HugePages_Surp:        0
Hugepagesize:       2048 kB
Hugetlb:               0 kB
DirectMap4k:      151408 kB
DirectMap2M:     3846144 kB
DirectMap1G:     4194304 kB

/sys/kernel/mm/transparent_hugepage/enabled: <Not Available>
/sys/kernel/mm/transparent_hugepage/defrag (defrag/compaction efforts parameter): <Not Available>

Process Memory:
Virtual Size: 838212K (peak: 5028508K)
Resident Set Size: 26036K (peak: 26036K) (anon: 13404K, file: 12632K, shmem: 0K)
Swapped out: 0K
C-Heap outstanding allocations: 620K

/proc/sys/kernel/threads-max (system-wide limit on the number of threads): 60354
/proc/sys/vm/max_map_count (maximum number of memory map areas a process may have): 65530
/proc/sys/kernel/pid_max (system-wide limit on number of process identifiers): 4194304

KVM virtualization detected
Steal ticks since vm start: 0
Steal ticks percentage since vm start:  0.000

CPU: total 2 (initial active 2) (2 cores per cpu, 1 threads per core) family 6 model 85 stepping 4 microcode 0x1, cx8, cmov, fxsr, mmx, 3dnowpref, sse, sse2, sse3, ssse3, sse4.1, sse4.2, popcnt, lzcnt, tsc, avx, avx2, aes, erms, clmul, bmi1, bmi2, rtm, adx, fma, vzeroupper, clflush, clwb, hv
CPU Model and flags from /proc/cpuinfo:
model name	: Intel Xeon Processor (Skylake, IBRS)
flags		: fpu vme de pse tsc msr pae mce cx8 apic sep mtrr pge mca cmov pat pse36 clflush mmx fxsr sse sse2 ht syscall nx pdpe1gb rdtscp lm constant_tsc rep_good nopl xtopology cpuid tsc_known_freq pni pclmulqdq ssse3 fma cx16 pcid sse4_1 sse4_2 x2apic movbe popcnt tsc_deadline_timer aes xsave avx f16c rdrand hypervisor lahf_lm abm 3dnowprefetch cpuid_fault invpcid_single pti ssbd ibrs ibpb fsgsbase bmi1 hle avx2 smep bmi2 erms invpcid rtm avx512f avx512dq rdseed adx smap clwb avx512cd avx512bw avx512vl xsaveopt xsavec xgetbv1 arat pku ospke md_clear

Online cpus: <Not Available>
Offline cpus: <Not Available>
BIOS frequency limitation: <Not Available>
Frequency switch latency (ns): <Not Available>
Available cpu frequencies: <Not Available>
Current governor: <Not Available>
Core performance/turbo boost: <Not Available>

Memory: 4k page, physical 7760388k(121368k free), swap 0k(0k free)
Page Sizes: 4k

vm_info: OpenJDK 64-Bit Server VM (17.0.1+12) for linux-amd64 JRE (17.0.1+12), built on Dec  1 2021 15:09:35 by "" with gcc 7.5.0

END.
