#
# There is insufficient memory for the Java Runtime Environment to continue.
# Native memory allocation (mmap) failed to map 4294967296 bytes for committing reserved memory.
# Possible reasons:
#   The system is out of physical RAM or swap space
#   The process is running with CompressedOops enabled, and the Java Heap may be blocking the growth of the native heap
# Possible solutions:
#   Reduce memory load on the system
#   Increase physical memory or swap space
#   Check if swap backing store is full
#   Decrease Java heap size (-Xmx/-Xms)
#   Decrease number of Java threads
#   Decrease Java thread stack sizes (-Xss)
#   Set larger code cache with -XX:ReservedCodeCacheSize=
#   JVM is running with Zero Based Compressed Oops mode in which the Java heap is
#     placed in the first 32GB address space. The Java Heap base address is the
#     maximum limit for the native heap growth. Please use -XX:HeapBaseMinAddress
#     to set the Java Heap base and to place the Java Heap above 32GB virtual address.
# This output file may be truncated or incomplete.
#
#  Out of Memory Error (os_linux.cpp:2728), pid=99620, tid=99622
#
# JRE version:  (17.0.1+12) (build )
# Java VM: OpenJDK 64-Bit Server VM (17.0.1+12, mixed mode, sharing, tiered, compressed oops, compressed class ptrs, g1 gc, linux-amd64)
# Core dump will be written. Default location: Core dumps may be processed with "/usr/lib/systemd/systemd-coredump %P %u %g %s %t %c %h %e" (or dumping to /var/minecraft/server/core.99620)
#

---------------  S U M M A R Y ------------

Command Line: -Xms4G -Xmx4G -XX:+UseG1GC -XX:+ParallelRefProcEnabled -XX:MaxGCPauseMillis=200 -XX:+UnlockExperimentalVMOptions -XX:+DisableExplicitGC -XX:+AlwaysPreTouch -XX:G1NewSizePercent=30 -XX:G1MaxNewSizePercent=40 -XX:G1HeapRegionSize=8M -XX:G1ReservePercent=20 -XX:G1HeapWastePercent=5 -XX:G1MixedGCCountTarget=4 -XX:InitiatingHeapOccupancyPercent=15 -XX:G1MixedGCLiveThresholdPercent=90 -XX:G1RSetUpdatingPauseTimePercent=5 -XX:SurvivorRatio=32 -XX:+PerfDisableSharedMem -XX:MaxTenuringThreshold=1 paper.jar nogui

Host: AMD EPYC Processor, 4 cores, 7G, Rocky Linux release 8.5 (Green Obsidian)
Time: Fri Jan 14 01:39:52 2022 UTC elapsed time: 0.012354 seconds (0d 0h 0m 0s)

---------------  T H R E A D  ---------------

Current thread (0x00007ff258023010):  JavaThread "Unknown thread" [_thread_in_vm, id=99622, stack(0x00007ff260738000,0x00007ff260839000)]

Stack: [0x00007ff260738000,0x00007ff260839000],  sp=0x00007ff2608373f0,  free space=1020k
Native frames: (J=compiled Java code, j=interpreted, Vv=VM code, C=native code)
V  [libjvm.so+0xf7d371]  VMError::report_and_die(int, char const*, char const*, __va_list_tag*, Thread*, unsigned char*, void*, void*, char const*, int, unsigned long)+0x1a1
V  [libjvm.so+0xf7dffb]  VMError::report_and_die(Thread*, char const*, int, unsigned long, VMErrorType, char const*, __va_list_tag*)+0x2b
V  [libjvm.so+0x61bc2d]  report_vm_out_of_memory(char const*, int, unsigned long, VMErrorType, char const*, ...)+0xcd
V  [libjvm.so+0xc39f28]  os::pd_commit_memory_or_exit(char*, unsigned long, unsigned long, bool, char const*)+0x108
V  [libjvm.so+0xc3330d]  os::commit_memory_or_exit(char*, unsigned long, unsigned long, bool, char const*)+0x1d
V  [libjvm.so+0x75be04]  G1PageBasedVirtualSpace::commit(unsigned long, unsigned long)+0x154
V  [libjvm.so+0x771b51]  G1RegionsLargerThanCommitSizeMapper::commit_regions(unsigned int, unsigned long, WorkGang*)+0x181
V  [libjvm.so+0x7ff728]  HeapRegionManager::commit_regions(unsigned int, unsigned long, WorkGang*)+0x88
V  [libjvm.so+0x8012e9]  HeapRegionManager::expand(unsigned int, unsigned int, WorkGang*)+0x29
V  [libjvm.so+0x80152c]  HeapRegionManager::expand_by(unsigned int, WorkGang*)+0x7c
V  [libjvm.so+0x70c749]  G1CollectedHeap::expand(unsigned long, WorkGang*, double*)+0xe9
V  [libjvm.so+0x70ce61]  G1CollectedHeap::initialize()+0x691
V  [libjvm.so+0xf2ba51]  universe_init()+0xd1
V  [libjvm.so+0x822076]  init_globals()+0x36
V  [libjvm.so+0xf0346d]  Threads::create_vm(JavaVMInitArgs*, bool*)+0x2fd
V  [libjvm.so+0x8df6b2]  JNI_CreateJavaVM+0x52
C  [libjli.so+0x4b91]  JavaMain+0x91
C  [libjli.so+0x8889]  ThreadJavaMain+0x9


---------------  P R O C E S S  ---------------

Threads class SMR info:
_java_thread_list=0x00007ff25f9fb2e0, length=0, elements={
}

Java Threads: ( => current thread )

Other Threads:
  0x00007ff258067360 GCTaskThread "GC Thread#0" [stack: 0x00007ff25c338000,0x00007ff25c438000] [id=99623]
  0x00007ff25806c940 ConcurrentGCThread "G1 Main Marker" [stack: 0x00007ff25c236000,0x00007ff25c336000] [id=99624]
  0x00007ff25806d8a0 ConcurrentGCThread "G1 Conc#0" [stack: 0x00007ff25c134000,0x00007ff25c234000] [id=99625]

[error occurred during error reporting (printing all threads), id 0xb, SIGSEGV (0xb) at pc=0x00007ff25eb05a10]

VM state: not at safepoint (not fully initialized)

VM Mutex/Monitor currently owned by a thread:  ([mutex/lock_event])
[0x00007ff258020b50] Heap_lock - owner thread: 0x00007ff258023010

Heap address: 0x0000000700000000, size: 4096 MB, Compressed Oops mode: Zero based, Oop shift amount: 3

CDS archive(s) mapped at: [0x0000000000000000-0x0000000000000000-0x0000000000000000), size 0, SharedBaseAddress: 0x0000000800000000, ArchiveRelocationMode: 0.
Narrow klass base: 0x0000000000000000, Narrow klass shift: 0, Narrow klass range: 0x0

GC Precious Log:
<Empty>

Heap:
 garbage-first heap   total 0K, used 0K [0x0000000700000000, 0x0000000800000000)
  region size 8192K, 0 young (0K), 0 survivors (0K)

[error occurred during error reporting (printing heap information), id 0xb, SIGSEGV (0xb) at pc=0x00007ff25f0c9a3a]

GC Heap History (0 events):
No events

Deoptimization events (0 events):
No events

Classes unloaded (0 events):
No events

Classes redefined (0 events):
No events

Internal exceptions (0 events):
No events

VM Operations (0 events):
No events

Events (2 events):
Event: 0.002 Protecting memory [0x00007ff260738000,0x00007ff26073c000] with protection modes 0
Event: 0.003 Loaded shared library /usr/java/jdk-17.0.1+12-jre/lib/libjava.so


Dynamic libraries:
563c3bf0c000-563c3bf0d000 r-xp 00000000 08:01 522640                     /usr/java/jdk-17.0.1+12-jre/bin/java
563c3c10d000-563c3c10e000 r--p 00001000 08:01 522640                     /usr/java/jdk-17.0.1+12-jre/bin/java
563c3c10e000-563c3c10f000 rw-p 00002000 08:01 522640                     /usr/java/jdk-17.0.1+12-jre/bin/java
563c3df6b000-563c3df8c000 rw-p 00000000 00:00 0                          [heap]
7ff22c000000-7ff22c021000 rw-p 00000000 00:00 0 
7ff22c021000-7ff230000000 ---p 00000000 00:00 0 
7ff230000000-7ff230021000 rw-p 00000000 00:00 0 
7ff230021000-7ff234000000 ---p 00000000 00:00 0 
7ff234000000-7ff234021000 rw-p 00000000 00:00 0 
7ff234021000-7ff238000000 ---p 00000000 00:00 0 
7ff2390f8000-7ff23b7e5000 rw-p 00000000 00:00 0 
7ff23b7e5000-7ff243fe5000 ---p 00000000 00:00 0 
7ff243fe5000-7ff244255000 rwxp 00000000 00:00 0 
7ff244255000-7ff244576000 ---p 00000000 00:00 0 
7ff244576000-7ff2447e6000 rwxp 00000000 00:00 0 
7ff2447e6000-7ff24baad000 ---p 00000000 00:00 0 
7ff24baad000-7ff24bd1d000 rwxp 00000000 00:00 0 
7ff24bd1d000-7ff252fe5000 ---p 00000000 00:00 0 
7ff252fe5000-7ff258000000 r--s 00000000 08:01 522620                     /usr/java/jdk-17.0.1+12-jre/lib/modules
7ff258000000-7ff25808b000 rw-p 00000000 00:00 0 
7ff25808b000-7ff25c000000 ---p 00000000 00:00 0 
7ff25c031000-7ff25c132000 rw-p 00000000 00:00 0 
7ff25c132000-7ff25c133000 ---p 00000000 00:00 0 
7ff25c133000-7ff25c234000 rw-p 00000000 00:00 0 
7ff25c234000-7ff25c235000 ---p 00000000 00:00 0 
7ff25c235000-7ff25c336000 rw-p 00000000 00:00 0 
7ff25c336000-7ff25c337000 ---p 00000000 00:00 0 
7ff25c337000-7ff25c438000 rw-p 00000000 00:00 0 
7ff25c438000-7ff25d438000 ---p 00000000 00:00 0 
7ff25d438000-7ff25d841000 rw-p 00000000 00:00 0 
7ff25d841000-7ff25d927000 ---p 00000000 00:00 0 
7ff25d927000-7ff25d92c000 rw-p 00000000 00:00 0 
7ff25d92c000-7ff25da12000 ---p 00000000 00:00 0 
7ff25da12000-7ff25da36000 r-xp 00000000 08:01 522630                     /usr/java/jdk-17.0.1+12-jre/lib/libjava.so
7ff25da36000-7ff25dc36000 ---p 00024000 08:01 522630                     /usr/java/jdk-17.0.1+12-jre/lib/libjava.so
7ff25dc36000-7ff25dc37000 r--p 00024000 08:01 522630                     /usr/java/jdk-17.0.1+12-jre/lib/libjava.so
7ff25dc37000-7ff25dc38000 rw-p 00025000 08:01 522630                     /usr/java/jdk-17.0.1+12-jre/lib/libjava.so
7ff25dc38000-7ff25dc39000 rw-p 00000000 00:00 0 
7ff25dc39000-7ff25dc54000 r-xp 00000000 08:01 522580                     /usr/java/jdk-17.0.1+12-jre/lib/libjimage.so
7ff25dc54000-7ff25de53000 ---p 0001b000 08:01 522580                     /usr/java/jdk-17.0.1+12-jre/lib/libjimage.so
7ff25de53000-7ff25de55000 r--p 0001a000 08:01 522580                     /usr/java/jdk-17.0.1+12-jre/lib/libjimage.so
7ff25de55000-7ff25de56000 rw-p 0001c000 08:01 522580                     /usr/java/jdk-17.0.1+12-jre/lib/libjimage.so
7ff25de56000-7ff25dfd7000 r-xp 00000000 08:01 3649                       /usr/lib64/libm-2.28.so
7ff25dfd7000-7ff25e1d6000 ---p 00181000 08:01 3649                       /usr/lib64/libm-2.28.so
7ff25e1d6000-7ff25e1d7000 r--p 00180000 08:01 3649                       /usr/lib64/libm-2.28.so
7ff25e1d7000-7ff25e1d8000 rw-p 00181000 08:01 3649                       /usr/lib64/libm-2.28.so
7ff25e1d8000-7ff25e1df000 r-xp 00000000 08:01 3663                       /usr/lib64/librt-2.28.so
7ff25e1df000-7ff25e3de000 ---p 00007000 08:01 3663                       /usr/lib64/librt-2.28.so
7ff25e3de000-7ff25e3df000 r--p 00006000 08:01 3663                       /usr/lib64/librt-2.28.so
7ff25e3df000-7ff25e3e0000 rw-p 00007000 08:01 3663                       /usr/lib64/librt-2.28.so
7ff25e3e0000-7ff25f6bf000 r-xp 00000000 08:01 522607                     /usr/java/jdk-17.0.1+12-jre/lib/server/libjvm.so
7ff25f6bf000-7ff25f8be000 ---p 012df000 08:01 522607                     /usr/java/jdk-17.0.1+12-jre/lib/server/libjvm.so
7ff25f8be000-7ff25f977000 r--p 012de000 08:01 522607                     /usr/java/jdk-17.0.1+12-jre/lib/server/libjvm.so
7ff25f977000-7ff25f9ab000 rw-p 01397000 08:01 522607                     /usr/java/jdk-17.0.1+12-jre/lib/server/libjvm.so
7ff25f9ab000-7ff25fa05000 rw-p 00000000 00:00 0 
7ff25fa05000-7ff25fbc1000 r-xp 00000000 08:01 3645                       /usr/lib64/libc-2.28.so
7ff25fbc1000-7ff25fdc0000 ---p 001bc000 08:01 3645                       /usr/lib64/libc-2.28.so
7ff25fdc0000-7ff25fdc4000 r--p 001bb000 08:01 3645                       /usr/lib64/libc-2.28.so
7ff25fdc4000-7ff25fdc6000 rw-p 001bf000 08:01 3645                       /usr/lib64/libc-2.28.so
7ff25fdc6000-7ff25fdca000 rw-p 00000000 00:00 0 
7ff25fdca000-7ff25fdcd000 r-xp 00000000 08:01 3647                       /usr/lib64/libdl-2.28.so
7ff25fdcd000-7ff25ffcc000 ---p 00003000 08:01 3647                       /usr/lib64/libdl-2.28.so
7ff25ffcc000-7ff25ffcd000 r--p 00002000 08:01 3647                       /usr/lib64/libdl-2.28.so
7ff25ffcd000-7ff25ffce000 rw-p 00003000 08:01 3647                       /usr/lib64/libdl-2.28.so
7ff25ffce000-7ff25ffe9000 r-xp 00000000 08:01 3659                       /usr/lib64/libpthread-2.28.so
7ff25ffe9000-7ff2601e8000 ---p 0001b000 08:01 3659                       /usr/lib64/libpthread-2.28.so
7ff2601e8000-7ff2601e9000 r--p 0001a000 08:01 3659                       /usr/lib64/libpthread-2.28.so
7ff2601e9000-7ff2601ea000 rw-p 0001b000 08:01 3659                       /usr/lib64/libpthread-2.28.so
7ff2601ea000-7ff2601ee000 rw-p 00000000 00:00 0 
7ff2601ee000-7ff2601fd000 r-xp 00000000 08:01 522604                     /usr/java/jdk-17.0.1+12-jre/lib/libjli.so
7ff2601fd000-7ff2603fd000 ---p 0000f000 08:01 522604                     /usr/java/jdk-17.0.1+12-jre/lib/libjli.so
7ff2603fd000-7ff2603fe000 r--p 0000f000 08:01 522604                     /usr/java/jdk-17.0.1+12-jre/lib/libjli.so
7ff2603fe000-7ff2603ff000 rw-p 00010000 08:01 522604                     /usr/java/jdk-17.0.1+12-jre/lib/libjli.so
7ff2603ff000-7ff260415000 r-xp 00000000 08:01 4505                       /usr/lib64/libz.so.1.2.11
7ff260415000-7ff260614000 ---p 00016000 08:01 4505                       /usr/lib64/libz.so.1.2.11
7ff260614000-7ff260615000 r--p 00015000 08:01 4505                       /usr/lib64/libz.so.1.2.11
7ff260615000-7ff260616000 rw-p 00000000 00:00 0 
7ff260616000-7ff260642000 r-xp 00000000 08:01 3638                       /usr/lib64/ld-2.28.so
7ff260712000-7ff260729000 rw-p 00000000 00:00 0 
7ff260729000-7ff260730000 ---p 00000000 00:00 0 
7ff260730000-7ff260738000 rw-p 00000000 00:00 0 
7ff260738000-7ff26073c000 ---p 00000000 00:00 0 
7ff26073c000-7ff26083b000 rw-p 00000000 00:00 0 
7ff26083d000-7ff26083e000 ---p 00000000 00:00 0 
7ff26083e000-7ff26083f000 r--p 00000000 00:00 0 
7ff26083f000-7ff260840000 ---p 00000000 00:00 0 
7ff260840000-7ff260842000 rw-p 00000000 00:00 0 
7ff260842000-7ff260843000 r--p 0002c000 08:01 3638                       /usr/lib64/ld-2.28.so
7ff260843000-7ff260845000 rw-p 0002d000 08:01 3638                       /usr/lib64/ld-2.28.so
7ffc6d6d2000-7ffc6d6f3000 rw-p 00000000 00:00 0                          [stack]
7ffc6d79d000-7ffc6d7a1000 r--p 00000000 00:00 0                          [vvar]
7ffc6d7a1000-7ffc6d7a3000 r-xp 00000000 00:00 0                          [vdso]
ffffffffff600000-ffffffffff601000 r-xp 00000000 00:00 0                  [vsyscall]


VM Arguments:
jvm_args: -Xms4G -Xmx4G -XX:+UseG1GC -XX:+ParallelRefProcEnabled -XX:MaxGCPauseMillis=200 -XX:+UnlockExperimentalVMOptions -XX:+DisableExplicitGC -XX:+AlwaysPreTouch -XX:G1NewSizePercent=30 -XX:G1MaxNewSizePercent=40 -XX:G1HeapRegionSize=8M -XX:G1ReservePercent=20 -XX:G1HeapWastePercent=5 -XX:G1MixedGCCountTarget=4 -XX:InitiatingHeapOccupancyPercent=15 -XX:G1MixedGCLiveThresholdPercent=90 -XX:G1RSetUpdatingPauseTimePercent=5 -XX:SurvivorRatio=32 -XX:+PerfDisableSharedMem -XX:MaxTenuringThreshold=1 
java_command: paper.jar nogui
java_class_path (initial): paper.jar
Launcher Type: SUN_STANDARD

[Global flags]
     bool AlwaysPreTouch                           = true                                      {product} {command line}
     bool AlwaysTenure                             = false                                     {product} {command line}
     intx CICompilerCount                          = 3                                         {product} {ergonomic}
     uint ConcGCThreads                            = 1                                         {product} {ergonomic}
     bool DisableExplicitGC                        = true                                      {product} {command line}
     uint G1ConcRefinementThreads                  = 4                                         {product} {ergonomic}
     uint G1EagerReclaimRemSetThreshold            = 64                                   {experimental} {ergonomic}
   size_t G1HeapRegionSize                         = 8388608                                   {product} {command line}
    uintx G1HeapWastePercent                       = 5                                         {product} {command line}
    uintx G1MaxNewSizePercent                      = 40                                   {experimental} {command line}
    uintx G1MixedGCCountTarget                     = 4                                         {product} {command line}
    uintx G1MixedGCLiveThresholdPercent            = 90                                   {experimental} {command line}
    uintx G1NewSizePercent                         = 30                                   {experimental} {command line}
     intx G1RSetUpdatingPauseTimePercent           = 5                                         {product} {command line}
    uintx G1ReservePercent                         = 20                                        {product} {command line}
    uintx GCDrainStackTargetSize                   = 64                                        {product} {ergonomic}
   size_t InitialHeapSize                          = 4294967296                                {product} {command line}
    uintx InitialTenuringThreshold                 = 1                                         {product} {ergonomic}
    uintx InitiatingHeapOccupancyPercent           = 15                                        {product} {command line}
   size_t MarkStackSize                            = 4194304                                   {product} {ergonomic}
    uintx MaxGCPauseMillis                         = 200                                       {product} {command line}
   size_t MaxHeapSize                              = 4294967296                                {product} {command line}
    uintx MaxTenuringThreshold                     = 1                                         {product} {command line}
   size_t MinHeapDeltaBytes                        = 8388608                                   {product} {ergonomic}
   size_t MinHeapSize                              = 4294967296                                {product} {command line}
     bool NeverTenure                              = false                                     {product} {command line}
    uintx NonNMethodCodeHeapSize                   = 5832780                                {pd product} {ergonomic}
    uintx NonProfiledCodeHeapSize                  = 122912730                              {pd product} {ergonomic}
     bool ParallelRefProcEnabled                   = true                                      {product} {command line}
     bool PerfDisableSharedMem                     = true                                      {product} {command line}
    uintx ProfiledCodeHeapSize                     = 122912730                              {pd product} {ergonomic}
    uintx ReservedCodeCacheSize                    = 251658240                              {pd product} {ergonomic}
     bool SegmentedCodeCache                       = true                                      {product} {ergonomic}
   size_t SoftMaxHeapSize                          = 4294967296                             {manageable} {ergonomic}
    uintx SurvivorRatio                            = 32                                        {product} {command line}
     bool UnlockExperimentalVMOptions              = true                                 {experimental} {command line}
     bool UseCompressedClassPointers               = true                           {product lp64_product} {ergonomic}
     bool UseCompressedOops                        = true                           {product lp64_product} {ergonomic}
     bool UseG1GC                                  = true                                      {product} {command line}

Logging:
Log output configuration:
 #0: stdout all=warning uptime,level,tags
 #1: stderr all=off uptime,level,tags

Environment Variables:
PATH=/usr/local/sbin:/usr/local/bin:/usr/sbin:/usr/bin
SHELL=/bin/bash
LANG=en_US.UTF-8

Signal Handlers:
   SIGSEGV: crash_handler in libjvm.so, mask=11100100010111111101111111111110, flags=SA_RESTART|SA_SIGINFO
    SIGBUS: crash_handler in libjvm.so, mask=11100100010111111101111111111110, flags=SA_RESTART|SA_SIGINFO
    SIGFPE: crash_handler in libjvm.so, mask=11100100010111111101111111111110, flags=SA_RESTART|SA_SIGINFO
   SIGPIPE: javaSignalHandler in libjvm.so, mask=11100100010111111101111111111110, flags=SA_RESTART|SA_SIGINFO
   SIGXFSZ: javaSignalHandler in libjvm.so, mask=11100100010111111101111111111110, flags=SA_RESTART|SA_SIGINFO
    SIGILL: crash_handler in libjvm.so, mask=11100100010111111101111111111110, flags=SA_RESTART|SA_SIGINFO
   SIGUSR2: SR_handler in libjvm.so, mask=00000000000000000000000000000000, flags=SA_RESTART|SA_SIGINFO
    SIGHUP: SIG_DFL, mask=00000000000000000000000000000000, flags=none
    SIGINT: SIG_DFL, mask=00000000000000000000000000000000, flags=none
   SIGTERM: SIG_DFL, mask=00000000000000000000000000000000, flags=none
   SIGQUIT: SIG_DFL, mask=00000000000000000000000000000000, flags=none
   SIGTRAP: crash_handler in libjvm.so, mask=11100100010111111101111111111110, flags=SA_RESTART|SA_SIGINFO


---------------  S Y S T E M  ---------------

OS:
Rocky Linux release 8.5 (Green Obsidian)
uname: Linux 4.18.0-348.7.1.el8_5.x86_64 #1 SMP Tue Dec 21 19:02:23 UTC 2021 x86_64
OS uptime: 4 days 17:55 hours
libc: glibc 2.28 NPTL 2.28 
rlimit (soft/hard): STACK 8192k/infinity , CORE 0k/infinity , NPROC 30175/30175 , NOFILE 262144/262144 , AS infinity/infinity , CPU infinity/infinity , DATA infinity/infinity , FSIZE infinity/infinity , MEMLOCK 64k/64k
load average: 0.10 0.52 0.72

/proc/meminfo:
MemTotal:        7759956 kB
MemFree:          126724 kB
MemAvailable:    1773620 kB
Buffers:           79640 kB
Cached:          1932132 kB
SwapCached:            0 kB
Active:           834832 kB
Inactive:        6564412 kB
Active(anon):      90940 kB
Inactive(anon):  5488352 kB
Active(file):     743892 kB
Inactive(file):  1076060 kB
Unevictable:        3072 kB
Mlocked:               0 kB
SwapTotal:             0 kB
SwapFree:              0 kB
Dirty:               132 kB
Writeback:             0 kB
AnonPages:       5388884 kB
Mapped:           111308 kB
Shmem:            191724 kB
KReclaimable:     102088 kB
Slab:             155568 kB
SReclaimable:     102088 kB
SUnreclaim:        53480 kB
KernelStack:        5056 kB
PageTables:        21560 kB
NFS_Unstable:          0 kB
Bounce:                0 kB
WritebackTmp:          0 kB
CommitLimit:     3879976 kB
Committed_AS:    6338180 kB
VmallocTotal:   34359738367 kB
VmallocUsed:           0 kB
VmallocChunk:          0 kB
Percpu:             2928 kB
HardwareCorrupted:     0 kB
AnonHugePages:   4509696 kB
ShmemHugePages:        0 kB
ShmemPmdMapped:        0 kB
FileHugePages:         0 kB
FilePmdMapped:         0 kB
HugePages_Total:       0
HugePages_Free:        0
HugePages_Rsvd:        0
HugePages_Surp:        0
Hugepagesize:       2048 kB
Hugetlb:               0 kB
DirectMap4k:      163696 kB
DirectMap2M:     4882432 kB
DirectMap1G:     3145728 kB

/sys/kernel/mm/transparent_hugepage/enabled: <Not Available>
/sys/kernel/mm/transparent_hugepage/defrag (defrag/compaction efforts parameter): <Not Available>

Process Memory:
Virtual Size: 842324K (peak: 5032620K)
Resident Set Size: 26020K (peak: 26020K) (anon: 13488K, file: 12532K, shmem: 0K)
Swapped out: 0K
C-Heap outstanding allocations: 656K

/proc/sys/kernel/threads-max (system-wide limit on the number of threads): 60351
/proc/sys/vm/max_map_count (maximum number of memory map areas a process may have): 65530
/proc/sys/kernel/pid_max (system-wide limit on number of process identifiers): 4194304

KVM virtualization detected
Steal ticks since vm start: 0
Steal ticks percentage since vm start:  0.000

CPU: total 4 (initial active 4) (4 cores per cpu, 1 threads per core) family 23 model 49 stepping 0 microcode 0x1000065, cx8, cmov, fxsr, mmx, 3dnowpref, sse, sse2, sse3, ssse3, sse4a, sse4.1, sse4.2, popcnt, lzcnt, tsc, avx, avx2, aes, clmul, bmi1, bmi2, adx, sha, fma, vzeroupper, clflush, clflushopt, hv
CPU Model and flags from /proc/cpuinfo:
model name	: AMD EPYC Processor
flags		: fpu vme de pse tsc msr pae mce cx8 apic sep mtrr pge mca cmov pat pse36 clflush mmx fxsr sse sse2 ht syscall nx mmxext fxsr_opt pdpe1gb rdtscp lm rep_good nopl cpuid extd_apicid tsc_known_freq pni pclmulqdq ssse3 fma cx16 sse4_1 sse4_2 x2apic movbe popcnt aes xsave avx f16c rdrand hypervisor lahf_lm cmp_legacy cr8_legacy abm sse4a misalignsse 3dnowprefetch osvw topoext perfctr_core ssbd ibrs ibpb stibp vmmcall fsgsbase bmi1 avx2 smep bmi2 rdseed adx smap clflushopt clwb sha_ni xsaveopt xsavec xgetbv1 xsaves clzero xsaveerptr wbnoinvd arat umip rdpid arch_capabilities

Online cpus: <Not Available>
Offline cpus: <Not Available>
BIOS frequency limitation: <Not Available>
Frequency switch latency (ns): <Not Available>
Available cpu frequencies: <Not Available>
Current governor: <Not Available>
Core performance/turbo boost: <Not Available>

Memory: 4k page, physical 7759956k(126724k free), swap 0k(0k free)
Page Sizes: 4k

vm_info: OpenJDK 64-Bit Server VM (17.0.1+12) for linux-amd64 JRE (17.0.1+12), built on Dec  1 2021 15:09:35 by "" with gcc 7.5.0

END.
