#
# There is insufficient memory for the Java Runtime Environment to continue.
# Native memory allocation (mmap) failed to map 5368709120 bytes for committing reserved memory.
# Possible reasons:
#   The system is out of physical RAM or swap space
#   The process is running with CompressedOops enabled, and the Java Heap may be blocking the growth of the native heap
# Possible solutions:
#   Reduce memory load on the system
#   Increase physical memory or swap space
#   Check if swap backing store is full
#   Decrease Java heap size (-Xmx/-Xms)
#   Decrease number of Java threads
#   Decrease Java thread stack sizes (-Xss)
#   Set larger code cache with -XX:ReservedCodeCacheSize=
#   JVM is running with Zero Based Compressed Oops mode in which the Java heap is
#     placed in the first 32GB address space. The Java Heap base address is the
#     maximum limit for the native heap growth. Please use -XX:HeapBaseMinAddress
#     to set the Java Heap base and to place the Java Heap above 32GB virtual address.
# This output file may be truncated or incomplete.
#
#  Out of Memory Error (os_linux.cpp:2728), pid=8689, tid=8690
#
# JRE version:  (17.0.1+12) (build )
# Java VM: OpenJDK 64-Bit Server VM (17.0.1+12, mixed mode, sharing, tiered, compressed oops, compressed class ptrs, g1 gc, linux-amd64)
# Core dump will be written. Default location: Core dumps may be processed with "/usr/lib/systemd/systemd-coredump %P %u %g %s %t %c %h %e" (or dumping to /var/minecraft/server/core.8689)
#

---------------  S U M M A R Y ------------

Command Line: -Xms5G -Xmx5G -XX:+UseG1GC -XX:+ParallelRefProcEnabled -XX:MaxGCPauseMillis=200 -XX:+UnlockExperimentalVMOptions -XX:+DisableExplicitGC -XX:+AlwaysPreTouch -XX:G1NewSizePercent=30 -XX:G1MaxNewSizePercent=40 -XX:G1HeapRegionSize=8M -XX:G1ReservePercent=20 -XX:G1HeapWastePercent=5 -XX:G1MixedGCCountTarget=4 -XX:InitiatingHeapOccupancyPercent=15 -XX:G1MixedGCLiveThresholdPercent=90 -XX:G1RSetUpdatingPauseTimePercent=5 -XX:SurvivorRatio=32 -XX:+PerfDisableSharedMem -XX:MaxTenuringThreshold=1 paper.jar nogui

Host: Intel Core Processor (Haswell, no TSX), 4 cores, 7G, Rocky Linux release 8.5 (Green Obsidian)
Time: Sun Jan 16 01:19:24 2022 UTC elapsed time: 0.011292 seconds (0d 0h 0m 0s)

---------------  T H R E A D  ---------------

Current thread (0x00007fa530023010):  JavaThread "Unknown thread" [_thread_in_vm, id=8690, stack(0x00007fa537fac000,0x00007fa5380ad000)]

Stack: [0x00007fa537fac000,0x00007fa5380ad000],  sp=0x00007fa5380ab3f0,  free space=1020k
Native frames: (J=compiled Java code, j=interpreted, Vv=VM code, C=native code)
V  [libjvm.so+0xf7d371]  VMError::report_and_die(int, char const*, char const*, __va_list_tag*, Thread*, unsigned char*, void*, void*, char const*, int, unsigned long)+0x1a1
V  [libjvm.so+0xf7dffb]  VMError::report_and_die(Thread*, char const*, int, unsigned long, VMErrorType, char const*, __va_list_tag*)+0x2b
V  [libjvm.so+0x61bc2d]  report_vm_out_of_memory(char const*, int, unsigned long, VMErrorType, char const*, ...)+0xcd
V  [libjvm.so+0xc39f28]  os::pd_commit_memory_or_exit(char*, unsigned long, unsigned long, bool, char const*)+0x108
V  [libjvm.so+0xc3330d]  os::commit_memory_or_exit(char*, unsigned long, unsigned long, bool, char const*)+0x1d
V  [libjvm.so+0x75be04]  G1PageBasedVirtualSpace::commit(unsigned long, unsigned long)+0x154
V  [libjvm.so+0x771b51]  G1RegionsLargerThanCommitSizeMapper::commit_regions(unsigned int, unsigned long, WorkGang*)+0x181
V  [libjvm.so+0x7ff728]  HeapRegionManager::commit_regions(unsigned int, unsigned long, WorkGang*)+0x88
V  [libjvm.so+0x8012e9]  HeapRegionManager::expand(unsigned int, unsigned int, WorkGang*)+0x29
V  [libjvm.so+0x80152c]  HeapRegionManager::expand_by(unsigned int, WorkGang*)+0x7c
V  [libjvm.so+0x70c749]  G1CollectedHeap::expand(unsigned long, WorkGang*, double*)+0xe9
V  [libjvm.so+0x70ce61]  G1CollectedHeap::initialize()+0x691
V  [libjvm.so+0xf2ba51]  universe_init()+0xd1
V  [libjvm.so+0x822076]  init_globals()+0x36
V  [libjvm.so+0xf0346d]  Threads::create_vm(JavaVMInitArgs*, bool*)+0x2fd
V  [libjvm.so+0x8df6b2]  JNI_CreateJavaVM+0x52
C  [libjli.so+0x4b91]  JavaMain+0x91
C  [libjli.so+0x8889]  ThreadJavaMain+0x9


---------------  P R O C E S S  ---------------

Threads class SMR info:
_java_thread_list=0x00007fa53726e2e0, length=0, elements={
}

Java Threads: ( => current thread )

Other Threads:
  0x00007fa530070c80 GCTaskThread "GC Thread#0" [stack: 0x00007fa5341ab000,0x00007fa5342ab000] [id=8691]
  0x00007fa530077260 ConcurrentGCThread "G1 Main Marker" [stack: 0x00007fa5340a9000,0x00007fa5341a9000] [id=8692]
  0x00007fa5300781c0 ConcurrentGCThread "G1 Conc#0" [stack: 0x00007fa510ae5000,0x00007fa510be5000] [id=8693]

[error occurred during error reporting (printing all threads), id 0xb, SIGSEGV (0xb) at pc=0x00007fa536378a10]

VM state: not at safepoint (not fully initialized)

VM Mutex/Monitor currently owned by a thread:  ([mutex/lock_event])
[0x00007fa530020b50] Heap_lock - owner thread: 0x00007fa530023010

Heap address: 0x00000006c0000000, size: 5120 MB, Compressed Oops mode: Zero based, Oop shift amount: 3

CDS archive(s) mapped at: [0x0000000000000000-0x0000000000000000-0x0000000000000000), size 0, SharedBaseAddress: 0x0000000800000000, ArchiveRelocationMode: 0.
Narrow klass base: 0x0000000000000000, Narrow klass shift: 0, Narrow klass range: 0x0

GC Precious Log:
<Empty>

Heap:
 garbage-first heap   total 0K, used 0K [0x00000006c0000000, 0x0000000800000000)
  region size 8192K, 0 young (0K), 0 survivors (0K)

[error occurred during error reporting (printing heap information), id 0xb, SIGSEGV (0xb) at pc=0x00007fa53693ca3a]

GC Heap History (0 events):
No events

Deoptimization events (0 events):
No events

Classes unloaded (0 events):
No events

Classes redefined (0 events):
No events

Internal exceptions (0 events):
No events

VM Operations (0 events):
No events

Events (2 events):
Event: 0.001 Protecting memory [0x00007fa537fac000,0x00007fa537fb0000] with protection modes 0
Event: 0.001 Loaded shared library /usr/java/jdk-17.0.1+12-jre/lib/libjava.so


Dynamic libraries:
558f6f750000-558f6f751000 r-xp 00000000 08:01 159383971                  /usr/java/jdk-17.0.1+12-jre/bin/java
558f6f951000-558f6f952000 r--p 00001000 08:01 159383971                  /usr/java/jdk-17.0.1+12-jre/bin/java
558f6f952000-558f6f953000 rw-p 00002000 08:01 159383971                  /usr/java/jdk-17.0.1+12-jre/bin/java
558f70e59000-558f70e7a000 rw-p 00000000 00:00 0                          [heap]
7fa502000000-7fa504000000 rw-p 00000000 00:00 0 
7fa504000000-7fa504021000 rw-p 00000000 00:00 0 
7fa504021000-7fa508000000 ---p 00000000 00:00 0 
7fa508000000-7fa508021000 rw-p 00000000 00:00 0 
7fa508021000-7fa50c000000 ---p 00000000 00:00 0 
7fa50c000000-7fa50c021000 rw-p 00000000 00:00 0 
7fa50c021000-7fa510000000 ---p 00000000 00:00 0 
7fa5102f5000-7fa510ae3000 rw-p 00000000 00:00 0 
7fa510ae3000-7fa510ae4000 ---p 00000000 00:00 0 
7fa510ae4000-7fa510be5000 rw-p 00000000 00:00 0 
7fa510be5000-7fa51bfe5000 ---p 00000000 00:00 0 
7fa51bfe5000-7fa51c255000 rwxp 00000000 00:00 0 
7fa51c255000-7fa51c576000 ---p 00000000 00:00 0 
7fa51c576000-7fa51c7e6000 rwxp 00000000 00:00 0 
7fa51c7e6000-7fa523aad000 ---p 00000000 00:00 0 
7fa523aad000-7fa523d1d000 rwxp 00000000 00:00 0 
7fa523d1d000-7fa52afe5000 ---p 00000000 00:00 0 
7fa52afe5000-7fa530000000 r--s 00000000 08:01 142606465                  /usr/java/jdk-17.0.1+12-jre/lib/modules
7fa530000000-7fa530096000 rw-p 00000000 00:00 0 
7fa530096000-7fa534000000 ---p 00000000 00:00 0 
7fa5340a7000-7fa5340a8000 ---p 00000000 00:00 0 
7fa5340a8000-7fa5341a9000 rw-p 00000000 00:00 0 
7fa5341a9000-7fa5341aa000 ---p 00000000 00:00 0 
7fa5341aa000-7fa5342ab000 rw-p 00000000 00:00 0 
7fa5342ab000-7fa534cab000 ---p 00000000 00:00 0 
7fa534cab000-7fa5350b4000 rw-p 00000000 00:00 0 
7fa5350b4000-7fa53519a000 ---p 00000000 00:00 0 
7fa53519a000-7fa53519f000 rw-p 00000000 00:00 0 
7fa53519f000-7fa535285000 ---p 00000000 00:00 0 
7fa535285000-7fa5352a9000 r-xp 00000000 08:01 142606472                  /usr/java/jdk-17.0.1+12-jre/lib/libjava.so
7fa5352a9000-7fa5354a9000 ---p 00024000 08:01 142606472                  /usr/java/jdk-17.0.1+12-jre/lib/libjava.so
7fa5354a9000-7fa5354aa000 r--p 00024000 08:01 142606472                  /usr/java/jdk-17.0.1+12-jre/lib/libjava.so
7fa5354aa000-7fa5354ab000 rw-p 00025000 08:01 142606472                  /usr/java/jdk-17.0.1+12-jre/lib/libjava.so
7fa5354ab000-7fa5354ac000 rw-p 00000000 00:00 0 
7fa5354ac000-7fa5354c7000 r-xp 00000000 08:01 142606874                  /usr/java/jdk-17.0.1+12-jre/lib/libjimage.so
7fa5354c7000-7fa5356c6000 ---p 0001b000 08:01 142606874                  /usr/java/jdk-17.0.1+12-jre/lib/libjimage.so
7fa5356c6000-7fa5356c8000 r--p 0001a000 08:01 142606874                  /usr/java/jdk-17.0.1+12-jre/lib/libjimage.so
7fa5356c8000-7fa5356c9000 rw-p 0001c000 08:01 142606874                  /usr/java/jdk-17.0.1+12-jre/lib/libjimage.so
7fa5356c9000-7fa53584a000 r-xp 00000000 08:01 12675                      /usr/lib64/libm-2.28.so
7fa53584a000-7fa535a49000 ---p 00181000 08:01 12675                      /usr/lib64/libm-2.28.so
7fa535a49000-7fa535a4a000 r--p 00180000 08:01 12675                      /usr/lib64/libm-2.28.so
7fa535a4a000-7fa535a4b000 rw-p 00181000 08:01 12675                      /usr/lib64/libm-2.28.so
7fa535a4b000-7fa535a52000 r-xp 00000000 08:01 12710                      /usr/lib64/librt-2.28.so
7fa535a52000-7fa535c51000 ---p 00007000 08:01 12710                      /usr/lib64/librt-2.28.so
7fa535c51000-7fa535c52000 r--p 00006000 08:01 12710                      /usr/lib64/librt-2.28.so
7fa535c52000-7fa535c53000 rw-p 00007000 08:01 12710                      /usr/lib64/librt-2.28.so
7fa535c53000-7fa536f32000 r-xp 00000000 08:01 146801039                  /usr/java/jdk-17.0.1+12-jre/lib/server/libjvm.so
7fa536f32000-7fa537131000 ---p 012df000 08:01 146801039                  /usr/java/jdk-17.0.1+12-jre/lib/server/libjvm.so
7fa537131000-7fa5371ea000 r--p 012de000 08:01 146801039                  /usr/java/jdk-17.0.1+12-jre/lib/server/libjvm.so
7fa5371ea000-7fa53721e000 rw-p 01397000 08:01 146801039                  /usr/java/jdk-17.0.1+12-jre/lib/server/libjvm.so
7fa53721e000-7fa537278000 rw-p 00000000 00:00 0 
7fa537278000-7fa537434000 r-xp 00000000 08:01 12670                      /usr/lib64/libc-2.28.so
7fa537434000-7fa537633000 ---p 001bc000 08:01 12670                      /usr/lib64/libc-2.28.so
7fa537633000-7fa537637000 r--p 001bb000 08:01 12670                      /usr/lib64/libc-2.28.so
7fa537637000-7fa537639000 rw-p 001bf000 08:01 12670                      /usr/lib64/libc-2.28.so
7fa537639000-7fa53763d000 rw-p 00000000 00:00 0 
7fa53763d000-7fa537640000 r-xp 00000000 08:01 12672                      /usr/lib64/libdl-2.28.so
7fa537640000-7fa53783f000 ---p 00003000 08:01 12672                      /usr/lib64/libdl-2.28.so
7fa53783f000-7fa537840000 r--p 00002000 08:01 12672                      /usr/lib64/libdl-2.28.so
7fa537840000-7fa537841000 rw-p 00003000 08:01 12672                      /usr/lib64/libdl-2.28.so
7fa537841000-7fa53785c000 r-xp 00000000 08:01 12704                      /usr/lib64/libpthread-2.28.so
7fa53785c000-7fa537a5b000 ---p 0001b000 08:01 12704                      /usr/lib64/libpthread-2.28.so
7fa537a5b000-7fa537a5c000 r--p 0001a000 08:01 12704                      /usr/lib64/libpthread-2.28.so
7fa537a5c000-7fa537a5d000 rw-p 0001b000 08:01 12704                      /usr/lib64/libpthread-2.28.so
7fa537a5d000-7fa537a61000 rw-p 00000000 00:00 0 
7fa537a61000-7fa537a70000 r-xp 00000000 08:01 142606587                  /usr/java/jdk-17.0.1+12-jre/lib/libjli.so
7fa537a70000-7fa537c70000 ---p 0000f000 08:01 142606587                  /usr/java/jdk-17.0.1+12-jre/lib/libjli.so
7fa537c70000-7fa537c71000 r--p 0000f000 08:01 142606587                  /usr/java/jdk-17.0.1+12-jre/lib/libjli.so
7fa537c71000-7fa537c72000 rw-p 00010000 08:01 142606587                  /usr/java/jdk-17.0.1+12-jre/lib/libjli.so
7fa537c72000-7fa537c88000 r-xp 00000000 08:01 55937                      /usr/lib64/libz.so.1.2.11
7fa537c88000-7fa537e87000 ---p 00016000 08:01 55937                      /usr/lib64/libz.so.1.2.11
7fa537e87000-7fa537e88000 r--p 00015000 08:01 55937                      /usr/lib64/libz.so.1.2.11
7fa537e88000-7fa537e89000 rw-p 00000000 00:00 0 
7fa537e89000-7fa537eb5000 r-xp 00000000 08:01 12663                      /usr/lib64/ld-2.28.so
7fa537f82000-7fa537f9d000 rw-p 00000000 00:00 0 
7fa537f9d000-7fa537fa4000 ---p 00000000 00:00 0 
7fa537fa4000-7fa537fac000 rw-p 00000000 00:00 0 
7fa537fac000-7fa537fb0000 ---p 00000000 00:00 0 
7fa537fb0000-7fa5380af000 rw-p 00000000 00:00 0 
7fa5380b0000-7fa5380b1000 ---p 00000000 00:00 0 
7fa5380b1000-7fa5380b2000 r--p 00000000 00:00 0 
7fa5380b2000-7fa5380b3000 ---p 00000000 00:00 0 
7fa5380b3000-7fa5380b5000 rw-p 00000000 00:00 0 
7fa5380b5000-7fa5380b6000 r--p 0002c000 08:01 12663                      /usr/lib64/ld-2.28.so
7fa5380b6000-7fa5380b8000 rw-p 0002d000 08:01 12663                      /usr/lib64/ld-2.28.so
7fffec234000-7fffec255000 rw-p 00000000 00:00 0                          [stack]
7fffec286000-7fffec28a000 r--p 00000000 00:00 0                          [vvar]
7fffec28a000-7fffec28c000 r-xp 00000000 00:00 0                          [vdso]
ffffffffff600000-ffffffffff601000 r-xp 00000000 00:00 0                  [vsyscall]


VM Arguments:
jvm_args: -Xms5G -Xmx5G -XX:+UseG1GC -XX:+ParallelRefProcEnabled -XX:MaxGCPauseMillis=200 -XX:+UnlockExperimentalVMOptions -XX:+DisableExplicitGC -XX:+AlwaysPreTouch -XX:G1NewSizePercent=30 -XX:G1MaxNewSizePercent=40 -XX:G1HeapRegionSize=8M -XX:G1ReservePercent=20 -XX:G1HeapWastePercent=5 -XX:G1MixedGCCountTarget=4 -XX:InitiatingHeapOccupancyPercent=15 -XX:G1MixedGCLiveThresholdPercent=90 -XX:G1RSetUpdatingPauseTimePercent=5 -XX:SurvivorRatio=32 -XX:+PerfDisableSharedMem -XX:MaxTenuringThreshold=1 
java_command: paper.jar nogui
java_class_path (initial): paper.jar
Launcher Type: SUN_STANDARD

[Global flags]
     bool AlwaysPreTouch                           = true                                      {product} {command line}
     bool AlwaysTenure                             = false                                     {product} {command line}
     intx CICompilerCount                          = 3                                         {product} {ergonomic}
     uint ConcGCThreads                            = 1                                         {product} {ergonomic}
     bool DisableExplicitGC                        = true                                      {product} {command line}
     uint G1ConcRefinementThreads                  = 4                                         {product} {ergonomic}
     uint G1EagerReclaimRemSetThreshold            = 64                                   {experimental} {ergonomic}
   size_t G1HeapRegionSize                         = 8388608                                   {product} {command line}
    uintx G1HeapWastePercent                       = 5                                         {product} {command line}
    uintx G1MaxNewSizePercent                      = 40                                   {experimental} {command line}
    uintx G1MixedGCCountTarget                     = 4                                         {product} {command line}
    uintx G1MixedGCLiveThresholdPercent            = 90                                   {experimental} {command line}
    uintx G1NewSizePercent                         = 30                                   {experimental} {command line}
     intx G1RSetUpdatingPauseTimePercent           = 5                                         {product} {command line}
    uintx G1ReservePercent                         = 20                                        {product} {command line}
    uintx GCDrainStackTargetSize                   = 64                                        {product} {ergonomic}
   size_t InitialHeapSize                          = 5368709120                                {product} {command line}
    uintx InitialTenuringThreshold                 = 1                                         {product} {ergonomic}
    uintx InitiatingHeapOccupancyPercent           = 15                                        {product} {command line}
   size_t MarkStackSize                            = 4194304                                   {product} {ergonomic}
    uintx MaxGCPauseMillis                         = 200                                       {product} {command line}
   size_t MaxHeapSize                              = 5368709120                                {product} {command line}
    uintx MaxTenuringThreshold                     = 1                                         {product} {command line}
   size_t MinHeapDeltaBytes                        = 8388608                                   {product} {ergonomic}
   size_t MinHeapSize                              = 5368709120                                {product} {command line}
     bool NeverTenure                              = false                                     {product} {command line}
    uintx NonNMethodCodeHeapSize                   = 5832780                                {pd product} {ergonomic}
    uintx NonProfiledCodeHeapSize                  = 122912730                              {pd product} {ergonomic}
     bool ParallelRefProcEnabled                   = true                                      {product} {command line}
     bool PerfDisableSharedMem                     = true                                      {product} {command line}
    uintx ProfiledCodeHeapSize                     = 122912730                              {pd product} {ergonomic}
    uintx ReservedCodeCacheSize                    = 251658240                              {pd product} {ergonomic}
     bool SegmentedCodeCache                       = true                                      {product} {ergonomic}
   size_t SoftMaxHeapSize                          = 5368709120                             {manageable} {ergonomic}
    uintx SurvivorRatio                            = 32                                        {product} {command line}
     bool UnlockExperimentalVMOptions              = true                                 {experimental} {command line}
     bool UseCompressedClassPointers               = true                           {product lp64_product} {ergonomic}
     bool UseCompressedOops                        = true                           {product lp64_product} {ergonomic}
     bool UseG1GC                                  = true                                      {product} {command line}

Logging:
Log output configuration:
 #0: stdout all=warning uptime,level,tags
 #1: stderr all=off uptime,level,tags

Environment Variables:
PATH=/usr/local/sbin:/usr/local/bin:/usr/sbin:/usr/bin
SHELL=/bin/bash
LANG=en_US.UTF-8

Signal Handlers:
   SIGSEGV: crash_handler in libjvm.so, mask=11100100010111111101111111111110, flags=SA_RESTART|SA_SIGINFO
    SIGBUS: crash_handler in libjvm.so, mask=11100100010111111101111111111110, flags=SA_RESTART|SA_SIGINFO
    SIGFPE: crash_handler in libjvm.so, mask=11100100010111111101111111111110, flags=SA_RESTART|SA_SIGINFO
   SIGPIPE: javaSignalHandler in libjvm.so, mask=11100100010111111101111111111110, flags=SA_RESTART|SA_SIGINFO
   SIGXFSZ: javaSignalHandler in libjvm.so, mask=11100100010111111101111111111110, flags=SA_RESTART|SA_SIGINFO
    SIGILL: crash_handler in libjvm.so, mask=11100100010111111101111111111110, flags=SA_RESTART|SA_SIGINFO
   SIGUSR2: SR_handler in libjvm.so, mask=00000000000000000000000000000000, flags=SA_RESTART|SA_SIGINFO
    SIGHUP: SIG_DFL, mask=00000000000000000000000000000000, flags=none
    SIGINT: SIG_DFL, mask=00000000000000000000000000000000, flags=none
   SIGTERM: SIG_DFL, mask=00000000000000000000000000000000, flags=none
   SIGQUIT: SIG_DFL, mask=00000000000000000000000000000000, flags=none
   SIGTRAP: crash_handler in libjvm.so, mask=11100100010111111101111111111110, flags=SA_RESTART|SA_SIGINFO


---------------  S Y S T E M  ---------------

OS:
Rocky Linux release 8.5 (Green Obsidian)
uname: Linux 4.18.0-348.7.1.el8_5.x86_64 #1 SMP Tue Dec 21 19:02:23 UTC 2021 x86_64
OS uptime: 0 days 6:42 hours
libc: glibc 2.28 NPTL 2.28 
rlimit (soft/hard): STACK 8192k/infinity , CORE 0k/infinity , NPROC 30032/30032 , NOFILE 262144/262144 , AS infinity/infinity , CPU infinity/infinity , DATA infinity/infinity , FSIZE infinity/infinity , MEMLOCK 64k/64k
load average: 2.26 1.57 1.08

/proc/meminfo:
MemTotal:        7759940 kB
MemFree:          254000 kB
MemAvailable:     992792 kB
Buffers:            2104 kB
Cached:           950496 kB
SwapCached:            0 kB
Active:           371504 kB
Inactive:        6949308 kB
Active(anon):       2372 kB
Inactive(anon):  6384104 kB
Active(file):     369132 kB
Inactive(file):   565204 kB
Unevictable:           0 kB
Mlocked:               0 kB
SwapTotal:             0 kB
SwapFree:              0 kB
Dirty:             14084 kB
Writeback:             0 kB
AnonPages:       6367164 kB
Mapped:           138932 kB
Shmem:             18424 kB
KReclaimable:      48916 kB
Slab:              93972 kB
SReclaimable:      48916 kB
SUnreclaim:        45056 kB
KernelStack:        4960 kB
PageTables:        23992 kB
NFS_Unstable:          0 kB
Bounce:                0 kB
WritebackTmp:          0 kB
CommitLimit:     3879968 kB
Committed_AS:    7095688 kB
VmallocTotal:   34359738367 kB
VmallocUsed:           0 kB
VmallocChunk:          0 kB
Percpu:             2464 kB
HardwareCorrupted:     0 kB
AnonHugePages:   5595136 kB
ShmemHugePages:        0 kB
ShmemPmdMapped:        0 kB
FileHugePages:         0 kB
FilePmdMapped:         0 kB
HugePages_Total:       0
HugePages_Free:        0
HugePages_Rsvd:        0
HugePages_Surp:        0
Hugepagesize:       2048 kB
Hugetlb:               0 kB
DirectMap4k:      143216 kB
DirectMap2M:     8048640 kB

/sys/kernel/mm/transparent_hugepage/enabled: <Not Available>
/sys/kernel/mm/transparent_hugepage/defrag (defrag/compaction efforts parameter): <Not Available>

Process Memory:
Virtual Size: 881252K (peak: 6120124K)
Resident Set Size: 26120K (peak: 26120K) (anon: 13520K, file: 12600K, shmem: 0K)
Swapped out: 0K
C-Heap outstanding allocations: 698K

/proc/sys/kernel/threads-max (system-wide limit on the number of threads): 60064
/proc/sys/vm/max_map_count (maximum number of memory map areas a process may have): 65530
/proc/sys/kernel/pid_max (system-wide limit on number of process identifiers): 4194304

KVM virtualization detected
Steal ticks since vm start: 0
Steal ticks percentage since vm start:  0.000

CPU: total 4 (initial active 4) (1 cores per cpu, 1 threads per core) family 6 model 60 stepping 1 microcode 0x1, cx8, cmov, fxsr, mmx, sse, sse2, sse3, ssse3, sse4.1, sse4.2, popcnt, lzcnt, tsc, avx, avx2, aes, erms, clmul, bmi1, bmi2, fma, vzeroupper, clflush, hv
CPU Model and flags from /proc/cpuinfo:
model name	: Intel Core Processor (Haswell, no TSX)
flags		: fpu vme de pse tsc msr pae mce cx8 apic sep mtrr pge mca cmov pat pse36 clflush mmx fxsr sse sse2 syscall nx rdtscp lm constant_tsc rep_good nopl xtopology cpuid tsc_known_freq pni pclmulqdq vmx ssse3 fma cx16 pcid sse4_1 sse4_2 x2apic movbe popcnt tsc_deadline_timer aes xsave avx f16c rdrand hypervisor lahf_lm abm cpuid_fault invpcid_single pti tpr_shadow vnmi flexpriority ept vpid ept_ad fsgsbase bmi1 avx2 smep bmi2 erms invpcid xsaveopt arat md_clear

Online cpus: <Not Available>
Offline cpus: <Not Available>
BIOS frequency limitation: <Not Available>
Frequency switch latency (ns): <Not Available>
Available cpu frequencies: <Not Available>
Current governor: <Not Available>
Core performance/turbo boost: <Not Available>

Memory: 4k page, physical 7759940k(254000k free), swap 0k(0k free)
Page Sizes: 4k

vm_info: OpenJDK 64-Bit Server VM (17.0.1+12) for linux-amd64 JRE (17.0.1+12), built on Dec  1 2021 15:09:35 by "" with gcc 7.5.0

END.
