#
# There is insufficient memory for the Java Runtime Environment to continue.
# Native memory allocation (mmap) failed to map 4294967296 bytes for committing reserved memory.
# Possible reasons:
#   The system is out of physical RAM or swap space
#   The process is running with CompressedOops enabled, and the Java Heap may be blocking the growth of the native heap
# Possible solutions:
#   Reduce memory load on the system
#   Increase physical memory or swap space
#   Check if swap backing store is full
#   Decrease Java heap size (-Xmx/-Xms)
#   Decrease number of Java threads
#   Decrease Java thread stack sizes (-Xss)
#   Set larger code cache with -XX:ReservedCodeCacheSize=
#   JVM is running with Zero Based Compressed Oops mode in which the Java heap is
#     placed in the first 32GB address space. The Java Heap base address is the
#     maximum limit for the native heap growth. Please use -XX:HeapBaseMinAddress
#     to set the Java Heap base and to place the Java Heap above 32GB virtual address.
# This output file may be truncated or incomplete.
#
#  Out of Memory Error (os_linux.cpp:2728), pid=35958, tid=35959
#
# JRE version:  (17.0.1+12) (build )
# Java VM: OpenJDK 64-Bit Server VM (17.0.1+12, mixed mode, sharing, tiered, compressed oops, compressed class ptrs, g1 gc, linux-amd64)
# Core dump will be written. Default location: Core dumps may be processed with "/usr/lib/systemd/systemd-coredump %P %u %g %s %t %c %h %e" (or dumping to /var/minecraft/server/core.35958)
#

---------------  S U M M A R Y ------------

Command Line: -Xms4G -Xmx4G -XX:+UseG1GC -XX:+ParallelRefProcEnabled -XX:MaxGCPauseMillis=200 -XX:+UnlockExperimentalVMOptions -XX:+DisableExplicitGC -XX:+AlwaysPreTouch -XX:G1NewSizePercent=30 -XX:G1MaxNewSizePercent=40 -XX:G1HeapRegionSize=8M -XX:G1ReservePercent=20 -XX:G1HeapWastePercent=5 -XX:G1MixedGCCountTarget=4 -XX:InitiatingHeapOccupancyPercent=15 -XX:G1MixedGCLiveThresholdPercent=90 -XX:G1RSetUpdatingPauseTimePercent=5 -XX:SurvivorRatio=32 -XX:+PerfDisableSharedMem -XX:MaxTenuringThreshold=1 paper.jar nogui

Host: Intel Xeon Processor (Skylake, IBRS), 2 cores, 7G, Rocky Linux release 8.5 (Green Obsidian)
Time: Sat Jan  8 02:19:13 2022 UTC elapsed time: 0.013679 seconds (0d 0h 0m 0s)

---------------  T H R E A D  ---------------

Current thread (0x00007f5734023010):  JavaThread "Unknown thread" [_thread_in_vm, id=35959, stack(0x00007f573dfea000,0x00007f573e0eb000)]

Stack: [0x00007f573dfea000,0x00007f573e0eb000],  sp=0x00007f573e0e93f0,  free space=1020k
Native frames: (J=compiled Java code, j=interpreted, Vv=VM code, C=native code)
V  [libjvm.so+0xf7d371]  VMError::report_and_die(int, char const*, char const*, __va_list_tag*, Thread*, unsigned char*, void*, void*, char const*, int, unsigned long)+0x1a1
V  [libjvm.so+0xf7dffb]  VMError::report_and_die(Thread*, char const*, int, unsigned long, VMErrorType, char const*, __va_list_tag*)+0x2b
V  [libjvm.so+0x61bc2d]  report_vm_out_of_memory(char const*, int, unsigned long, VMErrorType, char const*, ...)+0xcd
V  [libjvm.so+0xc39f28]  os::pd_commit_memory_or_exit(char*, unsigned long, unsigned long, bool, char const*)+0x108
V  [libjvm.so+0xc3330d]  os::commit_memory_or_exit(char*, unsigned long, unsigned long, bool, char const*)+0x1d
V  [libjvm.so+0x75be04]  G1PageBasedVirtualSpace::commit(unsigned long, unsigned long)+0x154
V  [libjvm.so+0x771b51]  G1RegionsLargerThanCommitSizeMapper::commit_regions(unsigned int, unsigned long, WorkGang*)+0x181
V  [libjvm.so+0x7ff728]  HeapRegionManager::commit_regions(unsigned int, unsigned long, WorkGang*)+0x88
V  [libjvm.so+0x8012e9]  HeapRegionManager::expand(unsigned int, unsigned int, WorkGang*)+0x29
V  [libjvm.so+0x80152c]  HeapRegionManager::expand_by(unsigned int, WorkGang*)+0x7c
V  [libjvm.so+0x70c749]  G1CollectedHeap::expand(unsigned long, WorkGang*, double*)+0xe9
V  [libjvm.so+0x70ce61]  G1CollectedHeap::initialize()+0x691
V  [libjvm.so+0xf2ba51]  universe_init()+0xd1
V  [libjvm.so+0x822076]  init_globals()+0x36
V  [libjvm.so+0xf0346d]  Threads::create_vm(JavaVMInitArgs*, bool*)+0x2fd
V  [libjvm.so+0x8df6b2]  JNI_CreateJavaVM+0x52
C  [libjli.so+0x4b91]  JavaMain+0x91
C  [libjli.so+0x8889]  ThreadJavaMain+0x9


---------------  P R O C E S S  ---------------

Threads class SMR info:
_java_thread_list=0x00007f573d2ad2e0, length=0, elements={
}

Java Threads: ( => current thread )

Other Threads:
  0x00007f5734066d30 GCTaskThread "GC Thread#0" [stack: 0x00007f57395ec000,0x00007f57396ec000] [id=35960]
  0x00007f573406c300 ConcurrentGCThread "G1 Main Marker" [stack: 0x00007f57394ea000,0x00007f57395ea000] [id=35961]
  0x00007f573406d260 ConcurrentGCThread "G1 Conc#0" [stack: 0x00007f57393e8000,0x00007f57394e8000] [id=35962]

[error occurred during error reporting (printing all threads), id 0xb, SIGSEGV (0xb) at pc=0x00007f573c3b7a10]

VM state: not at safepoint (not fully initialized)

VM Mutex/Monitor currently owned by a thread:  ([mutex/lock_event])
[0x00007f5734020b50] Heap_lock - owner thread: 0x00007f5734023010

Heap address: 0x0000000700000000, size: 4096 MB, Compressed Oops mode: Zero based, Oop shift amount: 3

CDS archive(s) mapped at: [0x0000000000000000-0x0000000000000000-0x0000000000000000), size 0, SharedBaseAddress: 0x0000000800000000, ArchiveRelocationMode: 0.
Narrow klass base: 0x0000000000000000, Narrow klass shift: 0, Narrow klass range: 0x0

GC Precious Log:
<Empty>

Heap:
 garbage-first heap   total 0K, used 0K [0x0000000700000000, 0x0000000800000000)
  region size 8192K, 0 young (0K), 0 survivors (0K)

[error occurred during error reporting (printing heap information), id 0xb, SIGSEGV (0xb) at pc=0x00007f573c97ba3a]

GC Heap History (0 events):
No events

Deoptimization events (0 events):
No events

Classes unloaded (0 events):
No events

Classes redefined (0 events):
No events

Internal exceptions (0 events):
No events

VM Operations (0 events):
No events

Events (2 events):
Event: 0.001 Protecting memory [0x00007f573dfea000,0x00007f573dfee000] with protection modes 0
Event: 0.002 Loaded shared library /usr/java/jdk-17.0.1+12-jre/lib/libjava.so


Dynamic libraries:
56268593a000-56268593b000 r-xp 00000000 08:01 522640                     /usr/java/jdk-17.0.1+12-jre/bin/java
562685b3b000-562685b3c000 r--p 00001000 08:01 522640                     /usr/java/jdk-17.0.1+12-jre/bin/java
562685b3c000-562685b3d000 rw-p 00002000 08:01 522640                     /usr/java/jdk-17.0.1+12-jre/bin/java
562685d1e000-562685d3f000 rw-p 00000000 00:00 0                          [heap]
7f5708000000-7f5708021000 rw-p 00000000 00:00 0 
7f5708021000-7f570c000000 ---p 00000000 00:00 0 
7f570c000000-7f570c021000 rw-p 00000000 00:00 0 
7f570c021000-7f5710000000 ---p 00000000 00:00 0 
7f5710000000-7f5710021000 rw-p 00000000 00:00 0 
7f5710021000-7f5714000000 ---p 00000000 00:00 0 
7f5715fe5000-7f5717fe5000 rw-p 00000000 00:00 0 
7f5717fe5000-7f571ffe5000 ---p 00000000 00:00 0 
7f571ffe5000-7f5720255000 rwxp 00000000 00:00 0 
7f5720255000-7f5720574000 ---p 00000000 00:00 0 
7f5720574000-7f57207e4000 rwxp 00000000 00:00 0 
7f57207e4000-7f5727aac000 ---p 00000000 00:00 0 
7f5727aac000-7f5727d1c000 rwxp 00000000 00:00 0 
7f5727d1c000-7f572efe5000 ---p 00000000 00:00 0 
7f572efe5000-7f5734000000 r--s 00000000 08:01 522620                     /usr/java/jdk-17.0.1+12-jre/lib/modules
7f5734000000-7f5734082000 rw-p 00000000 00:00 0 
7f5734082000-7f5738000000 ---p 00000000 00:00 0 
7f5738dfa000-7f57393e6000 rw-p 00000000 00:00 0 
7f57393e6000-7f57393e7000 ---p 00000000 00:00 0 
7f57393e7000-7f57394e8000 rw-p 00000000 00:00 0 
7f57394e8000-7f57394e9000 ---p 00000000 00:00 0 
7f57394e9000-7f57395ea000 rw-p 00000000 00:00 0 
7f57395ea000-7f57395eb000 ---p 00000000 00:00 0 
7f57395eb000-7f57396ec000 rw-p 00000000 00:00 0 
7f57396ec000-7f573aeec000 ---p 00000000 00:00 0 
7f573aeec000-7f573b0f3000 rw-p 00000000 00:00 0 
7f573b0f3000-7f573b1d9000 ---p 00000000 00:00 0 
7f573b1d9000-7f573b1de000 rw-p 00000000 00:00 0 
7f573b1de000-7f573b2c4000 ---p 00000000 00:00 0 
7f573b2c4000-7f573b2e8000 r-xp 00000000 08:01 522630                     /usr/java/jdk-17.0.1+12-jre/lib/libjava.so
7f573b2e8000-7f573b4e8000 ---p 00024000 08:01 522630                     /usr/java/jdk-17.0.1+12-jre/lib/libjava.so
7f573b4e8000-7f573b4e9000 r--p 00024000 08:01 522630                     /usr/java/jdk-17.0.1+12-jre/lib/libjava.so
7f573b4e9000-7f573b4ea000 rw-p 00025000 08:01 522630                     /usr/java/jdk-17.0.1+12-jre/lib/libjava.so
7f573b4ea000-7f573b4eb000 rw-p 00000000 00:00 0 
7f573b4eb000-7f573b506000 r-xp 00000000 08:01 522580                     /usr/java/jdk-17.0.1+12-jre/lib/libjimage.so
7f573b506000-7f573b705000 ---p 0001b000 08:01 522580                     /usr/java/jdk-17.0.1+12-jre/lib/libjimage.so
7f573b705000-7f573b707000 r--p 0001a000 08:01 522580                     /usr/java/jdk-17.0.1+12-jre/lib/libjimage.so
7f573b707000-7f573b708000 rw-p 0001c000 08:01 522580                     /usr/java/jdk-17.0.1+12-jre/lib/libjimage.so
7f573b708000-7f573b889000 r-xp 00000000 08:01 3649                       /usr/lib64/libm-2.28.so
7f573b889000-7f573ba88000 ---p 00181000 08:01 3649                       /usr/lib64/libm-2.28.so
7f573ba88000-7f573ba89000 r--p 00180000 08:01 3649                       /usr/lib64/libm-2.28.so
7f573ba89000-7f573ba8a000 rw-p 00181000 08:01 3649                       /usr/lib64/libm-2.28.so
7f573ba8a000-7f573ba91000 r-xp 00000000 08:01 3663                       /usr/lib64/librt-2.28.so
7f573ba91000-7f573bc90000 ---p 00007000 08:01 3663                       /usr/lib64/librt-2.28.so
7f573bc90000-7f573bc91000 r--p 00006000 08:01 3663                       /usr/lib64/librt-2.28.so
7f573bc91000-7f573bc92000 rw-p 00007000 08:01 3663                       /usr/lib64/librt-2.28.so
7f573bc92000-7f573cf71000 r-xp 00000000 08:01 522607                     /usr/java/jdk-17.0.1+12-jre/lib/server/libjvm.so
7f573cf71000-7f573d170000 ---p 012df000 08:01 522607                     /usr/java/jdk-17.0.1+12-jre/lib/server/libjvm.so
7f573d170000-7f573d229000 r--p 012de000 08:01 522607                     /usr/java/jdk-17.0.1+12-jre/lib/server/libjvm.so
7f573d229000-7f573d25d000 rw-p 01397000 08:01 522607                     /usr/java/jdk-17.0.1+12-jre/lib/server/libjvm.so
7f573d25d000-7f573d2b7000 rw-p 00000000 00:00 0 
7f573d2b7000-7f573d473000 r-xp 00000000 08:01 3645                       /usr/lib64/libc-2.28.so
7f573d473000-7f573d672000 ---p 001bc000 08:01 3645                       /usr/lib64/libc-2.28.so
7f573d672000-7f573d676000 r--p 001bb000 08:01 3645                       /usr/lib64/libc-2.28.so
7f573d676000-7f573d678000 rw-p 001bf000 08:01 3645                       /usr/lib64/libc-2.28.so
7f573d678000-7f573d67c000 rw-p 00000000 00:00 0 
7f573d67c000-7f573d67f000 r-xp 00000000 08:01 3647                       /usr/lib64/libdl-2.28.so
7f573d67f000-7f573d87e000 ---p 00003000 08:01 3647                       /usr/lib64/libdl-2.28.so
7f573d87e000-7f573d87f000 r--p 00002000 08:01 3647                       /usr/lib64/libdl-2.28.so
7f573d87f000-7f573d880000 rw-p 00003000 08:01 3647                       /usr/lib64/libdl-2.28.so
7f573d880000-7f573d89b000 r-xp 00000000 08:01 3659                       /usr/lib64/libpthread-2.28.so
7f573d89b000-7f573da9a000 ---p 0001b000 08:01 3659                       /usr/lib64/libpthread-2.28.so
7f573da9a000-7f573da9b000 r--p 0001a000 08:01 3659                       /usr/lib64/libpthread-2.28.so
7f573da9b000-7f573da9c000 rw-p 0001b000 08:01 3659                       /usr/lib64/libpthread-2.28.so
7f573da9c000-7f573daa0000 rw-p 00000000 00:00 0 
7f573daa0000-7f573daaf000 r-xp 00000000 08:01 522604                     /usr/java/jdk-17.0.1+12-jre/lib/libjli.so
7f573daaf000-7f573dcaf000 ---p 0000f000 08:01 522604                     /usr/java/jdk-17.0.1+12-jre/lib/libjli.so
7f573dcaf000-7f573dcb0000 r--p 0000f000 08:01 522604                     /usr/java/jdk-17.0.1+12-jre/lib/libjli.so
7f573dcb0000-7f573dcb1000 rw-p 00010000 08:01 522604                     /usr/java/jdk-17.0.1+12-jre/lib/libjli.so
7f573dcb1000-7f573dcc7000 r-xp 00000000 08:01 4505                       /usr/lib64/libz.so.1.2.11
7f573dcc7000-7f573dec6000 ---p 00016000 08:01 4505                       /usr/lib64/libz.so.1.2.11
7f573dec6000-7f573dec7000 r--p 00015000 08:01 4505                       /usr/lib64/libz.so.1.2.11
7f573dec7000-7f573dec8000 rw-p 00000000 00:00 0 
7f573dec8000-7f573def4000 r-xp 00000000 08:01 3638                       /usr/lib64/ld-2.28.so
7f573dfc4000-7f573dfdb000 rw-p 00000000 00:00 0 
7f573dfdb000-7f573dfe2000 ---p 00000000 00:00 0 
7f573dfe2000-7f573dfea000 rw-p 00000000 00:00 0 
7f573dfea000-7f573dfee000 ---p 00000000 00:00 0 
7f573dfee000-7f573e0ed000 rw-p 00000000 00:00 0 
7f573e0ef000-7f573e0f0000 ---p 00000000 00:00 0 
7f573e0f0000-7f573e0f1000 r--p 00000000 00:00 0 
7f573e0f1000-7f573e0f2000 ---p 00000000 00:00 0 
7f573e0f2000-7f573e0f4000 rw-p 00000000 00:00 0 
7f573e0f4000-7f573e0f5000 r--p 0002c000 08:01 3638                       /usr/lib64/ld-2.28.so
7f573e0f5000-7f573e0f7000 rw-p 0002d000 08:01 3638                       /usr/lib64/ld-2.28.so
7ffca5643000-7ffca5664000 rw-p 00000000 00:00 0                          [stack]
7ffca56ca000-7ffca56ce000 r--p 00000000 00:00 0                          [vvar]
7ffca56ce000-7ffca56d0000 r-xp 00000000 00:00 0                          [vdso]
ffffffffff600000-ffffffffff601000 r-xp 00000000 00:00 0                  [vsyscall]


VM Arguments:
jvm_args: -Xms4G -Xmx4G -XX:+UseG1GC -XX:+ParallelRefProcEnabled -XX:MaxGCPauseMillis=200 -XX:+UnlockExperimentalVMOptions -XX:+DisableExplicitGC -XX:+AlwaysPreTouch -XX:G1NewSizePercent=30 -XX:G1MaxNewSizePercent=40 -XX:G1HeapRegionSize=8M -XX:G1ReservePercent=20 -XX:G1HeapWastePercent=5 -XX:G1MixedGCCountTarget=4 -XX:InitiatingHeapOccupancyPercent=15 -XX:G1MixedGCLiveThresholdPercent=90 -XX:G1RSetUpdatingPauseTimePercent=5 -XX:SurvivorRatio=32 -XX:+PerfDisableSharedMem -XX:MaxTenuringThreshold=1 
java_command: paper.jar nogui
java_class_path (initial): paper.jar
Launcher Type: SUN_STANDARD

[Global flags]
     bool AlwaysPreTouch                           = true                                      {product} {command line}
     bool AlwaysTenure                             = false                                     {product} {command line}
     intx CICompilerCount                          = 2                                         {product} {ergonomic}
     uint ConcGCThreads                            = 1                                         {product} {ergonomic}
     bool DisableExplicitGC                        = true                                      {product} {command line}
     uint G1ConcRefinementThreads                  = 2                                         {product} {ergonomic}
     uint G1EagerReclaimRemSetThreshold            = 64                                   {experimental} {ergonomic}
   size_t G1HeapRegionSize                         = 8388608                                   {product} {command line}
    uintx G1HeapWastePercent                       = 5                                         {product} {command line}
    uintx G1MaxNewSizePercent                      = 40                                   {experimental} {command line}
    uintx G1MixedGCCountTarget                     = 4                                         {product} {command line}
    uintx G1MixedGCLiveThresholdPercent            = 90                                   {experimental} {command line}
    uintx G1NewSizePercent                         = 30                                   {experimental} {command line}
     intx G1RSetUpdatingPauseTimePercent           = 5                                         {product} {command line}
    uintx G1ReservePercent                         = 20                                        {product} {command line}
    uintx GCDrainStackTargetSize                   = 64                                        {product} {ergonomic}
   size_t InitialHeapSize                          = 4294967296                                {product} {command line}
    uintx InitialTenuringThreshold                 = 1                                         {product} {ergonomic}
    uintx InitiatingHeapOccupancyPercent           = 15                                        {product} {command line}
   size_t MarkStackSize                            = 4194304                                   {product} {ergonomic}
    uintx MaxGCPauseMillis                         = 200                                       {product} {command line}
   size_t MaxHeapSize                              = 4294967296                                {product} {command line}
    uintx MaxTenuringThreshold                     = 1                                         {product} {command line}
   size_t MinHeapDeltaBytes                        = 8388608                                   {product} {ergonomic}
   size_t MinHeapSize                              = 4294967296                                {product} {command line}
     bool NeverTenure                              = false                                     {product} {command line}
    uintx NonNMethodCodeHeapSize                   = 5826188                                {pd product} {ergonomic}
    uintx NonProfiledCodeHeapSize                  = 122916026                              {pd product} {ergonomic}
     bool ParallelRefProcEnabled                   = true                                      {product} {command line}
     bool PerfDisableSharedMem                     = true                                      {product} {command line}
    uintx ProfiledCodeHeapSize                     = 122916026                              {pd product} {ergonomic}
    uintx ReservedCodeCacheSize                    = 251658240                              {pd product} {ergonomic}
     bool SegmentedCodeCache                       = true                                      {product} {ergonomic}
   size_t SoftMaxHeapSize                          = 4294967296                             {manageable} {ergonomic}
    uintx SurvivorRatio                            = 32                                        {product} {command line}
     bool UnlockExperimentalVMOptions              = true                                 {experimental} {command line}
     bool UseCompressedClassPointers               = true                           {product lp64_product} {ergonomic}
     bool UseCompressedOops                        = true                           {product lp64_product} {ergonomic}
     bool UseG1GC                                  = true                                      {product} {command line}

Logging:
Log output configuration:
 #0: stdout all=warning uptime,level,tags
 #1: stderr all=off uptime,level,tags

Environment Variables:
PATH=/usr/local/sbin:/usr/local/bin:/usr/sbin:/usr/bin
SHELL=/bin/bash
LANG=en_US.UTF-8

Signal Handlers:
   SIGSEGV: crash_handler in libjvm.so, mask=11100100010111111101111111111110, flags=SA_RESTART|SA_SIGINFO
    SIGBUS: crash_handler in libjvm.so, mask=11100100010111111101111111111110, flags=SA_RESTART|SA_SIGINFO
    SIGFPE: crash_handler in libjvm.so, mask=11100100010111111101111111111110, flags=SA_RESTART|SA_SIGINFO
   SIGPIPE: javaSignalHandler in libjvm.so, mask=11100100010111111101111111111110, flags=SA_RESTART|SA_SIGINFO
   SIGXFSZ: javaSignalHandler in libjvm.so, mask=11100100010111111101111111111110, flags=SA_RESTART|SA_SIGINFO
    SIGILL: crash_handler in libjvm.so, mask=11100100010111111101111111111110, flags=SA_RESTART|SA_SIGINFO
   SIGUSR2: SR_handler in libjvm.so, mask=00000000000000000000000000000000, flags=SA_RESTART|SA_SIGINFO
    SIGHUP: SIG_DFL, mask=00000000000000000000000000000000, flags=none
    SIGINT: SIG_DFL, mask=00000000000000000000000000000000, flags=none
   SIGTERM: SIG_DFL, mask=00000000000000000000000000000000, flags=none
   SIGQUIT: SIG_DFL, mask=00000000000000000000000000000000, flags=none
   SIGTRAP: crash_handler in libjvm.so, mask=11100100010111111101111111111110, flags=SA_RESTART|SA_SIGINFO


---------------  S Y S T E M  ---------------

OS:
Rocky Linux release 8.5 (Green Obsidian)
uname: Linux 4.18.0-348.7.1.el8_5.x86_64 #1 SMP Tue Dec 21 19:02:23 UTC 2021 x86_64
OS uptime: 2 days 0:48 hours
libc: glibc 2.28 NPTL 2.28 
rlimit (soft/hard): STACK 8192k/infinity , CORE 0k/infinity , NPROC 30177/30177 , NOFILE 262144/262144 , AS infinity/infinity , CPU infinity/infinity , DATA infinity/infinity , FSIZE infinity/infinity , MEMLOCK 64k/64k
load average: 3.25 2.15 1.06

/proc/meminfo:
MemTotal:        7760388 kB
MemFree:          170648 kB
MemAvailable:    2291044 kB
Buffers:           94528 kB
Cached:          2304548 kB
SwapCached:            0 kB
Active:          1182288 kB
Inactive:        6181428 kB
Active(anon):      54752 kB
Inactive(anon):  5019688 kB
Active(file):    1127536 kB
Inactive(file):  1161740 kB
Unevictable:        3072 kB
Mlocked:               0 kB
SwapTotal:             0 kB
SwapFree:              0 kB
Dirty:             18868 kB
Writeback:             0 kB
AnonPages:       4966052 kB
Mapped:           117016 kB
Shmem:            109800 kB
KReclaimable:     110436 kB
Slab:             157464 kB
SReclaimable:     110436 kB
SUnreclaim:        47028 kB
KernelStack:        4656 kB
PageTables:        19612 kB
NFS_Unstable:          0 kB
Bounce:                0 kB
WritebackTmp:          0 kB
CommitLimit:     3880192 kB
Committed_AS:    6110104 kB
VmallocTotal:   34359738367 kB
VmallocUsed:           0 kB
VmallocChunk:          0 kB
Percpu:             1176 kB
HardwareCorrupted:     0 kB
AnonHugePages:   4470784 kB
ShmemHugePages:        0 kB
ShmemPmdMapped:        0 kB
FileHugePages:         0 kB
FilePmdMapped:         0 kB
HugePages_Total:       0
HugePages_Free:        0
HugePages_Rsvd:        0
HugePages_Surp:        0
Hugepagesize:       2048 kB
Hugetlb:               0 kB
DirectMap4k:      151408 kB
DirectMap2M:     3846144 kB
DirectMap1G:     4194304 kB

/sys/kernel/mm/transparent_hugepage/enabled: <Not Available>
/sys/kernel/mm/transparent_hugepage/defrag (defrag/compaction efforts parameter): <Not Available>

Process Memory:
Virtual Size: 838212K (peak: 5028508K)
Resident Set Size: 26044K (peak: 26044K) (anon: 13408K, file: 12636K, shmem: 0K)
Swapped out: 0K
C-Heap outstanding allocations: 620K

/proc/sys/kernel/threads-max (system-wide limit on the number of threads): 60354
/proc/sys/vm/max_map_count (maximum number of memory map areas a process may have): 65530
/proc/sys/kernel/pid_max (system-wide limit on number of process identifiers): 4194304

KVM virtualization detected
Steal ticks since vm start: 0
Steal ticks percentage since vm start:  0.000

CPU: total 2 (initial active 2) (2 cores per cpu, 1 threads per core) family 6 model 85 stepping 4 microcode 0x1, cx8, cmov, fxsr, mmx, 3dnowpref, sse, sse2, sse3, ssse3, sse4.1, sse4.2, popcnt, lzcnt, tsc, avx, avx2, aes, erms, clmul, bmi1, bmi2, rtm, adx, fma, vzeroupper, clflush, clwb, hv
CPU Model and flags from /proc/cpuinfo:
model name	: Intel Xeon Processor (Skylake, IBRS)
flags		: fpu vme de pse tsc msr pae mce cx8 apic sep mtrr pge mca cmov pat pse36 clflush mmx fxsr sse sse2 ht syscall nx pdpe1gb rdtscp lm constant_tsc rep_good nopl xtopology cpuid tsc_known_freq pni pclmulqdq ssse3 fma cx16 pcid sse4_1 sse4_2 x2apic movbe popcnt tsc_deadline_timer aes xsave avx f16c rdrand hypervisor lahf_lm abm 3dnowprefetch cpuid_fault invpcid_single pti ssbd ibrs ibpb fsgsbase bmi1 hle avx2 smep bmi2 erms invpcid rtm avx512f avx512dq rdseed adx smap clwb avx512cd avx512bw avx512vl xsaveopt xsavec xgetbv1 arat pku ospke md_clear

Online cpus: <Not Available>
Offline cpus: <Not Available>
BIOS frequency limitation: <Not Available>
Frequency switch latency (ns): <Not Available>
Available cpu frequencies: <Not Available>
Current governor: <Not Available>
Core performance/turbo boost: <Not Available>

Memory: 4k page, physical 7760388k(170648k free), swap 0k(0k free)
Page Sizes: 4k

vm_info: OpenJDK 64-Bit Server VM (17.0.1+12) for linux-amd64 JRE (17.0.1+12), built on Dec  1 2021 15:09:35 by "" with gcc 7.5.0

END.
