#
# There is insufficient memory for the Java Runtime Environment to continue.
# Native memory allocation (mmap) failed to map 2147483648 bytes for committing reserved memory.
# Possible reasons:
#   The system is out of physical RAM or swap space
#   The process is running with CompressedOops enabled, and the Java Heap may be blocking the growth of the native heap
# Possible solutions:
#   Reduce memory load on the system
#   Increase physical memory or swap space
#   Check if swap backing store is full
#   Decrease Java heap size (-Xmx/-Xms)
#   Decrease number of Java threads
#   Decrease Java thread stack sizes (-Xss)
#   Set larger code cache with -XX:ReservedCodeCacheSize=
#   JVM is running with Unscaled Compressed Oops mode in which the Java heap is
#     placed in the first 4GB address space. The Java Heap base address is the
#     maximum limit for the native heap growth. Please use -XX:HeapBaseMinAddress
#     to set the Java Heap base and to place the Java Heap above 4GB virtual address.
# This output file may be truncated or incomplete.
#
#  Out of Memory Error (os_linux.cpp:2728), pid=31661, tid=31663
#
# JRE version:  (17.0.1+12) (build )
# Java VM: OpenJDK 64-Bit Server VM (17.0.1+12, mixed mode, sharing, tiered, compressed oops, compressed class ptrs, g1 gc, linux-amd64)
# Core dump will be written. Default location: Core dumps may be processed with "/usr/lib/systemd/systemd-coredump %P %u %g %s %t %c %h %e" (or dumping to /var/minecraft/server/core.31661)
#

---------------  S U M M A R Y ------------

Command Line: -Xms2G -Xmx2G -XX:+UseG1GC -XX:+ParallelRefProcEnabled -XX:MaxGCPauseMillis=200 -XX:+UnlockExperimentalVMOptions -XX:+DisableExplicitGC -XX:+AlwaysPreTouch -XX:G1NewSizePercent=30 -XX:G1MaxNewSizePercent=40 -XX:G1HeapRegionSize=8M -XX:G1ReservePercent=20 -XX:G1HeapWastePercent=5 -XX:G1MixedGCCountTarget=4 -XX:InitiatingHeapOccupancyPercent=15 -XX:G1MixedGCLiveThresholdPercent=90 -XX:G1RSetUpdatingPauseTimePercent=5 -XX:SurvivorRatio=32 -XX:+PerfDisableSharedMem -XX:MaxTenuringThreshold=1 paper.jar nogui

Host: AMD EPYC Processor, 3 cores, 3G, Rocky Linux release 8.5 (Green Obsidian)
Time: Wed Jan  5 05:40:24 2022 UTC elapsed time: 0.013436 seconds (0d 0h 0m 0s)

---------------  T H R E A D  ---------------

Current thread (0x00007f2a54023010):  JavaThread "Unknown thread" [_thread_in_vm, id=31663, stack(0x00007f2a5b134000,0x00007f2a5b235000)]

Stack: [0x00007f2a5b134000,0x00007f2a5b235000],  sp=0x00007f2a5b2333f0,  free space=1020k
Native frames: (J=compiled Java code, j=interpreted, Vv=VM code, C=native code)
V  [libjvm.so+0xf7d371]  VMError::report_and_die(int, char const*, char const*, __va_list_tag*, Thread*, unsigned char*, void*, void*, char const*, int, unsigned long)+0x1a1
V  [libjvm.so+0xf7dffb]  VMError::report_and_die(Thread*, char const*, int, unsigned long, VMErrorType, char const*, __va_list_tag*)+0x2b
V  [libjvm.so+0x61bc2d]  report_vm_out_of_memory(char const*, int, unsigned long, VMErrorType, char const*, ...)+0xcd
V  [libjvm.so+0xc39f28]  os::pd_commit_memory_or_exit(char*, unsigned long, unsigned long, bool, char const*)+0x108
V  [libjvm.so+0xc3330d]  os::commit_memory_or_exit(char*, unsigned long, unsigned long, bool, char const*)+0x1d
V  [libjvm.so+0x75be04]  G1PageBasedVirtualSpace::commit(unsigned long, unsigned long)+0x154
V  [libjvm.so+0x771b51]  G1RegionsLargerThanCommitSizeMapper::commit_regions(unsigned int, unsigned long, WorkGang*)+0x181
V  [libjvm.so+0x7ff728]  HeapRegionManager::commit_regions(unsigned int, unsigned long, WorkGang*)+0x88
V  [libjvm.so+0x8012e9]  HeapRegionManager::expand(unsigned int, unsigned int, WorkGang*)+0x29
V  [libjvm.so+0x80152c]  HeapRegionManager::expand_by(unsigned int, WorkGang*)+0x7c
V  [libjvm.so+0x70c749]  G1CollectedHeap::expand(unsigned long, WorkGang*, double*)+0xe9
V  [libjvm.so+0x70ce61]  G1CollectedHeap::initialize()+0x691
V  [libjvm.so+0xf2ba51]  universe_init()+0xd1
V  [libjvm.so+0x822076]  init_globals()+0x36
V  [libjvm.so+0xf0346d]  Threads::create_vm(JavaVMInitArgs*, bool*)+0x2fd
V  [libjvm.so+0x8df6b2]  JNI_CreateJavaVM+0x52
C  [libjli.so+0x4b91]  JavaMain+0x91
C  [libjli.so+0x8889]  ThreadJavaMain+0x9


---------------  P R O C E S S  ---------------

Threads class SMR info:
_java_thread_list=0x00007f2a5a3f72e0, length=0, elements={
}

Java Threads: ( => current thread )

Other Threads:
  0x00007f2a540539a0 GCTaskThread "GC Thread#0" [stack: 0x00007f2a3b1e4000,0x00007f2a3b2e4000] [id=31664]
  0x00007f2a54056f70 ConcurrentGCThread "G1 Main Marker" [stack: 0x00007f2a3b0e2000,0x00007f2a3b1e2000] [id=31665]
  0x00007f2a54057ed0 ConcurrentGCThread "G1 Conc#0" [stack: 0x00007f2a3afe0000,0x00007f2a3b0e0000] [id=31666]

[error occurred during error reporting (printing all threads), id 0xb, SIGSEGV (0xb) at pc=0x00007f2a59501a10]

VM state: not at safepoint (not fully initialized)

VM Mutex/Monitor currently owned by a thread:  ([mutex/lock_event])
[0x00007f2a54020b50] Heap_lock - owner thread: 0x00007f2a54023010

Heap address: 0x0000000080000000, size: 2048 MB, Compressed Oops mode: 32-bit

CDS archive(s) mapped at: [0x0000000000000000-0x0000000000000000-0x0000000000000000), size 0, SharedBaseAddress: 0x0000000800000000, ArchiveRelocationMode: 0.
Narrow klass base: 0x0000000000000000, Narrow klass shift: 0, Narrow klass range: 0x0

GC Precious Log:
<Empty>

Heap:
 garbage-first heap   total 0K, used 0K [0x0000000080000000, 0x0000000100000000)
  region size 8192K, 0 young (0K), 0 survivors (0K)

[error occurred during error reporting (printing heap information), id 0xb, SIGSEGV (0xb) at pc=0x00007f2a59ac5a3a]

GC Heap History (0 events):
No events

Deoptimization events (0 events):
No events

Classes unloaded (0 events):
No events

Classes redefined (0 events):
No events

Internal exceptions (0 events):
No events

VM Operations (0 events):
No events

Events (2 events):
Event: 0.003 Protecting memory [0x00007f2a5b134000,0x00007f2a5b138000] with protection modes 0
Event: 0.004 Loaded shared library /usr/java/jdk-17.0.1+12-jre/lib/libjava.so


Dynamic libraries:
564f8d9fc000-564f8d9fd000 r-xp 00000000 08:01 522640                     /usr/java/jdk-17.0.1+12-jre/bin/java
564f8dbfd000-564f8dbfe000 r--p 00001000 08:01 522640                     /usr/java/jdk-17.0.1+12-jre/bin/java
564f8dbfe000-564f8dbff000 rw-p 00002000 08:01 522640                     /usr/java/jdk-17.0.1+12-jre/bin/java
564f8e4ad000-564f8e4ce000 rw-p 00000000 00:00 0                          [heap]
7f2a2c000000-7f2a2c021000 rw-p 00000000 00:00 0 
7f2a2c021000-7f2a30000000 ---p 00000000 00:00 0 
7f2a30000000-7f2a30021000 rw-p 00000000 00:00 0 
7f2a30021000-7f2a34000000 ---p 00000000 00:00 0 
7f2a34000000-7f2a34021000 rw-p 00000000 00:00 0 
7f2a34021000-7f2a38000000 ---p 00000000 00:00 0 
7f2a388f1000-7f2a3afde000 rw-p 00000000 00:00 0 
7f2a3afde000-7f2a3afdf000 ---p 00000000 00:00 0 
7f2a3afdf000-7f2a3b0e0000 rw-p 00000000 00:00 0 
7f2a3b0e0000-7f2a3b0e1000 ---p 00000000 00:00 0 
7f2a3b0e1000-7f2a3b1e2000 rw-p 00000000 00:00 0 
7f2a3b1e2000-7f2a3b1e3000 ---p 00000000 00:00 0 
7f2a3b1e3000-7f2a3b2e4000 rw-p 00000000 00:00 0 
7f2a3b2e4000-7f2a3fee4000 ---p 00000000 00:00 0 
7f2a3fee4000-7f2a3ffe5000 rw-p 00000000 00:00 0 
7f2a3ffe5000-7f2a40255000 rwxp 00000000 00:00 0 
7f2a40255000-7f2a40574000 ---p 00000000 00:00 0 
7f2a40574000-7f2a407e4000 rwxp 00000000 00:00 0 
7f2a407e4000-7f2a47aac000 ---p 00000000 00:00 0 
7f2a47aac000-7f2a47d1c000 rwxp 00000000 00:00 0 
7f2a47d1c000-7f2a4efe5000 ---p 00000000 00:00 0 
7f2a4efe5000-7f2a54000000 r--s 00000000 08:01 522620                     /usr/java/jdk-17.0.1+12-jre/lib/modules
7f2a54000000-7f2a54072000 rw-p 00000000 00:00 0 
7f2a54072000-7f2a58000000 ---p 00000000 00:00 0 
7f2a58036000-7f2a5823d000 rw-p 00000000 00:00 0 
7f2a5823d000-7f2a58323000 ---p 00000000 00:00 0 
7f2a58323000-7f2a58328000 rw-p 00000000 00:00 0 
7f2a58328000-7f2a5840e000 ---p 00000000 00:00 0 
7f2a5840e000-7f2a58432000 r-xp 00000000 08:01 522630                     /usr/java/jdk-17.0.1+12-jre/lib/libjava.so
7f2a58432000-7f2a58632000 ---p 00024000 08:01 522630                     /usr/java/jdk-17.0.1+12-jre/lib/libjava.so
7f2a58632000-7f2a58633000 r--p 00024000 08:01 522630                     /usr/java/jdk-17.0.1+12-jre/lib/libjava.so
7f2a58633000-7f2a58634000 rw-p 00025000 08:01 522630                     /usr/java/jdk-17.0.1+12-jre/lib/libjava.so
7f2a58634000-7f2a58635000 rw-p 00000000 00:00 0 
7f2a58635000-7f2a58650000 r-xp 00000000 08:01 522580                     /usr/java/jdk-17.0.1+12-jre/lib/libjimage.so
7f2a58650000-7f2a5884f000 ---p 0001b000 08:01 522580                     /usr/java/jdk-17.0.1+12-jre/lib/libjimage.so
7f2a5884f000-7f2a58851000 r--p 0001a000 08:01 522580                     /usr/java/jdk-17.0.1+12-jre/lib/libjimage.so
7f2a58851000-7f2a58852000 rw-p 0001c000 08:01 522580                     /usr/java/jdk-17.0.1+12-jre/lib/libjimage.so
7f2a58852000-7f2a589d3000 r-xp 00000000 08:01 3649                       /usr/lib64/libm-2.28.so
7f2a589d3000-7f2a58bd2000 ---p 00181000 08:01 3649                       /usr/lib64/libm-2.28.so
7f2a58bd2000-7f2a58bd3000 r--p 00180000 08:01 3649                       /usr/lib64/libm-2.28.so
7f2a58bd3000-7f2a58bd4000 rw-p 00181000 08:01 3649                       /usr/lib64/libm-2.28.so
7f2a58bd4000-7f2a58bdb000 r-xp 00000000 08:01 3663                       /usr/lib64/librt-2.28.so
7f2a58bdb000-7f2a58dda000 ---p 00007000 08:01 3663                       /usr/lib64/librt-2.28.so
7f2a58dda000-7f2a58ddb000 r--p 00006000 08:01 3663                       /usr/lib64/librt-2.28.so
7f2a58ddb000-7f2a58ddc000 rw-p 00007000 08:01 3663                       /usr/lib64/librt-2.28.so
7f2a58ddc000-7f2a5a0bb000 r-xp 00000000 08:01 522607                     /usr/java/jdk-17.0.1+12-jre/lib/server/libjvm.so
7f2a5a0bb000-7f2a5a2ba000 ---p 012df000 08:01 522607                     /usr/java/jdk-17.0.1+12-jre/lib/server/libjvm.so
7f2a5a2ba000-7f2a5a373000 r--p 012de000 08:01 522607                     /usr/java/jdk-17.0.1+12-jre/lib/server/libjvm.so
7f2a5a373000-7f2a5a3a7000 rw-p 01397000 08:01 522607                     /usr/java/jdk-17.0.1+12-jre/lib/server/libjvm.so
7f2a5a3a7000-7f2a5a401000 rw-p 00000000 00:00 0 
7f2a5a401000-7f2a5a5bd000 r-xp 00000000 08:01 3645                       /usr/lib64/libc-2.28.so
7f2a5a5bd000-7f2a5a7bc000 ---p 001bc000 08:01 3645                       /usr/lib64/libc-2.28.so
7f2a5a7bc000-7f2a5a7c0000 r--p 001bb000 08:01 3645                       /usr/lib64/libc-2.28.so
7f2a5a7c0000-7f2a5a7c2000 rw-p 001bf000 08:01 3645                       /usr/lib64/libc-2.28.so
7f2a5a7c2000-7f2a5a7c6000 rw-p 00000000 00:00 0 
7f2a5a7c6000-7f2a5a7c9000 r-xp 00000000 08:01 3647                       /usr/lib64/libdl-2.28.so
7f2a5a7c9000-7f2a5a9c8000 ---p 00003000 08:01 3647                       /usr/lib64/libdl-2.28.so
7f2a5a9c8000-7f2a5a9c9000 r--p 00002000 08:01 3647                       /usr/lib64/libdl-2.28.so
7f2a5a9c9000-7f2a5a9ca000 rw-p 00003000 08:01 3647                       /usr/lib64/libdl-2.28.so
7f2a5a9ca000-7f2a5a9e5000 r-xp 00000000 08:01 3659                       /usr/lib64/libpthread-2.28.so
7f2a5a9e5000-7f2a5abe4000 ---p 0001b000 08:01 3659                       /usr/lib64/libpthread-2.28.so
7f2a5abe4000-7f2a5abe5000 r--p 0001a000 08:01 3659                       /usr/lib64/libpthread-2.28.so
7f2a5abe5000-7f2a5abe6000 rw-p 0001b000 08:01 3659                       /usr/lib64/libpthread-2.28.so
7f2a5abe6000-7f2a5abea000 rw-p 00000000 00:00 0 
7f2a5abea000-7f2a5abf9000 r-xp 00000000 08:01 522604                     /usr/java/jdk-17.0.1+12-jre/lib/libjli.so
7f2a5abf9000-7f2a5adf9000 ---p 0000f000 08:01 522604                     /usr/java/jdk-17.0.1+12-jre/lib/libjli.so
7f2a5adf9000-7f2a5adfa000 r--p 0000f000 08:01 522604                     /usr/java/jdk-17.0.1+12-jre/lib/libjli.so
7f2a5adfa000-7f2a5adfb000 rw-p 00010000 08:01 522604                     /usr/java/jdk-17.0.1+12-jre/lib/libjli.so
7f2a5adfb000-7f2a5ae11000 r-xp 00000000 08:01 4505                       /usr/lib64/libz.so.1.2.11
7f2a5ae11000-7f2a5b010000 ---p 00016000 08:01 4505                       /usr/lib64/libz.so.1.2.11
7f2a5b010000-7f2a5b011000 r--p 00015000 08:01 4505                       /usr/lib64/libz.so.1.2.11
7f2a5b011000-7f2a5b012000 rw-p 00000000 00:00 0 
7f2a5b012000-7f2a5b03e000 r-xp 00000000 08:01 3638                       /usr/lib64/ld-2.28.so
7f2a5b117000-7f2a5b125000 rw-p 00000000 00:00 0 
7f2a5b125000-7f2a5b12c000 ---p 00000000 00:00 0 
7f2a5b12c000-7f2a5b134000 rw-p 00000000 00:00 0 
7f2a5b134000-7f2a5b138000 ---p 00000000 00:00 0 
7f2a5b138000-7f2a5b237000 rw-p 00000000 00:00 0 
7f2a5b239000-7f2a5b23a000 ---p 00000000 00:00 0 
7f2a5b23a000-7f2a5b23b000 r--p 00000000 00:00 0 
7f2a5b23b000-7f2a5b23c000 ---p 00000000 00:00 0 
7f2a5b23c000-7f2a5b23e000 rw-p 00000000 00:00 0 
7f2a5b23e000-7f2a5b23f000 r--p 0002c000 08:01 3638                       /usr/lib64/ld-2.28.so
7f2a5b23f000-7f2a5b241000 rw-p 0002d000 08:01 3638                       /usr/lib64/ld-2.28.so
7ffe5ef20000-7ffe5ef41000 rw-p 00000000 00:00 0                          [stack]
7ffe5efa8000-7ffe5efac000 r--p 00000000 00:00 0                          [vvar]
7ffe5efac000-7ffe5efae000 r-xp 00000000 00:00 0                          [vdso]
ffffffffff600000-ffffffffff601000 r-xp 00000000 00:00 0                  [vsyscall]


VM Arguments:
jvm_args: -Xms2G -Xmx2G -XX:+UseG1GC -XX:+ParallelRefProcEnabled -XX:MaxGCPauseMillis=200 -XX:+UnlockExperimentalVMOptions -XX:+DisableExplicitGC -XX:+AlwaysPreTouch -XX:G1NewSizePercent=30 -XX:G1MaxNewSizePercent=40 -XX:G1HeapRegionSize=8M -XX:G1ReservePercent=20 -XX:G1HeapWastePercent=5 -XX:G1MixedGCCountTarget=4 -XX:InitiatingHeapOccupancyPercent=15 -XX:G1MixedGCLiveThresholdPercent=90 -XX:G1RSetUpdatingPauseTimePercent=5 -XX:SurvivorRatio=32 -XX:+PerfDisableSharedMem -XX:MaxTenuringThreshold=1 
java_command: paper.jar nogui
java_class_path (initial): paper.jar
Launcher Type: SUN_STANDARD

[Global flags]
     bool AlwaysPreTouch                           = true                                      {product} {command line}
     bool AlwaysTenure                             = false                                     {product} {command line}
     intx CICompilerCount                          = 2                                         {product} {ergonomic}
     uint ConcGCThreads                            = 1                                         {product} {ergonomic}
     bool DisableExplicitGC                        = true                                      {product} {command line}
     uint G1ConcRefinementThreads                  = 3                                         {product} {ergonomic}
     uint G1EagerReclaimRemSetThreshold            = 64                                   {experimental} {ergonomic}
   size_t G1HeapRegionSize                         = 8388608                                   {product} {command line}
    uintx G1HeapWastePercent                       = 5                                         {product} {command line}
    uintx G1MaxNewSizePercent                      = 40                                   {experimental} {command line}
    uintx G1MixedGCCountTarget                     = 4                                         {product} {command line}
    uintx G1MixedGCLiveThresholdPercent            = 90                                   {experimental} {command line}
    uintx G1NewSizePercent                         = 30                                   {experimental} {command line}
     intx G1RSetUpdatingPauseTimePercent           = 5                                         {product} {command line}
    uintx G1ReservePercent                         = 20                                        {product} {command line}
    uintx GCDrainStackTargetSize                   = 64                                        {product} {ergonomic}
   size_t InitialHeapSize                          = 2147483648                                {product} {command line}
    uintx InitialTenuringThreshold                 = 1                                         {product} {ergonomic}
    uintx InitiatingHeapOccupancyPercent           = 15                                        {product} {command line}
   size_t MarkStackSize                            = 4194304                                   {product} {ergonomic}
    uintx MaxGCPauseMillis                         = 200                                       {product} {command line}
   size_t MaxHeapSize                              = 2147483648                                {product} {command line}
    uintx MaxTenuringThreshold                     = 1                                         {product} {command line}
   size_t MinHeapDeltaBytes                        = 8388608                                   {product} {ergonomic}
   size_t MinHeapSize                              = 2147483648                                {product} {command line}
     bool NeverTenure                              = false                                     {product} {command line}
    uintx NonNMethodCodeHeapSize                   = 5826188                                {pd product} {ergonomic}
    uintx NonProfiledCodeHeapSize                  = 122916026                              {pd product} {ergonomic}
     bool ParallelRefProcEnabled                   = true                                      {product} {command line}
     bool PerfDisableSharedMem                     = true                                      {product} {command line}
    uintx ProfiledCodeHeapSize                     = 122916026                              {pd product} {ergonomic}
    uintx ReservedCodeCacheSize                    = 251658240                              {pd product} {ergonomic}
     bool SegmentedCodeCache                       = true                                      {product} {ergonomic}
   size_t SoftMaxHeapSize                          = 2147483648                             {manageable} {ergonomic}
    uintx SurvivorRatio                            = 32                                        {product} {command line}
     bool UnlockExperimentalVMOptions              = true                                 {experimental} {command line}
     bool UseCompressedClassPointers               = true                           {product lp64_product} {ergonomic}
     bool UseCompressedOops                        = true                           {product lp64_product} {ergonomic}
     bool UseG1GC                                  = true                                      {product} {command line}

Logging:
Log output configuration:
 #0: stdout all=warning uptime,level,tags
 #1: stderr all=off uptime,level,tags

Environment Variables:
PATH=/usr/local/sbin:/usr/local/bin:/usr/sbin:/usr/bin
SHELL=/bin/bash
LANG=en_US.UTF-8

Signal Handlers:
   SIGSEGV: crash_handler in libjvm.so, mask=11100100010111111101111111111110, flags=SA_RESTART|SA_SIGINFO
    SIGBUS: crash_handler in libjvm.so, mask=11100100010111111101111111111110, flags=SA_RESTART|SA_SIGINFO
    SIGFPE: crash_handler in libjvm.so, mask=11100100010111111101111111111110, flags=SA_RESTART|SA_SIGINFO
   SIGPIPE: javaSignalHandler in libjvm.so, mask=11100100010111111101111111111110, flags=SA_RESTART|SA_SIGINFO
   SIGXFSZ: javaSignalHandler in libjvm.so, mask=11100100010111111101111111111110, flags=SA_RESTART|SA_SIGINFO
    SIGILL: crash_handler in libjvm.so, mask=11100100010111111101111111111110, flags=SA_RESTART|SA_SIGINFO
   SIGUSR2: SR_handler in libjvm.so, mask=00000000000000000000000000000000, flags=SA_RESTART|SA_SIGINFO
    SIGHUP: SIG_DFL, mask=00000000000000000000000000000000, flags=none
    SIGINT: SIG_DFL, mask=00000000000000000000000000000000, flags=none
   SIGTERM: SIG_DFL, mask=00000000000000000000000000000000, flags=none
   SIGQUIT: SIG_DFL, mask=00000000000000000000000000000000, flags=none
   SIGTRAP: crash_handler in libjvm.so, mask=11100100010111111101111111111110, flags=SA_RESTART|SA_SIGINFO


---------------  S Y S T E M  ---------------

OS:
Rocky Linux release 8.5 (Green Obsidian)
uname: Linux 4.18.0-348.7.1.el8_5.x86_64 #1 SMP Tue Dec 21 19:02:23 UTC 2021 x86_64
OS uptime: 1 days 22:42 hours
libc: glibc 2.28 NPTL 2.28 
rlimit (soft/hard): STACK 8192k/infinity , CORE 0k/infinity , NPROC 14424/14424 , NOFILE 262144/262144 , AS infinity/infinity , CPU infinity/infinity , DATA infinity/infinity , FSIZE infinity/infinity , MEMLOCK 64k/64k
load average: 0.09 0.27 0.60

/proc/meminfo:
MemTotal:        3727664 kB
MemFree:          159448 kB
MemAvailable:     417056 kB
Buffers:           17012 kB
Cached:           489164 kB
SwapCached:            0 kB
Active:           147812 kB
Inactive:        3282732 kB
Active(anon):      15412 kB
Inactive(anon):  2968984 kB
Active(file):     132400 kB
Inactive(file):   313748 kB
Unevictable:        3072 kB
Mlocked:               0 kB
SwapTotal:             0 kB
SwapFree:              0 kB
Dirty:               208 kB
Writeback:             0 kB
AnonPages:       2924532 kB
Mapped:            76000 kB
Shmem:             60024 kB
KReclaimable:      38016 kB
Slab:              80812 kB
SReclaimable:      38016 kB
SUnreclaim:        42796 kB
KernelStack:        4768 kB
PageTables:        16028 kB
NFS_Unstable:          0 kB
Bounce:                0 kB
WritebackTmp:          0 kB
CommitLimit:     1863832 kB
Committed_AS:    3925680 kB
VmallocTotal:   34359738367 kB
VmallocUsed:           0 kB
VmallocChunk:          0 kB
Percpu:             2480 kB
HardwareCorrupted:     0 kB
AnonHugePages:   2308096 kB
ShmemHugePages:        0 kB
ShmemPmdMapped:        0 kB
FileHugePages:         0 kB
FilePmdMapped:         0 kB
HugePages_Total:       0
HugePages_Free:        0
HugePages_Rsvd:        0
HugePages_Surp:        0
Hugepagesize:       2048 kB
Hugetlb:               0 kB
DirectMap4k:      147312 kB
DirectMap2M:     3948544 kB
DirectMap1G:           0 kB

/sys/kernel/mm/transparent_hugepage/enabled: <Not Available>
/sys/kernel/mm/transparent_hugepage/defrag (defrag/compaction efforts parameter): <Not Available>

Process Memory:
Virtual Size: 762408K (peak: 2855552K)
Resident Set Size: 25076K (peak: 25076K) (anon: 13144K, file: 11932K, shmem: 0K)
Swapped out: 0K
C-Heap outstanding allocations: 553K

/proc/sys/kernel/threads-max (system-wide limit on the number of threads): 28848
/proc/sys/vm/max_map_count (maximum number of memory map areas a process may have): 65530
/proc/sys/kernel/pid_max (system-wide limit on number of process identifiers): 4194304

KVM virtualization detected
Steal ticks since vm start: 0
Steal ticks percentage since vm start:  0.000

CPU: total 3 (initial active 3) (3 cores per cpu, 1 threads per core) family 23 model 49 stepping 0 microcode 0x1000065, cx8, cmov, fxsr, mmx, 3dnowpref, sse, sse2, sse3, ssse3, sse4a, sse4.1, sse4.2, popcnt, lzcnt, tsc, avx, avx2, aes, clmul, bmi1, bmi2, adx, sha, fma, vzeroupper, clflush, clflushopt, hv
CPU Model and flags from /proc/cpuinfo:
model name	: AMD EPYC Processor
flags		: fpu vme de pse tsc msr pae mce cx8 apic sep mtrr pge mca cmov pat pse36 clflush mmx fxsr sse sse2 ht syscall nx mmxext fxsr_opt pdpe1gb rdtscp lm rep_good nopl cpuid extd_apicid tsc_known_freq pni pclmulqdq ssse3 fma cx16 sse4_1 sse4_2 x2apic movbe popcnt aes xsave avx f16c rdrand hypervisor lahf_lm cmp_legacy cr8_legacy abm sse4a misalignsse 3dnowprefetch osvw topoext perfctr_core ssbd ibrs ibpb stibp vmmcall fsgsbase bmi1 avx2 smep bmi2 rdseed adx smap clflushopt clwb sha_ni xsaveopt xsavec xgetbv1 xsaves clzero xsaveerptr wbnoinvd arat umip rdpid arch_capabilities

Online cpus: <Not Available>
Offline cpus: <Not Available>
BIOS frequency limitation: <Not Available>
Frequency switch latency (ns): <Not Available>
Available cpu frequencies: <Not Available>
Current governor: <Not Available>
Core performance/turbo boost: <Not Available>

Memory: 4k page, physical 3727664k(159448k free), swap 0k(0k free)
Page Sizes: 4k

vm_info: OpenJDK 64-Bit Server VM (17.0.1+12) for linux-amd64 JRE (17.0.1+12), built on Dec  1 2021 15:09:35 by "" with gcc 7.5.0

END.
