#
# There is insufficient memory for the Java Runtime Environment to continue.
# Native memory allocation (mmap) failed to map 4294967296 bytes for committing reserved memory.
# Possible reasons:
#   The system is out of physical RAM or swap space
#   The process is running with CompressedOops enabled, and the Java Heap may be blocking the growth of the native heap
# Possible solutions:
#   Reduce memory load on the system
#   Increase physical memory or swap space
#   Check if swap backing store is full
#   Decrease Java heap size (-Xmx/-Xms)
#   Decrease number of Java threads
#   Decrease Java thread stack sizes (-Xss)
#   Set larger code cache with -XX:ReservedCodeCacheSize=
#   JVM is running with Zero Based Compressed Oops mode in which the Java heap is
#     placed in the first 32GB address space. The Java Heap base address is the
#     maximum limit for the native heap growth. Please use -XX:HeapBaseMinAddress
#     to set the Java Heap base and to place the Java Heap above 32GB virtual address.
# This output file may be truncated or incomplete.
#
#  Out of Memory Error (os_linux.cpp:2728), pid=36626, tid=36627
#
# JRE version:  (17.0.1+12) (build )
# Java VM: OpenJDK 64-Bit Server VM (17.0.1+12, mixed mode, sharing, tiered, compressed oops, compressed class ptrs, g1 gc, linux-amd64)
# Core dump will be written. Default location: Core dumps may be processed with "/usr/lib/systemd/systemd-coredump %P %u %g %s %t %c %h %e" (or dumping to /var/minecraft/server/core.36626)
#

---------------  S U M M A R Y ------------

Command Line: -Xms4G -Xmx4G -XX:+UseG1GC -XX:+ParallelRefProcEnabled -XX:MaxGCPauseMillis=200 -XX:+UnlockExperimentalVMOptions -XX:+DisableExplicitGC -XX:+AlwaysPreTouch -XX:G1NewSizePercent=30 -XX:G1MaxNewSizePercent=40 -XX:G1HeapRegionSize=8M -XX:G1ReservePercent=20 -XX:G1HeapWastePercent=5 -XX:G1MixedGCCountTarget=4 -XX:InitiatingHeapOccupancyPercent=15 -XX:G1MixedGCLiveThresholdPercent=90 -XX:G1RSetUpdatingPauseTimePercent=5 -XX:SurvivorRatio=32 -XX:+PerfDisableSharedMem -XX:MaxTenuringThreshold=1 paper.jar nogui

Host: Intel Xeon Processor (Skylake, IBRS), 2 cores, 7G, Rocky Linux release 8.5 (Green Obsidian)
Time: Sat Jan  8 02:28:31 2022 UTC elapsed time: 0.014589 seconds (0d 0h 0m 0s)

---------------  T H R E A D  ---------------

Current thread (0x00007fae74023010):  JavaThread "Unknown thread" [_thread_in_vm, id=36627, stack(0x00007fae7b2f9000,0x00007fae7b3fa000)]

Stack: [0x00007fae7b2f9000,0x00007fae7b3fa000],  sp=0x00007fae7b3f83f0,  free space=1020k
Native frames: (J=compiled Java code, j=interpreted, Vv=VM code, C=native code)
V  [libjvm.so+0xf7d371]  VMError::report_and_die(int, char const*, char const*, __va_list_tag*, Thread*, unsigned char*, void*, void*, char const*, int, unsigned long)+0x1a1
V  [libjvm.so+0xf7dffb]  VMError::report_and_die(Thread*, char const*, int, unsigned long, VMErrorType, char const*, __va_list_tag*)+0x2b
V  [libjvm.so+0x61bc2d]  report_vm_out_of_memory(char const*, int, unsigned long, VMErrorType, char const*, ...)+0xcd
V  [libjvm.so+0xc39f28]  os::pd_commit_memory_or_exit(char*, unsigned long, unsigned long, bool, char const*)+0x108
V  [libjvm.so+0xc3330d]  os::commit_memory_or_exit(char*, unsigned long, unsigned long, bool, char const*)+0x1d
V  [libjvm.so+0x75be04]  G1PageBasedVirtualSpace::commit(unsigned long, unsigned long)+0x154
V  [libjvm.so+0x771b51]  G1RegionsLargerThanCommitSizeMapper::commit_regions(unsigned int, unsigned long, WorkGang*)+0x181
V  [libjvm.so+0x7ff728]  HeapRegionManager::commit_regions(unsigned int, unsigned long, WorkGang*)+0x88
V  [libjvm.so+0x8012e9]  HeapRegionManager::expand(unsigned int, unsigned int, WorkGang*)+0x29
V  [libjvm.so+0x80152c]  HeapRegionManager::expand_by(unsigned int, WorkGang*)+0x7c
V  [libjvm.so+0x70c749]  G1CollectedHeap::expand(unsigned long, WorkGang*, double*)+0xe9
V  [libjvm.so+0x70ce61]  G1CollectedHeap::initialize()+0x691
V  [libjvm.so+0xf2ba51]  universe_init()+0xd1
V  [libjvm.so+0x822076]  init_globals()+0x36
V  [libjvm.so+0xf0346d]  Threads::create_vm(JavaVMInitArgs*, bool*)+0x2fd
V  [libjvm.so+0x8df6b2]  JNI_CreateJavaVM+0x52
C  [libjli.so+0x4b91]  JavaMain+0x91
C  [libjli.so+0x8889]  ThreadJavaMain+0x9


---------------  P R O C E S S  ---------------

Threads class SMR info:
_java_thread_list=0x00007fae7a5bc2e0, length=0, elements={
}

Java Threads: ( => current thread )

Other Threads:
  0x00007fae74066d30 GCTaskThread "GC Thread#0" [stack: 0x00007fae780fb000,0x00007fae781fb000] [id=36628]
  0x00007fae7406c300 ConcurrentGCThread "G1 Main Marker" [stack: 0x00007fae566e5000,0x00007fae567e5000] [id=36629]
  0x00007fae7406d260 ConcurrentGCThread "G1 Conc#0" [stack: 0x00007fae565e3000,0x00007fae566e3000] [id=36630]

[error occurred during error reporting (printing all threads), id 0xb, SIGSEGV (0xb) at pc=0x00007fae796c6a10]

VM state: not at safepoint (not fully initialized)

VM Mutex/Monitor currently owned by a thread:  ([mutex/lock_event])
[0x00007fae74020b50] Heap_lock - owner thread: 0x00007fae74023010

Heap address: 0x0000000700000000, size: 4096 MB, Compressed Oops mode: Zero based, Oop shift amount: 3

CDS archive(s) mapped at: [0x0000000000000000-0x0000000000000000-0x0000000000000000), size 0, SharedBaseAddress: 0x0000000800000000, ArchiveRelocationMode: 0.
Narrow klass base: 0x0000000000000000, Narrow klass shift: 0, Narrow klass range: 0x0

GC Precious Log:
<Empty>

Heap:
 garbage-first heap   total 0K, used 0K [0x0000000700000000, 0x0000000800000000)
  region size 8192K, 0 young (0K), 0 survivors (0K)

[error occurred during error reporting (printing heap information), id 0xb, SIGSEGV (0xb) at pc=0x00007fae79c8aa3a]

GC Heap History (0 events):
No events

Deoptimization events (0 events):
No events

Classes unloaded (0 events):
No events

Classes redefined (0 events):
No events

Internal exceptions (0 events):
No events

VM Operations (0 events):
No events

Events (2 events):
Event: 0.001 Protecting memory [0x00007fae7b2f9000,0x00007fae7b2fd000] with protection modes 0
Event: 0.002 Loaded shared library /usr/java/jdk-17.0.1+12-jre/lib/libjava.so


Dynamic libraries:
55c66a840000-55c66a841000 r-xp 00000000 08:01 522640                     /usr/java/jdk-17.0.1+12-jre/bin/java
55c66aa41000-55c66aa42000 r--p 00001000 08:01 522640                     /usr/java/jdk-17.0.1+12-jre/bin/java
55c66aa42000-55c66aa43000 rw-p 00002000 08:01 522640                     /usr/java/jdk-17.0.1+12-jre/bin/java
55c66c6e2000-55c66c703000 rw-p 00000000 00:00 0                          [heap]
7fae47d6b000-7fae48000000 rw-p 00000000 00:00 0 
7fae48000000-7fae48021000 rw-p 00000000 00:00 0 
7fae48021000-7fae4c000000 ---p 00000000 00:00 0 
7fae4c000000-7fae4c021000 rw-p 00000000 00:00 0 
7fae4c021000-7fae50000000 ---p 00000000 00:00 0 
7fae50000000-7fae50021000 rw-p 00000000 00:00 0 
7fae50021000-7fae54000000 ---p 00000000 00:00 0 
7fae5428a000-7fae565e1000 rw-p 00000000 00:00 0 
7fae565e1000-7fae565e2000 ---p 00000000 00:00 0 
7fae565e2000-7fae566e3000 rw-p 00000000 00:00 0 
7fae566e3000-7fae566e4000 ---p 00000000 00:00 0 
7fae566e4000-7fae567e5000 rw-p 00000000 00:00 0 
7fae567e5000-7fae5ffe5000 ---p 00000000 00:00 0 
7fae5ffe5000-7fae60255000 rwxp 00000000 00:00 0 
7fae60255000-7fae60574000 ---p 00000000 00:00 0 
7fae60574000-7fae607e4000 rwxp 00000000 00:00 0 
7fae607e4000-7fae67aac000 ---p 00000000 00:00 0 
7fae67aac000-7fae67d1c000 rwxp 00000000 00:00 0 
7fae67d1c000-7fae6efe5000 ---p 00000000 00:00 0 
7fae6efe5000-7fae74000000 r--s 00000000 08:01 522620                     /usr/java/jdk-17.0.1+12-jre/lib/modules
7fae74000000-7fae74082000 rw-p 00000000 00:00 0 
7fae74082000-7fae78000000 ---p 00000000 00:00 0 
7fae780f9000-7fae780fa000 ---p 00000000 00:00 0 
7fae780fa000-7fae78402000 rw-p 00000000 00:00 0 
7fae78402000-7fae784e8000 ---p 00000000 00:00 0 
7fae784e8000-7fae784ed000 rw-p 00000000 00:00 0 
7fae784ed000-7fae785d3000 ---p 00000000 00:00 0 
7fae785d3000-7fae785f7000 r-xp 00000000 08:01 522630                     /usr/java/jdk-17.0.1+12-jre/lib/libjava.so
7fae785f7000-7fae787f7000 ---p 00024000 08:01 522630                     /usr/java/jdk-17.0.1+12-jre/lib/libjava.so
7fae787f7000-7fae787f8000 r--p 00024000 08:01 522630                     /usr/java/jdk-17.0.1+12-jre/lib/libjava.so
7fae787f8000-7fae787f9000 rw-p 00025000 08:01 522630                     /usr/java/jdk-17.0.1+12-jre/lib/libjava.so
7fae787f9000-7fae787fa000 rw-p 00000000 00:00 0 
7fae787fa000-7fae78815000 r-xp 00000000 08:01 522580                     /usr/java/jdk-17.0.1+12-jre/lib/libjimage.so
7fae78815000-7fae78a14000 ---p 0001b000 08:01 522580                     /usr/java/jdk-17.0.1+12-jre/lib/libjimage.so
7fae78a14000-7fae78a16000 r--p 0001a000 08:01 522580                     /usr/java/jdk-17.0.1+12-jre/lib/libjimage.so
7fae78a16000-7fae78a17000 rw-p 0001c000 08:01 522580                     /usr/java/jdk-17.0.1+12-jre/lib/libjimage.so
7fae78a17000-7fae78b98000 r-xp 00000000 08:01 3649                       /usr/lib64/libm-2.28.so
7fae78b98000-7fae78d97000 ---p 00181000 08:01 3649                       /usr/lib64/libm-2.28.so
7fae78d97000-7fae78d98000 r--p 00180000 08:01 3649                       /usr/lib64/libm-2.28.so
7fae78d98000-7fae78d99000 rw-p 00181000 08:01 3649                       /usr/lib64/libm-2.28.so
7fae78d99000-7fae78da0000 r-xp 00000000 08:01 3663                       /usr/lib64/librt-2.28.so
7fae78da0000-7fae78f9f000 ---p 00007000 08:01 3663                       /usr/lib64/librt-2.28.so
7fae78f9f000-7fae78fa0000 r--p 00006000 08:01 3663                       /usr/lib64/librt-2.28.so
7fae78fa0000-7fae78fa1000 rw-p 00007000 08:01 3663                       /usr/lib64/librt-2.28.so
7fae78fa1000-7fae7a280000 r-xp 00000000 08:01 522607                     /usr/java/jdk-17.0.1+12-jre/lib/server/libjvm.so
7fae7a280000-7fae7a47f000 ---p 012df000 08:01 522607                     /usr/java/jdk-17.0.1+12-jre/lib/server/libjvm.so
7fae7a47f000-7fae7a538000 r--p 012de000 08:01 522607                     /usr/java/jdk-17.0.1+12-jre/lib/server/libjvm.so
7fae7a538000-7fae7a56c000 rw-p 01397000 08:01 522607                     /usr/java/jdk-17.0.1+12-jre/lib/server/libjvm.so
7fae7a56c000-7fae7a5c6000 rw-p 00000000 00:00 0 
7fae7a5c6000-7fae7a782000 r-xp 00000000 08:01 3645                       /usr/lib64/libc-2.28.so
7fae7a782000-7fae7a981000 ---p 001bc000 08:01 3645                       /usr/lib64/libc-2.28.so
7fae7a981000-7fae7a985000 r--p 001bb000 08:01 3645                       /usr/lib64/libc-2.28.so
7fae7a985000-7fae7a987000 rw-p 001bf000 08:01 3645                       /usr/lib64/libc-2.28.so
7fae7a987000-7fae7a98b000 rw-p 00000000 00:00 0 
7fae7a98b000-7fae7a98e000 r-xp 00000000 08:01 3647                       /usr/lib64/libdl-2.28.so
7fae7a98e000-7fae7ab8d000 ---p 00003000 08:01 3647                       /usr/lib64/libdl-2.28.so
7fae7ab8d000-7fae7ab8e000 r--p 00002000 08:01 3647                       /usr/lib64/libdl-2.28.so
7fae7ab8e000-7fae7ab8f000 rw-p 00003000 08:01 3647                       /usr/lib64/libdl-2.28.so
7fae7ab8f000-7fae7abaa000 r-xp 00000000 08:01 3659                       /usr/lib64/libpthread-2.28.so
7fae7abaa000-7fae7ada9000 ---p 0001b000 08:01 3659                       /usr/lib64/libpthread-2.28.so
7fae7ada9000-7fae7adaa000 r--p 0001a000 08:01 3659                       /usr/lib64/libpthread-2.28.so
7fae7adaa000-7fae7adab000 rw-p 0001b000 08:01 3659                       /usr/lib64/libpthread-2.28.so
7fae7adab000-7fae7adaf000 rw-p 00000000 00:00 0 
7fae7adaf000-7fae7adbe000 r-xp 00000000 08:01 522604                     /usr/java/jdk-17.0.1+12-jre/lib/libjli.so
7fae7adbe000-7fae7afbe000 ---p 0000f000 08:01 522604                     /usr/java/jdk-17.0.1+12-jre/lib/libjli.so
7fae7afbe000-7fae7afbf000 r--p 0000f000 08:01 522604                     /usr/java/jdk-17.0.1+12-jre/lib/libjli.so
7fae7afbf000-7fae7afc0000 rw-p 00010000 08:01 522604                     /usr/java/jdk-17.0.1+12-jre/lib/libjli.so
7fae7afc0000-7fae7afd6000 r-xp 00000000 08:01 4505                       /usr/lib64/libz.so.1.2.11
7fae7afd6000-7fae7b1d5000 ---p 00016000 08:01 4505                       /usr/lib64/libz.so.1.2.11
7fae7b1d5000-7fae7b1d6000 r--p 00015000 08:01 4505                       /usr/lib64/libz.so.1.2.11
7fae7b1d6000-7fae7b1d7000 rw-p 00000000 00:00 0 
7fae7b1d7000-7fae7b203000 r-xp 00000000 08:01 3638                       /usr/lib64/ld-2.28.so
7fae7b2d3000-7fae7b2ea000 rw-p 00000000 00:00 0 
7fae7b2ea000-7fae7b2f1000 ---p 00000000 00:00 0 
7fae7b2f1000-7fae7b2f9000 rw-p 00000000 00:00 0 
7fae7b2f9000-7fae7b2fd000 ---p 00000000 00:00 0 
7fae7b2fd000-7fae7b3fc000 rw-p 00000000 00:00 0 
7fae7b3fe000-7fae7b3ff000 ---p 00000000 00:00 0 
7fae7b3ff000-7fae7b400000 r--p 00000000 00:00 0 
7fae7b400000-7fae7b401000 ---p 00000000 00:00 0 
7fae7b401000-7fae7b403000 rw-p 00000000 00:00 0 
7fae7b403000-7fae7b404000 r--p 0002c000 08:01 3638                       /usr/lib64/ld-2.28.so
7fae7b404000-7fae7b406000 rw-p 0002d000 08:01 3638                       /usr/lib64/ld-2.28.so
7ffdbdabc000-7ffdbdadd000 rw-p 00000000 00:00 0                          [stack]
7ffdbdb6c000-7ffdbdb70000 r--p 00000000 00:00 0                          [vvar]
7ffdbdb70000-7ffdbdb72000 r-xp 00000000 00:00 0                          [vdso]
ffffffffff600000-ffffffffff601000 r-xp 00000000 00:00 0                  [vsyscall]


VM Arguments:
jvm_args: -Xms4G -Xmx4G -XX:+UseG1GC -XX:+ParallelRefProcEnabled -XX:MaxGCPauseMillis=200 -XX:+UnlockExperimentalVMOptions -XX:+DisableExplicitGC -XX:+AlwaysPreTouch -XX:G1NewSizePercent=30 -XX:G1MaxNewSizePercent=40 -XX:G1HeapRegionSize=8M -XX:G1ReservePercent=20 -XX:G1HeapWastePercent=5 -XX:G1MixedGCCountTarget=4 -XX:InitiatingHeapOccupancyPercent=15 -XX:G1MixedGCLiveThresholdPercent=90 -XX:G1RSetUpdatingPauseTimePercent=5 -XX:SurvivorRatio=32 -XX:+PerfDisableSharedMem -XX:MaxTenuringThreshold=1 
java_command: paper.jar nogui
java_class_path (initial): paper.jar
Launcher Type: SUN_STANDARD

[Global flags]
     bool AlwaysPreTouch                           = true                                      {product} {command line}
     bool AlwaysTenure                             = false                                     {product} {command line}
     intx CICompilerCount                          = 2                                         {product} {ergonomic}
     uint ConcGCThreads                            = 1                                         {product} {ergonomic}
     bool DisableExplicitGC                        = true                                      {product} {command line}
     uint G1ConcRefinementThreads                  = 2                                         {product} {ergonomic}
     uint G1EagerReclaimRemSetThreshold            = 64                                   {experimental} {ergonomic}
   size_t G1HeapRegionSize                         = 8388608                                   {product} {command line}
    uintx G1HeapWastePercent                       = 5                                         {product} {command line}
    uintx G1MaxNewSizePercent                      = 40                                   {experimental} {command line}
    uintx G1MixedGCCountTarget                     = 4                                         {product} {command line}
    uintx G1MixedGCLiveThresholdPercent            = 90                                   {experimental} {command line}
    uintx G1NewSizePercent                         = 30                                   {experimental} {command line}
     intx G1RSetUpdatingPauseTimePercent           = 5                                         {product} {command line}
    uintx G1ReservePercent                         = 20                                        {product} {command line}
    uintx GCDrainStackTargetSize                   = 64                                        {product} {ergonomic}
   size_t InitialHeapSize                          = 4294967296                                {product} {command line}
    uintx InitialTenuringThreshold                 = 1                                         {product} {ergonomic}
    uintx InitiatingHeapOccupancyPercent           = 15                                        {product} {command line}
   size_t MarkStackSize                            = 4194304                                   {product} {ergonomic}
    uintx MaxGCPauseMillis                         = 200                                       {product} {command line}
   size_t MaxHeapSize                              = 4294967296                                {product} {command line}
    uintx MaxTenuringThreshold                     = 1                                         {product} {command line}
   size_t MinHeapDeltaBytes                        = 8388608                                   {product} {ergonomic}
   size_t MinHeapSize                              = 4294967296                                {product} {command line}
     bool NeverTenure                              = false                                     {product} {command line}
    uintx NonNMethodCodeHeapSize                   = 5826188                                {pd product} {ergonomic}
    uintx NonProfiledCodeHeapSize                  = 122916026                              {pd product} {ergonomic}
     bool ParallelRefProcEnabled                   = true                                      {product} {command line}
     bool PerfDisableSharedMem                     = true                                      {product} {command line}
    uintx ProfiledCodeHeapSize                     = 122916026                              {pd product} {ergonomic}
    uintx ReservedCodeCacheSize                    = 251658240                              {pd product} {ergonomic}
     bool SegmentedCodeCache                       = true                                      {product} {ergonomic}
   size_t SoftMaxHeapSize                          = 4294967296                             {manageable} {ergonomic}
    uintx SurvivorRatio                            = 32                                        {product} {command line}
     bool UnlockExperimentalVMOptions              = true                                 {experimental} {command line}
     bool UseCompressedClassPointers               = true                           {product lp64_product} {ergonomic}
     bool UseCompressedOops                        = true                           {product lp64_product} {ergonomic}
     bool UseG1GC                                  = true                                      {product} {command line}

Logging:
Log output configuration:
 #0: stdout all=warning uptime,level,tags
 #1: stderr all=off uptime,level,tags

Environment Variables:
PATH=/usr/local/sbin:/usr/local/bin:/usr/sbin:/usr/bin
SHELL=/bin/bash
LANG=en_US.UTF-8

Signal Handlers:
   SIGSEGV: crash_handler in libjvm.so, mask=11100100010111111101111111111110, flags=SA_RESTART|SA_SIGINFO
    SIGBUS: crash_handler in libjvm.so, mask=11100100010111111101111111111110, flags=SA_RESTART|SA_SIGINFO
    SIGFPE: crash_handler in libjvm.so, mask=11100100010111111101111111111110, flags=SA_RESTART|SA_SIGINFO
   SIGPIPE: javaSignalHandler in libjvm.so, mask=11100100010111111101111111111110, flags=SA_RESTART|SA_SIGINFO
   SIGXFSZ: javaSignalHandler in libjvm.so, mask=11100100010111111101111111111110, flags=SA_RESTART|SA_SIGINFO
    SIGILL: crash_handler in libjvm.so, mask=11100100010111111101111111111110, flags=SA_RESTART|SA_SIGINFO
   SIGUSR2: SR_handler in libjvm.so, mask=00000000000000000000000000000000, flags=SA_RESTART|SA_SIGINFO
    SIGHUP: SIG_DFL, mask=00000000000000000000000000000000, flags=none
    SIGINT: SIG_DFL, mask=00000000000000000000000000000000, flags=none
   SIGTERM: SIG_DFL, mask=00000000000000000000000000000000, flags=none
   SIGQUIT: SIG_DFL, mask=00000000000000000000000000000000, flags=none
   SIGTRAP: crash_handler in libjvm.so, mask=11100100010111111101111111111110, flags=SA_RESTART|SA_SIGINFO


---------------  S Y S T E M  ---------------

OS:
Rocky Linux release 8.5 (Green Obsidian)
uname: Linux 4.18.0-348.7.1.el8_5.x86_64 #1 SMP Tue Dec 21 19:02:23 UTC 2021 x86_64
OS uptime: 2 days 0:57 hours
libc: glibc 2.28 NPTL 2.28 
rlimit (soft/hard): STACK 8192k/infinity , CORE 0k/infinity , NPROC 30177/30177 , NOFILE 262144/262144 , AS infinity/infinity , CPU infinity/infinity , DATA infinity/infinity , FSIZE infinity/infinity , MEMLOCK 64k/64k
load average: 3.77 2.83 1.87

/proc/meminfo:
MemTotal:        7760388 kB
MemFree:          122352 kB
MemAvailable:    2277180 kB
Buffers:           94724 kB
Cached:          2337292 kB
SwapCached:            0 kB
Active:          1073124 kB
Inactive:        6334224 kB
Active(anon):      55184 kB
Inactive(anon):  5029948 kB
Active(file):    1017940 kB
Inactive(file):  1304276 kB
Unevictable:        3072 kB
Mlocked:               0 kB
SwapTotal:             0 kB
SwapFree:              0 kB
Dirty:             29588 kB
Writeback:             0 kB
AnonPages:       4976904 kB
Mapped:           118660 kB
Shmem:            109796 kB
KReclaimable:     113424 kB
Slab:             160548 kB
SReclaimable:     113424 kB
SUnreclaim:        47124 kB
KernelStack:        4688 kB
PageTables:        20052 kB
NFS_Unstable:          0 kB
Bounce:                0 kB
WritebackTmp:          0 kB
CommitLimit:     3880192 kB
Committed_AS:    6112736 kB
VmallocTotal:   34359738367 kB
VmallocUsed:           0 kB
VmallocChunk:          0 kB
Percpu:             1176 kB
HardwareCorrupted:     0 kB
AnonHugePages:   4470784 kB
ShmemHugePages:        0 kB
ShmemPmdMapped:        0 kB
FileHugePages:         0 kB
FilePmdMapped:         0 kB
HugePages_Total:       0
HugePages_Free:        0
HugePages_Rsvd:        0
HugePages_Surp:        0
Hugepagesize:       2048 kB
Hugetlb:               0 kB
DirectMap4k:      151408 kB
DirectMap2M:     3846144 kB
DirectMap1G:     4194304 kB

/sys/kernel/mm/transparent_hugepage/enabled: <Not Available>
/sys/kernel/mm/transparent_hugepage/defrag (defrag/compaction efforts parameter): <Not Available>

Process Memory:
Virtual Size: 838212K (peak: 5028508K)
Resident Set Size: 26108K (peak: 26108K) (anon: 13412K, file: 12696K, shmem: 0K)
Swapped out: 0K
C-Heap outstanding allocations: 620K

/proc/sys/kernel/threads-max (system-wide limit on the number of threads): 60354
/proc/sys/vm/max_map_count (maximum number of memory map areas a process may have): 65530
/proc/sys/kernel/pid_max (system-wide limit on number of process identifiers): 4194304

KVM virtualization detected
Steal ticks since vm start: 0
Steal ticks percentage since vm start:  0.000

CPU: total 2 (initial active 2) (2 cores per cpu, 1 threads per core) family 6 model 85 stepping 4 microcode 0x1, cx8, cmov, fxsr, mmx, 3dnowpref, sse, sse2, sse3, ssse3, sse4.1, sse4.2, popcnt, lzcnt, tsc, avx, avx2, aes, erms, clmul, bmi1, bmi2, rtm, adx, fma, vzeroupper, clflush, clwb, hv
CPU Model and flags from /proc/cpuinfo:
model name	: Intel Xeon Processor (Skylake, IBRS)
flags		: fpu vme de pse tsc msr pae mce cx8 apic sep mtrr pge mca cmov pat pse36 clflush mmx fxsr sse sse2 ht syscall nx pdpe1gb rdtscp lm constant_tsc rep_good nopl xtopology cpuid tsc_known_freq pni pclmulqdq ssse3 fma cx16 pcid sse4_1 sse4_2 x2apic movbe popcnt tsc_deadline_timer aes xsave avx f16c rdrand hypervisor lahf_lm abm 3dnowprefetch cpuid_fault invpcid_single pti ssbd ibrs ibpb fsgsbase bmi1 hle avx2 smep bmi2 erms invpcid rtm avx512f avx512dq rdseed adx smap clwb avx512cd avx512bw avx512vl xsaveopt xsavec xgetbv1 arat pku ospke md_clear

Online cpus: <Not Available>
Offline cpus: <Not Available>
BIOS frequency limitation: <Not Available>
Frequency switch latency (ns): <Not Available>
Available cpu frequencies: <Not Available>
Current governor: <Not Available>
Core performance/turbo boost: <Not Available>

Memory: 4k page, physical 7760388k(122352k free), swap 0k(0k free)
Page Sizes: 4k

vm_info: OpenJDK 64-Bit Server VM (17.0.1+12) for linux-amd64 JRE (17.0.1+12), built on Dec  1 2021 15:09:35 by "" with gcc 7.5.0

END.
