#
# There is insufficient memory for the Java Runtime Environment to continue.
# Native memory allocation (mmap) failed to map 5368709120 bytes for committing reserved memory.
# Possible reasons:
#   The system is out of physical RAM or swap space
#   The process is running with CompressedOops enabled, and the Java Heap may be blocking the growth of the native heap
# Possible solutions:
#   Reduce memory load on the system
#   Increase physical memory or swap space
#   Check if swap backing store is full
#   Decrease Java heap size (-Xmx/-Xms)
#   Decrease number of Java threads
#   Decrease Java thread stack sizes (-Xss)
#   Set larger code cache with -XX:ReservedCodeCacheSize=
#   JVM is running with Zero Based Compressed Oops mode in which the Java heap is
#     placed in the first 32GB address space. The Java Heap base address is the
#     maximum limit for the native heap growth. Please use -XX:HeapBaseMinAddress
#     to set the Java Heap base and to place the Java Heap above 32GB virtual address.
# This output file may be truncated or incomplete.
#
#  Out of Memory Error (os_linux.cpp:2728), pid=24908, tid=24911
#
# JRE version:  (17.0.1+12) (build )
# Java VM: OpenJDK 64-Bit Server VM (17.0.1+12, mixed mode, sharing, tiered, compressed oops, compressed class ptrs, g1 gc, linux-amd64)
# Core dump will be written. Default location: Core dumps may be processed with "/usr/lib/systemd/systemd-coredump %P %u %g %s %t %c %h %e" (or dumping to /var/minecraft/server/core.24908)
#

---------------  S U M M A R Y ------------

Command Line: -Xms5G -Xmx5G -XX:+UseG1GC -XX:+ParallelRefProcEnabled -XX:MaxGCPauseMillis=200 -XX:+UnlockExperimentalVMOptions -XX:+DisableExplicitGC -XX:+AlwaysPreTouch -XX:G1NewSizePercent=30 -XX:G1MaxNewSizePercent=40 -XX:G1HeapRegionSize=8M -XX:G1ReservePercent=20 -XX:G1HeapWastePercent=5 -XX:G1MixedGCCountTarget=4 -XX:InitiatingHeapOccupancyPercent=15 -XX:G1MixedGCLiveThresholdPercent=90 -XX:G1RSetUpdatingPauseTimePercent=5 -XX:SurvivorRatio=32 -XX:+PerfDisableSharedMem -XX:MaxTenuringThreshold=1 paper-1.18.1-164.jar nogui

Host: Intel Core Processor (Haswell, no TSX), 8 cores, 7G, Rocky Linux release 8.5 (Green Obsidian)
Time: Thu Jan 20 02:18:45 2022 UTC elapsed time: 0.011427 seconds (0d 0h 0m 0s)

---------------  T H R E A D  ---------------

Current thread (0x00007f0fb0023030):  JavaThread "Unknown thread" [_thread_in_vm, id=24911, stack(0x00007f0fba109000,0x00007f0fba20a000)]

Stack: [0x00007f0fba109000,0x00007f0fba20a000],  sp=0x00007f0fba2083f0,  free space=1020k
Native frames: (J=compiled Java code, j=interpreted, Vv=VM code, C=native code)
V  [libjvm.so+0xf7d371]  VMError::report_and_die(int, char const*, char const*, __va_list_tag*, Thread*, unsigned char*, void*, void*, char const*, int, unsigned long)+0x1a1
V  [libjvm.so+0xf7dffb]  VMError::report_and_die(Thread*, char const*, int, unsigned long, VMErrorType, char const*, __va_list_tag*)+0x2b
V  [libjvm.so+0x61bc2d]  report_vm_out_of_memory(char const*, int, unsigned long, VMErrorType, char const*, ...)+0xcd
V  [libjvm.so+0xc39f28]  os::pd_commit_memory_or_exit(char*, unsigned long, unsigned long, bool, char const*)+0x108
V  [libjvm.so+0xc3330d]  os::commit_memory_or_exit(char*, unsigned long, unsigned long, bool, char const*)+0x1d
V  [libjvm.so+0x75be04]  G1PageBasedVirtualSpace::commit(unsigned long, unsigned long)+0x154
V  [libjvm.so+0x771b51]  G1RegionsLargerThanCommitSizeMapper::commit_regions(unsigned int, unsigned long, WorkGang*)+0x181
V  [libjvm.so+0x7ff728]  HeapRegionManager::commit_regions(unsigned int, unsigned long, WorkGang*)+0x88
V  [libjvm.so+0x8012e9]  HeapRegionManager::expand(unsigned int, unsigned int, WorkGang*)+0x29
V  [libjvm.so+0x80152c]  HeapRegionManager::expand_by(unsigned int, WorkGang*)+0x7c
V  [libjvm.so+0x70c749]  G1CollectedHeap::expand(unsigned long, WorkGang*, double*)+0xe9
V  [libjvm.so+0x70ce61]  G1CollectedHeap::initialize()+0x691
V  [libjvm.so+0xf2ba51]  universe_init()+0xd1
V  [libjvm.so+0x822076]  init_globals()+0x36
V  [libjvm.so+0xf0346d]  Threads::create_vm(JavaVMInitArgs*, bool*)+0x2fd
V  [libjvm.so+0x8df6b2]  JNI_CreateJavaVM+0x52
C  [libjli.so+0x4b91]  JavaMain+0x91
C  [libjli.so+0x8889]  ThreadJavaMain+0x9


---------------  P R O C E S S  ---------------

Threads class SMR info:
_java_thread_list=0x00007f0fb93cb2e0, length=0, elements={
}

Java Threads: ( => current thread )

Other Threads:
  0x00007f0fb00718f0 GCTaskThread "GC Thread#0" [stack: 0x00007f0fb4b04000,0x00007f0fb4c04000] [id=24912]
  0x00007f0fb0077ef0 ConcurrentGCThread "G1 Main Marker" [stack: 0x00007f0fb4a02000,0x00007f0fb4b02000] [id=24913]
  0x00007f0fb0078e50 ConcurrentGCThread "G1 Conc#0" [stack: 0x00007f0fb4900000,0x00007f0fb4a00000] [id=24914]

[error occurred during error reporting (printing all threads), id 0xb, SIGSEGV (0xb) at pc=0x00007f0fb84d5a10]

VM state: not at safepoint (not fully initialized)

VM Mutex/Monitor currently owned by a thread:  ([mutex/lock_event])
[0x00007f0fb0020b70] Heap_lock - owner thread: 0x00007f0fb0023030

Heap address: 0x00000006c0000000, size: 5120 MB, Compressed Oops mode: Zero based, Oop shift amount: 3

CDS archive(s) mapped at: [0x0000000000000000-0x0000000000000000-0x0000000000000000), size 0, SharedBaseAddress: 0x0000000800000000, ArchiveRelocationMode: 0.
Narrow klass base: 0x0000000000000000, Narrow klass shift: 0, Narrow klass range: 0x0

GC Precious Log:
<Empty>

Heap:
 garbage-first heap   total 0K, used 0K [0x00000006c0000000, 0x0000000800000000)
  region size 8192K, 0 young (0K), 0 survivors (0K)

[error occurred during error reporting (printing heap information), id 0xb, SIGSEGV (0xb) at pc=0x00007f0fb8a99a3a]

GC Heap History (0 events):
No events

Deoptimization events (0 events):
No events

Classes unloaded (0 events):
No events

Classes redefined (0 events):
No events

Internal exceptions (0 events):
No events

VM Operations (0 events):
No events

Events (2 events):
Event: 0.001 Protecting memory [0x00007f0fba109000,0x00007f0fba10d000] with protection modes 0
Event: 0.001 Loaded shared library /usr/java/jdk-17.0.1+12-jre/lib/libjava.so


Dynamic libraries:
564590508000-564590509000 r-xp 00000000 08:01 159383971                  /usr/java/jdk-17.0.1+12-jre/bin/java
564590709000-56459070a000 r--p 00001000 08:01 159383971                  /usr/java/jdk-17.0.1+12-jre/bin/java
56459070a000-56459070b000 rw-p 00002000 08:01 159383971                  /usr/java/jdk-17.0.1+12-jre/bin/java
56459097f000-5645909a0000 rw-p 00000000 00:00 0                          [heap]
7f0f82000000-7f0f84000000 rw-p 00000000 00:00 0 
7f0f84000000-7f0f84021000 rw-p 00000000 00:00 0 
7f0f84021000-7f0f88000000 ---p 00000000 00:00 0 
7f0f88000000-7f0f88021000 rw-p 00000000 00:00 0 
7f0f88021000-7f0f8c000000 ---p 00000000 00:00 0 
7f0f8c000000-7f0f8c021000 rw-p 00000000 00:00 0 
7f0f8c021000-7f0f90000000 ---p 00000000 00:00 0 
7f0f91bfb000-7f0f91fe5000 rw-p 00000000 00:00 0 
7f0f91fe5000-7f0f9bfe5000 ---p 00000000 00:00 0 
7f0f9bfe5000-7f0f9c255000 rwxp 00000000 00:00 0 
7f0f9c255000-7f0f9c577000 ---p 00000000 00:00 0 
7f0f9c577000-7f0f9c7e7000 rwxp 00000000 00:00 0 
7f0f9c7e7000-7f0fa3aae000 ---p 00000000 00:00 0 
7f0fa3aae000-7f0fa3d1e000 rwxp 00000000 00:00 0 
7f0fa3d1e000-7f0faafe5000 ---p 00000000 00:00 0 
7f0faafe5000-7f0fb0000000 r--s 00000000 08:01 142606465                  /usr/java/jdk-17.0.1+12-jre/lib/modules
7f0fb0000000-7f0fb00a8000 rw-p 00000000 00:00 0 
7f0fb00a8000-7f0fb4000000 ---p 00000000 00:00 0 
7f0fb40f6000-7f0fb48fe000 rw-p 00000000 00:00 0 
7f0fb48fe000-7f0fb48ff000 ---p 00000000 00:00 0 
7f0fb48ff000-7f0fb4a00000 rw-p 00000000 00:00 0 
7f0fb4a00000-7f0fb4a01000 ---p 00000000 00:00 0 
7f0fb4a01000-7f0fb4b02000 rw-p 00000000 00:00 0 
7f0fb4b02000-7f0fb4b03000 ---p 00000000 00:00 0 
7f0fb4b03000-7f0fb4c04000 rw-p 00000000 00:00 0 
7f0fb4c04000-7f0fb6a04000 ---p 00000000 00:00 0 
7f0fb6a04000-7f0fb7211000 rw-p 00000000 00:00 0 
7f0fb7211000-7f0fb72f7000 ---p 00000000 00:00 0 
7f0fb72f7000-7f0fb72fc000 rw-p 00000000 00:00 0 
7f0fb72fc000-7f0fb73e2000 ---p 00000000 00:00 0 
7f0fb73e2000-7f0fb7406000 r-xp 00000000 08:01 142606472                  /usr/java/jdk-17.0.1+12-jre/lib/libjava.so
7f0fb7406000-7f0fb7606000 ---p 00024000 08:01 142606472                  /usr/java/jdk-17.0.1+12-jre/lib/libjava.so
7f0fb7606000-7f0fb7607000 r--p 00024000 08:01 142606472                  /usr/java/jdk-17.0.1+12-jre/lib/libjava.so
7f0fb7607000-7f0fb7608000 rw-p 00025000 08:01 142606472                  /usr/java/jdk-17.0.1+12-jre/lib/libjava.so
7f0fb7608000-7f0fb7609000 rw-p 00000000 00:00 0 
7f0fb7609000-7f0fb7624000 r-xp 00000000 08:01 142606874                  /usr/java/jdk-17.0.1+12-jre/lib/libjimage.so
7f0fb7624000-7f0fb7823000 ---p 0001b000 08:01 142606874                  /usr/java/jdk-17.0.1+12-jre/lib/libjimage.so
7f0fb7823000-7f0fb7825000 r--p 0001a000 08:01 142606874                  /usr/java/jdk-17.0.1+12-jre/lib/libjimage.so
7f0fb7825000-7f0fb7826000 rw-p 0001c000 08:01 142606874                  /usr/java/jdk-17.0.1+12-jre/lib/libjimage.so
7f0fb7826000-7f0fb79a7000 r-xp 00000000 08:01 12675                      /usr/lib64/libm-2.28.so
7f0fb79a7000-7f0fb7ba6000 ---p 00181000 08:01 12675                      /usr/lib64/libm-2.28.so
7f0fb7ba6000-7f0fb7ba7000 r--p 00180000 08:01 12675                      /usr/lib64/libm-2.28.so
7f0fb7ba7000-7f0fb7ba8000 rw-p 00181000 08:01 12675                      /usr/lib64/libm-2.28.so
7f0fb7ba8000-7f0fb7baf000 r-xp 00000000 08:01 12710                      /usr/lib64/librt-2.28.so
7f0fb7baf000-7f0fb7dae000 ---p 00007000 08:01 12710                      /usr/lib64/librt-2.28.so
7f0fb7dae000-7f0fb7daf000 r--p 00006000 08:01 12710                      /usr/lib64/librt-2.28.so
7f0fb7daf000-7f0fb7db0000 rw-p 00007000 08:01 12710                      /usr/lib64/librt-2.28.so
7f0fb7db0000-7f0fb908f000 r-xp 00000000 08:01 146801039                  /usr/java/jdk-17.0.1+12-jre/lib/server/libjvm.so
7f0fb908f000-7f0fb928e000 ---p 012df000 08:01 146801039                  /usr/java/jdk-17.0.1+12-jre/lib/server/libjvm.so
7f0fb928e000-7f0fb9347000 r--p 012de000 08:01 146801039                  /usr/java/jdk-17.0.1+12-jre/lib/server/libjvm.so
7f0fb9347000-7f0fb937b000 rw-p 01397000 08:01 146801039                  /usr/java/jdk-17.0.1+12-jre/lib/server/libjvm.so
7f0fb937b000-7f0fb93d5000 rw-p 00000000 00:00 0 
7f0fb93d5000-7f0fb9591000 r-xp 00000000 08:01 12670                      /usr/lib64/libc-2.28.so
7f0fb9591000-7f0fb9790000 ---p 001bc000 08:01 12670                      /usr/lib64/libc-2.28.so
7f0fb9790000-7f0fb9794000 r--p 001bb000 08:01 12670                      /usr/lib64/libc-2.28.so
7f0fb9794000-7f0fb9796000 rw-p 001bf000 08:01 12670                      /usr/lib64/libc-2.28.so
7f0fb9796000-7f0fb979a000 rw-p 00000000 00:00 0 
7f0fb979a000-7f0fb979d000 r-xp 00000000 08:01 12672                      /usr/lib64/libdl-2.28.so
7f0fb979d000-7f0fb999c000 ---p 00003000 08:01 12672                      /usr/lib64/libdl-2.28.so
7f0fb999c000-7f0fb999d000 r--p 00002000 08:01 12672                      /usr/lib64/libdl-2.28.so
7f0fb999d000-7f0fb999e000 rw-p 00003000 08:01 12672                      /usr/lib64/libdl-2.28.so
7f0fb999e000-7f0fb99b9000 r-xp 00000000 08:01 12704                      /usr/lib64/libpthread-2.28.so
7f0fb99b9000-7f0fb9bb8000 ---p 0001b000 08:01 12704                      /usr/lib64/libpthread-2.28.so
7f0fb9bb8000-7f0fb9bb9000 r--p 0001a000 08:01 12704                      /usr/lib64/libpthread-2.28.so
7f0fb9bb9000-7f0fb9bba000 rw-p 0001b000 08:01 12704                      /usr/lib64/libpthread-2.28.so
7f0fb9bba000-7f0fb9bbe000 rw-p 00000000 00:00 0 
7f0fb9bbe000-7f0fb9bcd000 r-xp 00000000 08:01 142606587                  /usr/java/jdk-17.0.1+12-jre/lib/libjli.so
7f0fb9bcd000-7f0fb9dcd000 ---p 0000f000 08:01 142606587                  /usr/java/jdk-17.0.1+12-jre/lib/libjli.so
7f0fb9dcd000-7f0fb9dce000 r--p 0000f000 08:01 142606587                  /usr/java/jdk-17.0.1+12-jre/lib/libjli.so
7f0fb9dce000-7f0fb9dcf000 rw-p 00010000 08:01 142606587                  /usr/java/jdk-17.0.1+12-jre/lib/libjli.so
7f0fb9dcf000-7f0fb9de5000 r-xp 00000000 08:01 55937                      /usr/lib64/libz.so.1.2.11
7f0fb9de5000-7f0fb9fe4000 ---p 00016000 08:01 55937                      /usr/lib64/libz.so.1.2.11
7f0fb9fe4000-7f0fb9fe5000 r--p 00015000 08:01 55937                      /usr/lib64/libz.so.1.2.11
7f0fb9fe5000-7f0fb9fe6000 rw-p 00000000 00:00 0 
7f0fb9fe6000-7f0fba012000 r-xp 00000000 08:01 12663                      /usr/lib64/ld-2.28.so
7f0fba0cb000-7f0fba0fa000 rw-p 00000000 00:00 0 
7f0fba0fa000-7f0fba101000 ---p 00000000 00:00 0 
7f0fba101000-7f0fba109000 rw-p 00000000 00:00 0 
7f0fba109000-7f0fba10d000 ---p 00000000 00:00 0 
7f0fba10d000-7f0fba20c000 rw-p 00000000 00:00 0 
7f0fba20d000-7f0fba20e000 ---p 00000000 00:00 0 
7f0fba20e000-7f0fba20f000 r--p 00000000 00:00 0 
7f0fba20f000-7f0fba210000 ---p 00000000 00:00 0 
7f0fba210000-7f0fba212000 rw-p 00000000 00:00 0 
7f0fba212000-7f0fba213000 r--p 0002c000 08:01 12663                      /usr/lib64/ld-2.28.so
7f0fba213000-7f0fba215000 rw-p 0002d000 08:01 12663                      /usr/lib64/ld-2.28.so
7fffaf8b8000-7fffaf8d9000 rw-p 00000000 00:00 0                          [stack]
7fffaf95f000-7fffaf963000 r--p 00000000 00:00 0                          [vvar]
7fffaf963000-7fffaf965000 r-xp 00000000 00:00 0                          [vdso]
ffffffffff600000-ffffffffff601000 r-xp 00000000 00:00 0                  [vsyscall]


VM Arguments:
jvm_args: -Xms5G -Xmx5G -XX:+UseG1GC -XX:+ParallelRefProcEnabled -XX:MaxGCPauseMillis=200 -XX:+UnlockExperimentalVMOptions -XX:+DisableExplicitGC -XX:+AlwaysPreTouch -XX:G1NewSizePercent=30 -XX:G1MaxNewSizePercent=40 -XX:G1HeapRegionSize=8M -XX:G1ReservePercent=20 -XX:G1HeapWastePercent=5 -XX:G1MixedGCCountTarget=4 -XX:InitiatingHeapOccupancyPercent=15 -XX:G1MixedGCLiveThresholdPercent=90 -XX:G1RSetUpdatingPauseTimePercent=5 -XX:SurvivorRatio=32 -XX:+PerfDisableSharedMem -XX:MaxTenuringThreshold=1 
java_command: paper-1.18.1-164.jar nogui
java_class_path (initial): paper-1.18.1-164.jar
Launcher Type: SUN_STANDARD

[Global flags]
     bool AlwaysPreTouch                           = true                                      {product} {command line}
     bool AlwaysTenure                             = false                                     {product} {command line}
     intx CICompilerCount                          = 4                                         {product} {ergonomic}
     uint ConcGCThreads                            = 2                                         {product} {ergonomic}
     bool DisableExplicitGC                        = true                                      {product} {command line}
     uint G1ConcRefinementThreads                  = 8                                         {product} {ergonomic}
     uint G1EagerReclaimRemSetThreshold            = 64                                   {experimental} {ergonomic}
   size_t G1HeapRegionSize                         = 8388608                                   {product} {command line}
    uintx G1HeapWastePercent                       = 5                                         {product} {command line}
    uintx G1MaxNewSizePercent                      = 40                                   {experimental} {command line}
    uintx G1MixedGCCountTarget                     = 4                                         {product} {command line}
    uintx G1MixedGCLiveThresholdPercent            = 90                                   {experimental} {command line}
    uintx G1NewSizePercent                         = 30                                   {experimental} {command line}
     intx G1RSetUpdatingPauseTimePercent           = 5                                         {product} {command line}
    uintx G1ReservePercent                         = 20                                        {product} {command line}
    uintx GCDrainStackTargetSize                   = 64                                        {product} {ergonomic}
   size_t InitialHeapSize                          = 5368709120                                {product} {command line}
    uintx InitialTenuringThreshold                 = 1                                         {product} {ergonomic}
    uintx InitiatingHeapOccupancyPercent           = 15                                        {product} {command line}
   size_t MarkStackSize                            = 4194304                                   {product} {ergonomic}
    uintx MaxGCPauseMillis                         = 200                                       {product} {command line}
   size_t MaxHeapSize                              = 5368709120                                {product} {command line}
    uintx MaxTenuringThreshold                     = 1                                         {product} {command line}
   size_t MinHeapDeltaBytes                        = 8388608                                   {product} {ergonomic}
   size_t MinHeapSize                              = 5368709120                                {product} {command line}
     bool NeverTenure                              = false                                     {product} {command line}
    uintx NonNMethodCodeHeapSize                   = 5839372                                {pd product} {ergonomic}
    uintx NonProfiledCodeHeapSize                  = 122909434                              {pd product} {ergonomic}
     bool ParallelRefProcEnabled                   = true                                      {product} {command line}
     bool PerfDisableSharedMem                     = true                                      {product} {command line}
    uintx ProfiledCodeHeapSize                     = 122909434                              {pd product} {ergonomic}
    uintx ReservedCodeCacheSize                    = 251658240                              {pd product} {ergonomic}
     bool SegmentedCodeCache                       = true                                      {product} {ergonomic}
   size_t SoftMaxHeapSize                          = 5368709120                             {manageable} {ergonomic}
    uintx SurvivorRatio                            = 32                                        {product} {command line}
     bool UnlockExperimentalVMOptions              = true                                 {experimental} {command line}
     bool UseCompressedClassPointers               = true                           {product lp64_product} {ergonomic}
     bool UseCompressedOops                        = true                           {product lp64_product} {ergonomic}
     bool UseG1GC                                  = true                                      {product} {command line}

Logging:
Log output configuration:
 #0: stdout all=warning uptime,level,tags
 #1: stderr all=off uptime,level,tags

Environment Variables:
PATH=/usr/local/sbin:/usr/local/bin:/usr/sbin:/usr/bin
SHELL=/bin/bash
LANG=en_US.UTF-8

Signal Handlers:
   SIGSEGV: crash_handler in libjvm.so, mask=11100100010111111101111111111110, flags=SA_RESTART|SA_SIGINFO
    SIGBUS: crash_handler in libjvm.so, mask=11100100010111111101111111111110, flags=SA_RESTART|SA_SIGINFO
    SIGFPE: crash_handler in libjvm.so, mask=11100100010111111101111111111110, flags=SA_RESTART|SA_SIGINFO
   SIGPIPE: javaSignalHandler in libjvm.so, mask=11100100010111111101111111111110, flags=SA_RESTART|SA_SIGINFO
   SIGXFSZ: javaSignalHandler in libjvm.so, mask=11100100010111111101111111111110, flags=SA_RESTART|SA_SIGINFO
    SIGILL: crash_handler in libjvm.so, mask=11100100010111111101111111111110, flags=SA_RESTART|SA_SIGINFO
   SIGUSR2: SR_handler in libjvm.so, mask=00000000000000000000000000000000, flags=SA_RESTART|SA_SIGINFO
    SIGHUP: SIG_DFL, mask=00000000000000000000000000000000, flags=none
    SIGINT: SIG_DFL, mask=00000000000000000000000000000000, flags=none
   SIGTERM: SIG_DFL, mask=00000000000000000000000000000000, flags=none
   SIGQUIT: SIG_DFL, mask=00000000000000000000000000000000, flags=none
   SIGTRAP: crash_handler in libjvm.so, mask=11100100010111111101111111111110, flags=SA_RESTART|SA_SIGINFO


---------------  S Y S T E M  ---------------

OS:
Rocky Linux release 8.5 (Green Obsidian)
uname: Linux 4.18.0-348.7.1.el8_5.x86_64 #1 SMP Tue Dec 21 19:02:23 UTC 2021 x86_64
OS uptime: 1 days 11:33 hours
libc: glibc 2.28 NPTL 2.28 
rlimit (soft/hard): STACK 8192k/infinity , CORE 0k/infinity , NPROC 30028/30028 , NOFILE 262144/262144 , AS infinity/infinity , CPU infinity/infinity , DATA infinity/infinity , FSIZE infinity/infinity , MEMLOCK 64k/64k
load average: 0.42 1.30 1.12

/proc/meminfo:
MemTotal:        7759076 kB
MemFree:          124844 kB
MemAvailable:     927632 kB
Buffers:            1044 kB
Cached:          1050260 kB
SwapCached:            0 kB
Active:           445832 kB
Inactive:        7004136 kB
Active(anon):       4960 kB
Inactive(anon):  6445084 kB
Active(file):     440872 kB
Inactive(file):   559052 kB
Unevictable:           0 kB
Mlocked:               0 kB
SwapTotal:             0 kB
SwapFree:              0 kB
Dirty:                20 kB
Writeback:             0 kB
AnonPages:       6397904 kB
Mapped:           120844 kB
Shmem:             51200 kB
KReclaimable:      45728 kB
Slab:              93336 kB
SReclaimable:      45728 kB
SUnreclaim:        47608 kB
KernelStack:        5984 kB
PageTables:        25624 kB
NFS_Unstable:          0 kB
Bounce:                0 kB
WritebackTmp:          0 kB
CommitLimit:     3879536 kB
Committed_AS:    7165332 kB
VmallocTotal:   34359738367 kB
VmallocUsed:           0 kB
VmallocChunk:          0 kB
Percpu:             5120 kB
HardwareCorrupted:     0 kB
AnonHugePages:   5672960 kB
ShmemHugePages:        0 kB
ShmemPmdMapped:        0 kB
FileHugePages:         0 kB
FilePmdMapped:         0 kB
HugePages_Total:       0
HugePages_Free:        0
HugePages_Rsvd:        0
HugePages_Surp:        0
Hugepagesize:       2048 kB
Hugetlb:               0 kB
DirectMap4k:      157552 kB
DirectMap2M:     8034304 kB

/sys/kernel/mm/transparent_hugepage/enabled: <Not Available>
/sys/kernel/mm/transparent_hugepage/defrag (defrag/compaction efforts parameter): <Not Available>

Process Memory:
Virtual Size: 889556K (peak: 6128428K)
Resident Set Size: 26076K (peak: 26076K) (anon: 13544K, file: 12532K, shmem: 0K)
Swapped out: 0K
C-Heap outstanding allocations: 770K

/proc/sys/kernel/threads-max (system-wide limit on the number of threads): 60057
/proc/sys/vm/max_map_count (maximum number of memory map areas a process may have): 65530
/proc/sys/kernel/pid_max (system-wide limit on number of process identifiers): 4194304

KVM virtualization detected
Steal ticks since vm start: 0
Steal ticks percentage since vm start:  0.000

CPU: total 8 (initial active 8) (1 cores per cpu, 1 threads per core) family 6 model 60 stepping 1 microcode 0x1, cx8, cmov, fxsr, mmx, sse, sse2, sse3, ssse3, sse4.1, sse4.2, popcnt, lzcnt, tsc, avx, avx2, aes, erms, clmul, bmi1, bmi2, fma, vzeroupper, clflush, hv
CPU Model and flags from /proc/cpuinfo:
model name	: Intel Core Processor (Haswell, no TSX)
flags		: fpu vme de pse tsc msr pae mce cx8 apic sep mtrr pge mca cmov pat pse36 clflush mmx fxsr sse sse2 syscall nx rdtscp lm constant_tsc rep_good nopl xtopology cpuid tsc_known_freq pni pclmulqdq vmx ssse3 fma cx16 pcid sse4_1 sse4_2 x2apic movbe popcnt tsc_deadline_timer aes xsave avx f16c rdrand hypervisor lahf_lm abm cpuid_fault invpcid_single pti tpr_shadow vnmi flexpriority ept vpid ept_ad fsgsbase bmi1 avx2 smep bmi2 erms invpcid xsaveopt arat md_clear

Online cpus: <Not Available>
Offline cpus: <Not Available>
BIOS frequency limitation: <Not Available>
Frequency switch latency (ns): <Not Available>
Available cpu frequencies: <Not Available>
Current governor: <Not Available>
Core performance/turbo boost: <Not Available>

Memory: 4k page, physical 7759076k(124844k free), swap 0k(0k free)
Page Sizes: 4k

vm_info: OpenJDK 64-Bit Server VM (17.0.1+12) for linux-amd64 JRE (17.0.1+12), built on Dec  1 2021 15:09:35 by "" with gcc 7.5.0

END.
