#
# There is insufficient memory for the Java Runtime Environment to continue.
# Native memory allocation (mmap) failed to map 5368709120 bytes for committing reserved memory.
# Possible reasons:
#   The system is out of physical RAM or swap space
#   The process is running with CompressedOops enabled, and the Java Heap may be blocking the growth of the native heap
# Possible solutions:
#   Reduce memory load on the system
#   Increase physical memory or swap space
#   Check if swap backing store is full
#   Decrease Java heap size (-Xmx/-Xms)
#   Decrease number of Java threads
#   Decrease Java thread stack sizes (-Xss)
#   Set larger code cache with -XX:ReservedCodeCacheSize=
#   JVM is running with Zero Based Compressed Oops mode in which the Java heap is
#     placed in the first 32GB address space. The Java Heap base address is the
#     maximum limit for the native heap growth. Please use -XX:HeapBaseMinAddress
#     to set the Java Heap base and to place the Java Heap above 32GB virtual address.
# This output file may be truncated or incomplete.
#
#  Out of Memory Error (os_linux.cpp:2728), pid=21087, tid=21088
#
# JRE version:  (17.0.1+12) (build )
# Java VM: OpenJDK 64-Bit Server VM (17.0.1+12, mixed mode, sharing, tiered, compressed oops, compressed class ptrs, g1 gc, linux-amd64)
# Core dump will be written. Default location: Core dumps may be processed with "/usr/lib/systemd/systemd-coredump %P %u %g %s %t %c %h %e" (or dumping to /var/minecraft/server/core.21087)
#

---------------  S U M M A R Y ------------

Command Line: -Xms5G -Xmx5G -XX:+UseG1GC -XX:+ParallelRefProcEnabled -XX:MaxGCPauseMillis=200 -XX:+UnlockExperimentalVMOptions -XX:+DisableExplicitGC -XX:+AlwaysPreTouch -XX:G1NewSizePercent=30 -XX:G1MaxNewSizePercent=40 -XX:G1HeapRegionSize=8M -XX:G1ReservePercent=20 -XX:G1HeapWastePercent=5 -XX:G1MixedGCCountTarget=4 -XX:InitiatingHeapOccupancyPercent=15 -XX:G1MixedGCLiveThresholdPercent=90 -XX:G1RSetUpdatingPauseTimePercent=5 -XX:SurvivorRatio=32 -XX:+PerfDisableSharedMem -XX:MaxTenuringThreshold=1 paper.jar nogui

Host: AMD EPYC Processor, 4 cores, 7G, Rocky Linux release 8.5 (Green Obsidian)
Time: Mon Jan 10 05:05:26 2022 UTC elapsed time: 0.010621 seconds (0d 0h 0m 0s)

---------------  T H R E A D  ---------------

Current thread (0x00007f404c023010):  JavaThread "Unknown thread" [_thread_in_vm, id=21088, stack(0x00007f4054b83000,0x00007f4054c84000)]

Stack: [0x00007f4054b83000,0x00007f4054c84000],  sp=0x00007f4054c823f0,  free space=1020k
Native frames: (J=compiled Java code, j=interpreted, Vv=VM code, C=native code)
V  [libjvm.so+0xf7d371]  VMError::report_and_die(int, char const*, char const*, __va_list_tag*, Thread*, unsigned char*, void*, void*, char const*, int, unsigned long)+0x1a1
V  [libjvm.so+0xf7dffb]  VMError::report_and_die(Thread*, char const*, int, unsigned long, VMErrorType, char const*, __va_list_tag*)+0x2b
V  [libjvm.so+0x61bc2d]  report_vm_out_of_memory(char const*, int, unsigned long, VMErrorType, char const*, ...)+0xcd
V  [libjvm.so+0xc39f28]  os::pd_commit_memory_or_exit(char*, unsigned long, unsigned long, bool, char const*)+0x108
V  [libjvm.so+0xc3330d]  os::commit_memory_or_exit(char*, unsigned long, unsigned long, bool, char const*)+0x1d
V  [libjvm.so+0x75be04]  G1PageBasedVirtualSpace::commit(unsigned long, unsigned long)+0x154
V  [libjvm.so+0x771b51]  G1RegionsLargerThanCommitSizeMapper::commit_regions(unsigned int, unsigned long, WorkGang*)+0x181
V  [libjvm.so+0x7ff728]  HeapRegionManager::commit_regions(unsigned int, unsigned long, WorkGang*)+0x88
V  [libjvm.so+0x8012e9]  HeapRegionManager::expand(unsigned int, unsigned int, WorkGang*)+0x29
V  [libjvm.so+0x80152c]  HeapRegionManager::expand_by(unsigned int, WorkGang*)+0x7c
V  [libjvm.so+0x70c749]  G1CollectedHeap::expand(unsigned long, WorkGang*, double*)+0xe9
V  [libjvm.so+0x70ce61]  G1CollectedHeap::initialize()+0x691
V  [libjvm.so+0xf2ba51]  universe_init()+0xd1
V  [libjvm.so+0x822076]  init_globals()+0x36
V  [libjvm.so+0xf0346d]  Threads::create_vm(JavaVMInitArgs*, bool*)+0x2fd
V  [libjvm.so+0x8df6b2]  JNI_CreateJavaVM+0x52
C  [libjli.so+0x4b91]  JavaMain+0x91
C  [libjli.so+0x8889]  ThreadJavaMain+0x9


---------------  P R O C E S S  ---------------

Threads class SMR info:
_java_thread_list=0x00007f4053e462e0, length=0, elements={
}

Java Threads: ( => current thread )

Other Threads:
  0x00007f404c070ca0 GCTaskThread "GC Thread#0" [stack: 0x00007f4050383000,0x00007f4050483000] [id=21089]
  0x00007f404c077280 ConcurrentGCThread "G1 Main Marker" [stack: 0x00007f4050281000,0x00007f4050381000] [id=21090]
  0x00007f404c0781e0 ConcurrentGCThread "G1 Conc#0" [stack: 0x00007f405017f000,0x00007f405027f000] [id=21091]

[error occurred during error reporting (printing all threads), id 0xb, SIGSEGV (0xb) at pc=0x00007f4052f50a10]

VM state: not at safepoint (not fully initialized)

VM Mutex/Monitor currently owned by a thread:  ([mutex/lock_event])
[0x00007f404c020b50] Heap_lock - owner thread: 0x00007f404c023010

Heap address: 0x00000006c0000000, size: 5120 MB, Compressed Oops mode: Zero based, Oop shift amount: 3

CDS archive(s) mapped at: [0x0000000000000000-0x0000000000000000-0x0000000000000000), size 0, SharedBaseAddress: 0x0000000800000000, ArchiveRelocationMode: 0.
Narrow klass base: 0x0000000000000000, Narrow klass shift: 0, Narrow klass range: 0x0

GC Precious Log:
<Empty>

Heap:
 garbage-first heap   total 0K, used 0K [0x00000006c0000000, 0x0000000800000000)
  region size 8192K, 0 young (0K), 0 survivors (0K)

[error occurred during error reporting (printing heap information), id 0xb, SIGSEGV (0xb) at pc=0x00007f4053514a3a]

GC Heap History (0 events):
No events

Deoptimization events (0 events):
No events

Classes unloaded (0 events):
No events

Classes redefined (0 events):
No events

Internal exceptions (0 events):
No events

VM Operations (0 events):
No events

Events (2 events):
Event: 0.001 Protecting memory [0x00007f4054b83000,0x00007f4054b87000] with protection modes 0
Event: 0.002 Loaded shared library /usr/java/jdk-17.0.1+12-jre/lib/libjava.so


Dynamic libraries:
5604ab35a000-5604ab35b000 r-xp 00000000 08:01 522640                     /usr/java/jdk-17.0.1+12-jre/bin/java
5604ab55b000-5604ab55c000 r--p 00001000 08:01 522640                     /usr/java/jdk-17.0.1+12-jre/bin/java
5604ab55c000-5604ab55d000 rw-p 00002000 08:01 522640                     /usr/java/jdk-17.0.1+12-jre/bin/java
5604ab634000-5604ab655000 rw-p 00000000 00:00 0                          [heap]
7f401e000000-7f4020000000 rw-p 00000000 00:00 0 
7f4020000000-7f4020021000 rw-p 00000000 00:00 0 
7f4020021000-7f4024000000 ---p 00000000 00:00 0 
7f4024000000-7f4024021000 rw-p 00000000 00:00 0 
7f4024021000-7f4028000000 ---p 00000000 00:00 0 
7f4028000000-7f4028021000 rw-p 00000000 00:00 0 
7f4028021000-7f402c000000 ---p 00000000 00:00 0 
7f402cef8000-7f402d5e5000 rw-p 00000000 00:00 0 
7f402d5e5000-7f4037fe5000 ---p 00000000 00:00 0 
7f4037fe5000-7f4038255000 rwxp 00000000 00:00 0 
7f4038255000-7f4038576000 ---p 00000000 00:00 0 
7f4038576000-7f40387e6000 rwxp 00000000 00:00 0 
7f40387e6000-7f403faad000 ---p 00000000 00:00 0 
7f403faad000-7f403fd1d000 rwxp 00000000 00:00 0 
7f403fd1d000-7f4046fe5000 ---p 00000000 00:00 0 
7f4046fe5000-7f404c000000 r--s 00000000 08:01 522620                     /usr/java/jdk-17.0.1+12-jre/lib/modules
7f404c000000-7f404c096000 rw-p 00000000 00:00 0 
7f404c096000-7f4050000000 ---p 00000000 00:00 0 
7f405007c000-7f405017d000 rw-p 00000000 00:00 0 
7f405017d000-7f405017e000 ---p 00000000 00:00 0 
7f405017e000-7f405027f000 rw-p 00000000 00:00 0 
7f405027f000-7f4050280000 ---p 00000000 00:00 0 
7f4050280000-7f4050381000 rw-p 00000000 00:00 0 
7f4050381000-7f4050382000 ---p 00000000 00:00 0 
7f4050382000-7f4050483000 rw-p 00000000 00:00 0 
7f4050483000-7f4051883000 ---p 00000000 00:00 0 
7f4051883000-7f4051c8c000 rw-p 00000000 00:00 0 
7f4051c8c000-7f4051d72000 ---p 00000000 00:00 0 
7f4051d72000-7f4051d77000 rw-p 00000000 00:00 0 
7f4051d77000-7f4051e5d000 ---p 00000000 00:00 0 
7f4051e5d000-7f4051e81000 r-xp 00000000 08:01 522630                     /usr/java/jdk-17.0.1+12-jre/lib/libjava.so
7f4051e81000-7f4052081000 ---p 00024000 08:01 522630                     /usr/java/jdk-17.0.1+12-jre/lib/libjava.so
7f4052081000-7f4052082000 r--p 00024000 08:01 522630                     /usr/java/jdk-17.0.1+12-jre/lib/libjava.so
7f4052082000-7f4052083000 rw-p 00025000 08:01 522630                     /usr/java/jdk-17.0.1+12-jre/lib/libjava.so
7f4052083000-7f4052084000 rw-p 00000000 00:00 0 
7f4052084000-7f405209f000 r-xp 00000000 08:01 522580                     /usr/java/jdk-17.0.1+12-jre/lib/libjimage.so
7f405209f000-7f405229e000 ---p 0001b000 08:01 522580                     /usr/java/jdk-17.0.1+12-jre/lib/libjimage.so
7f405229e000-7f40522a0000 r--p 0001a000 08:01 522580                     /usr/java/jdk-17.0.1+12-jre/lib/libjimage.so
7f40522a0000-7f40522a1000 rw-p 0001c000 08:01 522580                     /usr/java/jdk-17.0.1+12-jre/lib/libjimage.so
7f40522a1000-7f4052422000 r-xp 00000000 08:01 3649                       /usr/lib64/libm-2.28.so
7f4052422000-7f4052621000 ---p 00181000 08:01 3649                       /usr/lib64/libm-2.28.so
7f4052621000-7f4052622000 r--p 00180000 08:01 3649                       /usr/lib64/libm-2.28.so
7f4052622000-7f4052623000 rw-p 00181000 08:01 3649                       /usr/lib64/libm-2.28.so
7f4052623000-7f405262a000 r-xp 00000000 08:01 3663                       /usr/lib64/librt-2.28.so
7f405262a000-7f4052829000 ---p 00007000 08:01 3663                       /usr/lib64/librt-2.28.so
7f4052829000-7f405282a000 r--p 00006000 08:01 3663                       /usr/lib64/librt-2.28.so
7f405282a000-7f405282b000 rw-p 00007000 08:01 3663                       /usr/lib64/librt-2.28.so
7f405282b000-7f4053b0a000 r-xp 00000000 08:01 522607                     /usr/java/jdk-17.0.1+12-jre/lib/server/libjvm.so
7f4053b0a000-7f4053d09000 ---p 012df000 08:01 522607                     /usr/java/jdk-17.0.1+12-jre/lib/server/libjvm.so
7f4053d09000-7f4053dc2000 r--p 012de000 08:01 522607                     /usr/java/jdk-17.0.1+12-jre/lib/server/libjvm.so
7f4053dc2000-7f4053df6000 rw-p 01397000 08:01 522607                     /usr/java/jdk-17.0.1+12-jre/lib/server/libjvm.so
7f4053df6000-7f4053e50000 rw-p 00000000 00:00 0 
7f4053e50000-7f405400c000 r-xp 00000000 08:01 3645                       /usr/lib64/libc-2.28.so
7f405400c000-7f405420b000 ---p 001bc000 08:01 3645                       /usr/lib64/libc-2.28.so
7f405420b000-7f405420f000 r--p 001bb000 08:01 3645                       /usr/lib64/libc-2.28.so
7f405420f000-7f4054211000 rw-p 001bf000 08:01 3645                       /usr/lib64/libc-2.28.so
7f4054211000-7f4054215000 rw-p 00000000 00:00 0 
7f4054215000-7f4054218000 r-xp 00000000 08:01 3647                       /usr/lib64/libdl-2.28.so
7f4054218000-7f4054417000 ---p 00003000 08:01 3647                       /usr/lib64/libdl-2.28.so
7f4054417000-7f4054418000 r--p 00002000 08:01 3647                       /usr/lib64/libdl-2.28.so
7f4054418000-7f4054419000 rw-p 00003000 08:01 3647                       /usr/lib64/libdl-2.28.so
7f4054419000-7f4054434000 r-xp 00000000 08:01 3659                       /usr/lib64/libpthread-2.28.so
7f4054434000-7f4054633000 ---p 0001b000 08:01 3659                       /usr/lib64/libpthread-2.28.so
7f4054633000-7f4054634000 r--p 0001a000 08:01 3659                       /usr/lib64/libpthread-2.28.so
7f4054634000-7f4054635000 rw-p 0001b000 08:01 3659                       /usr/lib64/libpthread-2.28.so
7f4054635000-7f4054639000 rw-p 00000000 00:00 0 
7f4054639000-7f4054648000 r-xp 00000000 08:01 522604                     /usr/java/jdk-17.0.1+12-jre/lib/libjli.so
7f4054648000-7f4054848000 ---p 0000f000 08:01 522604                     /usr/java/jdk-17.0.1+12-jre/lib/libjli.so
7f4054848000-7f4054849000 r--p 0000f000 08:01 522604                     /usr/java/jdk-17.0.1+12-jre/lib/libjli.so
7f4054849000-7f405484a000 rw-p 00010000 08:01 522604                     /usr/java/jdk-17.0.1+12-jre/lib/libjli.so
7f405484a000-7f4054860000 r-xp 00000000 08:01 4505                       /usr/lib64/libz.so.1.2.11
7f4054860000-7f4054a5f000 ---p 00016000 08:01 4505                       /usr/lib64/libz.so.1.2.11
7f4054a5f000-7f4054a60000 r--p 00015000 08:01 4505                       /usr/lib64/libz.so.1.2.11
7f4054a60000-7f4054a61000 rw-p 00000000 00:00 0 
7f4054a61000-7f4054a8d000 r-xp 00000000 08:01 3638                       /usr/lib64/ld-2.28.so
7f4054b59000-7f4054b74000 rw-p 00000000 00:00 0 
7f4054b74000-7f4054b7b000 ---p 00000000 00:00 0 
7f4054b7b000-7f4054b83000 rw-p 00000000 00:00 0 
7f4054b83000-7f4054b87000 ---p 00000000 00:00 0 
7f4054b87000-7f4054c86000 rw-p 00000000 00:00 0 
7f4054c88000-7f4054c89000 ---p 00000000 00:00 0 
7f4054c89000-7f4054c8a000 r--p 00000000 00:00 0 
7f4054c8a000-7f4054c8b000 ---p 00000000 00:00 0 
7f4054c8b000-7f4054c8d000 rw-p 00000000 00:00 0 
7f4054c8d000-7f4054c8e000 r--p 0002c000 08:01 3638                       /usr/lib64/ld-2.28.so
7f4054c8e000-7f4054c90000 rw-p 0002d000 08:01 3638                       /usr/lib64/ld-2.28.so
7ffc36c05000-7ffc36c26000 rw-p 00000000 00:00 0                          [stack]
7ffc36d2b000-7ffc36d2f000 r--p 00000000 00:00 0                          [vvar]
7ffc36d2f000-7ffc36d31000 r-xp 00000000 00:00 0                          [vdso]
ffffffffff600000-ffffffffff601000 r-xp 00000000 00:00 0                  [vsyscall]


VM Arguments:
jvm_args: -Xms5G -Xmx5G -XX:+UseG1GC -XX:+ParallelRefProcEnabled -XX:MaxGCPauseMillis=200 -XX:+UnlockExperimentalVMOptions -XX:+DisableExplicitGC -XX:+AlwaysPreTouch -XX:G1NewSizePercent=30 -XX:G1MaxNewSizePercent=40 -XX:G1HeapRegionSize=8M -XX:G1ReservePercent=20 -XX:G1HeapWastePercent=5 -XX:G1MixedGCCountTarget=4 -XX:InitiatingHeapOccupancyPercent=15 -XX:G1MixedGCLiveThresholdPercent=90 -XX:G1RSetUpdatingPauseTimePercent=5 -XX:SurvivorRatio=32 -XX:+PerfDisableSharedMem -XX:MaxTenuringThreshold=1 
java_command: paper.jar nogui
java_class_path (initial): paper.jar
Launcher Type: SUN_STANDARD

[Global flags]
     bool AlwaysPreTouch                           = true                                      {product} {command line}
     bool AlwaysTenure                             = false                                     {product} {command line}
     intx CICompilerCount                          = 3                                         {product} {ergonomic}
     uint ConcGCThreads                            = 1                                         {product} {ergonomic}
     bool DisableExplicitGC                        = true                                      {product} {command line}
     uint G1ConcRefinementThreads                  = 4                                         {product} {ergonomic}
     uint G1EagerReclaimRemSetThreshold            = 64                                   {experimental} {ergonomic}
   size_t G1HeapRegionSize                         = 8388608                                   {product} {command line}
    uintx G1HeapWastePercent                       = 5                                         {product} {command line}
    uintx G1MaxNewSizePercent                      = 40                                   {experimental} {command line}
    uintx G1MixedGCCountTarget                     = 4                                         {product} {command line}
    uintx G1MixedGCLiveThresholdPercent            = 90                                   {experimental} {command line}
    uintx G1NewSizePercent                         = 30                                   {experimental} {command line}
     intx G1RSetUpdatingPauseTimePercent           = 5                                         {product} {command line}
    uintx G1ReservePercent                         = 20                                        {product} {command line}
    uintx GCDrainStackTargetSize                   = 64                                        {product} {ergonomic}
   size_t InitialHeapSize                          = 5368709120                                {product} {command line}
    uintx InitialTenuringThreshold                 = 1                                         {product} {ergonomic}
    uintx InitiatingHeapOccupancyPercent           = 15                                        {product} {command line}
   size_t MarkStackSize                            = 4194304                                   {product} {ergonomic}
    uintx MaxGCPauseMillis                         = 200                                       {product} {command line}
   size_t MaxHeapSize                              = 5368709120                                {product} {command line}
    uintx MaxTenuringThreshold                     = 1                                         {product} {command line}
   size_t MinHeapDeltaBytes                        = 8388608                                   {product} {ergonomic}
   size_t MinHeapSize                              = 5368709120                                {product} {command line}
     bool NeverTenure                              = false                                     {product} {command line}
    uintx NonNMethodCodeHeapSize                   = 5832780                                {pd product} {ergonomic}
    uintx NonProfiledCodeHeapSize                  = 122912730                              {pd product} {ergonomic}
     bool ParallelRefProcEnabled                   = true                                      {product} {command line}
     bool PerfDisableSharedMem                     = true                                      {product} {command line}
    uintx ProfiledCodeHeapSize                     = 122912730                              {pd product} {ergonomic}
    uintx ReservedCodeCacheSize                    = 251658240                              {pd product} {ergonomic}
     bool SegmentedCodeCache                       = true                                      {product} {ergonomic}
   size_t SoftMaxHeapSize                          = 5368709120                             {manageable} {ergonomic}
    uintx SurvivorRatio                            = 32                                        {product} {command line}
     bool UnlockExperimentalVMOptions              = true                                 {experimental} {command line}
     bool UseCompressedClassPointers               = true                           {product lp64_product} {ergonomic}
     bool UseCompressedOops                        = true                           {product lp64_product} {ergonomic}
     bool UseG1GC                                  = true                                      {product} {command line}

Logging:
Log output configuration:
 #0: stdout all=warning uptime,level,tags
 #1: stderr all=off uptime,level,tags

Environment Variables:
PATH=/usr/local/sbin:/usr/local/bin:/usr/sbin:/usr/bin
SHELL=/bin/bash
LANG=en_US.UTF-8

Signal Handlers:
   SIGSEGV: crash_handler in libjvm.so, mask=11100100010111111101111111111110, flags=SA_RESTART|SA_SIGINFO
    SIGBUS: crash_handler in libjvm.so, mask=11100100010111111101111111111110, flags=SA_RESTART|SA_SIGINFO
    SIGFPE: crash_handler in libjvm.so, mask=11100100010111111101111111111110, flags=SA_RESTART|SA_SIGINFO
   SIGPIPE: javaSignalHandler in libjvm.so, mask=11100100010111111101111111111110, flags=SA_RESTART|SA_SIGINFO
   SIGXFSZ: javaSignalHandler in libjvm.so, mask=11100100010111111101111111111110, flags=SA_RESTART|SA_SIGINFO
    SIGILL: crash_handler in libjvm.so, mask=11100100010111111101111111111110, flags=SA_RESTART|SA_SIGINFO
   SIGUSR2: SR_handler in libjvm.so, mask=00000000000000000000000000000000, flags=SA_RESTART|SA_SIGINFO
    SIGHUP: SIG_DFL, mask=00000000000000000000000000000000, flags=none
    SIGINT: SIG_DFL, mask=00000000000000000000000000000000, flags=none
   SIGTERM: SIG_DFL, mask=00000000000000000000000000000000, flags=none
   SIGQUIT: SIG_DFL, mask=00000000000000000000000000000000, flags=none
   SIGTRAP: crash_handler in libjvm.so, mask=11100100010111111101111111111110, flags=SA_RESTART|SA_SIGINFO


---------------  S Y S T E M  ---------------

OS:
Rocky Linux release 8.5 (Green Obsidian)
uname: Linux 4.18.0-348.7.1.el8_5.x86_64 #1 SMP Tue Dec 21 19:02:23 UTC 2021 x86_64
OS uptime: 0 days 21:21 hours
libc: glibc 2.28 NPTL 2.28 
rlimit (soft/hard): STACK 8192k/infinity , CORE 0k/infinity , NPROC 30175/30175 , NOFILE 262144/262144 , AS infinity/infinity , CPU infinity/infinity , DATA infinity/infinity , FSIZE infinity/infinity , MEMLOCK 64k/64k
load average: 0.12 0.18 0.18

/proc/meminfo:
MemTotal:        7759956 kB
MemFree:          183916 kB
MemAvailable:    1061600 kB
Buffers:           85296 kB
Cached:          1024564 kB
SwapCached:            0 kB
Active:           440864 kB
Inactive:        6948492 kB
Active(anon):       5628 kB
Inactive(anon):  6310420 kB
Active(file):     435236 kB
Inactive(file):   638072 kB
Unevictable:        3072 kB
Mlocked:               0 kB
SwapTotal:             0 kB
SwapFree:              0 kB
Dirty:              1784 kB
Writeback:             0 kB
AnonPages:       6280648 kB
Mapped:           122828 kB
Shmem:             36724 kB
KReclaimable:      61048 kB
Slab:             108144 kB
SReclaimable:      61048 kB
SUnreclaim:        47096 kB
KernelStack:        5136 kB
PageTables:        23456 kB
NFS_Unstable:          0 kB
Bounce:                0 kB
WritebackTmp:          0 kB
CommitLimit:     3879976 kB
Committed_AS:    7239428 kB
VmallocTotal:   34359738367 kB
VmallocUsed:           0 kB
VmallocChunk:          0 kB
Percpu:             2672 kB
HardwareCorrupted:     0 kB
AnonHugePages:   5607424 kB
ShmemHugePages:        0 kB
ShmemPmdMapped:        0 kB
FileHugePages:         0 kB
FilePmdMapped:         0 kB
HugePages_Total:       0
HugePages_Free:        0
HugePages_Rsvd:        0
HugePages_Surp:        0
Hugepagesize:       2048 kB
Hugetlb:               0 kB
DirectMap4k:      155504 kB
DirectMap2M:     4890624 kB
DirectMap1G:     3145728 kB

/sys/kernel/mm/transparent_hugepage/enabled: <Not Available>
/sys/kernel/mm/transparent_hugepage/defrag (defrag/compaction efforts parameter): <Not Available>

Process Memory:
Virtual Size: 881252K (peak: 6120124K)
Resident Set Size: 25652K (peak: 25652K) (anon: 13524K, file: 12128K, shmem: 0K)
Swapped out: 0K
C-Heap outstanding allocations: 698K

/proc/sys/kernel/threads-max (system-wide limit on the number of threads): 60351
/proc/sys/vm/max_map_count (maximum number of memory map areas a process may have): 65530
/proc/sys/kernel/pid_max (system-wide limit on number of process identifiers): 4194304

KVM virtualization detected
Steal ticks since vm start: 0
Steal ticks percentage since vm start:  0.000

CPU: total 4 (initial active 4) (4 cores per cpu, 1 threads per core) family 23 model 49 stepping 0 microcode 0x1000065, cx8, cmov, fxsr, mmx, 3dnowpref, sse, sse2, sse3, ssse3, sse4a, sse4.1, sse4.2, popcnt, lzcnt, tsc, avx, avx2, aes, clmul, bmi1, bmi2, adx, sha, fma, vzeroupper, clflush, clflushopt, hv
CPU Model and flags from /proc/cpuinfo:
model name	: AMD EPYC Processor
flags		: fpu vme de pse tsc msr pae mce cx8 apic sep mtrr pge mca cmov pat pse36 clflush mmx fxsr sse sse2 ht syscall nx mmxext fxsr_opt pdpe1gb rdtscp lm rep_good nopl cpuid extd_apicid tsc_known_freq pni pclmulqdq ssse3 fma cx16 sse4_1 sse4_2 x2apic movbe popcnt aes xsave avx f16c rdrand hypervisor lahf_lm cmp_legacy cr8_legacy abm sse4a misalignsse 3dnowprefetch osvw topoext perfctr_core ssbd ibrs ibpb stibp vmmcall fsgsbase bmi1 avx2 smep bmi2 rdseed adx smap clflushopt clwb sha_ni xsaveopt xsavec xgetbv1 xsaves clzero xsaveerptr wbnoinvd arat umip rdpid arch_capabilities

Online cpus: <Not Available>
Offline cpus: <Not Available>
BIOS frequency limitation: <Not Available>
Frequency switch latency (ns): <Not Available>
Available cpu frequencies: <Not Available>
Current governor: <Not Available>
Core performance/turbo boost: <Not Available>

Memory: 4k page, physical 7759956k(183916k free), swap 0k(0k free)
Page Sizes: 4k

vm_info: OpenJDK 64-Bit Server VM (17.0.1+12) for linux-amd64 JRE (17.0.1+12), built on Dec  1 2021 15:09:35 by "" with gcc 7.5.0

END.
